[0.032s] Invoking command in '/home/victor/caramelo_goiania/src/build/grid_map_sdf': AMENT_PREFIX_PATH=/home/victor/caramelo_goiania/src/install/grid_map_core:/home/victor/caramelo_goiania/src/install/grid_map_cmake_helpers:${AMENT_PREFIX_PATH} CMAKE_PREFIX_PATH=/home/victor/caramelo_goiania/src/install/grid_map_core:/home/victor/caramelo_goiania/src/install/grid_map_cmake_helpers:/home/victor/caramelo_goiania/install/sllidar_ros2:/home/victor/caramelo_goiania/install/rplidar_ros:/home/victor/caramelo_goiania/install/rf2o_laser_odometry:/home/victor/caramelo_goiania/src/install/sllidar_ros2:/home/victor/caramelo_goiania/src/install/rplidar_ros:/home/victor/caramelo_goiania/src/install/navegacao_pkg:/home/victor/caramelo_goiania/install/navegacao_pkg:/opt/ros/humble LD_LIBRARY_PATH=/home/victor/caramelo_goiania/src/install/grid_map_core/lib:${LD_LIBRARY_PATH} /usr/bin/cmake /home/victor/caramelo_goiania/src/grid_map/grid_map_sdf -DAMENT_CMAKE_SYMLINK_INSTALL=1 -DCMAKE_INSTALL_PREFIX=/home/victor/caramelo_goiania/src/install/grid_map_sdf
[0.164s] -- The C compiler identification is GNU 11.4.0
[0.270s] -- The CXX compiler identification is GNU 11.4.0
[0.282s] -- Detecting C compiler ABI info
[0.404s] -- Detecting C compiler ABI info - done
[0.418s] -- Check for working C compiler: /usr/bin/cc - skipped
[0.419s] -- Detecting C compile features
[0.420s] -- Detecting C compile features - done
[0.430s] -- Detecting CXX compiler ABI info
[0.596s] -- Detecting CXX compiler ABI info - done
[0.616s] -- Check for working CXX compiler: /usr/bin/c++ - skipped
[0.617s] -- Detecting CXX compile features
[0.617s] -- Detecting CXX compile features - done
[0.623s] -- Found ament_cmake: 1.3.10 (/opt/ros/humble/share/ament_cmake/cmake)
[0.856s] -- Found Python3: /usr/bin/python3 (found version "3.10.12") found components: Interpreter 
[1.021s] -- Override CMake install command with custom implementation using symlinks instead of copying resources
[1.088s] -- Found grid_map_cmake_helpers: 2.0.0 (/home/victor/caramelo_goiania/src/install/grid_map_cmake_helpers/share/grid_map_cmake_helpers/cmake)
[1.089s] -- Found grid_map_core: 2.0.0 (/home/victor/caramelo_goiania/src/install/grid_map_core/share/grid_map_core/cmake)
[1.124s] -- Checking for module 'eigen3'
[1.156s] --   Found eigen3, version 3.4.0
[1.224s] -- Found Eigen: /usr/include/eigen3 (Required is at least version "3.1") 
[1.227s] -- Eigen found (include: /usr/include/eigen3, version: 3.4.0)
[1.277s] -- Found Boost: /usr/lib/x86_64-linux-gnu/cmake/Boost-1.74.0/BoostConfig.cmake (found suitable version "1.74.0", minimum required is "1.65.0") found components: system filesystem date_time iostreams serialization 
[1.279s] -- looking for PCL_COMMON
[1.286s] -- Found PCL_COMMON: /usr/lib/x86_64-linux-gnu/libpcl_common.so  
[1.287s] -- Found PCL: pcl_common;Boost::system;Boost::filesystem;Boost::date_time;Boost::iostreams;Boost::serialization  
[1.289s] -- Setting build type to Release as none was specified.
[1.298s] -- Found ament_lint_auto: 0.12.11 (/opt/ros/humble/share/ament_lint_auto/cmake)
[1.516s] -- Found gtest sources under '/opt/ros/humble/src/gtest_vendor': C++ tests using 'Google Test' will be built
[1.521s] -- Looking for pthread.h
[1.623s] -- Looking for pthread.h - found
[1.623s] -- Performing Test CMAKE_HAVE_LIBC_PTHREAD
[1.812s] -- Performing Test CMAKE_HAVE_LIBC_PTHREAD - Success
[1.812s] -- Found Threads: TRUE  
[1.850s] -- Added test 'cppcheck' to perform static code analysis on C / C++ code
[1.852s] -- Configured cppcheck include dirs: /home/victor/caramelo_goiania/src/grid_map/grid_map_sdf/include
[1.853s] -- Configured cppcheck exclude dirs and/or files: 
[1.859s] -- Added test 'lint_cmake' to check CMake code style
[1.868s] -- Added test 'uncrustify' to check C / C++ code style
[1.869s] -- Configured uncrustify additional arguments: 
[1.872s] -- Added test 'xmllint' to check XML markup files
[1.893s] -- Configuring done
[1.913s] -- Generating done
[1.918s] -- Build files have been written to: /home/victor/caramelo_goiania/src/build/grid_map_sdf
[1.937s] Invoked command in '/home/victor/caramelo_goiania/src/build/grid_map_sdf' returned '0': AMENT_PREFIX_PATH=/home/victor/caramelo_goiania/src/install/grid_map_core:/home/victor/caramelo_goiania/src/install/grid_map_cmake_helpers:${AMENT_PREFIX_PATH} CMAKE_PREFIX_PATH=/home/victor/caramelo_goiania/src/install/grid_map_core:/home/victor/caramelo_goiania/src/install/grid_map_cmake_helpers:/home/victor/caramelo_goiania/install/sllidar_ros2:/home/victor/caramelo_goiania/install/rplidar_ros:/home/victor/caramelo_goiania/install/rf2o_laser_odometry:/home/victor/caramelo_goiania/src/install/sllidar_ros2:/home/victor/caramelo_goiania/src/install/rplidar_ros:/home/victor/caramelo_goiania/src/install/navegacao_pkg:/home/victor/caramelo_goiania/install/navegacao_pkg:/opt/ros/humble LD_LIBRARY_PATH=/home/victor/caramelo_goiania/src/install/grid_map_core/lib:${LD_LIBRARY_PATH} /usr/bin/cmake /home/victor/caramelo_goiania/src/grid_map/grid_map_sdf -DAMENT_CMAKE_SYMLINK_INSTALL=1 -DCMAKE_INSTALL_PREFIX=/home/victor/caramelo_goiania/src/install/grid_map_sdf
[1.938s] Invoking command in '/home/victor/caramelo_goiania/src/build/grid_map_sdf': AMENT_PREFIX_PATH=/home/victor/caramelo_goiania/src/install/grid_map_core:/home/victor/caramelo_goiania/src/install/grid_map_cmake_helpers:${AMENT_PREFIX_PATH} CMAKE_PREFIX_PATH=/home/victor/caramelo_goiania/src/install/grid_map_core:/home/victor/caramelo_goiania/src/install/grid_map_cmake_helpers:/home/victor/caramelo_goiania/install/sllidar_ros2:/home/victor/caramelo_goiania/install/rplidar_ros:/home/victor/caramelo_goiania/install/rf2o_laser_odometry:/home/victor/caramelo_goiania/src/install/sllidar_ros2:/home/victor/caramelo_goiania/src/install/rplidar_ros:/home/victor/caramelo_goiania/src/install/navegacao_pkg:/home/victor/caramelo_goiania/install/navegacao_pkg:/opt/ros/humble LD_LIBRARY_PATH=/home/victor/caramelo_goiania/src/install/grid_map_core/lib:${LD_LIBRARY_PATH} /usr/bin/cmake --build /home/victor/caramelo_goiania/src/build/grid_map_sdf -- -j8 -l8
[2.050s] [ 11%] [32mBuilding CXX object CMakeFiles/grid_map_sdf.dir/src/SignedDistanceField.cpp.o[0m
[2.079s] [ 22%] [32mBuilding CXX object gtest/CMakeFiles/gtest_main.dir/src/gtest_main.cc.o[0m
[2.084s] [ 33%] [32mBuilding CXX object gtest/CMakeFiles/gtest.dir/src/gtest-all.cc.o[0m
[5.618s] [ 44%] [32m[1mLinking CXX static library libgtest_main.a[0m
[5.758s] [ 44%] Built target gtest_main
[11.029s] [ 55%] [32m[1mLinking CXX static library libgrid_map_sdf.a[0m
[11.101s] [ 55%] Built target grid_map_sdf
[20.002s] [ 66%] [32m[1mLinking CXX static library libgtest.a[0m
[20.049s] [ 66%] Built target gtest
[20.073s] [ 77%] [32mBuilding CXX object CMakeFiles/grid_map_sdf-test.dir/test/SignedDistanceFieldTest.cpp.o[0m
[25.994s] [ 88%] [32mBuilding CXX object CMakeFiles/grid_map_sdf-test.dir/test/test_grid_map_sdf.cpp.o[0m
[27.068s] [100%] [32m[1mLinking CXX executable grid_map_sdf-test[0m
[27.200s] [100%] Built target grid_map_sdf-test
[27.218s] Invoked command in '/home/victor/caramelo_goiania/src/build/grid_map_sdf' returned '0': AMENT_PREFIX_PATH=/home/victor/caramelo_goiania/src/install/grid_map_core:/home/victor/caramelo_goiania/src/install/grid_map_cmake_helpers:${AMENT_PREFIX_PATH} CMAKE_PREFIX_PATH=/home/victor/caramelo_goiania/src/install/grid_map_core:/home/victor/caramelo_goiania/src/install/grid_map_cmake_helpers:/home/victor/caramelo_goiania/install/sllidar_ros2:/home/victor/caramelo_goiania/install/rplidar_ros:/home/victor/caramelo_goiania/install/rf2o_laser_odometry:/home/victor/caramelo_goiania/src/install/sllidar_ros2:/home/victor/caramelo_goiania/src/install/rplidar_ros:/home/victor/caramelo_goiania/src/install/navegacao_pkg:/home/victor/caramelo_goiania/install/navegacao_pkg:/opt/ros/humble LD_LIBRARY_PATH=/home/victor/caramelo_goiania/src/install/grid_map_core/lib:${LD_LIBRARY_PATH} /usr/bin/cmake --build /home/victor/caramelo_goiania/src/build/grid_map_sdf -- -j8 -l8
[27.260s] Invoking command in '/home/victor/caramelo_goiania/src/build/grid_map_sdf': AMENT_PREFIX_PATH=/home/victor/caramelo_goiania/src/install/grid_map_core:/home/victor/caramelo_goiania/src/install/grid_map_cmake_helpers:${AMENT_PREFIX_PATH} CMAKE_PREFIX_PATH=/home/victor/caramelo_goiania/src/install/grid_map_core:/home/victor/caramelo_goiania/src/install/grid_map_cmake_helpers:/home/victor/caramelo_goiania/install/sllidar_ros2:/home/victor/caramelo_goiania/install/rplidar_ros:/home/victor/caramelo_goiania/install/rf2o_laser_odometry:/home/victor/caramelo_goiania/src/install/sllidar_ros2:/home/victor/caramelo_goiania/src/install/rplidar_ros:/home/victor/caramelo_goiania/src/install/navegacao_pkg:/home/victor/caramelo_goiania/install/navegacao_pkg:/opt/ros/humble LD_LIBRARY_PATH=/home/victor/caramelo_goiania/src/install/grid_map_core/lib:${LD_LIBRARY_PATH} /usr/bin/cmake --install /home/victor/caramelo_goiania/src/build/grid_map_sdf
[27.269s] -- Install configuration: "Release"
[27.269s] -- Execute custom install script
[27.270s] -- Symlinking: /home/victor/caramelo_goiania/src/install/grid_map_sdf/lib/libgrid_map_sdf.a
[27.284s] -- Symlinking: /home/victor/caramelo_goiania/src/install/grid_map_sdf/share/grid_map_sdf/environment/library_path.sh
[27.298s] -- Symlinking: /home/victor/caramelo_goiania/src/install/grid_map_sdf/share/grid_map_sdf/environment/library_path.dsv
[27.310s] -- Symlinking: /home/victor/caramelo_goiania/src/install/grid_map_sdf/share/ament_index/resource_index/package_run_dependencies/grid_map_sdf
[27.322s] -- Symlinking: /home/victor/caramelo_goiania/src/install/grid_map_sdf/share/ament_index/resource_index/parent_prefix_path/grid_map_sdf
[27.332s] -- Symlinking: /home/victor/caramelo_goiania/src/install/grid_map_sdf/share/grid_map_sdf/environment/ament_prefix_path.sh
[27.343s] -- Symlinking: /home/victor/caramelo_goiania/src/install/grid_map_sdf/share/grid_map_sdf/environment/ament_prefix_path.dsv
[27.353s] -- Symlinking: /home/victor/caramelo_goiania/src/install/grid_map_sdf/share/grid_map_sdf/environment/path.sh
[27.369s] -- Symlinking: /home/victor/caramelo_goiania/src/install/grid_map_sdf/share/grid_map_sdf/environment/path.dsv
[27.380s] -- Symlinking: /home/victor/caramelo_goiania/src/install/grid_map_sdf/share/grid_map_sdf/local_setup.bash
[27.392s] -- Symlinking: /home/victor/caramelo_goiania/src/install/grid_map_sdf/share/grid_map_sdf/local_setup.sh
[27.404s] -- Symlinking: /home/victor/caramelo_goiania/src/install/grid_map_sdf/share/grid_map_sdf/local_setup.zsh
[27.415s] -- Symlinking: /home/victor/caramelo_goiania/src/install/grid_map_sdf/share/grid_map_sdf/local_setup.dsv
[27.428s] -- Symlinking: /home/victor/caramelo_goiania/src/install/grid_map_sdf/share/grid_map_sdf/package.dsv
[27.443s] -- Symlinking: /home/victor/caramelo_goiania/src/install/grid_map_sdf/share/ament_index/resource_index/packages/grid_map_sdf
[27.464s] -- Symlinking: /home/victor/caramelo_goiania/src/install/grid_map_sdf/share/grid_map_sdf/cmake/ament_cmake_export_include_directories-extras.cmake
[27.477s] -- Symlinking: /home/victor/caramelo_goiania/src/install/grid_map_sdf/share/grid_map_sdf/cmake/ament_cmake_export_libraries-extras.cmake
[27.490s] -- Symlinking: /home/victor/caramelo_goiania/src/install/grid_map_sdf/share/grid_map_sdf/cmake/grid_map_sdfConfig.cmake
[27.501s] -- Symlinking: /home/victor/caramelo_goiania/src/install/grid_map_sdf/share/grid_map_sdf/cmake/grid_map_sdfConfig-version.cmake
[27.516s] -- Symlinking: /home/victor/caramelo_goiania/src/install/grid_map_sdf/share/grid_map_sdf/package.xml
[27.531s] -- Installing: /home/victor/caramelo_goiania/src/install/grid_map_sdf/include/grid_map_sdf
[27.531s] -- Installing: /home/victor/caramelo_goiania/src/install/grid_map_sdf/include/grid_map_sdf/SignedDistanceField.hpp
[27.531s] -- Installing: /home/victor/caramelo_goiania/src/install/grid_map_sdf/include/grid_map_sdf/distance_transform
[27.531s] -- Installing: /home/victor/caramelo_goiania/src/install/grid_map_sdf/include/grid_map_sdf/distance_transform/misc.hpp
[27.531s] -- Installing: /home/victor/caramelo_goiania/src/install/grid_map_sdf/include/grid_map_sdf/distance_transform/imconv.hpp
[27.532s] -- Installing: /home/victor/caramelo_goiania/src/install/grid_map_sdf/include/grid_map_sdf/distance_transform/dt.hpp
[27.532s] -- Installing: /home/victor/caramelo_goiania/src/install/grid_map_sdf/include/grid_map_sdf/distance_transform/imutil.hpp
[27.532s] -- Installing: /home/victor/caramelo_goiania/src/install/grid_map_sdf/include/grid_map_sdf/distance_transform/pnmfile.hpp
[27.532s] -- Installing: /home/victor/caramelo_goiania/src/install/grid_map_sdf/include/grid_map_sdf/distance_transform/image.hpp
[27.536s] Invoked command in '/home/victor/caramelo_goiania/src/build/grid_map_sdf' returned '0': AMENT_PREFIX_PATH=/home/victor/caramelo_goiania/src/install/grid_map_core:/home/victor/caramelo_goiania/src/install/grid_map_cmake_helpers:${AMENT_PREFIX_PATH} CMAKE_PREFIX_PATH=/home/victor/caramelo_goiania/src/install/grid_map_core:/home/victor/caramelo_goiania/src/install/grid_map_cmake_helpers:/home/victor/caramelo_goiania/install/sllidar_ros2:/home/victor/caramelo_goiania/install/rplidar_ros:/home/victor/caramelo_goiania/install/rf2o_laser_odometry:/home/victor/caramelo_goiania/src/install/sllidar_ros2:/home/victor/caramelo_goiania/src/install/rplidar_ros:/home/victor/caramelo_goiania/src/install/navegacao_pkg:/home/victor/caramelo_goiania/install/navegacao_pkg:/opt/ros/humble LD_LIBRARY_PATH=/home/victor/caramelo_goiania/src/install/grid_map_core/lib:${LD_LIBRARY_PATH} /usr/bin/cmake --install /home/victor/caramelo_goiania/src/build/grid_map_sdf
