running egg_info
creating ../build/movimentacao_pkg/movimentacao_pkg.egg-info
writing ../build/movimentacao_pkg/movimentacao_pkg.egg-info/PKG-INFO
writing dependency_links to ../build/movimentacao_pkg/movimentacao_pkg.egg-info/dependency_links.txt
writing entry points to ../build/movimentacao_pkg/movimentacao_pkg.egg-info/entry_points.txt
writing requirements to ../build/movimentacao_pkg/movimentacao_pkg.egg-info/requires.txt
writing top-level names to ../build/movimentacao_pkg/movimentacao_pkg.egg-info/top_level.txt
writing manifest file '../build/movimentacao_pkg/movimentacao_pkg.egg-info/SOURCES.txt'
reading manifest file '../build/movimentacao_pkg/movimentacao_pkg.egg-info/SOURCES.txt'
writing manifest file '../build/movimentacao_pkg/movimentacao_pkg.egg-info/SOURCES.txt'
running build
running build_py
creating /home/victor/caramelo_goiania/src/build/movimentacao_pkg/build
creating /home/victor/caramelo_goiania/src/build/movimentacao_pkg/build/lib
creating /home/victor/caramelo_goiania/src/build/movimentacao_pkg/build/lib/movimentacao_pkg
copying movimentacao_pkg/__init__.py -> /home/victor/caramelo_goiania/src/build/movimentacao_pkg/build/lib/movimentacao_pkg
running install
running install_lib
creating /home/victor/caramelo_goiania/src/install/movimentacao_pkg/lib/python3.10/site-packages/movimentacao_pkg
copying /home/victor/caramelo_goiania/src/build/movimentacao_pkg/build/lib/movimentacao_pkg/__init__.py -> /home/victor/caramelo_goiania/src/install/movimentacao_pkg/lib/python3.10/site-packages/movimentacao_pkg
byte-compiling /home/victor/caramelo_goiania/src/install/movimentacao_pkg/lib/python3.10/site-packages/movimentacao_pkg/__init__.py to __init__.cpython-310.pyc
running install_data
creating /home/victor/caramelo_goiania/src/install/movimentacao_pkg/share/ament_index
creating /home/victor/caramelo_goiania/src/install/movimentacao_pkg/share/ament_index/resource_index
creating /home/victor/caramelo_goiania/src/install/movimentacao_pkg/share/ament_index/resource_index/packages
copying resource/movimentacao_pkg -> /home/victor/caramelo_goiania/src/install/movimentacao_pkg/share/ament_index/resource_index/packages
copying package.xml -> /home/victor/caramelo_goiania/src/install/movimentacao_pkg/share/movimentacao_pkg
running install_egg_info
Copying ../build/movimentacao_pkg/movimentacao_pkg.egg-info to /home/victor/caramelo_goiania/src/install/movimentacao_pkg/lib/python3.10/site-packages/movimentacao_pkg-0.0.0-py3.10.egg-info
running install_scripts
writing list of installed files to '/home/victor/caramelo_goiania/src/build/movimentacao_pkg/install.log'
