[0.959s] Invoking command in '/home/victor/caramelo_goiania/src/movimentacao_pkg': PYTHONPATH=/home/victor/caramelo_goiania/src/build/movimentacao_pkg/prefix_override:/usr/lib/python3/dist-packages/colcon_core/task/python/colcon_distutils_commands:/home/victor/caramelo_goiania/src/install/movimentacao_pkg/lib/python3.10/site-packages:${PYTHONPATH} /usr/bin/python3 -W ignore:setup.py install is deprecated setup.py egg_info --egg-base ../build/movimentacao_pkg build --build-base /home/victor/caramelo_goiania/src/build/movimentacao_pkg/build install --record /home/victor/caramelo_goiania/src/build/movimentacao_pkg/install.log --single-version-externally-managed install_data
[1.195s] running egg_info
[1.196s] creating ../build/movimentacao_pkg/movimentacao_pkg.egg-info
[1.196s] writing ../build/movimentacao_pkg/movimentacao_pkg.egg-info/PKG-INFO
[1.196s] writing dependency_links to ../build/movimentacao_pkg/movimentacao_pkg.egg-info/dependency_links.txt
[1.196s] writing entry points to ../build/movimentacao_pkg/movimentacao_pkg.egg-info/entry_points.txt
[1.196s] writing requirements to ../build/movimentacao_pkg/movimentacao_pkg.egg-info/requires.txt
[1.197s] writing top-level names to ../build/movimentacao_pkg/movimentacao_pkg.egg-info/top_level.txt
[1.197s] writing manifest file '../build/movimentacao_pkg/movimentacao_pkg.egg-info/SOURCES.txt'
[1.199s] reading manifest file '../build/movimentacao_pkg/movimentacao_pkg.egg-info/SOURCES.txt'
[1.200s] writing manifest file '../build/movimentacao_pkg/movimentacao_pkg.egg-info/SOURCES.txt'
[1.200s] running build
[1.200s] running build_py
[1.200s] creating /home/victor/caramelo_goiania/src/build/movimentacao_pkg/build
[1.200s] creating /home/victor/caramelo_goiania/src/build/movimentacao_pkg/build/lib
[1.200s] creating /home/victor/caramelo_goiania/src/build/movimentacao_pkg/build/lib/movimentacao_pkg
[1.200s] copying movimentacao_pkg/__init__.py -> /home/victor/caramelo_goiania/src/build/movimentacao_pkg/build/lib/movimentacao_pkg
[1.201s] running install
[1.201s] running install_lib
[1.202s] creating /home/victor/caramelo_goiania/src/install/movimentacao_pkg/lib/python3.10/site-packages/movimentacao_pkg
[1.202s] copying /home/victor/caramelo_goiania/src/build/movimentacao_pkg/build/lib/movimentacao_pkg/__init__.py -> /home/victor/caramelo_goiania/src/install/movimentacao_pkg/lib/python3.10/site-packages/movimentacao_pkg
[1.202s] byte-compiling /home/victor/caramelo_goiania/src/install/movimentacao_pkg/lib/python3.10/site-packages/movimentacao_pkg/__init__.py to __init__.cpython-310.pyc
[1.202s] running install_data
[1.203s] creating /home/victor/caramelo_goiania/src/install/movimentacao_pkg/share/ament_index
[1.203s] creating /home/victor/caramelo_goiania/src/install/movimentacao_pkg/share/ament_index/resource_index
[1.203s] creating /home/victor/caramelo_goiania/src/install/movimentacao_pkg/share/ament_index/resource_index/packages
[1.203s] copying resource/movimentacao_pkg -> /home/victor/caramelo_goiania/src/install/movimentacao_pkg/share/ament_index/resource_index/packages
[1.203s] copying package.xml -> /home/victor/caramelo_goiania/src/install/movimentacao_pkg/share/movimentacao_pkg
[1.203s] running install_egg_info
[1.206s] Copying ../build/movimentacao_pkg/movimentacao_pkg.egg-info to /home/victor/caramelo_goiania/src/install/movimentacao_pkg/lib/python3.10/site-packages/movimentacao_pkg-0.0.0-py3.10.egg-info
[1.207s] running install_scripts
[1.234s] writing list of installed files to '/home/victor/caramelo_goiania/src/build/movimentacao_pkg/install.log'
[1.260s] Invoked command in '/home/victor/caramelo_goiania/src/movimentacao_pkg' returned '0': PYTHONPATH=/home/victor/caramelo_goiania/src/build/movimentacao_pkg/prefix_override:/usr/lib/python3/dist-packages/colcon_core/task/python/colcon_distutils_commands:/home/victor/caramelo_goiania/src/install/movimentacao_pkg/lib/python3.10/site-packages:${PYTHONPATH} /usr/bin/python3 -W ignore:setup.py install is deprecated setup.py egg_info --egg-base ../build/movimentacao_pkg build --build-base /home/victor/caramelo_goiania/src/build/movimentacao_pkg/build install --record /home/victor/caramelo_goiania/src/build/movimentacao_pkg/install.log --single-version-externally-managed install_data
