[0.274s] Invoking command in '/home/victor/caramelo_goiania/src/build/rplidar_ros': CMAKE_PREFIX_PATH=${CMAKE_PREFIX_PATH}:/home/victor/caramelo_goiania/src/install/navegacao_pkg:/home/victor/caramelo_goiania/install/navegacao_pkg:/opt/ros/humble /usr/bin/cmake --build /home/victor/caramelo_goiania/src/build/rplidar_ros -- -j8 -l8
[0.351s] [  5%] Built target rplidar_client
[0.364s] [ 52%] Built target rplidar_composition
[0.365s] [100%] Built target rplidar_node
[0.380s] Invoked command in '/home/victor/caramelo_goiania/src/build/rplidar_ros' returned '0': CMAKE_PREFIX_PATH=${CMAKE_PREFIX_PATH}:/home/victor/caramelo_goiania/src/install/navegacao_pkg:/home/victor/caramelo_goiania/install/navegacao_pkg:/opt/ros/humble /usr/bin/cmake --build /home/victor/caramelo_goiania/src/build/rplidar_ros -- -j8 -l8
[0.473s] Invoking command in '/home/victor/caramelo_goiania/src/build/rplidar_ros': CMAKE_PREFIX_PATH=${CMAKE_PREFIX_PATH}:/home/victor/caramelo_goiania/src/install/navegacao_pkg:/home/victor/caramelo_goiania/install/navegacao_pkg:/opt/ros/humble /usr/bin/cmake --install /home/victor/caramelo_goiania/src/build/rplidar_ros
[0.481s] -- Install configuration: ""
[0.481s] -- Up-to-date: /home/victor/caramelo_goiania/src/install/rplidar_ros/share/rplidar_ros/launch
[0.481s] -- Up-to-date: /home/victor/caramelo_goiania/src/install/rplidar_ros/share/rplidar_ros/launch/rplidar_s3_launch.py
[0.481s] -- Up-to-date: /home/victor/caramelo_goiania/src/install/rplidar_ros/share/rplidar_ros/launch/view_rplidar_c1_launch.py
[0.481s] -- Up-to-date: /home/victor/caramelo_goiania/src/install/rplidar_ros/share/rplidar_ros/launch/rplidar_a3_launch.py
[0.482s] -- Up-to-date: /home/victor/caramelo_goiania/src/install/rplidar_ros/share/rplidar_ros/launch/rplidar_a1_launch.py
[0.482s] -- Up-to-date: /home/victor/caramelo_goiania/src/install/rplidar_ros/share/rplidar_ros/launch/view_rplidar_s2e_launch.py
[0.482s] -- Up-to-date: /home/victor/caramelo_goiania/src/install/rplidar_ros/share/rplidar_ros/launch/rplidar_a2m12_launch.py
[0.482s] -- Up-to-date: /home/victor/caramelo_goiania/src/install/rplidar_ros/share/rplidar_ros/launch/view_rplidar_s1_tcp_launch.py
[0.482s] -- Up-to-date: /home/victor/caramelo_goiania/src/install/rplidar_ros/share/rplidar_ros/launch/rplidar_a2m8_launch.py
[0.482s] -- Up-to-date: /home/victor/caramelo_goiania/src/install/rplidar_ros/share/rplidar_ros/launch/view_rplidar_a2m8_launch.py
[0.482s] -- Up-to-date: /home/victor/caramelo_goiania/src/install/rplidar_ros/share/rplidar_ros/launch/view_rplidar_a2m7_launch.py
[0.482s] -- Up-to-date: /home/victor/caramelo_goiania/src/install/rplidar_ros/share/rplidar_ros/launch/rplidar_s1_tcp_launch.py
[0.483s] -- Up-to-date: /home/victor/caramelo_goiania/src/install/rplidar_ros/share/rplidar_ros/launch/view_rplidar_t1_launch.py
[0.483s] -- Up-to-date: /home/victor/caramelo_goiania/src/install/rplidar_ros/share/rplidar_ros/launch/view_rplidar_s1_launch.py
[0.483s] -- Up-to-date: /home/victor/caramelo_goiania/src/install/rplidar_ros/share/rplidar_ros/launch/view_rplidar_s2_launch.py
[0.483s] -- Up-to-date: /home/victor/caramelo_goiania/src/install/rplidar_ros/share/rplidar_ros/launch/rplidar_c1_launch.py
[0.483s] -- Up-to-date: /home/victor/caramelo_goiania/src/install/rplidar_ros/share/rplidar_ros/launch/rplidar_s2e_launch.py
[0.483s] -- Up-to-date: /home/victor/caramelo_goiania/src/install/rplidar_ros/share/rplidar_ros/launch/view_rplidar_s3_launch.py
[0.483s] -- Up-to-date: /home/victor/caramelo_goiania/src/install/rplidar_ros/share/rplidar_ros/launch/view_rplidar_a3_launch.py
[0.484s] -- Up-to-date: /home/victor/caramelo_goiania/src/install/rplidar_ros/share/rplidar_ros/launch/rplidar_a2m7_launch.py
[0.484s] -- Up-to-date: /home/victor/caramelo_goiania/src/install/rplidar_ros/share/rplidar_ros/launch/rplidar_s1_launch.py
[0.484s] -- Up-to-date: /home/victor/caramelo_goiania/src/install/rplidar_ros/share/rplidar_ros/launch/rplidar_t1_launch.py
[0.484s] -- Up-to-date: /home/victor/caramelo_goiania/src/install/rplidar_ros/share/rplidar_ros/launch/view_rplidar_a1_launch.py
[0.484s] -- Up-to-date: /home/victor/caramelo_goiania/src/install/rplidar_ros/share/rplidar_ros/launch/view_rplidar_a2m12_launch.py
[0.485s] -- Up-to-date: /home/victor/caramelo_goiania/src/install/rplidar_ros/share/rplidar_ros/launch/rplidar_s2_launch.py
[0.485s] -- Up-to-date: /home/victor/caramelo_goiania/src/install/rplidar_ros/share/rplidar_ros/rviz
[0.485s] -- Up-to-date: /home/victor/caramelo_goiania/src/install/rplidar_ros/share/rplidar_ros/rviz/rplidar_ros.rviz
[0.486s] -- Up-to-date: /home/victor/caramelo_goiania/src/install/rplidar_ros/lib/rplidar_ros/rplidar_node
[0.486s] -- Up-to-date: /home/victor/caramelo_goiania/src/install/rplidar_ros/lib/rplidar_ros/rplidar_composition
[0.486s] -- Up-to-date: /home/victor/caramelo_goiania/src/install/rplidar_ros/lib/rplidar_ros/rplidar_client
[0.487s] -- Up-to-date: /home/victor/caramelo_goiania/src/install/rplidar_ros/share/ament_index/resource_index/package_run_dependencies/rplidar_ros
[0.487s] -- Up-to-date: /home/victor/caramelo_goiania/src/install/rplidar_ros/share/ament_index/resource_index/parent_prefix_path/rplidar_ros
[0.487s] -- Up-to-date: /home/victor/caramelo_goiania/src/install/rplidar_ros/share/rplidar_ros/environment/ament_prefix_path.sh
[0.487s] -- Up-to-date: /home/victor/caramelo_goiania/src/install/rplidar_ros/share/rplidar_ros/environment/ament_prefix_path.dsv
[0.488s] -- Up-to-date: /home/victor/caramelo_goiania/src/install/rplidar_ros/share/rplidar_ros/environment/path.sh
[0.488s] -- Up-to-date: /home/victor/caramelo_goiania/src/install/rplidar_ros/share/rplidar_ros/environment/path.dsv
[0.488s] -- Up-to-date: /home/victor/caramelo_goiania/src/install/rplidar_ros/share/rplidar_ros/local_setup.bash
[0.488s] -- Up-to-date: /home/victor/caramelo_goiania/src/install/rplidar_ros/share/rplidar_ros/local_setup.sh
[0.488s] -- Up-to-date: /home/victor/caramelo_goiania/src/install/rplidar_ros/share/rplidar_ros/local_setup.zsh
[0.488s] -- Up-to-date: /home/victor/caramelo_goiania/src/install/rplidar_ros/share/rplidar_ros/local_setup.dsv
[0.488s] -- Installing: /home/victor/caramelo_goiania/src/install/rplidar_ros/share/rplidar_ros/package.dsv
[0.488s] -- Up-to-date: /home/victor/caramelo_goiania/src/install/rplidar_ros/share/ament_index/resource_index/packages/rplidar_ros
[0.488s] -- Up-to-date: /home/victor/caramelo_goiania/src/install/rplidar_ros/share/rplidar_ros/cmake/ament_cmake_export_dependencies-extras.cmake
[0.489s] -- Up-to-date: /home/victor/caramelo_goiania/src/install/rplidar_ros/share/rplidar_ros/cmake/ament_cmake_export_include_directories-extras.cmake
[0.489s] -- Up-to-date: /home/victor/caramelo_goiania/src/install/rplidar_ros/share/rplidar_ros/cmake/rplidar_rosConfig.cmake
[0.489s] -- Up-to-date: /home/victor/caramelo_goiania/src/install/rplidar_ros/share/rplidar_ros/cmake/rplidar_rosConfig-version.cmake
[0.489s] -- Up-to-date: /home/victor/caramelo_goiania/src/install/rplidar_ros/share/rplidar_ros/package.xml
[0.492s] Invoked command in '/home/victor/caramelo_goiania/src/build/rplidar_ros' returned '0': CMAKE_PREFIX_PATH=${CMAKE_PREFIX_PATH}:/home/victor/caramelo_goiania/src/install/navegacao_pkg:/home/victor/caramelo_goiania/install/navegacao_pkg:/opt/ros/humble /usr/bin/cmake --install /home/victor/caramelo_goiania/src/build/rplidar_ros
