[0.095s] DEBUG:colcon:Command line arguments: ['/usr/bin/colcon', 'build']
[0.095s] DEBUG:colcon:Parsed command line arguments: Namespace(log_base=None, log_level=None, verb_name='build', build_base='build', install_base='install', merge_install=False, symlink_install=False, test_result_base=None, continue_on_error=False, executor='parallel', parallel_workers=8, event_handlers=None, ignore_user_meta=False, metas=['./colcon.meta'], base_paths=['.'], packages_ignore=None, packages_ignore_regex=None, paths=None, packages_up_to=None, packages_up_to_regex=None, packages_above=None, packages_above_and_dependencies=None, packages_above_depth=None, packages_select_by_dep=None, packages_skip_by_dep=None, packages_skip_up_to=None, packages_select_build_failed=False, packages_skip_build_finished=False, packages_select_test_failures=False, packages_skip_test_passed=False, packages_select=None, packages_skip=None, packages_select_regex=None, packages_skip_regex=None, packages_start=None, packages_end=None, allow_overriding=[], cmake_args=None, cmake_target=None, cmake_target_skip_unavailable=False, cmake_clean_cache=False, cmake_clean_first=False, cmake_force_configure=False, ament_cmake_args=None, catkin_cmake_args=None, catkin_skip_building_tests=False, verb_parser=<colcon_defaults.argument_parser.defaults.DefaultArgumentsDecorator object at 0x73c3f3d4dab0>, verb_extension=<colcon_core.verb.build.BuildVerb object at 0x73c3f3d4d570>, main=<bound method BuildVerb.main of <colcon_core.verb.build.BuildVerb object at 0x73c3f3d4d570>>)
[0.253s] Level 1:colcon.colcon_core.package_discovery:discover_packages(colcon_meta) check parameters
[0.253s] Level 1:colcon.colcon_core.package_discovery:discover_packages(recursive) check parameters
[0.253s] Level 1:colcon.colcon_core.package_discovery:discover_packages(ignore) check parameters
[0.253s] Level 1:colcon.colcon_core.package_discovery:discover_packages(path) check parameters
[0.253s] Level 1:colcon.colcon_core.package_discovery:discover_packages(colcon_meta) discover
[0.254s] Level 1:colcon.colcon_core.package_discovery:discover_packages(recursive) discover
[0.254s] INFO:colcon.colcon_core.package_discovery:Crawling recursively for packages in '/home/victor/caramelo_goiania'
[0.254s] Level 1:colcon.colcon_core.package_identification:_identify(.) by extensions ['ignore', 'ignore_ament_install']
[0.254s] Level 1:colcon.colcon_core.package_identification:_identify(.) by extension 'ignore'
[0.254s] Level 1:colcon.colcon_core.package_identification:_identify(.) by extension 'ignore_ament_install'
[0.254s] Level 1:colcon.colcon_core.package_identification:_identify(.) by extensions ['colcon_pkg']
[0.254s] Level 1:colcon.colcon_core.package_identification:_identify(.) by extension 'colcon_pkg'
[0.254s] Level 1:colcon.colcon_core.package_identification:_identify(.) by extensions ['colcon_meta']
[0.254s] Level 1:colcon.colcon_core.package_identification:_identify(.) by extension 'colcon_meta'
[0.254s] Level 1:colcon.colcon_core.package_identification:_identify(.) by extensions ['ros']
[0.254s] Level 1:colcon.colcon_core.package_identification:_identify(.) by extension 'ros'
[0.264s] Level 1:colcon.colcon_core.package_identification:_identify(.) by extensions ['cmake', 'python']
[0.264s] Level 1:colcon.colcon_core.package_identification:_identify(.) by extension 'cmake'
[0.264s] Level 1:colcon.colcon_core.package_identification:_identify(.) by extension 'python'
[0.264s] Level 1:colcon.colcon_core.package_identification:_identify(.) by extensions ['python_setup_py']
[0.264s] Level 1:colcon.colcon_core.package_identification:_identify(.) by extension 'python_setup_py'
[0.264s] Level 1:colcon.colcon_core.package_identification:_identify(build) by extensions ['ignore', 'ignore_ament_install']
[0.264s] Level 1:colcon.colcon_core.package_identification:_identify(build) by extension 'ignore'
[0.264s] Level 1:colcon.colcon_core.package_identification:_identify(build) ignored
[0.264s] Level 1:colcon.colcon_core.package_identification:_identify(install) by extensions ['ignore', 'ignore_ament_install']
[0.264s] Level 1:colcon.colcon_core.package_identification:_identify(install) by extension 'ignore'
[0.264s] Level 1:colcon.colcon_core.package_identification:_identify(install) ignored
[0.265s] Level 1:colcon.colcon_core.package_identification:_identify(log) by extensions ['ignore', 'ignore_ament_install']
[0.265s] Level 1:colcon.colcon_core.package_identification:_identify(log) by extension 'ignore'
[0.265s] Level 1:colcon.colcon_core.package_identification:_identify(log) ignored
[0.265s] Level 1:colcon.colcon_core.package_identification:_identify(src) by extensions ['ignore', 'ignore_ament_install']
[0.265s] Level 1:colcon.colcon_core.package_identification:_identify(src) by extension 'ignore'
[0.265s] Level 1:colcon.colcon_core.package_identification:_identify(src) by extension 'ignore_ament_install'
[0.265s] Level 1:colcon.colcon_core.package_identification:_identify(src) by extensions ['colcon_pkg']
[0.265s] Level 1:colcon.colcon_core.package_identification:_identify(src) by extension 'colcon_pkg'
[0.265s] Level 1:colcon.colcon_core.package_identification:_identify(src) by extensions ['colcon_meta']
[0.265s] Level 1:colcon.colcon_core.package_identification:_identify(src) by extension 'colcon_meta'
[0.265s] Level 1:colcon.colcon_core.package_identification:_identify(src) by extensions ['ros']
[0.265s] Level 1:colcon.colcon_core.package_identification:_identify(src) by extension 'ros'
[0.265s] Level 1:colcon.colcon_core.package_identification:_identify(src) by extensions ['cmake', 'python']
[0.265s] Level 1:colcon.colcon_core.package_identification:_identify(src) by extension 'cmake'
[0.265s] Level 1:colcon.colcon_core.package_identification:_identify(src) by extension 'python'
[0.265s] Level 1:colcon.colcon_core.package_identification:_identify(src) by extensions ['python_setup_py']
[0.265s] Level 1:colcon.colcon_core.package_identification:_identify(src) by extension 'python_setup_py'
[0.265s] Level 1:colcon.colcon_core.package_identification:_identify(src/build) by extensions ['ignore', 'ignore_ament_install']
[0.265s] Level 1:colcon.colcon_core.package_identification:_identify(src/build) by extension 'ignore'
[0.265s] Level 1:colcon.colcon_core.package_identification:_identify(src/build) ignored
[0.265s] Level 1:colcon.colcon_core.package_identification:_identify(src/install) by extensions ['ignore', 'ignore_ament_install']
[0.266s] Level 1:colcon.colcon_core.package_identification:_identify(src/install) by extension 'ignore'
[0.266s] Level 1:colcon.colcon_core.package_identification:_identify(src/install) ignored
[0.266s] Level 1:colcon.colcon_core.package_identification:_identify(src/log) by extensions ['ignore', 'ignore_ament_install']
[0.266s] Level 1:colcon.colcon_core.package_identification:_identify(src/log) by extension 'ignore'
[0.266s] Level 1:colcon.colcon_core.package_identification:_identify(src/log) ignored
[0.266s] Level 1:colcon.colcon_core.package_identification:_identify(src/navegacao_pkg) by extensions ['ignore', 'ignore_ament_install']
[0.266s] Level 1:colcon.colcon_core.package_identification:_identify(src/navegacao_pkg) by extension 'ignore'
[0.266s] Level 1:colcon.colcon_core.package_identification:_identify(src/navegacao_pkg) by extension 'ignore_ament_install'
[0.266s] Level 1:colcon.colcon_core.package_identification:_identify(src/navegacao_pkg) by extensions ['colcon_pkg']
[0.266s] Level 1:colcon.colcon_core.package_identification:_identify(src/navegacao_pkg) by extension 'colcon_pkg'
[0.266s] Level 1:colcon.colcon_core.package_identification:_identify(src/navegacao_pkg) by extensions ['colcon_meta']
[0.266s] Level 1:colcon.colcon_core.package_identification:_identify(src/navegacao_pkg) by extension 'colcon_meta'
[0.266s] Level 1:colcon.colcon_core.package_identification:_identify(src/navegacao_pkg) by extensions ['ros']
[0.266s] Level 1:colcon.colcon_core.package_identification:_identify(src/navegacao_pkg) by extension 'ros'
[0.268s] DEBUG:colcon.colcon_core.package_identification:Package 'src/navegacao_pkg' with type 'ros.ament_python' and name 'navegacao_pkg'
[0.268s] Level 1:colcon.colcon_core.package_identification:_identify(src/rf2o_laser_odometry) by extensions ['ignore', 'ignore_ament_install']
[0.268s] Level 1:colcon.colcon_core.package_identification:_identify(src/rf2o_laser_odometry) by extension 'ignore'
[0.268s] Level 1:colcon.colcon_core.package_identification:_identify(src/rf2o_laser_odometry) by extension 'ignore_ament_install'
[0.268s] Level 1:colcon.colcon_core.package_identification:_identify(src/rf2o_laser_odometry) by extensions ['colcon_pkg']
[0.269s] Level 1:colcon.colcon_core.package_identification:_identify(src/rf2o_laser_odometry) by extension 'colcon_pkg'
[0.269s] Level 1:colcon.colcon_core.package_identification:_identify(src/rf2o_laser_odometry) by extensions ['colcon_meta']
[0.269s] Level 1:colcon.colcon_core.package_identification:_identify(src/rf2o_laser_odometry) by extension 'colcon_meta'
[0.269s] Level 1:colcon.colcon_core.package_identification:_identify(src/rf2o_laser_odometry) by extensions ['ros']
[0.269s] Level 1:colcon.colcon_core.package_identification:_identify(src/rf2o_laser_odometry) by extension 'ros'
[0.270s] DEBUG:colcon.colcon_core.package_identification:Package 'src/rf2o_laser_odometry' with type 'ros.ament_cmake' and name 'rf2o_laser_odometry'
[0.270s] Level 1:colcon.colcon_core.package_identification:_identify(src/rplidar_ros) by extensions ['ignore', 'ignore_ament_install']
[0.270s] Level 1:colcon.colcon_core.package_identification:_identify(src/rplidar_ros) by extension 'ignore'
[0.270s] Level 1:colcon.colcon_core.package_identification:_identify(src/rplidar_ros) by extension 'ignore_ament_install'
[0.270s] Level 1:colcon.colcon_core.package_identification:_identify(src/rplidar_ros) by extensions ['colcon_pkg']
[0.270s] Level 1:colcon.colcon_core.package_identification:_identify(src/rplidar_ros) by extension 'colcon_pkg'
[0.270s] Level 1:colcon.colcon_core.package_identification:_identify(src/rplidar_ros) by extensions ['colcon_meta']
[0.270s] Level 1:colcon.colcon_core.package_identification:_identify(src/rplidar_ros) by extension 'colcon_meta'
[0.270s] Level 1:colcon.colcon_core.package_identification:_identify(src/rplidar_ros) by extensions ['ros']
[0.270s] Level 1:colcon.colcon_core.package_identification:_identify(src/rplidar_ros) by extension 'ros'
[0.271s] DEBUG:colcon.colcon_core.package_identification:Package 'src/rplidar_ros' with type 'ros.ament_cmake' and name 'rplidar_ros'
[0.271s] Level 1:colcon.colcon_core.package_identification:_identify(src/sllidar_ros2) by extensions ['ignore', 'ignore_ament_install']
[0.271s] Level 1:colcon.colcon_core.package_identification:_identify(src/sllidar_ros2) by extension 'ignore'
[0.271s] Level 1:colcon.colcon_core.package_identification:_identify(src/sllidar_ros2) by extension 'ignore_ament_install'
[0.271s] Level 1:colcon.colcon_core.package_identification:_identify(src/sllidar_ros2) by extensions ['colcon_pkg']
[0.271s] Level 1:colcon.colcon_core.package_identification:_identify(src/sllidar_ros2) by extension 'colcon_pkg'
[0.271s] Level 1:colcon.colcon_core.package_identification:_identify(src/sllidar_ros2) by extensions ['colcon_meta']
[0.271s] Level 1:colcon.colcon_core.package_identification:_identify(src/sllidar_ros2) by extension 'colcon_meta'
[0.271s] Level 1:colcon.colcon_core.package_identification:_identify(src/sllidar_ros2) by extensions ['ros']
[0.271s] Level 1:colcon.colcon_core.package_identification:_identify(src/sllidar_ros2) by extension 'ros'
[0.272s] DEBUG:colcon.colcon_core.package_identification:Package 'src/sllidar_ros2' with type 'ros.ament_cmake' and name 'sllidar_ros2'
[0.272s] Level 1:colcon.colcon_core.package_discovery:discover_packages(recursive) using defaults
[0.272s] Level 1:colcon.colcon_core.package_discovery:discover_packages(ignore) discover
[0.272s] Level 1:colcon.colcon_core.package_discovery:discover_packages(ignore) using defaults
[0.272s] Level 1:colcon.colcon_core.package_discovery:discover_packages(path) discover
[0.272s] Level 1:colcon.colcon_core.package_discovery:discover_packages(path) using defaults
[0.299s] Level 1:colcon.colcon_core.package_discovery:discover_packages(prefix_path) check parameters
[0.299s] Level 1:colcon.colcon_core.package_discovery:discover_packages(prefix_path) discover
[0.301s] DEBUG:colcon.colcon_installed_package_information.package_discovery:Found 3 installed packages in /home/victor/caramelo_goiania/src/install
[0.301s] DEBUG:colcon.colcon_installed_package_information.package_discovery:Found 0 installed packages in /home/victor/caramelo_goiania/install
[0.302s] DEBUG:colcon.colcon_installed_package_information.package_discovery:Found 0 installed packages in /home/victor/install
[0.303s] DEBUG:colcon.colcon_installed_package_information.package_discovery:Found 413 installed packages in /opt/ros/humble
[0.305s] Level 1:colcon.colcon_core.package_discovery:discover_packages(prefix_path) using defaults
[0.351s] Level 5:colcon.colcon_core.verb:set package 'navegacao_pkg' build argument 'cmake_args' from command line to 'None'
[0.351s] Level 5:colcon.colcon_core.verb:set package 'navegacao_pkg' build argument 'cmake_target' from command line to 'None'
[0.351s] Level 5:colcon.colcon_core.verb:set package 'navegacao_pkg' build argument 'cmake_target_skip_unavailable' from command line to 'False'
[0.351s] Level 5:colcon.colcon_core.verb:set package 'navegacao_pkg' build argument 'cmake_clean_cache' from command line to 'False'
[0.351s] Level 5:colcon.colcon_core.verb:set package 'navegacao_pkg' build argument 'cmake_clean_first' from command line to 'False'
[0.351s] Level 5:colcon.colcon_core.verb:set package 'navegacao_pkg' build argument 'cmake_force_configure' from command line to 'False'
[0.351s] Level 5:colcon.colcon_core.verb:set package 'navegacao_pkg' build argument 'ament_cmake_args' from command line to 'None'
[0.351s] Level 5:colcon.colcon_core.verb:set package 'navegacao_pkg' build argument 'catkin_cmake_args' from command line to 'None'
[0.351s] Level 5:colcon.colcon_core.verb:set package 'navegacao_pkg' build argument 'catkin_skip_building_tests' from command line to 'False'
[0.351s] DEBUG:colcon.colcon_core.verb:Building package 'navegacao_pkg' with the following arguments: {'ament_cmake_args': None, 'build_base': '/home/victor/caramelo_goiania/build/navegacao_pkg', 'catkin_cmake_args': None, 'catkin_skip_building_tests': False, 'cmake_args': None, 'cmake_clean_cache': False, 'cmake_clean_first': False, 'cmake_force_configure': False, 'cmake_target': None, 'cmake_target_skip_unavailable': False, 'install_base': '/home/victor/caramelo_goiania/install/navegacao_pkg', 'merge_install': False, 'path': '/home/victor/caramelo_goiania/src/navegacao_pkg', 'symlink_install': False, 'test_result_base': None}
[0.351s] Level 5:colcon.colcon_core.verb:set package 'rf2o_laser_odometry' build argument 'cmake_args' from command line to 'None'
[0.351s] Level 5:colcon.colcon_core.verb:set package 'rf2o_laser_odometry' build argument 'cmake_target' from command line to 'None'
[0.351s] Level 5:colcon.colcon_core.verb:set package 'rf2o_laser_odometry' build argument 'cmake_target_skip_unavailable' from command line to 'False'
[0.351s] Level 5:colcon.colcon_core.verb:set package 'rf2o_laser_odometry' build argument 'cmake_clean_cache' from command line to 'False'
[0.351s] Level 5:colcon.colcon_core.verb:set package 'rf2o_laser_odometry' build argument 'cmake_clean_first' from command line to 'False'
[0.351s] Level 5:colcon.colcon_core.verb:set package 'rf2o_laser_odometry' build argument 'cmake_force_configure' from command line to 'False'
[0.351s] Level 5:colcon.colcon_core.verb:set package 'rf2o_laser_odometry' build argument 'ament_cmake_args' from command line to 'None'
[0.351s] Level 5:colcon.colcon_core.verb:set package 'rf2o_laser_odometry' build argument 'catkin_cmake_args' from command line to 'None'
[0.351s] Level 5:colcon.colcon_core.verb:set package 'rf2o_laser_odometry' build argument 'catkin_skip_building_tests' from command line to 'False'
[0.351s] DEBUG:colcon.colcon_core.verb:Building package 'rf2o_laser_odometry' with the following arguments: {'ament_cmake_args': None, 'build_base': '/home/victor/caramelo_goiania/build/rf2o_laser_odometry', 'catkin_cmake_args': None, 'catkin_skip_building_tests': False, 'cmake_args': None, 'cmake_clean_cache': False, 'cmake_clean_first': False, 'cmake_force_configure': False, 'cmake_target': None, 'cmake_target_skip_unavailable': False, 'install_base': '/home/victor/caramelo_goiania/install/rf2o_laser_odometry', 'merge_install': False, 'path': '/home/victor/caramelo_goiania/src/rf2o_laser_odometry', 'symlink_install': False, 'test_result_base': None}
[0.352s] Level 5:colcon.colcon_core.verb:set package 'rplidar_ros' build argument 'cmake_args' from command line to 'None'
[0.352s] Level 5:colcon.colcon_core.verb:set package 'rplidar_ros' build argument 'cmake_target' from command line to 'None'
[0.352s] Level 5:colcon.colcon_core.verb:set package 'rplidar_ros' build argument 'cmake_target_skip_unavailable' from command line to 'False'
[0.352s] Level 5:colcon.colcon_core.verb:set package 'rplidar_ros' build argument 'cmake_clean_cache' from command line to 'False'
[0.352s] Level 5:colcon.colcon_core.verb:set package 'rplidar_ros' build argument 'cmake_clean_first' from command line to 'False'
[0.352s] Level 5:colcon.colcon_core.verb:set package 'rplidar_ros' build argument 'cmake_force_configure' from command line to 'False'
[0.352s] Level 5:colcon.colcon_core.verb:set package 'rplidar_ros' build argument 'ament_cmake_args' from command line to 'None'
[0.352s] Level 5:colcon.colcon_core.verb:set package 'rplidar_ros' build argument 'catkin_cmake_args' from command line to 'None'
[0.352s] Level 5:colcon.colcon_core.verb:set package 'rplidar_ros' build argument 'catkin_skip_building_tests' from command line to 'False'
[0.352s] DEBUG:colcon.colcon_core.verb:Building package 'rplidar_ros' with the following arguments: {'ament_cmake_args': None, 'build_base': '/home/victor/caramelo_goiania/build/rplidar_ros', 'catkin_cmake_args': None, 'catkin_skip_building_tests': False, 'cmake_args': None, 'cmake_clean_cache': False, 'cmake_clean_first': False, 'cmake_force_configure': False, 'cmake_target': None, 'cmake_target_skip_unavailable': False, 'install_base': '/home/victor/caramelo_goiania/install/rplidar_ros', 'merge_install': False, 'path': '/home/victor/caramelo_goiania/src/rplidar_ros', 'symlink_install': False, 'test_result_base': None}
[0.352s] Level 5:colcon.colcon_core.verb:set package 'sllidar_ros2' build argument 'cmake_args' from command line to 'None'
[0.352s] Level 5:colcon.colcon_core.verb:set package 'sllidar_ros2' build argument 'cmake_target' from command line to 'None'
[0.352s] Level 5:colcon.colcon_core.verb:set package 'sllidar_ros2' build argument 'cmake_target_skip_unavailable' from command line to 'False'
[0.352s] Level 5:colcon.colcon_core.verb:set package 'sllidar_ros2' build argument 'cmake_clean_cache' from command line to 'False'
[0.352s] Level 5:colcon.colcon_core.verb:set package 'sllidar_ros2' build argument 'cmake_clean_first' from command line to 'False'
[0.352s] Level 5:colcon.colcon_core.verb:set package 'sllidar_ros2' build argument 'cmake_force_configure' from command line to 'False'
[0.352s] Level 5:colcon.colcon_core.verb:set package 'sllidar_ros2' build argument 'ament_cmake_args' from command line to 'None'
[0.352s] Level 5:colcon.colcon_core.verb:set package 'sllidar_ros2' build argument 'catkin_cmake_args' from command line to 'None'
[0.352s] Level 5:colcon.colcon_core.verb:set package 'sllidar_ros2' build argument 'catkin_skip_building_tests' from command line to 'False'
[0.353s] DEBUG:colcon.colcon_core.verb:Building package 'sllidar_ros2' with the following arguments: {'ament_cmake_args': None, 'build_base': '/home/victor/caramelo_goiania/build/sllidar_ros2', 'catkin_cmake_args': None, 'catkin_skip_building_tests': False, 'cmake_args': None, 'cmake_clean_cache': False, 'cmake_clean_first': False, 'cmake_force_configure': False, 'cmake_target': None, 'cmake_target_skip_unavailable': False, 'install_base': '/home/victor/caramelo_goiania/install/sllidar_ros2', 'merge_install': False, 'path': '/home/victor/caramelo_goiania/src/sllidar_ros2', 'symlink_install': False, 'test_result_base': None}
[0.353s] INFO:colcon.colcon_core.executor:Executing jobs using 'parallel' executor
[0.353s] DEBUG:colcon.colcon_parallel_executor.executor.parallel:run_until_complete
[0.354s] INFO:colcon.colcon_ros.task.ament_python.build:Building ROS package in '/home/victor/caramelo_goiania/src/navegacao_pkg' with build type 'ament_python'
[0.354s] Level 1:colcon.colcon_core.shell:create_environment_hook('navegacao_pkg', 'ament_prefix_path')
[0.355s] INFO:colcon.colcon_core.plugin_system:Skipping extension 'colcon_core.shell.bat': Not used on non-Windows systems
[0.356s] INFO:colcon.colcon_core.shell:Creating environment hook '/home/victor/caramelo_goiania/install/navegacao_pkg/share/navegacao_pkg/hook/ament_prefix_path.ps1'
[0.356s] INFO:colcon.colcon_core.shell:Creating environment descriptor '/home/victor/caramelo_goiania/install/navegacao_pkg/share/navegacao_pkg/hook/ament_prefix_path.dsv'
[0.357s] INFO:colcon.colcon_core.shell:Creating environment hook '/home/victor/caramelo_goiania/install/navegacao_pkg/share/navegacao_pkg/hook/ament_prefix_path.sh'
[0.357s] INFO:colcon.colcon_core.shell:Skip shell extension 'powershell' for command environment: Not usable outside of PowerShell
[0.357s] DEBUG:colcon.colcon_core.shell:Skip shell extension 'dsv' for command environment
[0.361s] INFO:colcon.colcon_ros.task.ament_cmake.build:Building ROS package in '/home/victor/caramelo_goiania/src/rf2o_laser_odometry' with build type 'ament_cmake'
[0.361s] INFO:colcon.colcon_cmake.task.cmake.build:Building CMake package in '/home/victor/caramelo_goiania/src/rf2o_laser_odometry'
[0.361s] INFO:colcon.colcon_core.shell:Skip shell extension 'powershell' for command environment: Not usable outside of PowerShell
[0.361s] DEBUG:colcon.colcon_core.shell:Skip shell extension 'dsv' for command environment
[0.365s] INFO:colcon.colcon_ros.task.ament_cmake.build:Building ROS package in '/home/victor/caramelo_goiania/src/rplidar_ros' with build type 'ament_cmake'
[0.365s] INFO:colcon.colcon_cmake.task.cmake.build:Building CMake package in '/home/victor/caramelo_goiania/src/rplidar_ros'
[0.365s] INFO:colcon.colcon_core.shell:Skip shell extension 'powershell' for command environment: Not usable outside of PowerShell
[0.366s] DEBUG:colcon.colcon_core.shell:Skip shell extension 'dsv' for command environment
[0.370s] INFO:colcon.colcon_ros.task.ament_cmake.build:Building ROS package in '/home/victor/caramelo_goiania/src/sllidar_ros2' with build type 'ament_cmake'
[0.370s] INFO:colcon.colcon_cmake.task.cmake.build:Building CMake package in '/home/victor/caramelo_goiania/src/sllidar_ros2'
[0.370s] INFO:colcon.colcon_core.shell:Skip shell extension 'powershell' for command environment: Not usable outside of PowerShell
[0.370s] DEBUG:colcon.colcon_core.shell:Skip shell extension 'dsv' for command environment
[0.618s] INFO:colcon.colcon_core.task.python.build:Building Python package in '/home/victor/caramelo_goiania/src/navegacao_pkg'
[0.618s] INFO:colcon.colcon_core.shell:Skip shell extension 'powershell' for command environment: Not usable outside of PowerShell
[0.618s] DEBUG:colcon.colcon_core.shell:Skip shell extension 'dsv' for command environment
[0.624s] DEBUG:colcon.colcon_core.event_handler.log_command:Invoking command in '/home/victor/caramelo_goiania/build/rf2o_laser_odometry': CMAKE_PREFIX_PATH=${CMAKE_PREFIX_PATH}:/home/victor/caramelo_goiania/src/install/navegacao_pkg:/home/victor/caramelo_goiania/install/navegacao_pkg:/opt/ros/humble /usr/bin/cmake /home/victor/caramelo_goiania/src/rf2o_laser_odometry -DCMAKE_INSTALL_PREFIX=/home/victor/caramelo_goiania/install/rf2o_laser_odometry
[0.630s] DEBUG:colcon.colcon_core.event_handler.log_command:Invoking command in '/home/victor/caramelo_goiania/build/rplidar_ros': CMAKE_PREFIX_PATH=${CMAKE_PREFIX_PATH}:/home/victor/caramelo_goiania/src/install/navegacao_pkg:/home/victor/caramelo_goiania/install/navegacao_pkg:/opt/ros/humble /usr/bin/cmake /home/victor/caramelo_goiania/src/rplidar_ros -DCMAKE_INSTALL_PREFIX=/home/victor/caramelo_goiania/install/rplidar_ros
[0.634s] DEBUG:colcon.colcon_core.event_handler.log_command:Invoking command in '/home/victor/caramelo_goiania/build/sllidar_ros2': CMAKE_PREFIX_PATH=${CMAKE_PREFIX_PATH}:/home/victor/caramelo_goiania/src/install/navegacao_pkg:/home/victor/caramelo_goiania/install/navegacao_pkg:/opt/ros/humble /usr/bin/cmake /home/victor/caramelo_goiania/src/sllidar_ros2 -DCMAKE_INSTALL_PREFIX=/home/victor/caramelo_goiania/install/sllidar_ros2
[1.199s] DEBUG:colcon.colcon_core.event_handler.log_command:Invoking command in '/home/victor/caramelo_goiania/build/navegacao_pkg': PYTHONPATH=/home/victor/caramelo_goiania/build/navegacao_pkg/prefix_override:/usr/lib/python3/dist-packages/colcon_core/task/python/colcon_distutils_commands:/home/victor/caramelo_goiania/install/navegacao_pkg/lib/python3.10/site-packages:${PYTHONPATH} /usr/bin/python3 -W ignore:setup.py install is deprecated setup.py develop --uninstall --editable --build-directory /home/victor/caramelo_goiania/build/navegacao_pkg/build
[1.321s] DEBUG:colcon.colcon_core.event_handler.log_command:Invoked command in '/home/victor/caramelo_goiania/build/rplidar_ros' returned '0': CMAKE_PREFIX_PATH=${CMAKE_PREFIX_PATH}:/home/victor/caramelo_goiania/src/install/navegacao_pkg:/home/victor/caramelo_goiania/install/navegacao_pkg:/opt/ros/humble /usr/bin/cmake /home/victor/caramelo_goiania/src/rplidar_ros -DCMAKE_INSTALL_PREFIX=/home/victor/caramelo_goiania/install/rplidar_ros
[1.323s] DEBUG:colcon.colcon_core.event_handler.log_command:Invoking command in '/home/victor/caramelo_goiania/build/rplidar_ros': CMAKE_PREFIX_PATH=${CMAKE_PREFIX_PATH}:/home/victor/caramelo_goiania/src/install/navegacao_pkg:/home/victor/caramelo_goiania/install/navegacao_pkg:/opt/ros/humble /usr/bin/cmake --build /home/victor/caramelo_goiania/build/rplidar_ros -- -j8 -l8
[1.433s] DEBUG:colcon.colcon_core.event_handler.log_command:Invoked command in '/home/victor/caramelo_goiania/build/rplidar_ros' returned '0': CMAKE_PREFIX_PATH=${CMAKE_PREFIX_PATH}:/home/victor/caramelo_goiania/src/install/navegacao_pkg:/home/victor/caramelo_goiania/install/navegacao_pkg:/opt/ros/humble /usr/bin/cmake --build /home/victor/caramelo_goiania/build/rplidar_ros -- -j8 -l8
[1.526s] DEBUG:colcon.colcon_core.event_handler.log_command:Invoking command in '/home/victor/caramelo_goiania/build/rplidar_ros': CMAKE_PREFIX_PATH=${CMAKE_PREFIX_PATH}:/home/victor/caramelo_goiania/src/install/navegacao_pkg:/home/victor/caramelo_goiania/install/navegacao_pkg:/opt/ros/humble /usr/bin/cmake --install /home/victor/caramelo_goiania/build/rplidar_ros
[1.866s] DEBUG:colcon.colcon_core.event_handler.log_command:Invoked command in '/home/victor/caramelo_goiania/build/navegacao_pkg' returned '0': PYTHONPATH=/home/victor/caramelo_goiania/build/navegacao_pkg/prefix_override:/usr/lib/python3/dist-packages/colcon_core/task/python/colcon_distutils_commands:/home/victor/caramelo_goiania/install/navegacao_pkg/lib/python3.10/site-packages:${PYTHONPATH} /usr/bin/python3 -W ignore:setup.py install is deprecated setup.py develop --uninstall --editable --build-directory /home/victor/caramelo_goiania/build/navegacao_pkg/build
[1.868s] DEBUG:colcon.colcon_core.event_handler.log_command:Invoking command in '/home/victor/caramelo_goiania/src/navegacao_pkg': PYTHONPATH=/home/victor/caramelo_goiania/build/navegacao_pkg/prefix_override:/usr/lib/python3/dist-packages/colcon_core/task/python/colcon_distutils_commands:/home/victor/caramelo_goiania/install/navegacao_pkg/lib/python3.10/site-packages:${PYTHONPATH} /usr/bin/python3 -W ignore:setup.py install is deprecated setup.py egg_info --egg-base ../../build/navegacao_pkg build --build-base /home/victor/caramelo_goiania/build/navegacao_pkg/build install --record /home/victor/caramelo_goiania/build/navegacao_pkg/install.log --single-version-externally-managed install_data --force
[2.017s] Level 1:colcon.colcon_core.environment:create_environment_scripts_only(rplidar_ros)
[2.018s] DEBUG:colcon.colcon_core.event_handler.log_command:Invoked command in '/home/victor/caramelo_goiania/build/rplidar_ros' returned '0': CMAKE_PREFIX_PATH=${CMAKE_PREFIX_PATH}:/home/victor/caramelo_goiania/src/install/navegacao_pkg:/home/victor/caramelo_goiania/install/navegacao_pkg:/opt/ros/humble /usr/bin/cmake --install /home/victor/caramelo_goiania/build/rplidar_ros
[2.021s] Level 1:colcon.colcon_core.environment:checking '/home/victor/caramelo_goiania/install/rplidar_ros' for CMake module files
[2.021s] Level 1:colcon.colcon_core.environment:checking '/home/victor/caramelo_goiania/install/rplidar_ros' for CMake config files
[2.021s] Level 1:colcon.colcon_core.shell:create_environment_hook('rplidar_ros', 'cmake_prefix_path')
[2.022s] INFO:colcon.colcon_core.shell:Creating environment hook '/home/victor/caramelo_goiania/install/rplidar_ros/share/rplidar_ros/hook/cmake_prefix_path.ps1'
[2.022s] INFO:colcon.colcon_core.shell:Creating environment descriptor '/home/victor/caramelo_goiania/install/rplidar_ros/share/rplidar_ros/hook/cmake_prefix_path.dsv'
[2.023s] INFO:colcon.colcon_core.shell:Creating environment hook '/home/victor/caramelo_goiania/install/rplidar_ros/share/rplidar_ros/hook/cmake_prefix_path.sh'
[2.023s] Level 1:colcon.colcon_core.environment:checking '/home/victor/caramelo_goiania/install/rplidar_ros/lib'
[2.023s] Level 1:colcon.colcon_core.environment:checking '/home/victor/caramelo_goiania/install/rplidar_ros/bin'
[2.024s] Level 1:colcon.colcon_core.environment:checking '/home/victor/caramelo_goiania/install/rplidar_ros/lib/pkgconfig/rplidar_ros.pc'
[2.024s] Level 1:colcon.colcon_core.environment:checking '/home/victor/caramelo_goiania/install/rplidar_ros/lib/python3.10/site-packages'
[2.024s] Level 1:colcon.colcon_core.environment:checking '/home/victor/caramelo_goiania/install/rplidar_ros/bin'
[2.024s] INFO:colcon.colcon_core.shell:Creating package script '/home/victor/caramelo_goiania/install/rplidar_ros/share/rplidar_ros/package.ps1'
[2.025s] INFO:colcon.colcon_core.shell:Creating package descriptor '/home/victor/caramelo_goiania/install/rplidar_ros/share/rplidar_ros/package.dsv'
[2.026s] INFO:colcon.colcon_core.shell:Creating package script '/home/victor/caramelo_goiania/install/rplidar_ros/share/rplidar_ros/package.sh'
[2.027s] INFO:colcon.colcon_core.shell:Creating package script '/home/victor/caramelo_goiania/install/rplidar_ros/share/rplidar_ros/package.bash'
[2.028s] INFO:colcon.colcon_core.shell:Creating package script '/home/victor/caramelo_goiania/install/rplidar_ros/share/rplidar_ros/package.zsh'
[2.029s] Level 1:colcon.colcon_core.environment:create_file_with_runtime_dependencies(/home/victor/caramelo_goiania/install/rplidar_ros/share/colcon-core/packages/rplidar_ros)
[2.097s] Level 1:colcon.colcon_core.environment:create_environment_scripts_only(rplidar_ros)
[2.098s] Level 1:colcon.colcon_core.environment:checking '/home/victor/caramelo_goiania/install/rplidar_ros' for CMake module files
[2.098s] Level 1:colcon.colcon_core.environment:checking '/home/victor/caramelo_goiania/install/rplidar_ros' for CMake config files
[2.098s] Level 1:colcon.colcon_core.shell:create_environment_hook('rplidar_ros', 'cmake_prefix_path')
[2.099s] INFO:colcon.colcon_core.shell:Creating environment hook '/home/victor/caramelo_goiania/install/rplidar_ros/share/rplidar_ros/hook/cmake_prefix_path.ps1'
[2.099s] INFO:colcon.colcon_core.shell:Creating environment descriptor '/home/victor/caramelo_goiania/install/rplidar_ros/share/rplidar_ros/hook/cmake_prefix_path.dsv'
[2.100s] INFO:colcon.colcon_core.shell:Creating environment hook '/home/victor/caramelo_goiania/install/rplidar_ros/share/rplidar_ros/hook/cmake_prefix_path.sh'
[2.100s] Level 1:colcon.colcon_core.environment:checking '/home/victor/caramelo_goiania/install/rplidar_ros/lib'
[2.100s] Level 1:colcon.colcon_core.environment:checking '/home/victor/caramelo_goiania/install/rplidar_ros/bin'
[2.100s] Level 1:colcon.colcon_core.environment:checking '/home/victor/caramelo_goiania/install/rplidar_ros/lib/pkgconfig/rplidar_ros.pc'
[2.101s] Level 1:colcon.colcon_core.environment:checking '/home/victor/caramelo_goiania/install/rplidar_ros/lib/python3.10/site-packages'
[2.101s] Level 1:colcon.colcon_core.environment:checking '/home/victor/caramelo_goiania/install/rplidar_ros/bin'
[2.101s] INFO:colcon.colcon_core.shell:Creating package script '/home/victor/caramelo_goiania/install/rplidar_ros/share/rplidar_ros/package.ps1'
[2.101s] INFO:colcon.colcon_core.shell:Creating package descriptor '/home/victor/caramelo_goiania/install/rplidar_ros/share/rplidar_ros/package.dsv'
[2.102s] INFO:colcon.colcon_core.shell:Creating package script '/home/victor/caramelo_goiania/install/rplidar_ros/share/rplidar_ros/package.sh'
[2.102s] INFO:colcon.colcon_core.shell:Creating package script '/home/victor/caramelo_goiania/install/rplidar_ros/share/rplidar_ros/package.bash'
[2.103s] INFO:colcon.colcon_core.shell:Creating package script '/home/victor/caramelo_goiania/install/rplidar_ros/share/rplidar_ros/package.zsh'
[2.103s] Level 1:colcon.colcon_core.environment:create_file_with_runtime_dependencies(/home/victor/caramelo_goiania/install/rplidar_ros/share/colcon-core/packages/rplidar_ros)
[2.231s] DEBUG:colcon.colcon_core.event_handler.log_command:Invoked command in '/home/victor/caramelo_goiania/build/sllidar_ros2' returned '0': CMAKE_PREFIX_PATH=${CMAKE_PREFIX_PATH}:/home/victor/caramelo_goiania/src/install/navegacao_pkg:/home/victor/caramelo_goiania/install/navegacao_pkg:/opt/ros/humble /usr/bin/cmake /home/victor/caramelo_goiania/src/sllidar_ros2 -DCMAKE_INSTALL_PREFIX=/home/victor/caramelo_goiania/install/sllidar_ros2
[2.233s] DEBUG:colcon.colcon_core.event_handler.log_command:Invoking command in '/home/victor/caramelo_goiania/build/sllidar_ros2': CMAKE_PREFIX_PATH=${CMAKE_PREFIX_PATH}:/home/victor/caramelo_goiania/src/install/navegacao_pkg:/home/victor/caramelo_goiania/install/navegacao_pkg:/opt/ros/humble /usr/bin/cmake --build /home/victor/caramelo_goiania/build/sllidar_ros2 -- -j8 -l8
[2.332s] Level 1:colcon.colcon_core.environment:checking '/home/victor/caramelo_goiania/install/navegacao_pkg' for CMake module files
[2.333s] Level 1:colcon.colcon_core.environment:checking '/home/victor/caramelo_goiania/install/navegacao_pkg' for CMake config files
[2.334s] Level 1:colcon.colcon_core.environment:checking '/home/victor/caramelo_goiania/install/navegacao_pkg/lib'
[2.334s] Level 1:colcon.colcon_core.environment:checking '/home/victor/caramelo_goiania/install/navegacao_pkg/bin'
[2.334s] Level 1:colcon.colcon_core.environment:checking '/home/victor/caramelo_goiania/install/navegacao_pkg/lib/pkgconfig/navegacao_pkg.pc'
[2.335s] Level 1:colcon.colcon_core.environment:checking '/home/victor/caramelo_goiania/install/navegacao_pkg/lib/python3.10/site-packages'
[2.335s] Level 1:colcon.colcon_core.shell:create_environment_hook('navegacao_pkg', 'pythonpath')
[2.335s] INFO:colcon.colcon_core.shell:Creating environment hook '/home/victor/caramelo_goiania/install/navegacao_pkg/share/navegacao_pkg/hook/pythonpath.ps1'
[2.337s] DEBUG:colcon.colcon_core.event_handler.log_command:Invoked command in '/home/victor/caramelo_goiania/src/navegacao_pkg' returned '0': PYTHONPATH=/home/victor/caramelo_goiania/build/navegacao_pkg/prefix_override:/usr/lib/python3/dist-packages/colcon_core/task/python/colcon_distutils_commands:/home/victor/caramelo_goiania/install/navegacao_pkg/lib/python3.10/site-packages:${PYTHONPATH} /usr/bin/python3 -W ignore:setup.py install is deprecated setup.py egg_info --egg-base ../../build/navegacao_pkg build --build-base /home/victor/caramelo_goiania/build/navegacao_pkg/build install --record /home/victor/caramelo_goiania/build/navegacao_pkg/install.log --single-version-externally-managed install_data --force
[2.341s] INFO:colcon.colcon_core.shell:Creating environment descriptor '/home/victor/caramelo_goiania/install/navegacao_pkg/share/navegacao_pkg/hook/pythonpath.dsv'
[2.342s] INFO:colcon.colcon_core.shell:Creating environment hook '/home/victor/caramelo_goiania/install/navegacao_pkg/share/navegacao_pkg/hook/pythonpath.sh'
[2.343s] Level 1:colcon.colcon_core.environment:checking '/home/victor/caramelo_goiania/install/navegacao_pkg/bin'
[2.343s] Level 1:colcon.colcon_core.environment:create_environment_scripts_only(navegacao_pkg)
[2.347s] INFO:colcon.colcon_core.shell:Creating package script '/home/victor/caramelo_goiania/install/navegacao_pkg/share/navegacao_pkg/package.ps1'
[2.348s] INFO:colcon.colcon_core.shell:Creating package descriptor '/home/victor/caramelo_goiania/install/navegacao_pkg/share/navegacao_pkg/package.dsv'
[2.349s] INFO:colcon.colcon_core.shell:Creating package script '/home/victor/caramelo_goiania/install/navegacao_pkg/share/navegacao_pkg/package.sh'
[2.349s] INFO:colcon.colcon_core.shell:Creating package script '/home/victor/caramelo_goiania/install/navegacao_pkg/share/navegacao_pkg/package.bash'
[2.350s] INFO:colcon.colcon_core.shell:Creating package script '/home/victor/caramelo_goiania/install/navegacao_pkg/share/navegacao_pkg/package.zsh'
[2.351s] Level 1:colcon.colcon_core.environment:create_file_with_runtime_dependencies(/home/victor/caramelo_goiania/install/navegacao_pkg/share/colcon-core/packages/navegacao_pkg)
[2.688s] DEBUG:colcon.colcon_core.event_handler.log_command:Invoked command in '/home/victor/caramelo_goiania/build/rf2o_laser_odometry' returned '0': CMAKE_PREFIX_PATH=${CMAKE_PREFIX_PATH}:/home/victor/caramelo_goiania/src/install/navegacao_pkg:/home/victor/caramelo_goiania/install/navegacao_pkg:/opt/ros/humble /usr/bin/cmake /home/victor/caramelo_goiania/src/rf2o_laser_odometry -DCMAKE_INSTALL_PREFIX=/home/victor/caramelo_goiania/install/rf2o_laser_odometry
[2.689s] DEBUG:colcon.colcon_core.event_handler.log_command:Invoking command in '/home/victor/caramelo_goiania/build/rf2o_laser_odometry': CMAKE_PREFIX_PATH=${CMAKE_PREFIX_PATH}:/home/victor/caramelo_goiania/src/install/navegacao_pkg:/home/victor/caramelo_goiania/install/navegacao_pkg:/opt/ros/humble /usr/bin/cmake --build /home/victor/caramelo_goiania/build/rf2o_laser_odometry -- -j8 -l8
[15.007s] DEBUG:colcon.colcon_core.event_handler.log_command:Invoked command in '/home/victor/caramelo_goiania/build/sllidar_ros2' returned '0': CMAKE_PREFIX_PATH=${CMAKE_PREFIX_PATH}:/home/victor/caramelo_goiania/src/install/navegacao_pkg:/home/victor/caramelo_goiania/install/navegacao_pkg:/opt/ros/humble /usr/bin/cmake --build /home/victor/caramelo_goiania/build/sllidar_ros2 -- -j8 -l8
[15.075s] DEBUG:colcon.colcon_core.event_handler.log_command:Invoking command in '/home/victor/caramelo_goiania/build/sllidar_ros2': CMAKE_PREFIX_PATH=${CMAKE_PREFIX_PATH}:/home/victor/caramelo_goiania/src/install/navegacao_pkg:/home/victor/caramelo_goiania/install/navegacao_pkg:/opt/ros/humble /usr/bin/cmake --install /home/victor/caramelo_goiania/build/sllidar_ros2
[15.095s] Level 1:colcon.colcon_core.environment:create_environment_scripts_only(sllidar_ros2)
[15.096s] Level 1:colcon.colcon_core.environment:checking '/home/victor/caramelo_goiania/install/sllidar_ros2' for CMake module files
[15.096s] DEBUG:colcon.colcon_core.event_handler.log_command:Invoked command in '/home/victor/caramelo_goiania/build/sllidar_ros2' returned '0': CMAKE_PREFIX_PATH=${CMAKE_PREFIX_PATH}:/home/victor/caramelo_goiania/src/install/navegacao_pkg:/home/victor/caramelo_goiania/install/navegacao_pkg:/opt/ros/humble /usr/bin/cmake --install /home/victor/caramelo_goiania/build/sllidar_ros2
[15.097s] Level 1:colcon.colcon_core.environment:checking '/home/victor/caramelo_goiania/install/sllidar_ros2' for CMake config files
[15.097s] Level 1:colcon.colcon_core.shell:create_environment_hook('sllidar_ros2', 'cmake_prefix_path')
[15.097s] INFO:colcon.colcon_core.shell:Creating environment hook '/home/victor/caramelo_goiania/install/sllidar_ros2/share/sllidar_ros2/hook/cmake_prefix_path.ps1'
[15.098s] INFO:colcon.colcon_core.shell:Creating environment descriptor '/home/victor/caramelo_goiania/install/sllidar_ros2/share/sllidar_ros2/hook/cmake_prefix_path.dsv'
[15.098s] INFO:colcon.colcon_core.shell:Creating environment hook '/home/victor/caramelo_goiania/install/sllidar_ros2/share/sllidar_ros2/hook/cmake_prefix_path.sh'
[15.099s] Level 1:colcon.colcon_core.environment:checking '/home/victor/caramelo_goiania/install/sllidar_ros2/lib'
[15.099s] Level 1:colcon.colcon_core.environment:checking '/home/victor/caramelo_goiania/install/sllidar_ros2/bin'
[15.099s] Level 1:colcon.colcon_core.environment:checking '/home/victor/caramelo_goiania/install/sllidar_ros2/lib/pkgconfig/sllidar_ros2.pc'
[15.099s] Level 1:colcon.colcon_core.environment:checking '/home/victor/caramelo_goiania/install/sllidar_ros2/lib/python3.10/site-packages'
[15.099s] Level 1:colcon.colcon_core.environment:checking '/home/victor/caramelo_goiania/install/sllidar_ros2/bin'
[15.100s] INFO:colcon.colcon_core.shell:Creating package script '/home/victor/caramelo_goiania/install/sllidar_ros2/share/sllidar_ros2/package.ps1'
[15.100s] INFO:colcon.colcon_core.shell:Creating package descriptor '/home/victor/caramelo_goiania/install/sllidar_ros2/share/sllidar_ros2/package.dsv'
[15.101s] INFO:colcon.colcon_core.shell:Creating package script '/home/victor/caramelo_goiania/install/sllidar_ros2/share/sllidar_ros2/package.sh'
[15.101s] INFO:colcon.colcon_core.shell:Creating package script '/home/victor/caramelo_goiania/install/sllidar_ros2/share/sllidar_ros2/package.bash'
[15.101s] INFO:colcon.colcon_core.shell:Creating package script '/home/victor/caramelo_goiania/install/sllidar_ros2/share/sllidar_ros2/package.zsh'
[15.102s] Level 1:colcon.colcon_core.environment:create_file_with_runtime_dependencies(/home/victor/caramelo_goiania/install/sllidar_ros2/share/colcon-core/packages/sllidar_ros2)
[15.171s] Level 1:colcon.colcon_core.environment:create_environment_scripts_only(sllidar_ros2)
[15.172s] Level 1:colcon.colcon_core.environment:checking '/home/victor/caramelo_goiania/install/sllidar_ros2' for CMake module files
[15.172s] Level 1:colcon.colcon_core.environment:checking '/home/victor/caramelo_goiania/install/sllidar_ros2' for CMake config files
[15.173s] Level 1:colcon.colcon_core.shell:create_environment_hook('sllidar_ros2', 'cmake_prefix_path')
[15.173s] INFO:colcon.colcon_core.shell:Creating environment hook '/home/victor/caramelo_goiania/install/sllidar_ros2/share/sllidar_ros2/hook/cmake_prefix_path.ps1'
[15.174s] INFO:colcon.colcon_core.shell:Creating environment descriptor '/home/victor/caramelo_goiania/install/sllidar_ros2/share/sllidar_ros2/hook/cmake_prefix_path.dsv'
[15.174s] INFO:colcon.colcon_core.shell:Creating environment hook '/home/victor/caramelo_goiania/install/sllidar_ros2/share/sllidar_ros2/hook/cmake_prefix_path.sh'
[15.175s] Level 1:colcon.colcon_core.environment:checking '/home/victor/caramelo_goiania/install/sllidar_ros2/lib'
[15.175s] Level 1:colcon.colcon_core.environment:checking '/home/victor/caramelo_goiania/install/sllidar_ros2/bin'
[15.175s] Level 1:colcon.colcon_core.environment:checking '/home/victor/caramelo_goiania/install/sllidar_ros2/lib/pkgconfig/sllidar_ros2.pc'
[15.176s] Level 1:colcon.colcon_core.environment:checking '/home/victor/caramelo_goiania/install/sllidar_ros2/lib/python3.10/site-packages'
[15.176s] Level 1:colcon.colcon_core.environment:checking '/home/victor/caramelo_goiania/install/sllidar_ros2/bin'
[15.176s] INFO:colcon.colcon_core.shell:Creating package script '/home/victor/caramelo_goiania/install/sllidar_ros2/share/sllidar_ros2/package.ps1'
[15.177s] INFO:colcon.colcon_core.shell:Creating package descriptor '/home/victor/caramelo_goiania/install/sllidar_ros2/share/sllidar_ros2/package.dsv'
[15.178s] INFO:colcon.colcon_core.shell:Creating package script '/home/victor/caramelo_goiania/install/sllidar_ros2/share/sllidar_ros2/package.sh'
[15.178s] INFO:colcon.colcon_core.shell:Creating package script '/home/victor/caramelo_goiania/install/sllidar_ros2/share/sllidar_ros2/package.bash'
[15.179s] INFO:colcon.colcon_core.shell:Creating package script '/home/victor/caramelo_goiania/install/sllidar_ros2/share/sllidar_ros2/package.zsh'
[15.180s] Level 1:colcon.colcon_core.environment:create_file_with_runtime_dependencies(/home/victor/caramelo_goiania/install/sllidar_ros2/share/colcon-core/packages/sllidar_ros2)
[28.304s] DEBUG:colcon.colcon_core.event_handler.log_command:Invoked command in '/home/victor/caramelo_goiania/build/rf2o_laser_odometry' returned '0': CMAKE_PREFIX_PATH=${CMAKE_PREFIX_PATH}:/home/victor/caramelo_goiania/src/install/navegacao_pkg:/home/victor/caramelo_goiania/install/navegacao_pkg:/opt/ros/humble /usr/bin/cmake --build /home/victor/caramelo_goiania/build/rf2o_laser_odometry -- -j8 -l8
[28.333s] DEBUG:colcon.colcon_core.event_handler.log_command:Invoking command in '/home/victor/caramelo_goiania/build/rf2o_laser_odometry': CMAKE_PREFIX_PATH=${CMAKE_PREFIX_PATH}:/home/victor/caramelo_goiania/src/install/navegacao_pkg:/home/victor/caramelo_goiania/install/navegacao_pkg:/opt/ros/humble /usr/bin/cmake --install /home/victor/caramelo_goiania/build/rf2o_laser_odometry
[28.351s] Level 1:colcon.colcon_core.environment:create_environment_scripts_only(rf2o_laser_odometry)
[28.352s] Level 1:colcon.colcon_core.environment:checking '/home/victor/caramelo_goiania/install/rf2o_laser_odometry' for CMake module files
[28.352s] DEBUG:colcon.colcon_core.event_handler.log_command:Invoked command in '/home/victor/caramelo_goiania/build/rf2o_laser_odometry' returned '0': CMAKE_PREFIX_PATH=${CMAKE_PREFIX_PATH}:/home/victor/caramelo_goiania/src/install/navegacao_pkg:/home/victor/caramelo_goiania/install/navegacao_pkg:/opt/ros/humble /usr/bin/cmake --install /home/victor/caramelo_goiania/build/rf2o_laser_odometry
[28.353s] Level 1:colcon.colcon_core.environment:checking '/home/victor/caramelo_goiania/install/rf2o_laser_odometry' for CMake config files
[28.353s] Level 1:colcon.colcon_core.shell:create_environment_hook('rf2o_laser_odometry', 'cmake_prefix_path')
[28.353s] INFO:colcon.colcon_core.shell:Creating environment hook '/home/victor/caramelo_goiania/install/rf2o_laser_odometry/share/rf2o_laser_odometry/hook/cmake_prefix_path.ps1'
[28.354s] INFO:colcon.colcon_core.shell:Creating environment descriptor '/home/victor/caramelo_goiania/install/rf2o_laser_odometry/share/rf2o_laser_odometry/hook/cmake_prefix_path.dsv'
[28.354s] INFO:colcon.colcon_core.shell:Creating environment hook '/home/victor/caramelo_goiania/install/rf2o_laser_odometry/share/rf2o_laser_odometry/hook/cmake_prefix_path.sh'
[28.355s] Level 1:colcon.colcon_core.environment:checking '/home/victor/caramelo_goiania/install/rf2o_laser_odometry/lib'
[28.355s] Level 1:colcon.colcon_core.environment:checking '/home/victor/caramelo_goiania/install/rf2o_laser_odometry/bin'
[28.355s] Level 1:colcon.colcon_core.environment:checking '/home/victor/caramelo_goiania/install/rf2o_laser_odometry/lib/pkgconfig/rf2o_laser_odometry.pc'
[28.355s] Level 1:colcon.colcon_core.environment:checking '/home/victor/caramelo_goiania/install/rf2o_laser_odometry/lib/python3.10/site-packages'
[28.355s] Level 1:colcon.colcon_core.environment:checking '/home/victor/caramelo_goiania/install/rf2o_laser_odometry/bin'
[28.356s] INFO:colcon.colcon_core.shell:Creating package script '/home/victor/caramelo_goiania/install/rf2o_laser_odometry/share/rf2o_laser_odometry/package.ps1'
[28.356s] INFO:colcon.colcon_core.shell:Creating package descriptor '/home/victor/caramelo_goiania/install/rf2o_laser_odometry/share/rf2o_laser_odometry/package.dsv'
[28.356s] INFO:colcon.colcon_core.shell:Creating package script '/home/victor/caramelo_goiania/install/rf2o_laser_odometry/share/rf2o_laser_odometry/package.sh'
[28.357s] INFO:colcon.colcon_core.shell:Creating package script '/home/victor/caramelo_goiania/install/rf2o_laser_odometry/share/rf2o_laser_odometry/package.bash'
[28.357s] INFO:colcon.colcon_core.shell:Creating package script '/home/victor/caramelo_goiania/install/rf2o_laser_odometry/share/rf2o_laser_odometry/package.zsh'
[28.357s] Level 1:colcon.colcon_core.environment:create_file_with_runtime_dependencies(/home/victor/caramelo_goiania/install/rf2o_laser_odometry/share/colcon-core/packages/rf2o_laser_odometry)
[28.385s] Level 1:colcon.colcon_core.environment:create_environment_scripts_only(rf2o_laser_odometry)
[28.385s] Level 1:colcon.colcon_core.environment:checking '/home/victor/caramelo_goiania/install/rf2o_laser_odometry' for CMake module files
[28.385s] Level 1:colcon.colcon_core.environment:checking '/home/victor/caramelo_goiania/install/rf2o_laser_odometry' for CMake config files
[28.386s] Level 1:colcon.colcon_core.shell:create_environment_hook('rf2o_laser_odometry', 'cmake_prefix_path')
[28.386s] INFO:colcon.colcon_core.shell:Creating environment hook '/home/victor/caramelo_goiania/install/rf2o_laser_odometry/share/rf2o_laser_odometry/hook/cmake_prefix_path.ps1'
[28.386s] INFO:colcon.colcon_core.shell:Creating environment descriptor '/home/victor/caramelo_goiania/install/rf2o_laser_odometry/share/rf2o_laser_odometry/hook/cmake_prefix_path.dsv'
[28.386s] INFO:colcon.colcon_core.shell:Creating environment hook '/home/victor/caramelo_goiania/install/rf2o_laser_odometry/share/rf2o_laser_odometry/hook/cmake_prefix_path.sh'
[28.387s] Level 1:colcon.colcon_core.environment:checking '/home/victor/caramelo_goiania/install/rf2o_laser_odometry/lib'
[28.387s] Level 1:colcon.colcon_core.environment:checking '/home/victor/caramelo_goiania/install/rf2o_laser_odometry/bin'
[28.387s] Level 1:colcon.colcon_core.environment:checking '/home/victor/caramelo_goiania/install/rf2o_laser_odometry/lib/pkgconfig/rf2o_laser_odometry.pc'
[28.387s] Level 1:colcon.colcon_core.environment:checking '/home/victor/caramelo_goiania/install/rf2o_laser_odometry/lib/python3.10/site-packages'
[28.387s] Level 1:colcon.colcon_core.environment:checking '/home/victor/caramelo_goiania/install/rf2o_laser_odometry/bin'
[28.388s] INFO:colcon.colcon_core.shell:Creating package script '/home/victor/caramelo_goiania/install/rf2o_laser_odometry/share/rf2o_laser_odometry/package.ps1'
[28.388s] INFO:colcon.colcon_core.shell:Creating package descriptor '/home/victor/caramelo_goiania/install/rf2o_laser_odometry/share/rf2o_laser_odometry/package.dsv'
[28.389s] INFO:colcon.colcon_core.shell:Creating package script '/home/victor/caramelo_goiania/install/rf2o_laser_odometry/share/rf2o_laser_odometry/package.sh'
[28.389s] INFO:colcon.colcon_core.shell:Creating package script '/home/victor/caramelo_goiania/install/rf2o_laser_odometry/share/rf2o_laser_odometry/package.bash'
[28.389s] INFO:colcon.colcon_core.shell:Creating package script '/home/victor/caramelo_goiania/install/rf2o_laser_odometry/share/rf2o_laser_odometry/package.zsh'
[28.390s] Level 1:colcon.colcon_core.environment:create_file_with_runtime_dependencies(/home/victor/caramelo_goiania/install/rf2o_laser_odometry/share/colcon-core/packages/rf2o_laser_odometry)
[28.390s] DEBUG:colcon.colcon_parallel_executor.executor.parallel:closing loop
[28.390s] DEBUG:colcon.colcon_parallel_executor.executor.parallel:loop closed
[28.390s] DEBUG:colcon.colcon_parallel_executor.executor.parallel:run_until_complete finished with '0'
[28.391s] DEBUG:colcon.colcon_core.event_reactor:joining thread
[28.397s] INFO:colcon.colcon_core.plugin_system:Skipping extension 'colcon_notification.desktop_notification.terminal_notifier': Not used on non-Darwin systems
[28.397s] INFO:colcon.colcon_core.plugin_system:Skipping extension 'colcon_notification.desktop_notification.win32': Not used on non-Windows systems
[28.397s] INFO:colcon.colcon_notification.desktop_notification:Sending desktop notification using 'notify2'
[28.410s] DEBUG:colcon.colcon_core.event_reactor:joined thread
[28.410s] INFO:colcon.colcon_core.shell:Creating prefix script '/home/victor/caramelo_goiania/install/local_setup.ps1'
[28.411s] INFO:colcon.colcon_core.shell:Creating prefix util module '/home/victor/caramelo_goiania/install/_local_setup_util_ps1.py'
[28.412s] INFO:colcon.colcon_core.shell:Creating prefix chain script '/home/victor/caramelo_goiania/install/setup.ps1'
[28.414s] INFO:colcon.colcon_core.shell:Creating prefix script '/home/victor/caramelo_goiania/install/local_setup.sh'
[28.415s] INFO:colcon.colcon_core.shell:Creating prefix util module '/home/victor/caramelo_goiania/install/_local_setup_util_sh.py'
[28.416s] INFO:colcon.colcon_core.shell:Creating prefix chain script '/home/victor/caramelo_goiania/install/setup.sh'
[28.418s] INFO:colcon.colcon_core.shell:Creating prefix script '/home/victor/caramelo_goiania/install/local_setup.bash'
[28.420s] INFO:colcon.colcon_core.shell:Creating prefix chain script '/home/victor/caramelo_goiania/install/setup.bash'
[28.422s] INFO:colcon.colcon_core.shell:Creating prefix script '/home/victor/caramelo_goiania/install/local_setup.zsh'
[28.423s] INFO:colcon.colcon_core.shell:Creating prefix chain script '/home/victor/caramelo_goiania/install/setup.zsh'
