[0.267s] Invoking command in '/home/victor/caramelo_goiania/src/build/sllidar_ros2': CMAKE_PREFIX_PATH=${CMAKE_PREFIX_PATH}:/home/victor/caramelo_goiania/src/install/navegacao_pkg:/home/victor/caramelo_goiania/install/navegacao_pkg:/opt/ros/humble /usr/bin/cmake /home/victor/caramelo_goiania/src/sllidar_ros2 -DAMENT_CMAKE_SYMLINK_INSTALL=1 -DCMAKE_INSTALL_PREFIX=/home/victor/caramelo_goiania/src/install/sllidar_ros2
[0.286s] -- Found ament_cmake: 1.3.10 (/opt/ros/humble/share/ament_cmake/cmake)
[0.475s] -- Override CMake install command with custom implementation using symlinks instead of copying resources
[0.487s] -- Found rclcpp: 16.0.10 (/opt/ros/humble/share/rclcpp/cmake)
[0.538s] -- Found rosidl_generator_c: 3.1.5 (/opt/ros/humble/share/rosidl_generator_c/cmake)
[0.543s] -- Found rosidl_adapter: 3.1.5 (/opt/ros/humble/share/rosidl_adapter/cmake)
[0.560s] -- Found rosidl_generator_cpp: 3.1.5 (/opt/ros/humble/share/rosidl_generator_cpp/cmake)
[0.584s] -- Using all available rosidl_typesupport_c: rosidl_typesupport_fastrtps_c;rosidl_typesupport_introspection_c
[0.611s] -- Using all available rosidl_typesupport_cpp: rosidl_typesupport_fastrtps_cpp;rosidl_typesupport_introspection_cpp
[0.657s] -- Found rmw_implementation_cmake: 6.1.2 (/opt/ros/humble/share/rmw_implementation_cmake/cmake)
[0.659s] -- Found rmw_fastrtps_cpp: 6.2.7 (/opt/ros/humble/share/rmw_fastrtps_cpp/cmake)
[0.857s] -- Using RMW implementation 'rmw_fastrtps_cpp' as default
[0.946s] -- Found sensor_msgs: 4.2.4 (/opt/ros/humble/share/sensor_msgs/cmake)
[1.004s] -- Found std_srvs: 4.2.4 (/opt/ros/humble/share/std_srvs/cmake)
[1.138s] -- Configuring done
[1.164s] -- Generating done
[1.168s] -- Build files have been written to: /home/victor/caramelo_goiania/src/build/sllidar_ros2
[1.191s] Invoked command in '/home/victor/caramelo_goiania/src/build/sllidar_ros2' returned '0': CMAKE_PREFIX_PATH=${CMAKE_PREFIX_PATH}:/home/victor/caramelo_goiania/src/install/navegacao_pkg:/home/victor/caramelo_goiania/install/navegacao_pkg:/opt/ros/humble /usr/bin/cmake /home/victor/caramelo_goiania/src/sllidar_ros2 -DAMENT_CMAKE_SYMLINK_INSTALL=1 -DCMAKE_INSTALL_PREFIX=/home/victor/caramelo_goiania/src/install/sllidar_ros2
[1.192s] Invoking command in '/home/victor/caramelo_goiania/src/build/sllidar_ros2': CMAKE_PREFIX_PATH=${CMAKE_PREFIX_PATH}:/home/victor/caramelo_goiania/src/install/navegacao_pkg:/home/victor/caramelo_goiania/install/navegacao_pkg:/opt/ros/humble /usr/bin/cmake --build /home/victor/caramelo_goiania/src/build/sllidar_ros2 -- -j8 -l8
[1.329s] [35m[1mConsolidate compiler generated dependencies of target sllidar_node[0m
[1.330s] [35m[1mConsolidate compiler generated dependencies of target sllidar_client[0m
[1.396s] [  5%] [32m[1mLinking CXX executable sllidar_client[0m
[1.462s] [ 10%] [32m[1mLinking CXX executable sllidar_node[0m
[2.514s] [ 95%] Built target sllidar_node
[2.758s] [100%] Built target sllidar_client
[2.790s] Invoked command in '/home/victor/caramelo_goiania/src/build/sllidar_ros2' returned '0': CMAKE_PREFIX_PATH=${CMAKE_PREFIX_PATH}:/home/victor/caramelo_goiania/src/install/navegacao_pkg:/home/victor/caramelo_goiania/install/navegacao_pkg:/opt/ros/humble /usr/bin/cmake --build /home/victor/caramelo_goiania/src/build/sllidar_ros2 -- -j8 -l8
[2.937s] Invoking command in '/home/victor/caramelo_goiania/src/build/sllidar_ros2': CMAKE_PREFIX_PATH=${CMAKE_PREFIX_PATH}:/home/victor/caramelo_goiania/src/install/navegacao_pkg:/home/victor/caramelo_goiania/install/navegacao_pkg:/opt/ros/humble /usr/bin/cmake --install /home/victor/caramelo_goiania/src/build/sllidar_ros2
[2.973s] -- Install configuration: ""
[2.974s] -- Execute custom install script
[2.979s] -- Symlinking: /home/victor/caramelo_goiania/src/install/sllidar_ros2/share/sllidar_ros2/launch/sllidar_a1_launch.py
[3.026s] -- Symlinking: /home/victor/caramelo_goiania/src/install/sllidar_ros2/share/sllidar_ros2/launch/sllidar_a2m12_launch .py
[3.068s] -- Symlinking: /home/victor/caramelo_goiania/src/install/sllidar_ros2/share/sllidar_ros2/launch/sllidar_a2m7_launch.py
[3.112s] -- Symlinking: /home/victor/caramelo_goiania/src/install/sllidar_ros2/share/sllidar_ros2/launch/sllidar_a2m8_launch.py
[3.154s] -- Symlinking: /home/victor/caramelo_goiania/src/install/sllidar_ros2/share/sllidar_ros2/launch/sllidar_a3_launch.py
[3.184s] -- Symlinking: /home/victor/caramelo_goiania/src/install/sllidar_ros2/share/sllidar_ros2/launch/sllidar_c1_launch.py
[3.217s] -- Symlinking: /home/victor/caramelo_goiania/src/install/sllidar_ros2/share/sllidar_ros2/launch/sllidar_s1_launch.py
[3.263s] -- Symlinking: /home/victor/caramelo_goiania/src/install/sllidar_ros2/share/sllidar_ros2/launch/sllidar_s1_tcp_launch.py
[3.317s] -- Symlinking: /home/victor/caramelo_goiania/src/install/sllidar_ros2/share/sllidar_ros2/launch/sllidar_s2_launch.py
[3.341s] -- Symlinking: /home/victor/caramelo_goiania/src/install/sllidar_ros2/share/sllidar_ros2/launch/sllidar_s2e_launch.py
[3.368s] -- Symlinking: /home/victor/caramelo_goiania/src/install/sllidar_ros2/share/sllidar_ros2/launch/sllidar_s3_launch.py
[3.430s] -- Symlinking: /home/victor/caramelo_goiania/src/install/sllidar_ros2/share/sllidar_ros2/launch/sllidar_t1_launch.py
[3.482s] -- Symlinking: /home/victor/caramelo_goiania/src/install/sllidar_ros2/share/sllidar_ros2/launch/view_sllidar_a1_launch.py
[3.568s] -- Symlinking: /home/victor/caramelo_goiania/src/install/sllidar_ros2/share/sllidar_ros2/launch/view_sllidar_a2m12_launch.py
[3.637s] -- Symlinking: /home/victor/caramelo_goiania/src/install/sllidar_ros2/share/sllidar_ros2/launch/view_sllidar_a2m7_launch.py
[3.679s] -- Symlinking: /home/victor/caramelo_goiania/src/install/sllidar_ros2/share/sllidar_ros2/launch/view_sllidar_a2m8_launch.py
[3.709s] -- Symlinking: /home/victor/caramelo_goiania/src/install/sllidar_ros2/share/sllidar_ros2/launch/view_sllidar_a3_launch.py
[3.745s] -- Symlinking: /home/victor/caramelo_goiania/src/install/sllidar_ros2/share/sllidar_ros2/launch/view_sllidar_c1_launch.py
[3.766s] -- Symlinking: /home/victor/caramelo_goiania/src/install/sllidar_ros2/share/sllidar_ros2/launch/view_sllidar_s1_launch.py
[3.818s] -- Symlinking: /home/victor/caramelo_goiania/src/install/sllidar_ros2/share/sllidar_ros2/launch/view_sllidar_s1_tcp_launch.py
[3.866s] -- Symlinking: /home/victor/caramelo_goiania/src/install/sllidar_ros2/share/sllidar_ros2/launch/view_sllidar_s2_launch.py
[3.925s] -- Symlinking: /home/victor/caramelo_goiania/src/install/sllidar_ros2/share/sllidar_ros2/launch/view_sllidar_s2e_launch.py
[3.971s] -- Symlinking: /home/victor/caramelo_goiania/src/install/sllidar_ros2/share/sllidar_ros2/launch/view_sllidar_s3_launch.py
[4.023s] -- Symlinking: /home/victor/caramelo_goiania/src/install/sllidar_ros2/share/sllidar_ros2/launch/view_sllidar_t1_launch.py
[4.076s] -- Symlinking: /home/victor/caramelo_goiania/src/install/sllidar_ros2/share/sllidar_ros2/rviz/sllidar_ros2.rviz
[4.130s] -- Symlinking: /home/victor/caramelo_goiania/src/install/sllidar_ros2/lib/sllidar_ros2/sllidar_node
[4.162s] -- Symlinking: /home/victor/caramelo_goiania/src/install/sllidar_ros2/lib/sllidar_ros2/sllidar_client
[4.227s] -- Symlinking: /home/victor/caramelo_goiania/src/install/sllidar_ros2/share/ament_index/resource_index/package_run_dependencies/sllidar_ros2
[4.268s] -- Symlinking: /home/victor/caramelo_goiania/src/install/sllidar_ros2/share/ament_index/resource_index/parent_prefix_path/sllidar_ros2
[4.311s] -- Symlinking: /home/victor/caramelo_goiania/src/install/sllidar_ros2/share/sllidar_ros2/environment/ament_prefix_path.sh
[4.358s] -- Symlinking: /home/victor/caramelo_goiania/src/install/sllidar_ros2/share/sllidar_ros2/environment/ament_prefix_path.dsv
[4.394s] -- Symlinking: /home/victor/caramelo_goiania/src/install/sllidar_ros2/share/sllidar_ros2/environment/path.sh
[4.433s] -- Symlinking: /home/victor/caramelo_goiania/src/install/sllidar_ros2/share/sllidar_ros2/environment/path.dsv
[4.471s] -- Symlinking: /home/victor/caramelo_goiania/src/install/sllidar_ros2/share/sllidar_ros2/local_setup.bash
[4.529s] -- Symlinking: /home/victor/caramelo_goiania/src/install/sllidar_ros2/share/sllidar_ros2/local_setup.sh
[4.590s] -- Symlinking: /home/victor/caramelo_goiania/src/install/sllidar_ros2/share/sllidar_ros2/local_setup.zsh
[4.644s] -- Symlinking: /home/victor/caramelo_goiania/src/install/sllidar_ros2/share/sllidar_ros2/local_setup.dsv
[4.678s] -- Symlinking: /home/victor/caramelo_goiania/src/install/sllidar_ros2/share/sllidar_ros2/package.dsv
[4.700s] -- Symlinking: /home/victor/caramelo_goiania/src/install/sllidar_ros2/share/ament_index/resource_index/packages/sllidar_ros2
[4.716s] -- Symlinking: /home/victor/caramelo_goiania/src/install/sllidar_ros2/share/sllidar_ros2/cmake/ament_cmake_export_dependencies-extras.cmake
[4.741s] -- Symlinking: /home/victor/caramelo_goiania/src/install/sllidar_ros2/share/sllidar_ros2/cmake/ament_cmake_export_include_directories-extras.cmake
[4.770s] -- Symlinking: /home/victor/caramelo_goiania/src/install/sllidar_ros2/share/sllidar_ros2/cmake/sllidar_ros2Config.cmake
[4.799s] -- Symlinking: /home/victor/caramelo_goiania/src/install/sllidar_ros2/share/sllidar_ros2/cmake/sllidar_ros2Config-version.cmake
[4.822s] -- Symlinking: /home/victor/caramelo_goiania/src/install/sllidar_ros2/share/sllidar_ros2/package.xml
[4.865s] Invoked command in '/home/victor/caramelo_goiania/src/build/sllidar_ros2' returned '0': CMAKE_PREFIX_PATH=${CMAKE_PREFIX_PATH}:/home/victor/caramelo_goiania/src/install/navegacao_pkg:/home/victor/caramelo_goiania/install/navegacao_pkg:/opt/ros/humble /usr/bin/cmake --install /home/victor/caramelo_goiania/src/build/sllidar_ros2
