[1.004s] Invoking command in '/home/victor/caramelo_goiania/src/build/navegacao_pkg': PYTHONPATH=/home/victor/caramelo_goiania/src/build/navegacao_pkg/prefix_override:/usr/lib/python3/dist-packages/colcon_core/task/python/colcon_distutils_commands:/home/victor/caramelo_goiania/src/install/navegacao_pkg/lib/python3.10/site-packages:${PYTHONPATH} /usr/bin/python3 -W ignore:setup.py install is deprecated setup.py develop --editable --build-directory /home/victor/caramelo_goiania/src/build/navegacao_pkg/build --no-deps symlink_data --force
[1.618s] running develop
[1.622s] /usr/lib/python3/dist-packages/setuptools/command/easy_install.py:158: EasyInstallDeprecationWarning: easy_install command is deprecated. Use build and pip and other standards-based tools.
[1.622s]   warnings.warn(
[2.171s] running egg_info
[2.171s] writing navegacao_pkg.egg-info/PKG-INFO
[2.171s] writing dependency_links to navegacao_pkg.egg-info/dependency_links.txt
[2.172s] writing entry points to navegacao_pkg.egg-info/entry_points.txt
[2.172s] writing requirements to navegacao_pkg.egg-info/requires.txt
[2.172s] writing top-level names to navegacao_pkg.egg-info/top_level.txt
[2.175s] reading manifest file 'navegacao_pkg.egg-info/SOURCES.txt'
[2.176s] writing manifest file 'navegacao_pkg.egg-info/SOURCES.txt'
[2.179s] running build_ext
[2.179s] Creating /home/victor/caramelo_goiania/src/install/navegacao_pkg/lib/python3.10/site-packages/navegacao-pkg.egg-link (link to .)
[2.180s] Installing camera_node script to /home/victor/caramelo_goiania/src/install/navegacao_pkg/lib/navegacao_pkg
[2.188s] Installing gridmap script to /home/victor/caramelo_goiania/src/install/navegacao_pkg/lib/navegacao_pkg
[2.188s] Installing segue_linha script to /home/victor/caramelo_goiania/src/install/navegacao_pkg/lib/navegacao_pkg
[2.188s] Installing serial_node_arduino script to /home/victor/caramelo_goiania/src/install/navegacao_pkg/lib/navegacao_pkg
[2.188s] 
[2.188s] Installed /home/victor/caramelo_goiania/src/build/navegacao_pkg
[2.188s] running symlink_data
[2.188s] symbolically linking /home/victor/caramelo_goiania/src/build/navegacao_pkg/resource/navegacao_pkg -> /home/victor/caramelo_goiania/src/install/navegacao_pkg/share/ament_index/resource_index/packages
[2.189s] symbolically linking /home/victor/caramelo_goiania/src/build/navegacao_pkg/package.xml -> /home/victor/caramelo_goiania/src/install/navegacao_pkg/share/navegacao_pkg
[2.189s] symbolically linking /home/victor/caramelo_goiania/src/build/navegacao_pkg/config/rviz/mapping_cartographer.rviz -> /home/victor/caramelo_goiania/src/install/navegacao_pkg/share/navegacao_pkg/config/rviz
[2.189s] symbolically linking /home/victor/caramelo_goiania/src/build/navegacao_pkg/config/nav/cartographer.lua -> /home/victor/caramelo_goiania/src/install/navegacao_pkg/share/navegacao_pkg/config/nav
[2.189s] symbolically linking /home/victor/caramelo_goiania/src/build/navegacao_pkg/launch/cartographer.launch.py -> /home/victor/caramelo_goiania/src/install/navegacao_pkg/share/navegacao_pkg/launch/
[2.248s] Invoked command in '/home/victor/caramelo_goiania/src/build/navegacao_pkg' returned '0': PYTHONPATH=/home/victor/caramelo_goiania/src/build/navegacao_pkg/prefix_override:/usr/lib/python3/dist-packages/colcon_core/task/python/colcon_distutils_commands:/home/victor/caramelo_goiania/src/install/navegacao_pkg/lib/python3.10/site-packages:${PYTHONPATH} /usr/bin/python3 -W ignore:setup.py install is deprecated setup.py develop --editable --build-directory /home/victor/caramelo_goiania/src/build/navegacao_pkg/build --no-deps symlink_data --force
