[0.136s] DEBUG:colcon:Command line arguments: ['/usr/bin/colcon', 'build']
[0.136s] DEBUG:colcon:Parsed command line arguments: Namespace(log_base=None, log_level=None, verb_name='build', build_base='build', install_base='install', merge_install=False, symlink_install=False, test_result_base=None, continue_on_error=False, executor='parallel', parallel_workers=8, event_handlers=None, ignore_user_meta=False, metas=['./colcon.meta'], base_paths=['.'], packages_ignore=None, packages_ignore_regex=None, paths=None, packages_up_to=None, packages_up_to_regex=None, packages_above=None, packages_above_and_dependencies=None, packages_above_depth=None, packages_select_by_dep=None, packages_skip_by_dep=None, packages_skip_up_to=None, packages_select_build_failed=False, packages_skip_build_finished=False, packages_select_test_failures=False, packages_skip_test_passed=False, packages_select=None, packages_skip=None, packages_select_regex=None, packages_skip_regex=None, packages_start=None, packages_end=None, allow_overriding=[], cmake_args=None, cmake_target=None, cmake_target_skip_unavailable=False, cmake_clean_cache=False, cmake_clean_first=False, cmake_force_configure=False, ament_cmake_args=None, catkin_cmake_args=None, catkin_skip_building_tests=False, verb_parser=<colcon_defaults.argument_parser.defaults.DefaultArgumentsDecorator object at 0x71f5bdf65000>, verb_extension=<colcon_core.verb.build.BuildVerb object at 0x71f5bdf64730>, main=<bound method BuildVerb.main of <colcon_core.verb.build.BuildVerb object at 0x71f5bdf64730>>)
[0.293s] Level 1:colcon.colcon_core.package_discovery:discover_packages(colcon_meta) check parameters
[0.293s] Level 1:colcon.colcon_core.package_discovery:discover_packages(recursive) check parameters
[0.293s] Level 1:colcon.colcon_core.package_discovery:discover_packages(ignore) check parameters
[0.293s] Level 1:colcon.colcon_core.package_discovery:discover_packages(path) check parameters
[0.293s] Level 1:colcon.colcon_core.package_discovery:discover_packages(colcon_meta) discover
[0.293s] Level 1:colcon.colcon_core.package_discovery:discover_packages(recursive) discover
[0.293s] INFO:colcon.colcon_core.package_discovery:Crawling recursively for packages in '/home/victor/caramelo_goiania/src'
[0.293s] Level 1:colcon.colcon_core.package_identification:_identify(.) by extensions ['ignore', 'ignore_ament_install']
[0.294s] Level 1:colcon.colcon_core.package_identification:_identify(.) by extension 'ignore'
[0.294s] Level 1:colcon.colcon_core.package_identification:_identify(.) by extension 'ignore_ament_install'
[0.294s] Level 1:colcon.colcon_core.package_identification:_identify(.) by extensions ['colcon_pkg']
[0.294s] Level 1:colcon.colcon_core.package_identification:_identify(.) by extension 'colcon_pkg'
[0.294s] Level 1:colcon.colcon_core.package_identification:_identify(.) by extensions ['colcon_meta']
[0.294s] Level 1:colcon.colcon_core.package_identification:_identify(.) by extension 'colcon_meta'
[0.294s] Level 1:colcon.colcon_core.package_identification:_identify(.) by extensions ['ros']
[0.294s] Level 1:colcon.colcon_core.package_identification:_identify(.) by extension 'ros'
[0.303s] Level 1:colcon.colcon_core.package_identification:_identify(.) by extensions ['cmake', 'python']
[0.303s] Level 1:colcon.colcon_core.package_identification:_identify(.) by extension 'cmake'
[0.304s] Level 1:colcon.colcon_core.package_identification:_identify(.) by extension 'python'
[0.304s] Level 1:colcon.colcon_core.package_identification:_identify(.) by extensions ['python_setup_py']
[0.304s] Level 1:colcon.colcon_core.package_identification:_identify(.) by extension 'python_setup_py'
[0.304s] Level 1:colcon.colcon_core.package_identification:_identify(build) by extensions ['ignore', 'ignore_ament_install']
[0.304s] Level 1:colcon.colcon_core.package_identification:_identify(build) by extension 'ignore'
[0.304s] Level 1:colcon.colcon_core.package_identification:_identify(build) ignored
[0.304s] Level 1:colcon.colcon_core.package_identification:_identify(install) by extensions ['ignore', 'ignore_ament_install']
[0.304s] Level 1:colcon.colcon_core.package_identification:_identify(install) by extension 'ignore'
[0.304s] Level 1:colcon.colcon_core.package_identification:_identify(install) ignored
[0.304s] Level 1:colcon.colcon_core.package_identification:_identify(log) by extensions ['ignore', 'ignore_ament_install']
[0.304s] Level 1:colcon.colcon_core.package_identification:_identify(log) by extension 'ignore'
[0.304s] Level 1:colcon.colcon_core.package_identification:_identify(log) ignored
[0.304s] Level 1:colcon.colcon_core.package_identification:_identify(navegacao_pkg) by extensions ['ignore', 'ignore_ament_install']
[0.304s] Level 1:colcon.colcon_core.package_identification:_identify(navegacao_pkg) by extension 'ignore'
[0.304s] Level 1:colcon.colcon_core.package_identification:_identify(navegacao_pkg) by extension 'ignore_ament_install'
[0.305s] Level 1:colcon.colcon_core.package_identification:_identify(navegacao_pkg) by extensions ['colcon_pkg']
[0.305s] Level 1:colcon.colcon_core.package_identification:_identify(navegacao_pkg) by extension 'colcon_pkg'
[0.305s] Level 1:colcon.colcon_core.package_identification:_identify(navegacao_pkg) by extensions ['colcon_meta']
[0.305s] Level 1:colcon.colcon_core.package_identification:_identify(navegacao_pkg) by extension 'colcon_meta'
[0.305s] Level 1:colcon.colcon_core.package_identification:_identify(navegacao_pkg) by extensions ['ros']
[0.305s] Level 1:colcon.colcon_core.package_identification:_identify(navegacao_pkg) by extension 'ros'
[0.307s] DEBUG:colcon.colcon_core.package_identification:Package 'navegacao_pkg' with type 'ros.ament_python' and name 'navegacao_pkg'
[0.307s] Level 1:colcon.colcon_core.package_identification:_identify(rf2o_laser_odometry) by extensions ['ignore', 'ignore_ament_install']
[0.307s] Level 1:colcon.colcon_core.package_identification:_identify(rf2o_laser_odometry) by extension 'ignore'
[0.307s] Level 1:colcon.colcon_core.package_identification:_identify(rf2o_laser_odometry) by extension 'ignore_ament_install'
[0.307s] Level 1:colcon.colcon_core.package_identification:_identify(rf2o_laser_odometry) by extensions ['colcon_pkg']
[0.307s] Level 1:colcon.colcon_core.package_identification:_identify(rf2o_laser_odometry) by extension 'colcon_pkg'
[0.307s] Level 1:colcon.colcon_core.package_identification:_identify(rf2o_laser_odometry) by extensions ['colcon_meta']
[0.307s] Level 1:colcon.colcon_core.package_identification:_identify(rf2o_laser_odometry) by extension 'colcon_meta'
[0.307s] Level 1:colcon.colcon_core.package_identification:_identify(rf2o_laser_odometry) by extensions ['ros']
[0.307s] Level 1:colcon.colcon_core.package_identification:_identify(rf2o_laser_odometry) by extension 'ros'
[0.308s] DEBUG:colcon.colcon_core.package_identification:Package 'rf2o_laser_odometry' with type 'ros.ament_cmake' and name 'rf2o_laser_odometry'
[0.308s] Level 1:colcon.colcon_core.package_identification:_identify(sllidar_ros2) by extensions ['ignore', 'ignore_ament_install']
[0.308s] Level 1:colcon.colcon_core.package_identification:_identify(sllidar_ros2) by extension 'ignore'
[0.308s] Level 1:colcon.colcon_core.package_identification:_identify(sllidar_ros2) by extension 'ignore_ament_install'
[0.308s] Level 1:colcon.colcon_core.package_identification:_identify(sllidar_ros2) by extensions ['colcon_pkg']
[0.308s] Level 1:colcon.colcon_core.package_identification:_identify(sllidar_ros2) by extension 'colcon_pkg'
[0.308s] Level 1:colcon.colcon_core.package_identification:_identify(sllidar_ros2) by extensions ['colcon_meta']
[0.308s] Level 1:colcon.colcon_core.package_identification:_identify(sllidar_ros2) by extension 'colcon_meta'
[0.308s] Level 1:colcon.colcon_core.package_identification:_identify(sllidar_ros2) by extensions ['ros']
[0.308s] Level 1:colcon.colcon_core.package_identification:_identify(sllidar_ros2) by extension 'ros'
[0.309s] DEBUG:colcon.colcon_core.package_identification:Package 'sllidar_ros2' with type 'ros.ament_cmake' and name 'sllidar_ros2'
[0.309s] Level 1:colcon.colcon_core.package_discovery:discover_packages(recursive) using defaults
[0.309s] Level 1:colcon.colcon_core.package_discovery:discover_packages(ignore) discover
[0.309s] Level 1:colcon.colcon_core.package_discovery:discover_packages(ignore) using defaults
[0.309s] Level 1:colcon.colcon_core.package_discovery:discover_packages(path) discover
[0.309s] Level 1:colcon.colcon_core.package_discovery:discover_packages(path) using defaults
[0.344s] Level 1:colcon.colcon_core.package_discovery:discover_packages(prefix_path) check parameters
[0.344s] Level 1:colcon.colcon_core.package_discovery:discover_packages(prefix_path) discover
[0.347s] DEBUG:colcon.colcon_installed_package_information.package_discovery:Found 0 installed packages in /home/victor/install
[0.349s] DEBUG:colcon.colcon_installed_package_information.package_discovery:Found 413 installed packages in /opt/ros/humble
[0.350s] Level 1:colcon.colcon_core.package_discovery:discover_packages(prefix_path) using defaults
[0.396s] Level 5:colcon.colcon_core.verb:set package 'navegacao_pkg' build argument 'cmake_args' from command line to 'None'
[0.396s] Level 5:colcon.colcon_core.verb:set package 'navegacao_pkg' build argument 'cmake_target' from command line to 'None'
[0.396s] Level 5:colcon.colcon_core.verb:set package 'navegacao_pkg' build argument 'cmake_target_skip_unavailable' from command line to 'False'
[0.396s] Level 5:colcon.colcon_core.verb:set package 'navegacao_pkg' build argument 'cmake_clean_cache' from command line to 'False'
[0.396s] Level 5:colcon.colcon_core.verb:set package 'navegacao_pkg' build argument 'cmake_clean_first' from command line to 'False'
[0.396s] Level 5:colcon.colcon_core.verb:set package 'navegacao_pkg' build argument 'cmake_force_configure' from command line to 'False'
[0.396s] Level 5:colcon.colcon_core.verb:set package 'navegacao_pkg' build argument 'ament_cmake_args' from command line to 'None'
[0.396s] Level 5:colcon.colcon_core.verb:set package 'navegacao_pkg' build argument 'catkin_cmake_args' from command line to 'None'
[0.396s] Level 5:colcon.colcon_core.verb:set package 'navegacao_pkg' build argument 'catkin_skip_building_tests' from command line to 'False'
[0.396s] DEBUG:colcon.colcon_core.verb:Building package 'navegacao_pkg' with the following arguments: {'ament_cmake_args': None, 'build_base': '/home/victor/caramelo_goiania/src/build/navegacao_pkg', 'catkin_cmake_args': None, 'catkin_skip_building_tests': False, 'cmake_args': None, 'cmake_clean_cache': False, 'cmake_clean_first': False, 'cmake_force_configure': False, 'cmake_target': None, 'cmake_target_skip_unavailable': False, 'install_base': '/home/victor/caramelo_goiania/src/install/navegacao_pkg', 'merge_install': False, 'path': '/home/victor/caramelo_goiania/src/navegacao_pkg', 'symlink_install': False, 'test_result_base': None}
[0.396s] Level 5:colcon.colcon_core.verb:set package 'rf2o_laser_odometry' build argument 'cmake_args' from command line to 'None'
[0.396s] Level 5:colcon.colcon_core.verb:set package 'rf2o_laser_odometry' build argument 'cmake_target' from command line to 'None'
[0.396s] Level 5:colcon.colcon_core.verb:set package 'rf2o_laser_odometry' build argument 'cmake_target_skip_unavailable' from command line to 'False'
[0.396s] Level 5:colcon.colcon_core.verb:set package 'rf2o_laser_odometry' build argument 'cmake_clean_cache' from command line to 'False'
[0.396s] Level 5:colcon.colcon_core.verb:set package 'rf2o_laser_odometry' build argument 'cmake_clean_first' from command line to 'False'
[0.396s] Level 5:colcon.colcon_core.verb:set package 'rf2o_laser_odometry' build argument 'cmake_force_configure' from command line to 'False'
[0.396s] Level 5:colcon.colcon_core.verb:set package 'rf2o_laser_odometry' build argument 'ament_cmake_args' from command line to 'None'
[0.396s] Level 5:colcon.colcon_core.verb:set package 'rf2o_laser_odometry' build argument 'catkin_cmake_args' from command line to 'None'
[0.396s] Level 5:colcon.colcon_core.verb:set package 'rf2o_laser_odometry' build argument 'catkin_skip_building_tests' from command line to 'False'
[0.396s] DEBUG:colcon.colcon_core.verb:Building package 'rf2o_laser_odometry' with the following arguments: {'ament_cmake_args': None, 'build_base': '/home/victor/caramelo_goiania/src/build/rf2o_laser_odometry', 'catkin_cmake_args': None, 'catkin_skip_building_tests': False, 'cmake_args': None, 'cmake_clean_cache': False, 'cmake_clean_first': False, 'cmake_force_configure': False, 'cmake_target': None, 'cmake_target_skip_unavailable': False, 'install_base': '/home/victor/caramelo_goiania/src/install/rf2o_laser_odometry', 'merge_install': False, 'path': '/home/victor/caramelo_goiania/src/rf2o_laser_odometry', 'symlink_install': False, 'test_result_base': None}
[0.397s] Level 5:colcon.colcon_core.verb:set package 'sllidar_ros2' build argument 'cmake_args' from command line to 'None'
[0.397s] Level 5:colcon.colcon_core.verb:set package 'sllidar_ros2' build argument 'cmake_target' from command line to 'None'
[0.397s] Level 5:colcon.colcon_core.verb:set package 'sllidar_ros2' build argument 'cmake_target_skip_unavailable' from command line to 'False'
[0.397s] Level 5:colcon.colcon_core.verb:set package 'sllidar_ros2' build argument 'cmake_clean_cache' from command line to 'False'
[0.397s] Level 5:colcon.colcon_core.verb:set package 'sllidar_ros2' build argument 'cmake_clean_first' from command line to 'False'
[0.397s] Level 5:colcon.colcon_core.verb:set package 'sllidar_ros2' build argument 'cmake_force_configure' from command line to 'False'
[0.397s] Level 5:colcon.colcon_core.verb:set package 'sllidar_ros2' build argument 'ament_cmake_args' from command line to 'None'
[0.397s] Level 5:colcon.colcon_core.verb:set package 'sllidar_ros2' build argument 'catkin_cmake_args' from command line to 'None'
[0.397s] Level 5:colcon.colcon_core.verb:set package 'sllidar_ros2' build argument 'catkin_skip_building_tests' from command line to 'False'
[0.397s] DEBUG:colcon.colcon_core.verb:Building package 'sllidar_ros2' with the following arguments: {'ament_cmake_args': None, 'build_base': '/home/victor/caramelo_goiania/src/build/sllidar_ros2', 'catkin_cmake_args': None, 'catkin_skip_building_tests': False, 'cmake_args': None, 'cmake_clean_cache': False, 'cmake_clean_first': False, 'cmake_force_configure': False, 'cmake_target': None, 'cmake_target_skip_unavailable': False, 'install_base': '/home/victor/caramelo_goiania/src/install/sllidar_ros2', 'merge_install': False, 'path': '/home/victor/caramelo_goiania/src/sllidar_ros2', 'symlink_install': False, 'test_result_base': None}
[0.397s] INFO:colcon.colcon_core.executor:Executing jobs using 'parallel' executor
[0.398s] DEBUG:colcon.colcon_parallel_executor.executor.parallel:run_until_complete
[0.398s] INFO:colcon.colcon_ros.task.ament_python.build:Building ROS package in '/home/victor/caramelo_goiania/src/navegacao_pkg' with build type 'ament_python'
[0.398s] Level 1:colcon.colcon_core.shell:create_environment_hook('navegacao_pkg', 'ament_prefix_path')
[0.402s] INFO:colcon.colcon_core.plugin_system:Skipping extension 'colcon_core.shell.bat': Not used on non-Windows systems
[0.403s] INFO:colcon.colcon_core.shell:Creating environment hook '/home/victor/caramelo_goiania/src/install/navegacao_pkg/share/navegacao_pkg/hook/ament_prefix_path.ps1'
[0.403s] INFO:colcon.colcon_core.shell:Creating environment descriptor '/home/victor/caramelo_goiania/src/install/navegacao_pkg/share/navegacao_pkg/hook/ament_prefix_path.dsv'
[0.403s] INFO:colcon.colcon_core.shell:Creating environment hook '/home/victor/caramelo_goiania/src/install/navegacao_pkg/share/navegacao_pkg/hook/ament_prefix_path.sh'
[0.404s] INFO:colcon.colcon_core.shell:Skip shell extension 'powershell' for command environment: Not usable outside of PowerShell
[0.404s] DEBUG:colcon.colcon_core.shell:Skip shell extension 'dsv' for command environment
[0.407s] INFO:colcon.colcon_ros.task.ament_cmake.build:Building ROS package in '/home/victor/caramelo_goiania/src/rf2o_laser_odometry' with build type 'ament_cmake'
[0.407s] INFO:colcon.colcon_cmake.task.cmake.build:Building CMake package in '/home/victor/caramelo_goiania/src/rf2o_laser_odometry'
[0.408s] INFO:colcon.colcon_core.shell:Skip shell extension 'powershell' for command environment: Not usable outside of PowerShell
[0.408s] DEBUG:colcon.colcon_core.shell:Skip shell extension 'dsv' for command environment
[0.411s] INFO:colcon.colcon_ros.task.ament_cmake.build:Building ROS package in '/home/victor/caramelo_goiania/src/sllidar_ros2' with build type 'ament_cmake'
[0.411s] INFO:colcon.colcon_cmake.task.cmake.build:Building CMake package in '/home/victor/caramelo_goiania/src/sllidar_ros2'
[0.411s] INFO:colcon.colcon_core.shell:Skip shell extension 'powershell' for command environment: Not usable outside of PowerShell
[0.411s] DEBUG:colcon.colcon_core.shell:Skip shell extension 'dsv' for command environment
[0.665s] INFO:colcon.colcon_core.task.python.build:Building Python package in '/home/victor/caramelo_goiania/src/navegacao_pkg'
[0.665s] INFO:colcon.colcon_core.shell:Skip shell extension 'powershell' for command environment: Not usable outside of PowerShell
[0.665s] DEBUG:colcon.colcon_core.shell:Skip shell extension 'dsv' for command environment
[0.670s] DEBUG:colcon.colcon_core.event_handler.log_command:Invoking command in '/home/victor/caramelo_goiania/src/build/rf2o_laser_odometry': CMAKE_PREFIX_PATH=/opt/ros/humble /usr/bin/cmake /home/victor/caramelo_goiania/src/rf2o_laser_odometry -DCMAKE_INSTALL_PREFIX=/home/victor/caramelo_goiania/src/install/rf2o_laser_odometry
[0.676s] DEBUG:colcon.colcon_core.event_handler.log_command:Invoking command in '/home/victor/caramelo_goiania/src/build/sllidar_ros2': CMAKE_PREFIX_PATH=/opt/ros/humble /usr/bin/cmake /home/victor/caramelo_goiania/src/sllidar_ros2 -DCMAKE_INSTALL_PREFIX=/home/victor/caramelo_goiania/src/install/sllidar_ros2
[1.197s] DEBUG:colcon.colcon_core.event_handler.log_command:Invoked command in '/home/victor/caramelo_goiania/src/build/sllidar_ros2' returned '0': CMAKE_PREFIX_PATH=/opt/ros/humble /usr/bin/cmake /home/victor/caramelo_goiania/src/sllidar_ros2 -DCMAKE_INSTALL_PREFIX=/home/victor/caramelo_goiania/src/install/sllidar_ros2
[1.199s] DEBUG:colcon.colcon_core.event_handler.log_command:Invoking command in '/home/victor/caramelo_goiania/src/build/sllidar_ros2': CMAKE_PREFIX_PATH=/opt/ros/humble /usr/bin/cmake --build /home/victor/caramelo_goiania/src/build/sllidar_ros2 -- -j8 -l8
[1.249s] DEBUG:colcon.colcon_core.event_handler.log_command:Invoking command in '/home/victor/caramelo_goiania/src/build/navegacao_pkg': PYTHONPATH=/home/victor/caramelo_goiania/src/build/navegacao_pkg/prefix_override:/usr/lib/python3/dist-packages/colcon_core/task/python/colcon_distutils_commands:/home/victor/caramelo_goiania/src/install/navegacao_pkg/lib/python3.10/site-packages:${PYTHONPATH} /usr/bin/python3 -W ignore:setup.py install is deprecated setup.py develop --uninstall --editable --build-directory /home/victor/caramelo_goiania/src/build/navegacao_pkg/build
[1.294s] DEBUG:colcon.colcon_core.event_handler.log_command:Invoked command in '/home/victor/caramelo_goiania/src/build/sllidar_ros2' returned '0': CMAKE_PREFIX_PATH=/opt/ros/humble /usr/bin/cmake --build /home/victor/caramelo_goiania/src/build/sllidar_ros2 -- -j8 -l8
[1.307s] DEBUG:colcon.colcon_core.event_handler.log_command:Invoked command in '/home/victor/caramelo_goiania/src/build/rf2o_laser_odometry' returned '0': CMAKE_PREFIX_PATH=/opt/ros/humble /usr/bin/cmake /home/victor/caramelo_goiania/src/rf2o_laser_odometry -DCMAKE_INSTALL_PREFIX=/home/victor/caramelo_goiania/src/install/rf2o_laser_odometry
[1.309s] DEBUG:colcon.colcon_core.event_handler.log_command:Invoking command in '/home/victor/caramelo_goiania/src/build/rf2o_laser_odometry': CMAKE_PREFIX_PATH=/opt/ros/humble /usr/bin/cmake --build /home/victor/caramelo_goiania/src/build/rf2o_laser_odometry -- -j8 -l8
[1.374s] DEBUG:colcon.colcon_core.event_handler.log_command:Invoking command in '/home/victor/caramelo_goiania/src/build/sllidar_ros2': CMAKE_PREFIX_PATH=/opt/ros/humble /usr/bin/cmake --install /home/victor/caramelo_goiania/src/build/sllidar_ros2
[1.399s] Level 1:colcon.colcon_core.environment:create_environment_scripts_only(sllidar_ros2)
[1.400s] DEBUG:colcon.colcon_core.event_handler.log_command:Invoked command in '/home/victor/caramelo_goiania/src/build/sllidar_ros2' returned '0': CMAKE_PREFIX_PATH=/opt/ros/humble /usr/bin/cmake --install /home/victor/caramelo_goiania/src/build/sllidar_ros2
[1.404s] Level 1:colcon.colcon_core.environment:checking '/home/victor/caramelo_goiania/src/install/sllidar_ros2' for CMake module files
[1.404s] Level 1:colcon.colcon_core.environment:checking '/home/victor/caramelo_goiania/src/install/sllidar_ros2' for CMake config files
[1.405s] Level 1:colcon.colcon_core.shell:create_environment_hook('sllidar_ros2', 'cmake_prefix_path')
[1.405s] INFO:colcon.colcon_core.shell:Creating environment hook '/home/victor/caramelo_goiania/src/install/sllidar_ros2/share/sllidar_ros2/hook/cmake_prefix_path.ps1'
[1.405s] INFO:colcon.colcon_core.shell:Creating environment descriptor '/home/victor/caramelo_goiania/src/install/sllidar_ros2/share/sllidar_ros2/hook/cmake_prefix_path.dsv'
[1.406s] INFO:colcon.colcon_core.shell:Creating environment hook '/home/victor/caramelo_goiania/src/install/sllidar_ros2/share/sllidar_ros2/hook/cmake_prefix_path.sh'
[1.406s] Level 1:colcon.colcon_core.environment:checking '/home/victor/caramelo_goiania/src/install/sllidar_ros2/lib'
[1.406s] Level 1:colcon.colcon_core.environment:checking '/home/victor/caramelo_goiania/src/install/sllidar_ros2/bin'
[1.406s] Level 1:colcon.colcon_core.environment:checking '/home/victor/caramelo_goiania/src/install/sllidar_ros2/lib/pkgconfig/sllidar_ros2.pc'
[1.407s] Level 1:colcon.colcon_core.environment:checking '/home/victor/caramelo_goiania/src/install/sllidar_ros2/lib/python3.10/site-packages'
[1.407s] Level 1:colcon.colcon_core.environment:checking '/home/victor/caramelo_goiania/src/install/sllidar_ros2/bin'
[1.407s] INFO:colcon.colcon_core.shell:Creating package script '/home/victor/caramelo_goiania/src/install/sllidar_ros2/share/sllidar_ros2/package.ps1'
[1.408s] INFO:colcon.colcon_core.shell:Creating package descriptor '/home/victor/caramelo_goiania/src/install/sllidar_ros2/share/sllidar_ros2/package.dsv'
[1.408s] INFO:colcon.colcon_core.shell:Creating package script '/home/victor/caramelo_goiania/src/install/sllidar_ros2/share/sllidar_ros2/package.sh'
[1.409s] INFO:colcon.colcon_core.shell:Creating package script '/home/victor/caramelo_goiania/src/install/sllidar_ros2/share/sllidar_ros2/package.bash'
[1.409s] INFO:colcon.colcon_core.shell:Creating package script '/home/victor/caramelo_goiania/src/install/sllidar_ros2/share/sllidar_ros2/package.zsh'
[1.410s] Level 1:colcon.colcon_core.environment:create_file_with_runtime_dependencies(/home/victor/caramelo_goiania/src/install/sllidar_ros2/share/colcon-core/packages/sllidar_ros2)
[1.412s] DEBUG:colcon.colcon_core.event_handler.log_command:Invoked command in '/home/victor/caramelo_goiania/src/build/rf2o_laser_odometry' returned '0': CMAKE_PREFIX_PATH=/opt/ros/humble /usr/bin/cmake --build /home/victor/caramelo_goiania/src/build/rf2o_laser_odometry -- -j8 -l8
[1.440s] DEBUG:colcon.colcon_core.event_handler.log_command:Invoking command in '/home/victor/caramelo_goiania/src/build/rf2o_laser_odometry': CMAKE_PREFIX_PATH=/opt/ros/humble /usr/bin/cmake --install /home/victor/caramelo_goiania/src/build/rf2o_laser_odometry
[1.463s] Level 1:colcon.colcon_core.environment:create_environment_scripts_only(rf2o_laser_odometry)
[1.463s] Level 1:colcon.colcon_core.environment:checking '/home/victor/caramelo_goiania/src/install/rf2o_laser_odometry' for CMake module files
[1.464s] DEBUG:colcon.colcon_core.event_handler.log_command:Invoked command in '/home/victor/caramelo_goiania/src/build/rf2o_laser_odometry' returned '0': CMAKE_PREFIX_PATH=/opt/ros/humble /usr/bin/cmake --install /home/victor/caramelo_goiania/src/build/rf2o_laser_odometry
[1.464s] Level 1:colcon.colcon_core.environment:checking '/home/victor/caramelo_goiania/src/install/rf2o_laser_odometry' for CMake config files
[1.465s] Level 1:colcon.colcon_core.shell:create_environment_hook('rf2o_laser_odometry', 'cmake_prefix_path')
[1.465s] INFO:colcon.colcon_core.shell:Creating environment hook '/home/victor/caramelo_goiania/src/install/rf2o_laser_odometry/share/rf2o_laser_odometry/hook/cmake_prefix_path.ps1'
[1.465s] INFO:colcon.colcon_core.shell:Creating environment descriptor '/home/victor/caramelo_goiania/src/install/rf2o_laser_odometry/share/rf2o_laser_odometry/hook/cmake_prefix_path.dsv'
[1.465s] INFO:colcon.colcon_core.shell:Creating environment hook '/home/victor/caramelo_goiania/src/install/rf2o_laser_odometry/share/rf2o_laser_odometry/hook/cmake_prefix_path.sh'
[1.466s] Level 1:colcon.colcon_core.environment:checking '/home/victor/caramelo_goiania/src/install/rf2o_laser_odometry/lib'
[1.466s] Level 1:colcon.colcon_core.environment:checking '/home/victor/caramelo_goiania/src/install/rf2o_laser_odometry/bin'
[1.466s] Level 1:colcon.colcon_core.environment:checking '/home/victor/caramelo_goiania/src/install/rf2o_laser_odometry/lib/pkgconfig/rf2o_laser_odometry.pc'
[1.466s] Level 1:colcon.colcon_core.environment:checking '/home/victor/caramelo_goiania/src/install/rf2o_laser_odometry/lib/python3.10/site-packages'
[1.466s] Level 1:colcon.colcon_core.environment:checking '/home/victor/caramelo_goiania/src/install/rf2o_laser_odometry/bin'
[1.467s] INFO:colcon.colcon_core.shell:Creating package script '/home/victor/caramelo_goiania/src/install/rf2o_laser_odometry/share/rf2o_laser_odometry/package.ps1'
[1.467s] INFO:colcon.colcon_core.shell:Creating package descriptor '/home/victor/caramelo_goiania/src/install/rf2o_laser_odometry/share/rf2o_laser_odometry/package.dsv'
[1.467s] INFO:colcon.colcon_core.shell:Creating package script '/home/victor/caramelo_goiania/src/install/rf2o_laser_odometry/share/rf2o_laser_odometry/package.sh'
[1.468s] INFO:colcon.colcon_core.shell:Creating package script '/home/victor/caramelo_goiania/src/install/rf2o_laser_odometry/share/rf2o_laser_odometry/package.bash'
[1.468s] INFO:colcon.colcon_core.shell:Creating package script '/home/victor/caramelo_goiania/src/install/rf2o_laser_odometry/share/rf2o_laser_odometry/package.zsh'
[1.468s] Level 1:colcon.colcon_core.environment:create_file_with_runtime_dependencies(/home/victor/caramelo_goiania/src/install/rf2o_laser_odometry/share/colcon-core/packages/rf2o_laser_odometry)
[1.475s] Level 1:colcon.colcon_core.environment:create_environment_scripts_only(sllidar_ros2)
[1.475s] Level 1:colcon.colcon_core.environment:checking '/home/victor/caramelo_goiania/src/install/sllidar_ros2' for CMake module files
[1.476s] Level 1:colcon.colcon_core.environment:checking '/home/victor/caramelo_goiania/src/install/sllidar_ros2' for CMake config files
[1.476s] Level 1:colcon.colcon_core.shell:create_environment_hook('sllidar_ros2', 'cmake_prefix_path')
[1.477s] INFO:colcon.colcon_core.shell:Creating environment hook '/home/victor/caramelo_goiania/src/install/sllidar_ros2/share/sllidar_ros2/hook/cmake_prefix_path.ps1'
[1.477s] INFO:colcon.colcon_core.shell:Creating environment descriptor '/home/victor/caramelo_goiania/src/install/sllidar_ros2/share/sllidar_ros2/hook/cmake_prefix_path.dsv'
[1.478s] INFO:colcon.colcon_core.shell:Creating environment hook '/home/victor/caramelo_goiania/src/install/sllidar_ros2/share/sllidar_ros2/hook/cmake_prefix_path.sh'
[1.478s] Level 1:colcon.colcon_core.environment:checking '/home/victor/caramelo_goiania/src/install/sllidar_ros2/lib'
[1.479s] Level 1:colcon.colcon_core.environment:checking '/home/victor/caramelo_goiania/src/install/sllidar_ros2/bin'
[1.479s] Level 1:colcon.colcon_core.environment:checking '/home/victor/caramelo_goiania/src/install/sllidar_ros2/lib/pkgconfig/sllidar_ros2.pc'
[1.479s] Level 1:colcon.colcon_core.environment:checking '/home/victor/caramelo_goiania/src/install/sllidar_ros2/lib/python3.10/site-packages'
[1.479s] Level 1:colcon.colcon_core.environment:checking '/home/victor/caramelo_goiania/src/install/sllidar_ros2/bin'
[1.479s] INFO:colcon.colcon_core.shell:Creating package script '/home/victor/caramelo_goiania/src/install/sllidar_ros2/share/sllidar_ros2/package.ps1'
[1.480s] INFO:colcon.colcon_core.shell:Creating package descriptor '/home/victor/caramelo_goiania/src/install/sllidar_ros2/share/sllidar_ros2/package.dsv'
[1.480s] INFO:colcon.colcon_core.shell:Creating package script '/home/victor/caramelo_goiania/src/install/sllidar_ros2/share/sllidar_ros2/package.sh'
[1.481s] INFO:colcon.colcon_core.shell:Creating package script '/home/victor/caramelo_goiania/src/install/sllidar_ros2/share/sllidar_ros2/package.bash'
[1.481s] INFO:colcon.colcon_core.shell:Creating package script '/home/victor/caramelo_goiania/src/install/sllidar_ros2/share/sllidar_ros2/package.zsh'
[1.482s] Level 1:colcon.colcon_core.environment:create_file_with_runtime_dependencies(/home/victor/caramelo_goiania/src/install/sllidar_ros2/share/colcon-core/packages/sllidar_ros2)
[1.500s] Level 1:colcon.colcon_core.environment:create_environment_scripts_only(rf2o_laser_odometry)
[1.501s] Level 1:colcon.colcon_core.environment:checking '/home/victor/caramelo_goiania/src/install/rf2o_laser_odometry' for CMake module files
[1.501s] Level 1:colcon.colcon_core.environment:checking '/home/victor/caramelo_goiania/src/install/rf2o_laser_odometry' for CMake config files
[1.502s] Level 1:colcon.colcon_core.shell:create_environment_hook('rf2o_laser_odometry', 'cmake_prefix_path')
[1.502s] INFO:colcon.colcon_core.shell:Creating environment hook '/home/victor/caramelo_goiania/src/install/rf2o_laser_odometry/share/rf2o_laser_odometry/hook/cmake_prefix_path.ps1'
[1.502s] INFO:colcon.colcon_core.shell:Creating environment descriptor '/home/victor/caramelo_goiania/src/install/rf2o_laser_odometry/share/rf2o_laser_odometry/hook/cmake_prefix_path.dsv'
[1.503s] INFO:colcon.colcon_core.shell:Creating environment hook '/home/victor/caramelo_goiania/src/install/rf2o_laser_odometry/share/rf2o_laser_odometry/hook/cmake_prefix_path.sh'
[1.503s] Level 1:colcon.colcon_core.environment:checking '/home/victor/caramelo_goiania/src/install/rf2o_laser_odometry/lib'
[1.503s] Level 1:colcon.colcon_core.environment:checking '/home/victor/caramelo_goiania/src/install/rf2o_laser_odometry/bin'
[1.503s] Level 1:colcon.colcon_core.environment:checking '/home/victor/caramelo_goiania/src/install/rf2o_laser_odometry/lib/pkgconfig/rf2o_laser_odometry.pc'
[1.503s] Level 1:colcon.colcon_core.environment:checking '/home/victor/caramelo_goiania/src/install/rf2o_laser_odometry/lib/python3.10/site-packages'
[1.504s] Level 1:colcon.colcon_core.environment:checking '/home/victor/caramelo_goiania/src/install/rf2o_laser_odometry/bin'
[1.504s] INFO:colcon.colcon_core.shell:Creating package script '/home/victor/caramelo_goiania/src/install/rf2o_laser_odometry/share/rf2o_laser_odometry/package.ps1'
[1.504s] INFO:colcon.colcon_core.shell:Creating package descriptor '/home/victor/caramelo_goiania/src/install/rf2o_laser_odometry/share/rf2o_laser_odometry/package.dsv'
[1.505s] INFO:colcon.colcon_core.shell:Creating package script '/home/victor/caramelo_goiania/src/install/rf2o_laser_odometry/share/rf2o_laser_odometry/package.sh'
[1.505s] INFO:colcon.colcon_core.shell:Creating package script '/home/victor/caramelo_goiania/src/install/rf2o_laser_odometry/share/rf2o_laser_odometry/package.bash'
[1.505s] INFO:colcon.colcon_core.shell:Creating package script '/home/victor/caramelo_goiania/src/install/rf2o_laser_odometry/share/rf2o_laser_odometry/package.zsh'
[1.506s] Level 1:colcon.colcon_core.environment:create_file_with_runtime_dependencies(/home/victor/caramelo_goiania/src/install/rf2o_laser_odometry/share/colcon-core/packages/rf2o_laser_odometry)
[1.717s] DEBUG:colcon.colcon_core.event_handler.log_command:Invoked command in '/home/victor/caramelo_goiania/src/build/navegacao_pkg' returned '0': PYTHONPATH=/home/victor/caramelo_goiania/src/build/navegacao_pkg/prefix_override:/usr/lib/python3/dist-packages/colcon_core/task/python/colcon_distutils_commands:/home/victor/caramelo_goiania/src/install/navegacao_pkg/lib/python3.10/site-packages:${PYTHONPATH} /usr/bin/python3 -W ignore:setup.py install is deprecated setup.py develop --uninstall --editable --build-directory /home/victor/caramelo_goiania/src/build/navegacao_pkg/build
[1.718s] DEBUG:colcon.colcon_core.event_handler.log_command:Invoking command in '/home/victor/caramelo_goiania/src/navegacao_pkg': PYTHONPATH=/home/victor/caramelo_goiania/src/build/navegacao_pkg/prefix_override:/usr/lib/python3/dist-packages/colcon_core/task/python/colcon_distutils_commands:/home/victor/caramelo_goiania/src/install/navegacao_pkg/lib/python3.10/site-packages:${PYTHONPATH} /usr/bin/python3 -W ignore:setup.py install is deprecated setup.py egg_info --egg-base ../build/navegacao_pkg build --build-base /home/victor/caramelo_goiania/src/build/navegacao_pkg/build install --record /home/victor/caramelo_goiania/src/build/navegacao_pkg/install.log --single-version-externally-managed install_data --force
[1.988s] Level 1:colcon.colcon_core.environment:checking '/home/victor/caramelo_goiania/src/install/navegacao_pkg' for CMake module files
[1.989s] DEBUG:colcon.colcon_core.event_handler.log_command:Invoked command in '/home/victor/caramelo_goiania/src/navegacao_pkg' returned '0': PYTHONPATH=/home/victor/caramelo_goiania/src/build/navegacao_pkg/prefix_override:/usr/lib/python3/dist-packages/colcon_core/task/python/colcon_distutils_commands:/home/victor/caramelo_goiania/src/install/navegacao_pkg/lib/python3.10/site-packages:${PYTHONPATH} /usr/bin/python3 -W ignore:setup.py install is deprecated setup.py egg_info --egg-base ../build/navegacao_pkg build --build-base /home/victor/caramelo_goiania/src/build/navegacao_pkg/build install --record /home/victor/caramelo_goiania/src/build/navegacao_pkg/install.log --single-version-externally-managed install_data --force
[1.989s] Level 1:colcon.colcon_core.environment:checking '/home/victor/caramelo_goiania/src/install/navegacao_pkg' for CMake config files
[1.990s] Level 1:colcon.colcon_core.environment:checking '/home/victor/caramelo_goiania/src/install/navegacao_pkg/lib'
[1.990s] Level 1:colcon.colcon_core.environment:checking '/home/victor/caramelo_goiania/src/install/navegacao_pkg/bin'
[1.990s] Level 1:colcon.colcon_core.environment:checking '/home/victor/caramelo_goiania/src/install/navegacao_pkg/lib/pkgconfig/navegacao_pkg.pc'
[1.990s] Level 1:colcon.colcon_core.environment:checking '/home/victor/caramelo_goiania/src/install/navegacao_pkg/lib/python3.10/site-packages'
[1.990s] Level 1:colcon.colcon_core.shell:create_environment_hook('navegacao_pkg', 'pythonpath')
[1.990s] INFO:colcon.colcon_core.shell:Creating environment hook '/home/victor/caramelo_goiania/src/install/navegacao_pkg/share/navegacao_pkg/hook/pythonpath.ps1'
[1.991s] INFO:colcon.colcon_core.shell:Creating environment descriptor '/home/victor/caramelo_goiania/src/install/navegacao_pkg/share/navegacao_pkg/hook/pythonpath.dsv'
[1.991s] INFO:colcon.colcon_core.shell:Creating environment hook '/home/victor/caramelo_goiania/src/install/navegacao_pkg/share/navegacao_pkg/hook/pythonpath.sh'
[1.991s] Level 1:colcon.colcon_core.environment:checking '/home/victor/caramelo_goiania/src/install/navegacao_pkg/bin'
[1.991s] Level 1:colcon.colcon_core.environment:create_environment_scripts_only(navegacao_pkg)
[1.992s] INFO:colcon.colcon_core.shell:Creating package script '/home/victor/caramelo_goiania/src/install/navegacao_pkg/share/navegacao_pkg/package.ps1'
[1.992s] INFO:colcon.colcon_core.shell:Creating package descriptor '/home/victor/caramelo_goiania/src/install/navegacao_pkg/share/navegacao_pkg/package.dsv'
[1.993s] INFO:colcon.colcon_core.shell:Creating package script '/home/victor/caramelo_goiania/src/install/navegacao_pkg/share/navegacao_pkg/package.sh'
[1.993s] INFO:colcon.colcon_core.shell:Creating package script '/home/victor/caramelo_goiania/src/install/navegacao_pkg/share/navegacao_pkg/package.bash'
[1.993s] INFO:colcon.colcon_core.shell:Creating package script '/home/victor/caramelo_goiania/src/install/navegacao_pkg/share/navegacao_pkg/package.zsh'
[1.993s] Level 1:colcon.colcon_core.environment:create_file_with_runtime_dependencies(/home/victor/caramelo_goiania/src/install/navegacao_pkg/share/colcon-core/packages/navegacao_pkg)
[1.994s] DEBUG:colcon.colcon_parallel_executor.executor.parallel:closing loop
[1.994s] DEBUG:colcon.colcon_parallel_executor.executor.parallel:loop closed
[1.994s] DEBUG:colcon.colcon_parallel_executor.executor.parallel:run_until_complete finished with '0'
[1.994s] DEBUG:colcon.colcon_core.event_reactor:joining thread
[1.999s] INFO:colcon.colcon_core.plugin_system:Skipping extension 'colcon_notification.desktop_notification.terminal_notifier': Not used on non-Darwin systems
[1.999s] INFO:colcon.colcon_core.plugin_system:Skipping extension 'colcon_notification.desktop_notification.win32': Not used on non-Windows systems
[1.999s] INFO:colcon.colcon_notification.desktop_notification:Sending desktop notification using 'notify2'
[2.009s] DEBUG:colcon.colcon_core.event_reactor:joined thread
[2.009s] INFO:colcon.colcon_core.shell:Creating prefix script '/home/victor/caramelo_goiania/src/install/local_setup.ps1'
[2.011s] INFO:colcon.colcon_core.shell:Creating prefix util module '/home/victor/caramelo_goiania/src/install/_local_setup_util_ps1.py'
[2.012s] INFO:colcon.colcon_core.shell:Creating prefix chain script '/home/victor/caramelo_goiania/src/install/setup.ps1'
[2.013s] INFO:colcon.colcon_core.shell:Creating prefix script '/home/victor/caramelo_goiania/src/install/local_setup.sh'
[2.014s] INFO:colcon.colcon_core.shell:Creating prefix util module '/home/victor/caramelo_goiania/src/install/_local_setup_util_sh.py'
[2.014s] INFO:colcon.colcon_core.shell:Creating prefix chain script '/home/victor/caramelo_goiania/src/install/setup.sh'
[2.015s] INFO:colcon.colcon_core.shell:Creating prefix script '/home/victor/caramelo_goiania/src/install/local_setup.bash'
[2.016s] INFO:colcon.colcon_core.shell:Creating prefix chain script '/home/victor/caramelo_goiania/src/install/setup.bash'
[2.017s] INFO:colcon.colcon_core.shell:Creating prefix script '/home/victor/caramelo_goiania/src/install/local_setup.zsh'
[2.018s] INFO:colcon.colcon_core.shell:Creating prefix chain script '/home/victor/caramelo_goiania/src/install/setup.zsh'
