[0.303s] Invoking command in '/home/victor/caramelo_goiania/src/build/rf2o_laser_odometry': CMAKE_PREFIX_PATH=/opt/ros/humble /usr/bin/cmake /home/victor/caramelo_goiania/src/rf2o_laser_odometry -DAMENT_CMAKE_SYMLINK_INSTALL=1 -DCMAKE_INSTALL_PREFIX=/home/victor/caramelo_goiania/src/install/rf2o_laser_odometry
[0.319s] -- Found ament_cmake: 1.3.10 (/opt/ros/humble/share/ament_cmake/cmake)
[0.460s] -- Override CMake install command with custom implementation using symlinks instead of copying resources
[0.470s] -- Found rclcpp: 16.0.10 (/opt/ros/humble/share/rclcpp/cmake)
[0.502s] -- Found rosidl_generator_c: 3.1.5 (/opt/ros/humble/share/rosidl_generator_c/cmake)
[0.506s] -- Found rosidl_adapter: 3.1.5 (/opt/ros/humble/share/rosidl_adapter/cmake)
[0.512s] -- Found rosidl_generator_cpp: 3.1.5 (/opt/ros/humble/share/rosidl_generator_cpp/cmake)
[0.522s] -- Using all available rosidl_typesupport_c: rosidl_typesupport_fastrtps_c;rosidl_typesupport_introspection_c
[0.536s] -- Using all available rosidl_typesupport_cpp: rosidl_typesupport_fastrtps_cpp;rosidl_typesupport_introspection_cpp
[0.576s] -- Found rmw_implementation_cmake: 6.1.2 (/opt/ros/humble/share/rmw_implementation_cmake/cmake)
[0.577s] -- Found rmw_fastrtps_cpp: 6.2.7 (/opt/ros/humble/share/rmw_fastrtps_cpp/cmake)
[0.698s] -- Using RMW implementation 'rmw_fastrtps_cpp' as default
[0.766s] -- Found geometry_msgs: 4.2.4 (/opt/ros/humble/share/geometry_msgs/cmake)
[0.781s] -- Found tf2_geometry_msgs: 0.25.8 (/opt/ros/humble/share/tf2_geometry_msgs/cmake)
[0.784s] -- Found eigen3_cmake_module: 0.1.1 (/opt/ros/humble/share/eigen3_cmake_module/cmake)
[0.785s] -- Ensuring Eigen3 include directory is part of orocos-kdl CMake target
[0.911s] -- Found sensor_msgs: 4.2.4 (/opt/ros/humble/share/sensor_msgs/cmake)
[0.941s] -- Found nav_msgs: 4.2.4 (/opt/ros/humble/share/nav_msgs/cmake)
[1.066s] -- Configuring done
[1.089s] -- Generating done
[1.091s] -- Build files have been written to: /home/victor/caramelo_goiania/src/build/rf2o_laser_odometry
[1.103s] Invoked command in '/home/victor/caramelo_goiania/src/build/rf2o_laser_odometry' returned '0': CMAKE_PREFIX_PATH=/opt/ros/humble /usr/bin/cmake /home/victor/caramelo_goiania/src/rf2o_laser_odometry -DAMENT_CMAKE_SYMLINK_INSTALL=1 -DCMAKE_INSTALL_PREFIX=/home/victor/caramelo_goiania/src/install/rf2o_laser_odometry
[1.105s] Invoking command in '/home/victor/caramelo_goiania/src/build/rf2o_laser_odometry': CMAKE_PREFIX_PATH=/opt/ros/humble /usr/bin/cmake --build /home/victor/caramelo_goiania/src/build/rf2o_laser_odometry -- -j8 -l8
[1.158s] [35m[1mConsolidate compiler generated dependencies of target rf2o_laser_odometry[0m
[1.160s] [35m[1mConsolidate compiler generated dependencies of target rf2o_laser_odometry_node[0m
[1.184s] [ 40%] Built target rf2o_laser_odometry
[1.192s] [100%] Built target rf2o_laser_odometry_node
[1.206s] Invoked command in '/home/victor/caramelo_goiania/src/build/rf2o_laser_odometry' returned '0': CMAKE_PREFIX_PATH=/opt/ros/humble /usr/bin/cmake --build /home/victor/caramelo_goiania/src/build/rf2o_laser_odometry -- -j8 -l8
[1.240s] Invoking command in '/home/victor/caramelo_goiania/src/build/rf2o_laser_odometry': CMAKE_PREFIX_PATH=/opt/ros/humble /usr/bin/cmake --install /home/victor/caramelo_goiania/src/build/rf2o_laser_odometry
[1.250s] -- Install configuration: ""
[1.251s] -- Execute custom install script
[1.251s] -- Up-to-date symlink: /home/victor/caramelo_goiania/src/install/rf2o_laser_odometry/lib/rf2o_laser_odometry/rf2o_laser_odometry_node
[1.252s] -- Up-to-date symlink: /home/victor/caramelo_goiania/src/install/rf2o_laser_odometry/share/rf2o_laser_odometry/launch/rf2o_laser_odometry.launch.py
[1.252s] -- Up-to-date symlink: /home/victor/caramelo_goiania/src/install/rf2o_laser_odometry/share/ament_index/resource_index/package_run_dependencies/rf2o_laser_odometry
[1.252s] -- Up-to-date symlink: /home/victor/caramelo_goiania/src/install/rf2o_laser_odometry/share/ament_index/resource_index/parent_prefix_path/rf2o_laser_odometry
[1.252s] -- Up-to-date symlink: /home/victor/caramelo_goiania/src/install/rf2o_laser_odometry/share/rf2o_laser_odometry/environment/ament_prefix_path.sh
[1.252s] -- Up-to-date symlink: /home/victor/caramelo_goiania/src/install/rf2o_laser_odometry/share/rf2o_laser_odometry/environment/ament_prefix_path.dsv
[1.253s] -- Up-to-date symlink: /home/victor/caramelo_goiania/src/install/rf2o_laser_odometry/share/rf2o_laser_odometry/environment/path.sh
[1.253s] -- Up-to-date symlink: /home/victor/caramelo_goiania/src/install/rf2o_laser_odometry/share/rf2o_laser_odometry/environment/path.dsv
[1.253s] -- Up-to-date symlink: /home/victor/caramelo_goiania/src/install/rf2o_laser_odometry/share/rf2o_laser_odometry/local_setup.bash
[1.253s] -- Up-to-date symlink: /home/victor/caramelo_goiania/src/install/rf2o_laser_odometry/share/rf2o_laser_odometry/local_setup.sh
[1.253s] -- Up-to-date symlink: /home/victor/caramelo_goiania/src/install/rf2o_laser_odometry/share/rf2o_laser_odometry/local_setup.zsh
[1.253s] -- Up-to-date symlink: /home/victor/caramelo_goiania/src/install/rf2o_laser_odometry/share/rf2o_laser_odometry/local_setup.dsv
[1.253s] -- Symlinking: /home/victor/caramelo_goiania/src/install/rf2o_laser_odometry/share/rf2o_laser_odometry/package.dsv
[1.264s] -- Up-to-date symlink: /home/victor/caramelo_goiania/src/install/rf2o_laser_odometry/share/ament_index/resource_index/packages/rf2o_laser_odometry
[1.264s] -- Up-to-date symlink: /home/victor/caramelo_goiania/src/install/rf2o_laser_odometry/share/rf2o_laser_odometry/cmake/rf2o_laser_odometryConfig.cmake
[1.264s] -- Up-to-date symlink: /home/victor/caramelo_goiania/src/install/rf2o_laser_odometry/share/rf2o_laser_odometry/cmake/rf2o_laser_odometryConfig-version.cmake
[1.264s] -- Up-to-date symlink: /home/victor/caramelo_goiania/src/install/rf2o_laser_odometry/share/rf2o_laser_odometry/package.xml
[1.268s] Invoked command in '/home/victor/caramelo_goiania/src/build/rf2o_laser_odometry' returned '0': CMAKE_PREFIX_PATH=/opt/ros/humble /usr/bin/cmake --install /home/victor/caramelo_goiania/src/build/rf2o_laser_odometry
