[0.757s] Invoking command in '/home/victor/caramelo_goiania/src/navegacao_pkg': PYTHONPATH=/home/victor/caramelo_goiania/src/build/navegacao_pkg/prefix_override:/usr/lib/python3/dist-packages/colcon_core/task/python/colcon_distutils_commands:/home/victor/caramelo_goiania/src/install/navegacao_pkg/lib/python3.10/site-packages:${PYTHONPATH} /usr/bin/python3 -W ignore:setup.py install is deprecated setup.py egg_info --egg-base ../build/navegacao_pkg build --build-base /home/victor/caramelo_goiania/src/build/navegacao_pkg/build install --record /home/victor/caramelo_goiania/src/build/navegacao_pkg/install.log --single-version-externally-managed install_data
[0.975s] running egg_info
[0.976s] writing ../build/navegacao_pkg/navegacao_pkg.egg-info/PKG-INFO
[0.976s] writing dependency_links to ../build/navegacao_pkg/navegacao_pkg.egg-info/dependency_links.txt
[0.976s] writing entry points to ../build/navegacao_pkg/navegacao_pkg.egg-info/entry_points.txt
[0.976s] writing requirements to ../build/navegacao_pkg/navegacao_pkg.egg-info/requires.txt
[0.976s] writing top-level names to ../build/navegacao_pkg/navegacao_pkg.egg-info/top_level.txt
[0.978s] reading manifest file '../build/navegacao_pkg/navegacao_pkg.egg-info/SOURCES.txt'
[0.978s] writing manifest file '../build/navegacao_pkg/navegacao_pkg.egg-info/SOURCES.txt'
[0.979s] running build
[0.979s] running build_py
[0.979s] running install
[0.979s] running install_lib
[0.980s] running install_data
[0.981s] running install_egg_info
[0.983s] removing '/home/victor/caramelo_goiania/src/install/navegacao_pkg/lib/python3.10/site-packages/navegacao_pkg-0.0.0-py3.10.egg-info' (and everything under it)
[0.983s] Copying ../build/navegacao_pkg/navegacao_pkg.egg-info to /home/victor/caramelo_goiania/src/install/navegacao_pkg/lib/python3.10/site-packages/navegacao_pkg-0.0.0-py3.10.egg-info
[0.983s] running install_scripts
[1.001s] Installing camera_node script to /home/victor/caramelo_goiania/src/install/navegacao_pkg/lib/navegacao_pkg
[1.001s] Installing cinematica script to /home/victor/caramelo_goiania/src/install/navegacao_pkg/lib/navegacao_pkg
[1.001s] Installing segue_linha script to /home/victor/caramelo_goiania/src/install/navegacao_pkg/lib/navegacao_pkg
[1.001s] Installing segue_pid script to /home/victor/caramelo_goiania/src/install/navegacao_pkg/lib/navegacao_pkg
[1.001s] Installing serial_node_arduino script to /home/victor/caramelo_goiania/src/install/navegacao_pkg/lib/navegacao_pkg
[1.002s] writing list of installed files to '/home/victor/caramelo_goiania/src/build/navegacao_pkg/install.log'
[1.020s] Invoked command in '/home/victor/caramelo_goiania/src/navegacao_pkg' returned '0': PYTHONPATH=/home/victor/caramelo_goiania/src/build/navegacao_pkg/prefix_override:/usr/lib/python3/dist-packages/colcon_core/task/python/colcon_distutils_commands:/home/victor/caramelo_goiania/src/install/navegacao_pkg/lib/python3.10/site-packages:${PYTHONPATH} /usr/bin/python3 -W ignore:setup.py install is deprecated setup.py egg_info --egg-base ../build/navegacao_pkg build --build-base /home/victor/caramelo_goiania/src/build/navegacao_pkg/build install --record /home/victor/caramelo_goiania/src/build/navegacao_pkg/install.log --single-version-externally-managed install_data
