[0.039s] Invoking command in '/home/victor/caramelo_goiania/src/build/grid_map_cv': AMENT_PREFIX_PATH=/home/victor/caramelo_goiania/src/install/grid_map_core:/home/victor/caramelo_goiania/src/install/grid_map_cmake_helpers:${AMENT_PREFIX_PATH} CMAKE_PREFIX_PATH=/home/victor/caramelo_goiania/src/install/grid_map_core:/home/victor/caramelo_goiania/src/install/grid_map_cmake_helpers:/home/victor/caramelo_goiania/install/sllidar_ros2:/home/victor/caramelo_goiania/install/rplidar_ros:/home/victor/caramelo_goiania/install/rf2o_laser_odometry:/home/victor/caramelo_goiania/src/install/sllidar_ros2:/home/victor/caramelo_goiania/src/install/rplidar_ros:/home/victor/caramelo_goiania/src/install/navegacao_pkg:/home/victor/caramelo_goiania/install/navegacao_pkg:/opt/ros/humble LD_LIBRARY_PATH=/home/victor/caramelo_goiania/src/install/grid_map_core/lib:${LD_LIBRARY_PATH} /usr/bin/cmake /home/victor/caramelo_goiania/src/grid_map/grid_map_cv -DAMENT_CMAKE_SYMLINK_INSTALL=1 -DCMAKE_INSTALL_PREFIX=/home/victor/caramelo_goiania/src/install/grid_map_cv
[0.171s] -- The C compiler identification is GNU 11.4.0
[0.272s] -- The CXX compiler identification is GNU 11.4.0
[0.290s] -- Detecting C compiler ABI info
[0.407s] -- Detecting C compiler ABI info - done
[0.424s] -- Check for working C compiler: /usr/bin/cc - skipped
[0.428s] -- Detecting C compile features
[0.428s] -- Detecting C compile features - done
[0.455s] -- Detecting CXX compiler ABI info
[0.637s] -- Detecting CXX compiler ABI info - done
[0.652s] -- Check for working CXX compiler: /usr/bin/c++ - skipped
[0.653s] -- Detecting CXX compile features
[0.654s] -- Detecting CXX compile features - done
[0.660s] -- Found ament_cmake: 1.3.10 (/opt/ros/humble/share/ament_cmake/cmake)
[0.932s] -- Found Python3: /usr/bin/python3 (found version "3.10.12") found components: Interpreter 
[1.076s] -- Override CMake install command with custom implementation using symlinks instead of copying resources
[1.148s] -- Found cv_bridge: 3.2.1 (/opt/ros/humble/share/cv_bridge/cmake)
[1.270s] -- Found rosidl_generator_c: 3.1.5 (/opt/ros/humble/share/rosidl_generator_c/cmake)
[1.284s] -- Found rosidl_adapter: 3.1.5 (/opt/ros/humble/share/rosidl_adapter/cmake)
[1.307s] -- Found rosidl_generator_cpp: 3.1.5 (/opt/ros/humble/share/rosidl_generator_cpp/cmake)
[1.335s] -- Using all available rosidl_typesupport_c: rosidl_typesupport_fastrtps_c;rosidl_typesupport_introspection_c
[1.377s] -- Using all available rosidl_typesupport_cpp: rosidl_typesupport_fastrtps_cpp;rosidl_typesupport_introspection_cpp
[1.534s] -- Found filters: 2.1.0 (/opt/ros/humble/share/filters/cmake)
[1.539s] -- Found grid_map_cmake_helpers: 2.0.0 (/home/victor/caramelo_goiania/src/install/grid_map_cmake_helpers/share/grid_map_cmake_helpers/cmake)
[1.539s] -- Found grid_map_core: 2.0.0 (/home/victor/caramelo_goiania/src/install/grid_map_core/share/grid_map_core/cmake)
[1.560s] -- Found pluginlib: 5.1.0 (/opt/ros/humble/share/pluginlib/cmake)
[1.617s] -- Found rclcpp: 16.0.10 (/opt/ros/humble/share/rclcpp/cmake)
[1.679s] -- Found rmw_implementation_cmake: 6.1.2 (/opt/ros/humble/share/rmw_implementation_cmake/cmake)
[1.685s] -- Found rmw_fastrtps_cpp: 6.2.7 (/opt/ros/humble/share/rmw_fastrtps_cpp/cmake)
[1.746s] -- Found TinyXML2 via Config file: TinyXML2_DIR-NOTFOUND
[1.926s] -- Found OpenSSL: /usr/lib/x86_64-linux-gnu/libcrypto.so (found version "3.0.2")  
[1.943s] -- Found TinyXML2 via Config file: TinyXML2_DIR-NOTFOUND
[1.985s] -- Found FastRTPS: /opt/ros/humble/include  
[1.991s] -- Found TinyXML2 via Config file: TinyXML2_DIR-NOTFOUND
[2.015s] -- Found TinyXML2 via Config file: TinyXML2_DIR-NOTFOUND
[2.077s] -- Using RMW implementation 'rmw_fastrtps_cpp' as default
[2.149s] -- Looking for pthread.h
[2.402s] -- Looking for pthread.h - found
[2.404s] -- Performing Test CMAKE_HAVE_LIBC_PTHREAD
[2.660s] -- Performing Test CMAKE_HAVE_LIBC_PTHREAD - Success
[2.662s] -- Found Threads: TRUE  
[2.761s] -- Found OpenCV: /usr (found version "4.5.4") found components: photo 
[2.763s] -- Setting build type to Release as none was specified.
[2.771s] -- Found ament_lint_auto: 0.12.11 (/opt/ros/humble/share/ament_lint_auto/cmake)
[3.165s] -- Found gtest sources under '/opt/ros/humble/src/gtest_vendor': C++ tests using 'Google Test' will be built
[3.202s] -- Added test 'cppcheck' to perform static code analysis on C / C++ code
[3.204s] -- Configured cppcheck include dirs: /home/victor/caramelo_goiania/src/grid_map/grid_map_cv/include
[3.205s] -- Configured cppcheck exclude dirs and/or files: 
[3.208s] -- Added test 'lint_cmake' to check CMake code style
[3.211s] -- Added test 'uncrustify' to check C / C++ code style
[3.212s] -- Configured uncrustify additional arguments: 
[3.216s] -- Added test 'xmllint' to check XML markup files
[3.229s] -- Configuring done
[3.299s] -- Generating done
[3.311s] -- Build files have been written to: /home/victor/caramelo_goiania/src/build/grid_map_cv
[3.346s] Invoked command in '/home/victor/caramelo_goiania/src/build/grid_map_cv' returned '0': AMENT_PREFIX_PATH=/home/victor/caramelo_goiania/src/install/grid_map_core:/home/victor/caramelo_goiania/src/install/grid_map_cmake_helpers:${AMENT_PREFIX_PATH} CMAKE_PREFIX_PATH=/home/victor/caramelo_goiania/src/install/grid_map_core:/home/victor/caramelo_goiania/src/install/grid_map_cmake_helpers:/home/victor/caramelo_goiania/install/sllidar_ros2:/home/victor/caramelo_goiania/install/rplidar_ros:/home/victor/caramelo_goiania/install/rf2o_laser_odometry:/home/victor/caramelo_goiania/src/install/sllidar_ros2:/home/victor/caramelo_goiania/src/install/rplidar_ros:/home/victor/caramelo_goiania/src/install/navegacao_pkg:/home/victor/caramelo_goiania/install/navegacao_pkg:/opt/ros/humble LD_LIBRARY_PATH=/home/victor/caramelo_goiania/src/install/grid_map_core/lib:${LD_LIBRARY_PATH} /usr/bin/cmake /home/victor/caramelo_goiania/src/grid_map/grid_map_cv -DAMENT_CMAKE_SYMLINK_INSTALL=1 -DCMAKE_INSTALL_PREFIX=/home/victor/caramelo_goiania/src/install/grid_map_cv
[3.347s] Invoking command in '/home/victor/caramelo_goiania/src/build/grid_map_cv': AMENT_PREFIX_PATH=/home/victor/caramelo_goiania/src/install/grid_map_core:/home/victor/caramelo_goiania/src/install/grid_map_cmake_helpers:${AMENT_PREFIX_PATH} CMAKE_PREFIX_PATH=/home/victor/caramelo_goiania/src/install/grid_map_core:/home/victor/caramelo_goiania/src/install/grid_map_cmake_helpers:/home/victor/caramelo_goiania/install/sllidar_ros2:/home/victor/caramelo_goiania/install/rplidar_ros:/home/victor/caramelo_goiania/install/rf2o_laser_odometry:/home/victor/caramelo_goiania/src/install/sllidar_ros2:/home/victor/caramelo_goiania/src/install/rplidar_ros:/home/victor/caramelo_goiania/src/install/navegacao_pkg:/home/victor/caramelo_goiania/install/navegacao_pkg:/opt/ros/humble LD_LIBRARY_PATH=/home/victor/caramelo_goiania/src/install/grid_map_core/lib:${LD_LIBRARY_PATH} /usr/bin/cmake --build /home/victor/caramelo_goiania/src/build/grid_map_cv -- -j8 -l8
[3.578s] [  9%] [32mBuilding CXX object gtest/CMakeFiles/gtest.dir/src/gtest-all.cc.o[0m
[3.582s] [ 18%] [32mBuilding CXX object CMakeFiles/grid_map_cv.dir/src/GridMapCvProcessing.cpp.o[0m
[3.586s] [ 27%] [32mBuilding CXX object gtest/CMakeFiles/gtest_main.dir/src/gtest_main.cc.o[0m
[3.606s] [ 36%] [32mBuilding CXX object CMakeFiles/grid_map_cv.dir/src/InpaintFilter.cpp.o[0m
[7.552s] [ 45%] [32m[1mLinking CXX static library libgtest_main.a[0m
[7.687s] [ 45%] Built target gtest_main
[19.070s] [ 54%] [32m[1mLinking CXX shared library libgrid_map_cv.so[0m
[19.388s] [ 54%] Built target grid_map_cv
[19.965s] [ 63%] [32m[1mLinking CXX static library libgtest.a[0m
[20.012s] [ 63%] Built target gtest
[20.040s] [ 72%] [32mBuilding CXX object CMakeFiles/grid_map_cv-test.dir/test/test_grid_map_cv.cpp.o[0m
[21.355s] [ 81%] [32mBuilding CXX object CMakeFiles/grid_map_cv-test.dir/test/GridMapCvProcessingTest.cpp.o[0m
[25.200s] [ 90%] [32mBuilding CXX object CMakeFiles/grid_map_cv-test.dir/test/GridMapCvTest.cpp.o[0m
[29.898s] [100%] [32m[1mLinking CXX executable grid_map_cv-test[0m
[30.075s] [100%] Built target grid_map_cv-test
[30.088s] Invoked command in '/home/victor/caramelo_goiania/src/build/grid_map_cv' returned '0': AMENT_PREFIX_PATH=/home/victor/caramelo_goiania/src/install/grid_map_core:/home/victor/caramelo_goiania/src/install/grid_map_cmake_helpers:${AMENT_PREFIX_PATH} CMAKE_PREFIX_PATH=/home/victor/caramelo_goiania/src/install/grid_map_core:/home/victor/caramelo_goiania/src/install/grid_map_cmake_helpers:/home/victor/caramelo_goiania/install/sllidar_ros2:/home/victor/caramelo_goiania/install/rplidar_ros:/home/victor/caramelo_goiania/install/rf2o_laser_odometry:/home/victor/caramelo_goiania/src/install/sllidar_ros2:/home/victor/caramelo_goiania/src/install/rplidar_ros:/home/victor/caramelo_goiania/src/install/navegacao_pkg:/home/victor/caramelo_goiania/install/navegacao_pkg:/opt/ros/humble LD_LIBRARY_PATH=/home/victor/caramelo_goiania/src/install/grid_map_core/lib:${LD_LIBRARY_PATH} /usr/bin/cmake --build /home/victor/caramelo_goiania/src/build/grid_map_cv -- -j8 -l8
[30.128s] Invoking command in '/home/victor/caramelo_goiania/src/build/grid_map_cv': AMENT_PREFIX_PATH=/home/victor/caramelo_goiania/src/install/grid_map_core:/home/victor/caramelo_goiania/src/install/grid_map_cmake_helpers:${AMENT_PREFIX_PATH} CMAKE_PREFIX_PATH=/home/victor/caramelo_goiania/src/install/grid_map_core:/home/victor/caramelo_goiania/src/install/grid_map_cmake_helpers:/home/victor/caramelo_goiania/install/sllidar_ros2:/home/victor/caramelo_goiania/install/rplidar_ros:/home/victor/caramelo_goiania/install/rf2o_laser_odometry:/home/victor/caramelo_goiania/src/install/sllidar_ros2:/home/victor/caramelo_goiania/src/install/rplidar_ros:/home/victor/caramelo_goiania/src/install/navegacao_pkg:/home/victor/caramelo_goiania/install/navegacao_pkg:/opt/ros/humble LD_LIBRARY_PATH=/home/victor/caramelo_goiania/src/install/grid_map_core/lib:${LD_LIBRARY_PATH} /usr/bin/cmake --install /home/victor/caramelo_goiania/src/build/grid_map_cv
[30.136s] -- Install configuration: "Release"
[30.136s] -- Execute custom install script
[30.137s] -- Symlinking: /home/victor/caramelo_goiania/src/install/grid_map_cv/lib/libgrid_map_cv.so
[30.148s] -- Symlinking: /home/victor/caramelo_goiania/src/install/grid_map_cv/share/grid_map_cv/filter_plugins.xml
[30.158s] -- Symlinking: /home/victor/caramelo_goiania/src/install/grid_map_cv/share/grid_map_cv/environment/library_path.sh
[30.168s] -- Symlinking: /home/victor/caramelo_goiania/src/install/grid_map_cv/share/grid_map_cv/environment/library_path.dsv
[30.181s] -- Up-to-date symlink: /home/victor/caramelo_goiania/src/install/grid_map_cv/share/grid_map_cv//filter_plugins.xml
[30.181s] -- Symlinking: /home/victor/caramelo_goiania/src/install/grid_map_cv/share/ament_index/resource_index/package_run_dependencies/grid_map_cv
[30.192s] -- Symlinking: /home/victor/caramelo_goiania/src/install/grid_map_cv/share/ament_index/resource_index/parent_prefix_path/grid_map_cv
[30.201s] -- Symlinking: /home/victor/caramelo_goiania/src/install/grid_map_cv/share/grid_map_cv/environment/ament_prefix_path.sh
[30.211s] -- Symlinking: /home/victor/caramelo_goiania/src/install/grid_map_cv/share/grid_map_cv/environment/ament_prefix_path.dsv
[30.222s] -- Symlinking: /home/victor/caramelo_goiania/src/install/grid_map_cv/share/grid_map_cv/environment/path.sh
[30.233s] -- Symlinking: /home/victor/caramelo_goiania/src/install/grid_map_cv/share/grid_map_cv/environment/path.dsv
[30.242s] -- Symlinking: /home/victor/caramelo_goiania/src/install/grid_map_cv/share/grid_map_cv/local_setup.bash
[30.252s] -- Symlinking: /home/victor/caramelo_goiania/src/install/grid_map_cv/share/grid_map_cv/local_setup.sh
[30.264s] -- Symlinking: /home/victor/caramelo_goiania/src/install/grid_map_cv/share/grid_map_cv/local_setup.zsh
[30.274s] -- Symlinking: /home/victor/caramelo_goiania/src/install/grid_map_cv/share/grid_map_cv/local_setup.dsv
[30.284s] -- Symlinking: /home/victor/caramelo_goiania/src/install/grid_map_cv/share/grid_map_cv/package.dsv
[30.294s] -- Symlinking: /home/victor/caramelo_goiania/src/install/grid_map_cv/share/ament_index/resource_index/packages/grid_map_cv
[30.305s] -- Symlinking: /home/victor/caramelo_goiania/src/install/grid_map_cv/share/ament_index/resource_index/filters__pluginlib__plugin/grid_map_cv
[30.315s] -- Symlinking: /home/victor/caramelo_goiania/src/install/grid_map_cv/share/grid_map_cv/cmake/ament_cmake_export_include_directories-extras.cmake
[30.324s] -- Symlinking: /home/victor/caramelo_goiania/src/install/grid_map_cv/share/grid_map_cv/cmake/ament_cmake_export_libraries-extras.cmake
[30.339s] -- Symlinking: /home/victor/caramelo_goiania/src/install/grid_map_cv/share/grid_map_cv/cmake/ament_cmake_export_dependencies-extras.cmake
[30.349s] -- Symlinking: /home/victor/caramelo_goiania/src/install/grid_map_cv/share/grid_map_cv/cmake/grid_map_cvConfig.cmake
[30.358s] -- Symlinking: /home/victor/caramelo_goiania/src/install/grid_map_cv/share/grid_map_cv/cmake/grid_map_cvConfig-version.cmake
[30.368s] -- Symlinking: /home/victor/caramelo_goiania/src/install/grid_map_cv/share/grid_map_cv/package.xml
[30.379s] -- Installing: /home/victor/caramelo_goiania/src/install/grid_map_cv/include/grid_map_cv
[30.379s] -- Installing: /home/victor/caramelo_goiania/src/install/grid_map_cv/include/grid_map_cv/GridMapCvProcessing.hpp
[30.380s] -- Installing: /home/victor/caramelo_goiania/src/install/grid_map_cv/include/grid_map_cv/grid_map_cv.hpp
[30.380s] -- Installing: /home/victor/caramelo_goiania/src/install/grid_map_cv/include/grid_map_cv/GridMapCvConverter.hpp
[30.380s] -- Installing: /home/victor/caramelo_goiania/src/install/grid_map_cv/include/grid_map_cv/InpaintFilter.hpp
[30.380s] -- Installing: /home/victor/caramelo_goiania/src/install/grid_map_cv/include/grid_map_cv/utilities.hpp
[30.383s] Invoked command in '/home/victor/caramelo_goiania/src/build/grid_map_cv' returned '0': AMENT_PREFIX_PATH=/home/victor/caramelo_goiania/src/install/grid_map_core:/home/victor/caramelo_goiania/src/install/grid_map_cmake_helpers:${AMENT_PREFIX_PATH} CMAKE_PREFIX_PATH=/home/victor/caramelo_goiania/src/install/grid_map_core:/home/victor/caramelo_goiania/src/install/grid_map_cmake_helpers:/home/victor/caramelo_goiania/install/sllidar_ros2:/home/victor/caramelo_goiania/install/rplidar_ros:/home/victor/caramelo_goiania/install/rf2o_laser_odometry:/home/victor/caramelo_goiania/src/install/sllidar_ros2:/home/victor/caramelo_goiania/src/install/rplidar_ros:/home/victor/caramelo_goiania/src/install/navegacao_pkg:/home/victor/caramelo_goiania/install/navegacao_pkg:/opt/ros/humble LD_LIBRARY_PATH=/home/victor/caramelo_goiania/src/install/grid_map_core/lib:${LD_LIBRARY_PATH} /usr/bin/cmake --install /home/victor/caramelo_goiania/src/build/grid_map_cv
