[0.761s] Invoking command in '/home/victor/caramelo_goiania/src/navegacao_pkg': PYTHONPATH=/home/victor/caramelo_goiania/build/navegacao_pkg/prefix_override:/usr/lib/python3/dist-packages/colcon_core/task/python/colcon_distutils_commands:/home/victor/caramelo_goiania/install/navegacao_pkg/lib/python3.10/site-packages:${PYTHONPATH} /usr/bin/python3 -W ignore:setup.py install is deprecated setup.py egg_info --egg-base ../../build/navegacao_pkg build --build-base /home/victor/caramelo_goiania/build/navegacao_pkg/build install --record /home/victor/caramelo_goiania/build/navegacao_pkg/install.log --single-version-externally-managed install_data
[0.981s] running egg_info
[0.982s] writing ../../build/navegacao_pkg/navegacao_pkg.egg-info/PKG-INFO
[0.982s] writing dependency_links to ../../build/navegacao_pkg/navegacao_pkg.egg-info/dependency_links.txt
[0.982s] writing entry points to ../../build/navegacao_pkg/navegacao_pkg.egg-info/entry_points.txt
[0.982s] writing requirements to ../../build/navegacao_pkg/navegacao_pkg.egg-info/requires.txt
[0.983s] writing top-level names to ../../build/navegacao_pkg/navegacao_pkg.egg-info/top_level.txt
[0.984s] reading manifest file '../../build/navegacao_pkg/navegacao_pkg.egg-info/SOURCES.txt'
[0.991s] writing manifest file '../../build/navegacao_pkg/navegacao_pkg.egg-info/SOURCES.txt'
[0.991s] running build
[0.991s] running build_py
[0.991s] copying navegacao_pkg/serial_node_arduino.py -> /home/victor/caramelo_goiania/build/navegacao_pkg/build/lib/navegacao_pkg
[0.991s] copying navegacao_pkg/cinamatica.py -> /home/victor/caramelo_goiania/build/navegacao_pkg/build/lib/navegacao_pkg
[0.992s] running install
[0.992s] running install_lib
[0.993s] copying /home/victor/caramelo_goiania/build/navegacao_pkg/build/lib/navegacao_pkg/serial_node_arduino.py -> /home/victor/caramelo_goiania/install/navegacao_pkg/lib/python3.10/site-packages/navegacao_pkg
[0.993s] copying /home/victor/caramelo_goiania/build/navegacao_pkg/build/lib/navegacao_pkg/cinamatica.py -> /home/victor/caramelo_goiania/install/navegacao_pkg/lib/python3.10/site-packages/navegacao_pkg
[0.994s] byte-compiling /home/victor/caramelo_goiania/install/navegacao_pkg/lib/python3.10/site-packages/navegacao_pkg/serial_node_arduino.py to serial_node_arduino.cpython-310.pyc
[0.995s] byte-compiling /home/victor/caramelo_goiania/install/navegacao_pkg/lib/python3.10/site-packages/navegacao_pkg/cinamatica.py to cinamatica.cpython-310.pyc
[0.996s] running install_data
[0.996s] running install_egg_info
[0.998s] removing '/home/victor/caramelo_goiania/install/navegacao_pkg/lib/python3.10/site-packages/navegacao_pkg-0.0.0-py3.10.egg-info' (and everything under it)
[0.998s] Copying ../../build/navegacao_pkg/navegacao_pkg.egg-info to /home/victor/caramelo_goiania/install/navegacao_pkg/lib/python3.10/site-packages/navegacao_pkg-0.0.0-py3.10.egg-info
[0.999s] running install_scripts
[1.016s] Installing camera_node script to /home/victor/caramelo_goiania/install/navegacao_pkg/lib/navegacao_pkg
[1.016s] Installing cinematica script to /home/victor/caramelo_goiania/install/navegacao_pkg/lib/navegacao_pkg
[1.016s] Installing segue_linha script to /home/victor/caramelo_goiania/install/navegacao_pkg/lib/navegacao_pkg
[1.016s] Installing segue_pid script to /home/victor/caramelo_goiania/install/navegacao_pkg/lib/navegacao_pkg
[1.017s] Installing serial_node_arduino script to /home/victor/caramelo_goiania/install/navegacao_pkg/lib/navegacao_pkg
[1.017s] writing list of installed files to '/home/victor/caramelo_goiania/build/navegacao_pkg/install.log'
[1.037s] Invoked command in '/home/victor/caramelo_goiania/src/navegacao_pkg' returned '0': PYTHONPATH=/home/victor/caramelo_goiania/build/navegacao_pkg/prefix_override:/usr/lib/python3/dist-packages/colcon_core/task/python/colcon_distutils_commands:/home/victor/caramelo_goiania/install/navegacao_pkg/lib/python3.10/site-packages:${PYTHONPATH} /usr/bin/python3 -W ignore:setup.py install is deprecated setup.py egg_info --egg-base ../../build/navegacao_pkg build --build-base /home/victor/caramelo_goiania/build/navegacao_pkg/build install --record /home/victor/caramelo_goiania/build/navegacao_pkg/install.log --single-version-externally-managed install_data
