[1.063s] Invoking command in '/home/atwork/caramelo_goiania/src/navegacao_pkg': PYTHONPATH=/home/atwork/caramelo_goiania/build/navegacao_pkg/prefix_override:/usr/lib/python3/dist-packages/colcon_core/task/python/colcon_distutils_commands:/home/atwork/caramelo_goiania/install/navegacao_pkg/lib/python3.10/site-packages:${PYTHONPATH} /usr/bin/python3 -W ignore:setup.py install is deprecated setup.py egg_info --egg-base ../../build/navegacao_pkg build --build-base /home/atwork/caramelo_goiania/build/navegacao_pkg/build install --record /home/atwork/caramelo_goiania/build/navegacao_pkg/install.log --single-version-externally-managed install_data
[1.320s] running egg_info
[1.320s] creating ../../build/navegacao_pkg/navegacao_pkg.egg-info
[1.320s] writing ../../build/navegacao_pkg/navegacao_pkg.egg-info/PKG-INFO
[1.320s] writing dependency_links to ../../build/navegacao_pkg/navegacao_pkg.egg-info/dependency_links.txt
[1.320s] writing entry points to ../../build/navegacao_pkg/navegacao_pkg.egg-info/entry_points.txt
[1.320s] writing requirements to ../../build/navegacao_pkg/navegacao_pkg.egg-info/requires.txt
[1.320s] writing top-level names to ../../build/navegacao_pkg/navegacao_pkg.egg-info/top_level.txt
[1.320s] writing manifest file '../../build/navegacao_pkg/navegacao_pkg.egg-info/SOURCES.txt'
[1.321s] reading manifest file '../../build/navegacao_pkg/navegacao_pkg.egg-info/SOURCES.txt'
[1.321s] writing manifest file '../../build/navegacao_pkg/navegacao_pkg.egg-info/SOURCES.txt'
[1.321s] running build
[1.321s] running build_py
[1.322s] creating /home/atwork/caramelo_goiania/build/navegacao_pkg/build
[1.322s] creating /home/atwork/caramelo_goiania/build/navegacao_pkg/build/lib
[1.322s] creating /home/atwork/caramelo_goiania/build/navegacao_pkg/build/lib/navegacao_pkg
[1.322s] copying navegacao_pkg/serial_node_isaac.py -> /home/atwork/caramelo_goiania/build/navegacao_pkg/build/lib/navegacao_pkg
[1.323s] copying navegacao_pkg/segue_linha.py -> /home/atwork/caramelo_goiania/build/navegacao_pkg/build/lib/navegacao_pkg
[1.324s] copying navegacao_pkg/segue_pid.py -> /home/atwork/caramelo_goiania/build/navegacao_pkg/build/lib/navegacao_pkg
[1.324s] copying navegacao_pkg/serial_node_arduino.py -> /home/atwork/caramelo_goiania/build/navegacao_pkg/build/lib/navegacao_pkg
[1.324s] copying navegacao_pkg/__init__.py -> /home/atwork/caramelo_goiania/build/navegacao_pkg/build/lib/navegacao_pkg
[1.324s] running install
[1.324s] running install_lib
[1.325s] creating /home/atwork/caramelo_goiania/install/navegacao_pkg/lib/python3.10/site-packages/navegacao_pkg
[1.325s] copying /home/atwork/caramelo_goiania/build/navegacao_pkg/build/lib/navegacao_pkg/serial_node_isaac.py -> /home/atwork/caramelo_goiania/install/navegacao_pkg/lib/python3.10/site-packages/navegacao_pkg
[1.325s] copying /home/atwork/caramelo_goiania/build/navegacao_pkg/build/lib/navegacao_pkg/segue_linha.py -> /home/atwork/caramelo_goiania/install/navegacao_pkg/lib/python3.10/site-packages/navegacao_pkg
[1.325s] copying /home/atwork/caramelo_goiania/build/navegacao_pkg/build/lib/navegacao_pkg/segue_pid.py -> /home/atwork/caramelo_goiania/install/navegacao_pkg/lib/python3.10/site-packages/navegacao_pkg
[1.325s] copying /home/atwork/caramelo_goiania/build/navegacao_pkg/build/lib/navegacao_pkg/serial_node_arduino.py -> /home/atwork/caramelo_goiania/install/navegacao_pkg/lib/python3.10/site-packages/navegacao_pkg
[1.325s] copying /home/atwork/caramelo_goiania/build/navegacao_pkg/build/lib/navegacao_pkg/__init__.py -> /home/atwork/caramelo_goiania/install/navegacao_pkg/lib/python3.10/site-packages/navegacao_pkg
[1.325s] byte-compiling /home/atwork/caramelo_goiania/install/navegacao_pkg/lib/python3.10/site-packages/navegacao_pkg/serial_node_isaac.py to serial_node_isaac.cpython-310.pyc
[1.326s] byte-compiling /home/atwork/caramelo_goiania/install/navegacao_pkg/lib/python3.10/site-packages/navegacao_pkg/segue_linha.py to segue_linha.cpython-310.pyc
[1.326s] byte-compiling /home/atwork/caramelo_goiania/install/navegacao_pkg/lib/python3.10/site-packages/navegacao_pkg/segue_pid.py to segue_pid.cpython-310.pyc
[1.327s] byte-compiling /home/atwork/caramelo_goiania/install/navegacao_pkg/lib/python3.10/site-packages/navegacao_pkg/serial_node_arduino.py to serial_node_arduino.cpython-310.pyc
[1.327s] byte-compiling /home/atwork/caramelo_goiania/install/navegacao_pkg/lib/python3.10/site-packages/navegacao_pkg/__init__.py to __init__.cpython-310.pyc
[1.327s] running install_data
[1.327s] creating /home/atwork/caramelo_goiania/install/navegacao_pkg/share/ament_index
[1.327s] creating /home/atwork/caramelo_goiania/install/navegacao_pkg/share/ament_index/resource_index
[1.327s] creating /home/atwork/caramelo_goiania/install/navegacao_pkg/share/ament_index/resource_index/packages
[1.327s] copying resource/navegacao_pkg -> /home/atwork/caramelo_goiania/install/navegacao_pkg/share/ament_index/resource_index/packages
[1.327s] copying package.xml -> /home/atwork/caramelo_goiania/install/navegacao_pkg/share/navegacao_pkg
[1.327s] running install_egg_info
[1.329s] Copying ../../build/navegacao_pkg/navegacao_pkg.egg-info to /home/atwork/caramelo_goiania/install/navegacao_pkg/lib/python3.10/site-packages/navegacao_pkg-0.0.0-py3.10.egg-info
[1.329s] running install_scripts
[1.339s] Installing segue_linha script to /home/atwork/caramelo_goiania/install/navegacao_pkg/lib/navegacao_pkg
[1.339s] Installing serial_node_arduino script to /home/atwork/caramelo_goiania/install/navegacao_pkg/lib/navegacao_pkg
[1.339s] Installing serial_node_isaac script to /home/atwork/caramelo_goiania/install/navegacao_pkg/lib/navegacao_pkg
[1.339s] writing list of installed files to '/home/atwork/caramelo_goiania/build/navegacao_pkg/install.log'
[1.351s] Invoked command in '/home/atwork/caramelo_goiania/src/navegacao_pkg' returned '0': PYTHONPATH=/home/atwork/caramelo_goiania/build/navegacao_pkg/prefix_override:/usr/lib/python3/dist-packages/colcon_core/task/python/colcon_distutils_commands:/home/atwork/caramelo_goiania/install/navegacao_pkg/lib/python3.10/site-packages:${PYTHONPATH} /usr/bin/python3 -W ignore:setup.py install is deprecated setup.py egg_info --egg-base ../../build/navegacao_pkg build --build-base /home/atwork/caramelo_goiania/build/navegacao_pkg/build install --record /home/atwork/caramelo_goiania/build/navegacao_pkg/install.log --single-version-externally-managed install_data
