[1.047s] Invoking command in '/home/victor/caramelo_goiania/src/movimentacao_pkg': PYTHONPATH=/home/victor/caramelo_goiania/build/movimentacao_pkg/prefix_override:/usr/lib/python3/dist-packages/colcon_core/task/python/colcon_distutils_commands:/home/victor/caramelo_goiania/install/movimentacao_pkg/lib/python3.10/site-packages:${PYTHONPATH} /usr/bin/python3 -W ignore:setup.py install is deprecated setup.py egg_info --egg-base ../../build/movimentacao_pkg build --build-base /home/victor/caramelo_goiania/build/movimentacao_pkg/build install --record /home/victor/caramelo_goiania/build/movimentacao_pkg/install.log --single-version-externally-managed install_data
[1.275s] running egg_info
[1.275s] creating ../../build/movimentacao_pkg/movimentacao_pkg.egg-info
[1.275s] writing ../../build/movimentacao_pkg/movimentacao_pkg.egg-info/PKG-INFO
[1.276s] writing dependency_links to ../../build/movimentacao_pkg/movimentacao_pkg.egg-info/dependency_links.txt
[1.276s] writing entry points to ../../build/movimentacao_pkg/movimentacao_pkg.egg-info/entry_points.txt
[1.276s] writing requirements to ../../build/movimentacao_pkg/movimentacao_pkg.egg-info/requires.txt
[1.276s] writing top-level names to ../../build/movimentacao_pkg/movimentacao_pkg.egg-info/top_level.txt
[1.276s] writing manifest file '../../build/movimentacao_pkg/movimentacao_pkg.egg-info/SOURCES.txt'
[1.278s] reading manifest file '../../build/movimentacao_pkg/movimentacao_pkg.egg-info/SOURCES.txt'
[1.279s] writing manifest file '../../build/movimentacao_pkg/movimentacao_pkg.egg-info/SOURCES.txt'
[1.279s] running build
[1.279s] running build_py
[1.279s] creating /home/victor/caramelo_goiania/build/movimentacao_pkg/build
[1.279s] creating /home/victor/caramelo_goiania/build/movimentacao_pkg/build/lib
[1.280s] creating /home/victor/caramelo_goiania/build/movimentacao_pkg/build/lib/movimentacao_pkg
[1.280s] copying movimentacao_pkg/cinematica.py -> /home/victor/caramelo_goiania/build/movimentacao_pkg/build/lib/movimentacao_pkg
[1.280s] copying movimentacao_pkg/serial_node_arduino.py -> /home/victor/caramelo_goiania/build/movimentacao_pkg/build/lib/movimentacao_pkg
[1.280s] copying movimentacao_pkg/__init__.py -> /home/victor/caramelo_goiania/build/movimentacao_pkg/build/lib/movimentacao_pkg
[1.280s] running install
[1.280s] running install_lib
[1.281s] creating /home/victor/caramelo_goiania/install/movimentacao_pkg/lib/python3.10/site-packages/movimentacao_pkg
[1.281s] copying /home/victor/caramelo_goiania/build/movimentacao_pkg/build/lib/movimentacao_pkg/cinematica.py -> /home/victor/caramelo_goiania/install/movimentacao_pkg/lib/python3.10/site-packages/movimentacao_pkg
[1.281s] copying /home/victor/caramelo_goiania/build/movimentacao_pkg/build/lib/movimentacao_pkg/serial_node_arduino.py -> /home/victor/caramelo_goiania/install/movimentacao_pkg/lib/python3.10/site-packages/movimentacao_pkg
[1.281s] copying /home/victor/caramelo_goiania/build/movimentacao_pkg/build/lib/movimentacao_pkg/__init__.py -> /home/victor/caramelo_goiania/install/movimentacao_pkg/lib/python3.10/site-packages/movimentacao_pkg
[1.282s] byte-compiling /home/victor/caramelo_goiania/install/movimentacao_pkg/lib/python3.10/site-packages/movimentacao_pkg/cinematica.py to cinematica.cpython-310.pyc
[1.283s] byte-compiling /home/victor/caramelo_goiania/install/movimentacao_pkg/lib/python3.10/site-packages/movimentacao_pkg/serial_node_arduino.py to serial_node_arduino.cpython-310.pyc
[1.284s] byte-compiling /home/victor/caramelo_goiania/install/movimentacao_pkg/lib/python3.10/site-packages/movimentacao_pkg/__init__.py to __init__.cpython-310.pyc
[1.284s] running install_data
[1.284s] creating /home/victor/caramelo_goiania/install/movimentacao_pkg/share/ament_index
[1.284s] creating /home/victor/caramelo_goiania/install/movimentacao_pkg/share/ament_index/resource_index
[1.285s] creating /home/victor/caramelo_goiania/install/movimentacao_pkg/share/ament_index/resource_index/packages
[1.285s] copying resource/movimentacao_pkg -> /home/victor/caramelo_goiania/install/movimentacao_pkg/share/ament_index/resource_index/packages
[1.285s] copying package.xml -> /home/victor/caramelo_goiania/install/movimentacao_pkg/share/movimentacao_pkg
[1.285s] running install_egg_info
[1.287s] Copying ../../build/movimentacao_pkg/movimentacao_pkg.egg-info to /home/victor/caramelo_goiania/install/movimentacao_pkg/lib/python3.10/site-packages/movimentacao_pkg-0.0.0-py3.10.egg-info
[1.288s] running install_scripts
[1.308s] Installing cinematica script to /home/victor/caramelo_goiania/install/movimentacao_pkg/lib/movimentacao_pkg
[1.308s] Installing serial_node_arduino script to /home/victor/caramelo_goiania/install/movimentacao_pkg/lib/movimentacao_pkg
[1.308s] writing list of installed files to '/home/victor/caramelo_goiania/build/movimentacao_pkg/install.log'
[1.330s] Invoked command in '/home/victor/caramelo_goiania/src/movimentacao_pkg' returned '0': PYTHONPATH=/home/victor/caramelo_goiania/build/movimentacao_pkg/prefix_override:/usr/lib/python3/dist-packages/colcon_core/task/python/colcon_distutils_commands:/home/victor/caramelo_goiania/install/movimentacao_pkg/lib/python3.10/site-packages:${PYTHONPATH} /usr/bin/python3 -W ignore:setup.py install is deprecated setup.py egg_info --egg-base ../../build/movimentacao_pkg build --build-base /home/victor/caramelo_goiania/build/movimentacao_pkg/build install --record /home/victor/caramelo_goiania/build/movimentacao_pkg/install.log --single-version-externally-managed install_data
