[0.018s] Invoking command in '/home/victor/caramelo_goiania/src/build/grid_map_ros': AMENT_PREFIX_PATH=/home/victor/caramelo_goiania/src/install/grid_map_cv:/home/victor/caramelo_goiania/src/install/grid_map_msgs:/home/victor/caramelo_goiania/src/install/grid_map_core:/home/victor/caramelo_goiania/src/install/grid_map_cmake_helpers:${AMENT_PREFIX_PATH} CMAKE_PREFIX_PATH=/home/victor/caramelo_goiania/src/install/grid_map_cv:/home/victor/caramelo_goiania/src/install/grid_map_msgs:/home/victor/caramelo_goiania/src/install/grid_map_core:/home/victor/caramelo_goiania/src/install/grid_map_cmake_helpers:/home/victor/caramelo_goiania/install/sllidar_ros2:/home/victor/caramelo_goiania/install/rplidar_ros:/home/victor/caramelo_goiania/install/rf2o_laser_odometry:/home/victor/caramelo_goiania/src/install/sllidar_ros2:/home/victor/caramelo_goiania/src/install/rplidar_ros:/home/victor/caramelo_goiania/src/install/navegacao_pkg:/home/victor/caramelo_goiania/install/navegacao_pkg:/opt/ros/humble LD_LIBRARY_PATH=/home/victor/caramelo_goiania/src/install/grid_map_cv/lib:/home/victor/caramelo_goiania/src/install/grid_map_msgs/lib:/home/victor/caramelo_goiania/src/install/grid_map_core/lib:/usr/lib/x86_64-linux-gnu/gazebo-11/plugins:/opt/ros/humble/opt/rviz_ogre_vendor/lib:/opt/ros/humble/lib/x86_64-linux-gnu:/opt/ros/humble/lib:/usr/share/gazebo/../../lib/x86_64-linux-gnu/gazebo-11/plugins PYTHONPATH=/home/victor/caramelo_goiania/src/install/grid_map_msgs/local/lib/python3.10/dist-packages:${PYTHONPATH} /usr/bin/cmake /home/victor/caramelo_goiania/src/grid_map/grid_map_ros -DAMENT_CMAKE_SYMLINK_INSTALL=1 -DCMAKE_INSTALL_PREFIX=/home/victor/caramelo_goiania/src/install/grid_map_ros
[0.074s] -- The C compiler identification is GNU 11.4.0
[0.131s] -- The CXX compiler identification is GNU 11.4.0
[0.141s] -- Detecting C compiler ABI info
[0.213s] -- Detecting C compiler ABI info - done
[0.221s] -- Check for working C compiler: /usr/bin/cc - skipped
[0.221s] -- Detecting C compile features
[0.222s] -- Detecting C compile features - done
[0.225s] -- Detecting CXX compiler ABI info
[0.310s] -- Detecting CXX compiler ABI info - done
[0.318s] -- Check for working CXX compiler: /usr/bin/c++ - skipped
[0.318s] -- Detecting CXX compile features
[0.319s] -- Detecting CXX compile features - done
[0.323s] -- Found ament_cmake: 1.3.10 (/opt/ros/humble/share/ament_cmake/cmake)
[0.489s] -- Found Python3: /usr/bin/python3 (found version "3.10.12") found components: Interpreter 
[0.557s] -- Override CMake install command with custom implementation using symlinks instead of copying resources
[0.603s] -- Found cv_bridge: 3.2.1 (/opt/ros/humble/share/cv_bridge/cmake)
[0.679s] -- Found rosidl_generator_c: 3.1.5 (/opt/ros/humble/share/rosidl_generator_c/cmake)
[0.689s] -- Found rosidl_adapter: 3.1.5 (/opt/ros/humble/share/rosidl_adapter/cmake)
[0.706s] -- Found rosidl_generator_cpp: 3.1.5 (/opt/ros/humble/share/rosidl_generator_cpp/cmake)
[0.724s] -- Using all available rosidl_typesupport_c: rosidl_typesupport_fastrtps_c;rosidl_typesupport_introspection_c
[0.755s] -- Using all available rosidl_typesupport_cpp: rosidl_typesupport_fastrtps_cpp;rosidl_typesupport_introspection_cpp
[0.832s] -- Found grid_map_cmake_helpers: 2.0.0 (/home/victor/caramelo_goiania/src/install/grid_map_cmake_helpers/share/grid_map_cmake_helpers/cmake)
[0.833s] -- Found grid_map_core: 2.0.0 (/home/victor/caramelo_goiania/src/install/grid_map_core/share/grid_map_core/cmake)
[0.842s] -- Found grid_map_cv: 2.0.0 (/home/victor/caramelo_goiania/src/install/grid_map_cv/share/grid_map_cv/cmake)
[0.941s] -- Found rmw_implementation_cmake: 6.1.2 (/opt/ros/humble/share/rmw_implementation_cmake/cmake)
[0.946s] -- Found rmw_fastrtps_cpp: 6.2.7 (/opt/ros/humble/share/rmw_fastrtps_cpp/cmake)
[0.984s] -- Found TinyXML2 via Config file: TinyXML2_DIR-NOTFOUND
[1.045s] -- Found OpenSSL: /usr/lib/x86_64-linux-gnu/libcrypto.so (found version "3.0.2")  
[1.048s] -- Found TinyXML2 via Config file: TinyXML2_DIR-NOTFOUND
[1.065s] -- Found FastRTPS: /opt/ros/humble/include  
[1.068s] -- Found TinyXML2 via Config file: TinyXML2_DIR-NOTFOUND
[1.076s] -- Found TinyXML2 via Config file: TinyXML2_DIR-NOTFOUND
[1.088s] -- Using RMW implementation 'rmw_fastrtps_cpp' as default
[1.102s] -- Looking for pthread.h
[1.181s] -- Looking for pthread.h - found
[1.181s] -- Performing Test CMAKE_HAVE_LIBC_PTHREAD
[1.262s] -- Performing Test CMAKE_HAVE_LIBC_PTHREAD - Success
[1.263s] -- Found Threads: TRUE  
[1.309s] -- Found grid_map_msgs: 2.0.0 (/home/victor/caramelo_goiania/src/install/grid_map_msgs/share/grid_map_msgs/cmake)
[1.327s] -- Found nav2_msgs: 1.1.16 (/opt/ros/humble/share/nav2_msgs/cmake)
[1.414s] -- Found rosbag2_cpp: 0.15.12 (/opt/ros/humble/share/rosbag2_cpp/cmake)
[1.438s] -- Found tf2: 0.25.8 (/opt/ros/humble/share/tf2/cmake)
[1.445s] -- Found visualization_msgs: 4.2.4 (/opt/ros/humble/share/visualization_msgs/cmake)
[1.470s] -- Setting build type to Release as none was specified.
[1.482s] -- Found ament_lint_auto: 0.12.11 (/opt/ros/humble/share/ament_lint_auto/cmake)
[1.587s] -- Found gtest sources under '/opt/ros/humble/src/gtest_vendor': C++ tests using 'Google Test' will be built
[1.598s] -- Added test 'cppcheck' to perform static code analysis on C / C++ code
[1.599s] -- Configured cppcheck include dirs: /home/victor/caramelo_goiania/src/grid_map/grid_map_ros/include
[1.599s] -- Configured cppcheck exclude dirs and/or files: 
[1.600s] -- Added test 'lint_cmake' to check CMake code style
[1.601s] -- Added test 'uncrustify' to check C / C++ code style
[1.601s] -- Configured uncrustify additional arguments: 
[1.602s] -- Added test 'xmllint' to check XML markup files
[1.606s] -- Configuring done
[1.676s] -- Generating done
[1.678s] -- Build files have been written to: /home/victor/caramelo_goiania/src/build/grid_map_ros
[1.694s] Invoked command in '/home/victor/caramelo_goiania/src/build/grid_map_ros' returned '0': AMENT_PREFIX_PATH=/home/victor/caramelo_goiania/src/install/grid_map_cv:/home/victor/caramelo_goiania/src/install/grid_map_msgs:/home/victor/caramelo_goiania/src/install/grid_map_core:/home/victor/caramelo_goiania/src/install/grid_map_cmake_helpers:${AMENT_PREFIX_PATH} CMAKE_PREFIX_PATH=/home/victor/caramelo_goiania/src/install/grid_map_cv:/home/victor/caramelo_goiania/src/install/grid_map_msgs:/home/victor/caramelo_goiania/src/install/grid_map_core:/home/victor/caramelo_goiania/src/install/grid_map_cmake_helpers:/home/victor/caramelo_goiania/install/sllidar_ros2:/home/victor/caramelo_goiania/install/rplidar_ros:/home/victor/caramelo_goiania/install/rf2o_laser_odometry:/home/victor/caramelo_goiania/src/install/sllidar_ros2:/home/victor/caramelo_goiania/src/install/rplidar_ros:/home/victor/caramelo_goiania/src/install/navegacao_pkg:/home/victor/caramelo_goiania/install/navegacao_pkg:/opt/ros/humble LD_LIBRARY_PATH=/home/victor/caramelo_goiania/src/install/grid_map_cv/lib:/home/victor/caramelo_goiania/src/install/grid_map_msgs/lib:/home/victor/caramelo_goiania/src/install/grid_map_core/lib:/usr/lib/x86_64-linux-gnu/gazebo-11/plugins:/opt/ros/humble/opt/rviz_ogre_vendor/lib:/opt/ros/humble/lib/x86_64-linux-gnu:/opt/ros/humble/lib:/usr/share/gazebo/../../lib/x86_64-linux-gnu/gazebo-11/plugins PYTHONPATH=/home/victor/caramelo_goiania/src/install/grid_map_msgs/local/lib/python3.10/dist-packages:${PYTHONPATH} /usr/bin/cmake /home/victor/caramelo_goiania/src/grid_map/grid_map_ros -DAMENT_CMAKE_SYMLINK_INSTALL=1 -DCMAKE_INSTALL_PREFIX=/home/victor/caramelo_goiania/src/install/grid_map_ros
[1.696s] Invoking command in '/home/victor/caramelo_goiania/src/build/grid_map_ros': AMENT_PREFIX_PATH=/home/victor/caramelo_goiania/src/install/grid_map_cv:/home/victor/caramelo_goiania/src/install/grid_map_msgs:/home/victor/caramelo_goiania/src/install/grid_map_core:/home/victor/caramelo_goiania/src/install/grid_map_cmake_helpers:${AMENT_PREFIX_PATH} CMAKE_PREFIX_PATH=/home/victor/caramelo_goiania/src/install/grid_map_cv:/home/victor/caramelo_goiania/src/install/grid_map_msgs:/home/victor/caramelo_goiania/src/install/grid_map_core:/home/victor/caramelo_goiania/src/install/grid_map_cmake_helpers:/home/victor/caramelo_goiania/install/sllidar_ros2:/home/victor/caramelo_goiania/install/rplidar_ros:/home/victor/caramelo_goiania/install/rf2o_laser_odometry:/home/victor/caramelo_goiania/src/install/sllidar_ros2:/home/victor/caramelo_goiania/src/install/rplidar_ros:/home/victor/caramelo_goiania/src/install/navegacao_pkg:/home/victor/caramelo_goiania/install/navegacao_pkg:/opt/ros/humble LD_LIBRARY_PATH=/home/victor/caramelo_goiania/src/install/grid_map_cv/lib:/home/victor/caramelo_goiania/src/install/grid_map_msgs/lib:/home/victor/caramelo_goiania/src/install/grid_map_core/lib:/usr/lib/x86_64-linux-gnu/gazebo-11/plugins:/opt/ros/humble/opt/rviz_ogre_vendor/lib:/opt/ros/humble/lib/x86_64-linux-gnu:/opt/ros/humble/lib:/usr/share/gazebo/../../lib/x86_64-linux-gnu/gazebo-11/plugins PYTHONPATH=/home/victor/caramelo_goiania/src/install/grid_map_msgs/local/lib/python3.10/dist-packages:${PYTHONPATH} /usr/bin/cmake --build /home/victor/caramelo_goiania/src/build/grid_map_ros -- -j8 -l8
[1.756s] [ 18%] [32mBuilding CXX object gtest/CMakeFiles/gtest_main.dir/src/gtest_main.cc.o[0m
[1.757s] [ 18%] [32mBuilding CXX object gtest/CMakeFiles/gtest.dir/src/gtest-all.cc.o[0m
[1.757s] [ 36%] [32mBuilding CXX object CMakeFiles/grid_map_ros.dir/src/GridMapRosConverter.cpp.o[0m
[1.758s] [ 36%] [32mBuilding CXX object CMakeFiles/grid_map_ros.dir/src/GridMapMsgHelpers.cpp.o[0m
[1.758s] [ 45%] [32mBuilding CXX object CMakeFiles/grid_map_ros.dir/src/PolygonRosConverter.cpp.o[0m
[3.297s] [ 54%] [32m[1mLinking CXX static library libgtest_main.a[0m
[3.342s] [ 54%] Built target gtest_main
[11.420s] [ 63%] [32m[1mLinking CXX static library libgtest.a[0m
[11.471s] [ 63%] Built target gtest
[12.050s] [ 72%] [32m[1mLinking CXX shared library libgrid_map_ros.so[0m
[12.317s] [ 72%] Built target grid_map_ros
[12.340s] [ 90%] [32mBuilding CXX object CMakeFiles/grid_map_ros-test.dir/test/test_grid_map_ros.cpp.o[0m
[12.340s] [ 90%] [32mBuilding CXX object CMakeFiles/grid_map_ros-test.dir/test/GridMapRosTest.cpp.o[0m
[20.017s] [100%] [32m[1mLinking CXX executable grid_map_ros-test[0m
[20.530s] [100%] Built target grid_map_ros-test
[20.543s] Invoked command in '/home/victor/caramelo_goiania/src/build/grid_map_ros' returned '0': AMENT_PREFIX_PATH=/home/victor/caramelo_goiania/src/install/grid_map_cv:/home/victor/caramelo_goiania/src/install/grid_map_msgs:/home/victor/caramelo_goiania/src/install/grid_map_core:/home/victor/caramelo_goiania/src/install/grid_map_cmake_helpers:${AMENT_PREFIX_PATH} CMAKE_PREFIX_PATH=/home/victor/caramelo_goiania/src/install/grid_map_cv:/home/victor/caramelo_goiania/src/install/grid_map_msgs:/home/victor/caramelo_goiania/src/install/grid_map_core:/home/victor/caramelo_goiania/src/install/grid_map_cmake_helpers:/home/victor/caramelo_goiania/install/sllidar_ros2:/home/victor/caramelo_goiania/install/rplidar_ros:/home/victor/caramelo_goiania/install/rf2o_laser_odometry:/home/victor/caramelo_goiania/src/install/sllidar_ros2:/home/victor/caramelo_goiania/src/install/rplidar_ros:/home/victor/caramelo_goiania/src/install/navegacao_pkg:/home/victor/caramelo_goiania/install/navegacao_pkg:/opt/ros/humble LD_LIBRARY_PATH=/home/victor/caramelo_goiania/src/install/grid_map_cv/lib:/home/victor/caramelo_goiania/src/install/grid_map_msgs/lib:/home/victor/caramelo_goiania/src/install/grid_map_core/lib:/usr/lib/x86_64-linux-gnu/gazebo-11/plugins:/opt/ros/humble/opt/rviz_ogre_vendor/lib:/opt/ros/humble/lib/x86_64-linux-gnu:/opt/ros/humble/lib:/usr/share/gazebo/../../lib/x86_64-linux-gnu/gazebo-11/plugins PYTHONPATH=/home/victor/caramelo_goiania/src/install/grid_map_msgs/local/lib/python3.10/dist-packages:${PYTHONPATH} /usr/bin/cmake --build /home/victor/caramelo_goiania/src/build/grid_map_ros -- -j8 -l8
[20.580s] Invoking command in '/home/victor/caramelo_goiania/src/build/grid_map_ros': AMENT_PREFIX_PATH=/home/victor/caramelo_goiania/src/install/grid_map_cv:/home/victor/caramelo_goiania/src/install/grid_map_msgs:/home/victor/caramelo_goiania/src/install/grid_map_core:/home/victor/caramelo_goiania/src/install/grid_map_cmake_helpers:${AMENT_PREFIX_PATH} CMAKE_PREFIX_PATH=/home/victor/caramelo_goiania/src/install/grid_map_cv:/home/victor/caramelo_goiania/src/install/grid_map_msgs:/home/victor/caramelo_goiania/src/install/grid_map_core:/home/victor/caramelo_goiania/src/install/grid_map_cmake_helpers:/home/victor/caramelo_goiania/install/sllidar_ros2:/home/victor/caramelo_goiania/install/rplidar_ros:/home/victor/caramelo_goiania/install/rf2o_laser_odometry:/home/victor/caramelo_goiania/src/install/sllidar_ros2:/home/victor/caramelo_goiania/src/install/rplidar_ros:/home/victor/caramelo_goiania/src/install/navegacao_pkg:/home/victor/caramelo_goiania/install/navegacao_pkg:/opt/ros/humble LD_LIBRARY_PATH=/home/victor/caramelo_goiania/src/install/grid_map_cv/lib:/home/victor/caramelo_goiania/src/install/grid_map_msgs/lib:/home/victor/caramelo_goiania/src/install/grid_map_core/lib:/usr/lib/x86_64-linux-gnu/gazebo-11/plugins:/opt/ros/humble/opt/rviz_ogre_vendor/lib:/opt/ros/humble/lib/x86_64-linux-gnu:/opt/ros/humble/lib:/usr/share/gazebo/../../lib/x86_64-linux-gnu/gazebo-11/plugins PYTHONPATH=/home/victor/caramelo_goiania/src/install/grid_map_msgs/local/lib/python3.10/dist-packages:${PYTHONPATH} /usr/bin/cmake --install /home/victor/caramelo_goiania/src/build/grid_map_ros
[20.588s] -- Install configuration: "Release"
[20.588s] -- Execute custom install script
[20.589s] -- Symlinking: /home/victor/caramelo_goiania/src/install/grid_map_ros/lib/libgrid_map_ros.so
[20.597s] -- Symlinking: /home/victor/caramelo_goiania/src/install/grid_map_ros/share/grid_map_ros/environment/library_path.sh
[20.606s] -- Symlinking: /home/victor/caramelo_goiania/src/install/grid_map_ros/share/grid_map_ros/environment/library_path.dsv
[20.616s] -- Symlinking: /home/victor/caramelo_goiania/src/install/grid_map_ros/share/ament_index/resource_index/package_run_dependencies/grid_map_ros
[20.625s] -- Symlinking: /home/victor/caramelo_goiania/src/install/grid_map_ros/share/ament_index/resource_index/parent_prefix_path/grid_map_ros
[20.633s] -- Symlinking: /home/victor/caramelo_goiania/src/install/grid_map_ros/share/grid_map_ros/environment/ament_prefix_path.sh
[20.642s] -- Symlinking: /home/victor/caramelo_goiania/src/install/grid_map_ros/share/grid_map_ros/environment/ament_prefix_path.dsv
[20.651s] -- Symlinking: /home/victor/caramelo_goiania/src/install/grid_map_ros/share/grid_map_ros/environment/path.sh
[20.661s] -- Symlinking: /home/victor/caramelo_goiania/src/install/grid_map_ros/share/grid_map_ros/environment/path.dsv
[20.669s] -- Symlinking: /home/victor/caramelo_goiania/src/install/grid_map_ros/share/grid_map_ros/local_setup.bash
[20.678s] -- Symlinking: /home/victor/caramelo_goiania/src/install/grid_map_ros/share/grid_map_ros/local_setup.sh
[20.687s] -- Symlinking: /home/victor/caramelo_goiania/src/install/grid_map_ros/share/grid_map_ros/local_setup.zsh
[20.697s] -- Symlinking: /home/victor/caramelo_goiania/src/install/grid_map_ros/share/grid_map_ros/local_setup.dsv
[20.706s] -- Symlinking: /home/victor/caramelo_goiania/src/install/grid_map_ros/share/grid_map_ros/package.dsv
[20.715s] -- Symlinking: /home/victor/caramelo_goiania/src/install/grid_map_ros/share/ament_index/resource_index/packages/grid_map_ros
[20.723s] -- Symlinking: /home/victor/caramelo_goiania/src/install/grid_map_ros/share/grid_map_ros/cmake/ament_cmake_export_include_directories-extras.cmake
[20.732s] -- Symlinking: /home/victor/caramelo_goiania/src/install/grid_map_ros/share/grid_map_ros/cmake/ament_cmake_export_dependencies-extras.cmake
[20.742s] -- Symlinking: /home/victor/caramelo_goiania/src/install/grid_map_ros/share/grid_map_ros/cmake/ament_cmake_export_libraries-extras.cmake
[20.750s] -- Symlinking: /home/victor/caramelo_goiania/src/install/grid_map_ros/share/grid_map_ros/cmake/grid_map_rosConfig.cmake
[20.758s] -- Symlinking: /home/victor/caramelo_goiania/src/install/grid_map_ros/share/grid_map_ros/cmake/grid_map_rosConfig-version.cmake
[20.768s] -- Symlinking: /home/victor/caramelo_goiania/src/install/grid_map_ros/share/grid_map_ros/package.xml
[20.777s] -- Installing: /home/victor/caramelo_goiania/src/install/grid_map_ros/include/grid_map_ros
[20.777s] -- Installing: /home/victor/caramelo_goiania/src/install/grid_map_ros/include/grid_map_ros/PolygonRosConverter.hpp
[20.778s] -- Installing: /home/victor/caramelo_goiania/src/install/grid_map_ros/include/grid_map_ros/grid_map_ros.hpp
[20.778s] -- Installing: /home/victor/caramelo_goiania/src/install/grid_map_ros/include/grid_map_ros/message_traits.hpp
[20.778s] -- Installing: /home/victor/caramelo_goiania/src/install/grid_map_ros/include/grid_map_ros/GridMapMsgHelpers.hpp
[20.778s] -- Installing: /home/victor/caramelo_goiania/src/install/grid_map_ros/include/grid_map_ros/GridMapRosConverter.hpp
[20.781s] Invoked command in '/home/victor/caramelo_goiania/src/build/grid_map_ros' returned '0': AMENT_PREFIX_PATH=/home/victor/caramelo_goiania/src/install/grid_map_cv:/home/victor/caramelo_goiania/src/install/grid_map_msgs:/home/victor/caramelo_goiania/src/install/grid_map_core:/home/victor/caramelo_goiania/src/install/grid_map_cmake_helpers:${AMENT_PREFIX_PATH} CMAKE_PREFIX_PATH=/home/victor/caramelo_goiania/src/install/grid_map_cv:/home/victor/caramelo_goiania/src/install/grid_map_msgs:/home/victor/caramelo_goiania/src/install/grid_map_core:/home/victor/caramelo_goiania/src/install/grid_map_cmake_helpers:/home/victor/caramelo_goiania/install/sllidar_ros2:/home/victor/caramelo_goiania/install/rplidar_ros:/home/victor/caramelo_goiania/install/rf2o_laser_odometry:/home/victor/caramelo_goiania/src/install/sllidar_ros2:/home/victor/caramelo_goiania/src/install/rplidar_ros:/home/victor/caramelo_goiania/src/install/navegacao_pkg:/home/victor/caramelo_goiania/install/navegacao_pkg:/opt/ros/humble LD_LIBRARY_PATH=/home/victor/caramelo_goiania/src/install/grid_map_cv/lib:/home/victor/caramelo_goiania/src/install/grid_map_msgs/lib:/home/victor/caramelo_goiania/src/install/grid_map_core/lib:/usr/lib/x86_64-linux-gnu/gazebo-11/plugins:/opt/ros/humble/opt/rviz_ogre_vendor/lib:/opt/ros/humble/lib/x86_64-linux-gnu:/opt/ros/humble/lib:/usr/share/gazebo/../../lib/x86_64-linux-gnu/gazebo-11/plugins PYTHONPATH=/home/victor/caramelo_goiania/src/install/grid_map_msgs/local/lib/python3.10/dist-packages:${PYTHONPATH} /usr/bin/cmake --install /home/victor/caramelo_goiania/src/build/grid_map_ros
