[1.016s] Invoking command in '/home/victor/caramelo_goiania/src/movimentacao_pkg': PYTHONPATH=/home/victor/caramelo_goiania/src/build/movimentacao_pkg/prefix_override:/usr/lib/python3/dist-packages/colcon_core/task/python/colcon_distutils_commands:/home/victor/caramelo_goiania/src/install/movimentacao_pkg/lib/python3.10/site-packages:${PYTHONPATH} /usr/bin/python3 -W ignore:setup.py install is deprecated setup.py egg_info --egg-base ../build/movimentacao_pkg build --build-base /home/victor/caramelo_goiania/src/build/movimentacao_pkg/build install --record /home/victor/caramelo_goiania/src/build/movimentacao_pkg/install.log --single-version-externally-managed install_data
[1.243s] running egg_info
[1.244s] writing ../build/movimentacao_pkg/movimentacao_pkg.egg-info/PKG-INFO
[1.244s] writing dependency_links to ../build/movimentacao_pkg/movimentacao_pkg.egg-info/dependency_links.txt
[1.244s] writing entry points to ../build/movimentacao_pkg/movimentacao_pkg.egg-info/entry_points.txt
[1.248s] writing requirements to ../build/movimentacao_pkg/movimentacao_pkg.egg-info/requires.txt
[1.248s] writing top-level names to ../build/movimentacao_pkg/movimentacao_pkg.egg-info/top_level.txt
[1.250s] reading manifest file '../build/movimentacao_pkg/movimentacao_pkg.egg-info/SOURCES.txt'
[1.251s] writing manifest file '../build/movimentacao_pkg/movimentacao_pkg.egg-info/SOURCES.txt'
[1.251s] running build
[1.251s] running build_py
[1.251s] copying movimentacao_pkg/cinematica.py -> /home/victor/caramelo_goiania/src/build/movimentacao_pkg/build/lib/movimentacao_pkg
[1.251s] running install
[1.251s] running install_lib
[1.252s] copying /home/victor/caramelo_goiania/src/build/movimentacao_pkg/build/lib/movimentacao_pkg/cinematica.py -> /home/victor/caramelo_goiania/src/install/movimentacao_pkg/lib/python3.10/site-packages/movimentacao_pkg
[1.253s] byte-compiling /home/victor/caramelo_goiania/src/install/movimentacao_pkg/lib/python3.10/site-packages/movimentacao_pkg/cinematica.py to cinematica.cpython-310.pyc
[1.253s] running install_data
[1.253s] running install_egg_info
[1.256s] removing '/home/victor/caramelo_goiania/src/install/movimentacao_pkg/lib/python3.10/site-packages/movimentacao_pkg-0.0.0-py3.10.egg-info' (and everything under it)
[1.256s] Copying ../build/movimentacao_pkg/movimentacao_pkg.egg-info to /home/victor/caramelo_goiania/src/install/movimentacao_pkg/lib/python3.10/site-packages/movimentacao_pkg-0.0.0-py3.10.egg-info
[1.257s] running install_scripts
[1.275s] Installing cinematica script to /home/victor/caramelo_goiania/src/install/movimentacao_pkg/lib/movimentacao_pkg
[1.275s] writing list of installed files to '/home/victor/caramelo_goiania/src/build/movimentacao_pkg/install.log'
[1.300s] Invoked command in '/home/victor/caramelo_goiania/src/movimentacao_pkg' returned '0': PYTHONPATH=/home/victor/caramelo_goiania/src/build/movimentacao_pkg/prefix_override:/usr/lib/python3/dist-packages/colcon_core/task/python/colcon_distutils_commands:/home/victor/caramelo_goiania/src/install/movimentacao_pkg/lib/python3.10/site-packages:${PYTHONPATH} /usr/bin/python3 -W ignore:setup.py install is deprecated setup.py egg_info --egg-base ../build/movimentacao_pkg build --build-base /home/victor/caramelo_goiania/src/build/movimentacao_pkg/build install --record /home/victor/caramelo_goiania/src/build/movimentacao_pkg/install.log --single-version-externally-managed install_data
