[0.730s] Invoking command in '/home/victor/caramelo_goiania/src/navegacao_pkg': PYTHONPATH=/home/victor/caramelo_goiania/src/build/navegacao_pkg/prefix_override:/usr/lib/python3/dist-packages/colcon_core/task/python/colcon_distutils_commands:/home/victor/caramelo_goiania/src/install/navegacao_pkg/lib/python3.10/site-packages:${PYTHONPATH} /usr/bin/python3 -W ignore:setup.py install is deprecated setup.py egg_info --egg-base ../build/navegacao_pkg build --build-base /home/victor/caramelo_goiania/src/build/navegacao_pkg/build install --record /home/victor/caramelo_goiania/src/build/navegacao_pkg/install.log --single-version-externally-managed install_data
[0.952s] running egg_info
[0.953s] writing ../build/navegacao_pkg/navegacao_pkg.egg-info/PKG-INFO
[0.953s] writing dependency_links to ../build/navegacao_pkg/navegacao_pkg.egg-info/dependency_links.txt
[0.953s] writing entry points to ../build/navegacao_pkg/navegacao_pkg.egg-info/entry_points.txt
[0.953s] writing requirements to ../build/navegacao_pkg/navegacao_pkg.egg-info/requires.txt
[0.953s] writing top-level names to ../build/navegacao_pkg/navegacao_pkg.egg-info/top_level.txt
[0.956s] reading manifest file '../build/navegacao_pkg/navegacao_pkg.egg-info/SOURCES.txt'
[0.957s] writing manifest file '../build/navegacao_pkg/navegacao_pkg.egg-info/SOURCES.txt'
[0.957s] running build
[0.957s] running build_py
[0.958s] running install
[0.958s] running install_lib
[0.960s] running install_data
[0.960s] running install_egg_info
[0.962s] removing '/home/victor/caramelo_goiania/src/install/navegacao_pkg/lib/python3.10/site-packages/navegacao_pkg-0.0.0-py3.10.egg-info' (and everything under it)
[0.963s] Copying ../build/navegacao_pkg/navegacao_pkg.egg-info to /home/victor/caramelo_goiania/src/install/navegacao_pkg/lib/python3.10/site-packages/navegacao_pkg-0.0.0-py3.10.egg-info
[0.964s] running install_scripts
[0.982s] Installing camera_node script to /home/victor/caramelo_goiania/src/install/navegacao_pkg/lib/navegacao_pkg
[0.983s] Installing cinematica script to /home/victor/caramelo_goiania/src/install/navegacao_pkg/lib/navegacao_pkg
[0.983s] Installing segue_linha script to /home/victor/caramelo_goiania/src/install/navegacao_pkg/lib/navegacao_pkg
[0.983s] Installing serial_node_arduino script to /home/victor/caramelo_goiania/src/install/navegacao_pkg/lib/navegacao_pkg
[0.983s] writing list of installed files to '/home/victor/caramelo_goiania/src/build/navegacao_pkg/install.log'
[1.003s] Invoked command in '/home/victor/caramelo_goiania/src/navegacao_pkg' returned '0': PYTHONPATH=/home/victor/caramelo_goiania/src/build/navegacao_pkg/prefix_override:/usr/lib/python3/dist-packages/colcon_core/task/python/colcon_distutils_commands:/home/victor/caramelo_goiania/src/install/navegacao_pkg/lib/python3.10/site-packages:${PYTHONPATH} /usr/bin/python3 -W ignore:setup.py install is deprecated setup.py egg_info --egg-base ../build/navegacao_pkg build --build-base /home/victor/caramelo_goiania/src/build/navegacao_pkg/build install --record /home/victor/caramelo_goiania/src/build/navegacao_pkg/install.log --single-version-externally-managed install_data
