[0.584s] Invoking command in '/home/victor/caramelo_goiania/src/build/sllidar_ros2': CMAKE_PREFIX_PATH=${CMAKE_PREFIX_PATH}:/home/victor/caramelo_goiania/src/install/movimentacao_pkg:/home/victor/caramelo_goiania/src/install/navegacao_pkg:/opt/ros/humble /usr/bin/cmake --build /home/victor/caramelo_goiania/src/build/sllidar_ros2 -- -j8 -l8
[0.663s] [ 10%] Built target sllidar_client
[0.676s] [100%] Built target sllidar_node
[0.692s] Invoked command in '/home/victor/caramelo_goiania/src/build/sllidar_ros2' returned '0': CMAKE_PREFIX_PATH=${CMAKE_PREFIX_PATH}:/home/victor/caramelo_goiania/src/install/movimentacao_pkg:/home/victor/caramelo_goiania/src/install/navegacao_pkg:/opt/ros/humble /usr/bin/cmake --build /home/victor/caramelo_goiania/src/build/sllidar_ros2 -- -j8 -l8
[0.796s] Invoking command in '/home/victor/caramelo_goiania/src/build/sllidar_ros2': CMAKE_PREFIX_PATH=${CMAKE_PREFIX_PATH}:/home/victor/caramelo_goiania/src/install/movimentacao_pkg:/home/victor/caramelo_goiania/src/install/navegacao_pkg:/opt/ros/humble /usr/bin/cmake --install /home/victor/caramelo_goiania/src/build/sllidar_ros2
[0.806s] -- Install configuration: ""
[0.807s] -- Execute custom install script
[0.808s] -- Up-to-date symlink: /home/victor/caramelo_goiania/src/install/sllidar_ros2/share/sllidar_ros2/launch/sllidar_a1_launch.py
[0.809s] -- Up-to-date symlink: /home/victor/caramelo_goiania/src/install/sllidar_ros2/share/sllidar_ros2/launch/sllidar_a2m12_launch .py
[0.809s] -- Up-to-date symlink: /home/victor/caramelo_goiania/src/install/sllidar_ros2/share/sllidar_ros2/launch/sllidar_a2m7_launch.py
[0.809s] -- Up-to-date symlink: /home/victor/caramelo_goiania/src/install/sllidar_ros2/share/sllidar_ros2/launch/sllidar_a2m8_launch.py
[0.809s] -- Up-to-date symlink: /home/victor/caramelo_goiania/src/install/sllidar_ros2/share/sllidar_ros2/launch/sllidar_a3_launch.py
[0.809s] -- Up-to-date symlink: /home/victor/caramelo_goiania/src/install/sllidar_ros2/share/sllidar_ros2/launch/sllidar_c1_launch.py
[0.810s] -- Up-to-date symlink: /home/victor/caramelo_goiania/src/install/sllidar_ros2/share/sllidar_ros2/launch/sllidar_s1_launch.py
[0.810s] -- Up-to-date symlink: /home/victor/caramelo_goiania/src/install/sllidar_ros2/share/sllidar_ros2/launch/sllidar_s1_tcp_launch.py
[0.810s] -- Up-to-date symlink: /home/victor/caramelo_goiania/src/install/sllidar_ros2/share/sllidar_ros2/launch/sllidar_s2_launch.py
[0.810s] -- Up-to-date symlink: /home/victor/caramelo_goiania/src/install/sllidar_ros2/share/sllidar_ros2/launch/sllidar_s2e_launch.py
[0.810s] -- Up-to-date symlink: /home/victor/caramelo_goiania/src/install/sllidar_ros2/share/sllidar_ros2/launch/sllidar_s3_launch.py
[0.810s] -- Up-to-date symlink: /home/victor/caramelo_goiania/src/install/sllidar_ros2/share/sllidar_ros2/launch/sllidar_t1_launch.py
[0.810s] -- Up-to-date symlink: /home/victor/caramelo_goiania/src/install/sllidar_ros2/share/sllidar_ros2/launch/view_sllidar_a1_launch.py
[0.811s] -- Up-to-date symlink: /home/victor/caramelo_goiania/src/install/sllidar_ros2/share/sllidar_ros2/launch/view_sllidar_a2m12_launch.py
[0.811s] -- Up-to-date symlink: /home/victor/caramelo_goiania/src/install/sllidar_ros2/share/sllidar_ros2/launch/view_sllidar_a2m7_launch.py
[0.811s] -- Up-to-date symlink: /home/victor/caramelo_goiania/src/install/sllidar_ros2/share/sllidar_ros2/launch/view_sllidar_a2m8_launch.py
[0.811s] -- Up-to-date symlink: /home/victor/caramelo_goiania/src/install/sllidar_ros2/share/sllidar_ros2/launch/view_sllidar_a3_launch.py
[0.811s] -- Up-to-date symlink: /home/victor/caramelo_goiania/src/install/sllidar_ros2/share/sllidar_ros2/launch/view_sllidar_c1_launch.py
[0.811s] -- Up-to-date symlink: /home/victor/caramelo_goiania/src/install/sllidar_ros2/share/sllidar_ros2/launch/view_sllidar_s1_launch.py
[0.811s] -- Up-to-date symlink: /home/victor/caramelo_goiania/src/install/sllidar_ros2/share/sllidar_ros2/launch/view_sllidar_s1_tcp_launch.py
[0.812s] -- Up-to-date symlink: /home/victor/caramelo_goiania/src/install/sllidar_ros2/share/sllidar_ros2/launch/view_sllidar_s2_launch.py
[0.812s] -- Up-to-date symlink: /home/victor/caramelo_goiania/src/install/sllidar_ros2/share/sllidar_ros2/launch/view_sllidar_s2e_launch.py
[0.812s] -- Up-to-date symlink: /home/victor/caramelo_goiania/src/install/sllidar_ros2/share/sllidar_ros2/launch/view_sllidar_s3_launch.py
[0.812s] -- Up-to-date symlink: /home/victor/caramelo_goiania/src/install/sllidar_ros2/share/sllidar_ros2/launch/view_sllidar_t1_launch.py
[0.812s] -- Up-to-date symlink: /home/victor/caramelo_goiania/src/install/sllidar_ros2/share/sllidar_ros2/rviz/sllidar_ros2.rviz
[0.813s] -- Up-to-date symlink: /home/victor/caramelo_goiania/src/install/sllidar_ros2/lib/sllidar_ros2/sllidar_node
[0.813s] -- Up-to-date symlink: /home/victor/caramelo_goiania/src/install/sllidar_ros2/lib/sllidar_ros2/sllidar_client
[0.813s] -- Up-to-date symlink: /home/victor/caramelo_goiania/src/install/sllidar_ros2/share/ament_index/resource_index/package_run_dependencies/sllidar_ros2
[0.814s] -- Up-to-date symlink: /home/victor/caramelo_goiania/src/install/sllidar_ros2/share/ament_index/resource_index/parent_prefix_path/sllidar_ros2
[0.814s] -- Up-to-date symlink: /home/victor/caramelo_goiania/src/install/sllidar_ros2/share/sllidar_ros2/environment/ament_prefix_path.sh
[0.814s] -- Up-to-date symlink: /home/victor/caramelo_goiania/src/install/sllidar_ros2/share/sllidar_ros2/environment/ament_prefix_path.dsv
[0.815s] -- Up-to-date symlink: /home/victor/caramelo_goiania/src/install/sllidar_ros2/share/sllidar_ros2/environment/path.sh
[0.815s] -- Up-to-date symlink: /home/victor/caramelo_goiania/src/install/sllidar_ros2/share/sllidar_ros2/environment/path.dsv
[0.815s] -- Up-to-date symlink: /home/victor/caramelo_goiania/src/install/sllidar_ros2/share/sllidar_ros2/local_setup.bash
[0.816s] -- Up-to-date symlink: /home/victor/caramelo_goiania/src/install/sllidar_ros2/share/sllidar_ros2/local_setup.sh
[0.816s] -- Up-to-date symlink: /home/victor/caramelo_goiania/src/install/sllidar_ros2/share/sllidar_ros2/local_setup.zsh
[0.816s] -- Up-to-date symlink: /home/victor/caramelo_goiania/src/install/sllidar_ros2/share/sllidar_ros2/local_setup.dsv
[0.816s] -- Symlinking: /home/victor/caramelo_goiania/src/install/sllidar_ros2/share/sllidar_ros2/package.dsv
[0.828s] -- Up-to-date symlink: /home/victor/caramelo_goiania/src/install/sllidar_ros2/share/ament_index/resource_index/packages/sllidar_ros2
[0.829s] -- Up-to-date symlink: /home/victor/caramelo_goiania/src/install/sllidar_ros2/share/sllidar_ros2/cmake/ament_cmake_export_dependencies-extras.cmake
[0.829s] -- Up-to-date symlink: /home/victor/caramelo_goiania/src/install/sllidar_ros2/share/sllidar_ros2/cmake/ament_cmake_export_include_directories-extras.cmake
[0.829s] -- Up-to-date symlink: /home/victor/caramelo_goiania/src/install/sllidar_ros2/share/sllidar_ros2/cmake/sllidar_ros2Config.cmake
[0.829s] -- Up-to-date symlink: /home/victor/caramelo_goiania/src/install/sllidar_ros2/share/sllidar_ros2/cmake/sllidar_ros2Config-version.cmake
[0.830s] -- Up-to-date symlink: /home/victor/caramelo_goiania/src/install/sllidar_ros2/share/sllidar_ros2/package.xml
[0.834s] Invoked command in '/home/victor/caramelo_goiania/src/build/sllidar_ros2' returned '0': CMAKE_PREFIX_PATH=${CMAKE_PREFIX_PATH}:/home/victor/caramelo_goiania/src/install/movimentacao_pkg:/home/victor/caramelo_goiania/src/install/navegacao_pkg:/opt/ros/humble /usr/bin/cmake --install /home/victor/caramelo_goiania/src/build/sllidar_ros2
