[0.262s] Invoking command in '/home/victor/caramelo_goiania/build/rf2o_laser_odometry': CMAKE_PREFIX_PATH=${CMAKE_PREFIX_PATH}:/home/victor/caramelo_goiania/src/install/navegacao_pkg:/home/victor/caramelo_goiania/install/navegacao_pkg:/opt/ros/humble /usr/bin/cmake /home/victor/caramelo_goiania/src/rf2o_laser_odometry -DCMAKE_INSTALL_PREFIX=/home/victor/caramelo_goiania/install/rf2o_laser_odometry
[0.330s] -- The C compiler identification is GNU 11.4.0
[0.428s] -- The CXX compiler identification is GNU 11.4.0
[0.438s] -- Detecting C compiler ABI info
[0.514s] -- Detecting C compiler ABI info - done
[0.523s] -- Check for working C compiler: /usr/bin/cc - skipped
[0.524s] -- Detecting C compile features
[0.524s] -- Detecting C compile features - done
[0.528s] -- Detecting CXX compiler ABI info
[0.614s] -- Detecting CXX compiler ABI info - done
[0.624s] -- Check for working CXX compiler: /usr/bin/c++ - skipped
[0.624s] -- Detecting CXX compile features
[0.625s] -- Detecting CXX compile features - done
[0.629s] -- Found ament_cmake: 1.3.10 (/opt/ros/humble/share/ament_cmake/cmake)
[0.784s] -- Found Python3: /usr/bin/python3 (found version "3.10.12") found components: Interpreter 
[0.892s] -- Found rclcpp: 16.0.10 (/opt/ros/humble/share/rclcpp/cmake)
[0.962s] -- Found rosidl_generator_c: 3.1.5 (/opt/ros/humble/share/rosidl_generator_c/cmake)
[0.971s] -- Found rosidl_adapter: 3.1.5 (/opt/ros/humble/share/rosidl_adapter/cmake)
[0.985s] -- Found rosidl_generator_cpp: 3.1.5 (/opt/ros/humble/share/rosidl_generator_cpp/cmake)
[1.010s] -- Using all available rosidl_typesupport_c: rosidl_typesupport_fastrtps_c;rosidl_typesupport_introspection_c
[1.036s] -- Using all available rosidl_typesupport_cpp: rosidl_typesupport_fastrtps_cpp;rosidl_typesupport_introspection_cpp
[1.110s] -- Found rmw_implementation_cmake: 6.1.2 (/opt/ros/humble/share/rmw_implementation_cmake/cmake)
[1.115s] -- Found rmw_fastrtps_cpp: 6.2.7 (/opt/ros/humble/share/rmw_fastrtps_cpp/cmake)
[1.241s] -- Found OpenSSL: /usr/lib/x86_64-linux-gnu/libcrypto.so (found version "3.0.2")  
[1.279s] -- Found FastRTPS: /opt/ros/humble/include  
[1.337s] -- Using RMW implementation 'rmw_fastrtps_cpp' as default
[1.350s] -- Looking for pthread.h
[1.438s] -- Looking for pthread.h - found
[1.438s] -- Performing Test CMAKE_HAVE_LIBC_PTHREAD
[1.536s] -- Performing Test CMAKE_HAVE_LIBC_PTHREAD - Success
[1.537s] -- Found Threads: TRUE  
[1.624s] -- Found geometry_msgs: 4.2.4 (/opt/ros/humble/share/geometry_msgs/cmake)
[1.654s] -- Found tf2_geometry_msgs: 0.25.8 (/opt/ros/humble/share/tf2_geometry_msgs/cmake)
[1.678s] -- Found eigen3_cmake_module: 0.1.1 (/opt/ros/humble/share/eigen3_cmake_module/cmake)
[1.680s] -- Found Eigen3: TRUE (found version "3.4.0") 
[1.681s] -- Ensuring Eigen3 include directory is part of orocos-kdl CMake target
[1.884s] -- Found sensor_msgs: 4.2.4 (/opt/ros/humble/share/sensor_msgs/cmake)
[1.933s] -- Found nav_msgs: 4.2.4 (/opt/ros/humble/share/nav_msgs/cmake)
[2.010s] -- Found Boost: /usr/lib/x86_64-linux-gnu/cmake/Boost-1.74.0/BoostConfig.cmake (found version "1.74.0")  
[2.241s] -- Configuring done
[2.301s] -- Generating done
[2.307s] -- Build files have been written to: /home/victor/caramelo_goiania/build/rf2o_laser_odometry
[2.326s] Invoked command in '/home/victor/caramelo_goiania/build/rf2o_laser_odometry' returned '0': CMAKE_PREFIX_PATH=${CMAKE_PREFIX_PATH}:/home/victor/caramelo_goiania/src/install/navegacao_pkg:/home/victor/caramelo_goiania/install/navegacao_pkg:/opt/ros/humble /usr/bin/cmake /home/victor/caramelo_goiania/src/rf2o_laser_odometry -DCMAKE_INSTALL_PREFIX=/home/victor/caramelo_goiania/install/rf2o_laser_odometry
[2.327s] Invoking command in '/home/victor/caramelo_goiania/build/rf2o_laser_odometry': CMAKE_PREFIX_PATH=${CMAKE_PREFIX_PATH}:/home/victor/caramelo_goiania/src/install/navegacao_pkg:/home/victor/caramelo_goiania/install/navegacao_pkg:/opt/ros/humble /usr/bin/cmake --build /home/victor/caramelo_goiania/build/rf2o_laser_odometry -- -j8 -l8
[2.476s] [ 20%] [32mBuilding CXX object CMakeFiles/rf2o_laser_odometry_node.dir/src/CLaserOdometry2DNode.cpp.o[0m
[2.494s] [ 40%] [32mBuilding CXX object CMakeFiles/rf2o_laser_odometry_node.dir/src/CLaserOdometry2D.cpp.o[0m
[2.501s] [ 60%] [32mBuilding CXX object CMakeFiles/rf2o_laser_odometry.dir/src/CLaserOdometry2D.cpp.o[0m
[26.021s] [ 80%] [32m[1mLinking CXX static library librf2o_laser_odometry.a[0m
[26.291s] [ 80%] Built target rf2o_laser_odometry
[26.694s] [100%] [32m[1mLinking CXX executable rf2o_laser_odometry_node[0m
[27.931s] [100%] Built target rf2o_laser_odometry_node
[27.942s] Invoked command in '/home/victor/caramelo_goiania/build/rf2o_laser_odometry' returned '0': CMAKE_PREFIX_PATH=${CMAKE_PREFIX_PATH}:/home/victor/caramelo_goiania/src/install/navegacao_pkg:/home/victor/caramelo_goiania/install/navegacao_pkg:/opt/ros/humble /usr/bin/cmake --build /home/victor/caramelo_goiania/build/rf2o_laser_odometry -- -j8 -l8
[27.972s] Invoking command in '/home/victor/caramelo_goiania/build/rf2o_laser_odometry': CMAKE_PREFIX_PATH=${CMAKE_PREFIX_PATH}:/home/victor/caramelo_goiania/src/install/navegacao_pkg:/home/victor/caramelo_goiania/install/navegacao_pkg:/opt/ros/humble /usr/bin/cmake --install /home/victor/caramelo_goiania/build/rf2o_laser_odometry
[27.978s] -- Install configuration: ""
[27.978s] -- Installing: /home/victor/caramelo_goiania/install/rf2o_laser_odometry/lib/rf2o_laser_odometry/rf2o_laser_odometry_node
[27.986s] -- Set runtime path of "/home/victor/caramelo_goiania/install/rf2o_laser_odometry/lib/rf2o_laser_odometry/rf2o_laser_odometry_node" to ""
[27.987s] -- Installing: /home/victor/caramelo_goiania/install/rf2o_laser_odometry/share/rf2o_laser_odometry/launch
[27.987s] -- Installing: /home/victor/caramelo_goiania/install/rf2o_laser_odometry/share/rf2o_laser_odometry/launch/rf2o_laser_odometry.launch.py
[27.987s] -- Installing: /home/victor/caramelo_goiania/install/rf2o_laser_odometry/share/ament_index/resource_index/package_run_dependencies/rf2o_laser_odometry
[27.987s] -- Installing: /home/victor/caramelo_goiania/install/rf2o_laser_odometry/share/ament_index/resource_index/parent_prefix_path/rf2o_laser_odometry
[27.987s] -- Installing: /home/victor/caramelo_goiania/install/rf2o_laser_odometry/share/rf2o_laser_odometry/environment/ament_prefix_path.sh
[27.987s] -- Installing: /home/victor/caramelo_goiania/install/rf2o_laser_odometry/share/rf2o_laser_odometry/environment/ament_prefix_path.dsv
[27.987s] -- Installing: /home/victor/caramelo_goiania/install/rf2o_laser_odometry/share/rf2o_laser_odometry/environment/path.sh
[27.987s] -- Installing: /home/victor/caramelo_goiania/install/rf2o_laser_odometry/share/rf2o_laser_odometry/environment/path.dsv
[27.988s] -- Installing: /home/victor/caramelo_goiania/install/rf2o_laser_odometry/share/rf2o_laser_odometry/local_setup.bash
[27.988s] -- Installing: /home/victor/caramelo_goiania/install/rf2o_laser_odometry/share/rf2o_laser_odometry/local_setup.sh
[27.988s] -- Installing: /home/victor/caramelo_goiania/install/rf2o_laser_odometry/share/rf2o_laser_odometry/local_setup.zsh
[27.988s] -- Installing: /home/victor/caramelo_goiania/install/rf2o_laser_odometry/share/rf2o_laser_odometry/local_setup.dsv
[27.988s] -- Installing: /home/victor/caramelo_goiania/install/rf2o_laser_odometry/share/rf2o_laser_odometry/package.dsv
[27.988s] -- Installing: /home/victor/caramelo_goiania/install/rf2o_laser_odometry/share/ament_index/resource_index/packages/rf2o_laser_odometry
[27.988s] -- Installing: /home/victor/caramelo_goiania/install/rf2o_laser_odometry/share/rf2o_laser_odometry/cmake/rf2o_laser_odometryConfig.cmake
[27.988s] -- Installing: /home/victor/caramelo_goiania/install/rf2o_laser_odometry/share/rf2o_laser_odometry/cmake/rf2o_laser_odometryConfig-version.cmake
[27.988s] -- Installing: /home/victor/caramelo_goiania/install/rf2o_laser_odometry/share/rf2o_laser_odometry/package.xml
[27.991s] Invoked command in '/home/victor/caramelo_goiania/build/rf2o_laser_odometry' returned '0': CMAKE_PREFIX_PATH=${CMAKE_PREFIX_PATH}:/home/victor/caramelo_goiania/src/install/navegacao_pkg:/home/victor/caramelo_goiania/install/navegacao_pkg:/opt/ros/humble /usr/bin/cmake --install /home/victor/caramelo_goiania/build/rf2o_laser_odometry
