[0.790s] Invoking command in '/home/atwork/caramelo_goiania/src/navegacao_pkg': PYTHONPATH=/home/atwork/caramelo_goiania/build/navegacao_pkg/prefix_override:/usr/lib/python3/dist-packages/colcon_core/task/python/colcon_distutils_commands:/home/atwork/caramelo_goiania/install/navegacao_pkg/lib/python3.10/site-packages:${PYTHONPATH} /usr/bin/python3 -W ignore:setup.py install is deprecated setup.py egg_info --egg-base ../../build/navegacao_pkg build --build-base /home/atwork/caramelo_goiania/build/navegacao_pkg/build install --record /home/atwork/caramelo_goiania/build/navegacao_pkg/install.log --single-version-externally-managed install_data
[0.903s] running egg_info
[0.904s] writing ../../build/navegacao_pkg/navegacao_pkg.egg-info/PKG-INFO
[0.904s] writing dependency_links to ../../build/navegacao_pkg/navegacao_pkg.egg-info/dependency_links.txt
[0.904s] writing entry points to ../../build/navegacao_pkg/navegacao_pkg.egg-info/entry_points.txt
[0.904s] writing requirements to ../../build/navegacao_pkg/navegacao_pkg.egg-info/requires.txt
[0.904s] writing top-level names to ../../build/navegacao_pkg/navegacao_pkg.egg-info/top_level.txt
[0.905s] reading manifest file '../../build/navegacao_pkg/navegacao_pkg.egg-info/SOURCES.txt'
[0.905s] writing manifest file '../../build/navegacao_pkg/navegacao_pkg.egg-info/SOURCES.txt'
[0.905s] running build
[0.905s] running build_py
[0.905s] copying navegacao_pkg/serial_node_arduino.py -> /home/atwork/caramelo_goiania/build/navegacao_pkg/build/lib/navegacao_pkg
[0.906s] running install
[0.906s] running install_lib
[0.906s] copying /home/atwork/caramelo_goiania/build/navegacao_pkg/build/lib/navegacao_pkg/serial_node_arduino.py -> /home/atwork/caramelo_goiania/install/navegacao_pkg/lib/python3.10/site-packages/navegacao_pkg
[0.906s] byte-compiling /home/atwork/caramelo_goiania/install/navegacao_pkg/lib/python3.10/site-packages/navegacao_pkg/serial_node_arduino.py to serial_node_arduino.cpython-310.pyc
[0.907s] running install_data
[0.907s] running install_egg_info
[0.909s] removing '/home/atwork/caramelo_goiania/install/navegacao_pkg/lib/python3.10/site-packages/navegacao_pkg-0.0.0-py3.10.egg-info' (and everything under it)
[0.909s] Copying ../../build/navegacao_pkg/navegacao_pkg.egg-info to /home/atwork/caramelo_goiania/install/navegacao_pkg/lib/python3.10/site-packages/navegacao_pkg-0.0.0-py3.10.egg-info
[0.909s] running install_scripts
[0.920s] Installing segue_linha script to /home/atwork/caramelo_goiania/install/navegacao_pkg/lib/navegacao_pkg
[0.920s] Installing serial_node_arduino script to /home/atwork/caramelo_goiania/install/navegacao_pkg/lib/navegacao_pkg
[0.920s] Installing serial_node_isaac script to /home/atwork/caramelo_goiania/install/navegacao_pkg/lib/navegacao_pkg
[0.920s] writing list of installed files to '/home/atwork/caramelo_goiania/build/navegacao_pkg/install.log'
[0.932s] Invoked command in '/home/atwork/caramelo_goiania/src/navegacao_pkg' returned '0': PYTHONPATH=/home/atwork/caramelo_goiania/build/navegacao_pkg/prefix_override:/usr/lib/python3/dist-packages/colcon_core/task/python/colcon_distutils_commands:/home/atwork/caramelo_goiania/install/navegacao_pkg/lib/python3.10/site-packages:${PYTHONPATH} /usr/bin/python3 -W ignore:setup.py install is deprecated setup.py egg_info --egg-base ../../build/navegacao_pkg build --build-base /home/atwork/caramelo_goiania/build/navegacao_pkg/build install --record /home/atwork/caramelo_goiania/build/navegacao_pkg/install.log --single-version-externally-managed install_data
