/home/victor/caramelo_goiania/src/install/navegacao_pkg/lib/python3.10/site-packages/navegacao_pkg/camera_node.py
/home/victor/caramelo_goiania/src/install/navegacao_pkg/lib/python3.10/site-packages/navegacao_pkg/serial_node_arduino.py
/home/victor/caramelo_goiania/src/install/navegacao_pkg/lib/python3.10/site-packages/navegacao_pkg/__init__.py
/home/victor/caramelo_goiania/src/install/navegacao_pkg/lib/python3.10/site-packages/navegacao_pkg/cinamatica.py
/home/victor/caramelo_goiania/src/install/navegacao_pkg/lib/python3.10/site-packages/navegacao_pkg/segue_pid.py
/home/victor/caramelo_goiania/src/install/navegacao_pkg/lib/python3.10/site-packages/navegacao_pkg/segue_linha.py
/home/victor/caramelo_goiania/src/install/navegacao_pkg/lib/python3.10/site-packages/navegacao_pkg/__pycache__/camera_node.cpython-310.pyc
/home/victor/caramelo_goiania/src/install/navegacao_pkg/lib/python3.10/site-packages/navegacao_pkg/__pycache__/serial_node_arduino.cpython-310.pyc
/home/victor/caramelo_goiania/src/install/navegacao_pkg/lib/python3.10/site-packages/navegacao_pkg/__pycache__/__init__.cpython-310.pyc
/home/victor/caramelo_goiania/src/install/navegacao_pkg/lib/python3.10/site-packages/navegacao_pkg/__pycache__/cinamatica.cpython-310.pyc
/home/victor/caramelo_goiania/src/install/navegacao_pkg/lib/python3.10/site-packages/navegacao_pkg/__pycache__/segue_pid.cpython-310.pyc
/home/victor/caramelo_goiania/src/install/navegacao_pkg/lib/python3.10/site-packages/navegacao_pkg/__pycache__/segue_linha.cpython-310.pyc
/home/victor/caramelo_goiania/src/install/navegacao_pkg/share/ament_index/resource_index/packages/navegacao_pkg
/home/victor/caramelo_goiania/src/install/navegacao_pkg/share/navegacao_pkg/package.xml
/home/victor/caramelo_goiania/src/install/navegacao_pkg/lib/python3.10/site-packages/navegacao_pkg-0.0.0-py3.10.egg-info/requires.txt
/home/victor/caramelo_goiania/src/install/navegacao_pkg/lib/python3.10/site-packages/navegacao_pkg-0.0.0-py3.10.egg-info/entry_points.txt
/home/victor/caramelo_goiania/src/install/navegacao_pkg/lib/python3.10/site-packages/navegacao_pkg-0.0.0-py3.10.egg-info/PKG-INFO
/home/victor/caramelo_goiania/src/install/navegacao_pkg/lib/python3.10/site-packages/navegacao_pkg-0.0.0-py3.10.egg-info/SOURCES.txt
/home/victor/caramelo_goiania/src/install/navegacao_pkg/lib/python3.10/site-packages/navegacao_pkg-0.0.0-py3.10.egg-info/top_level.txt
/home/victor/caramelo_goiania/src/install/navegacao_pkg/lib/python3.10/site-packages/navegacao_pkg-0.0.0-py3.10.egg-info/zip-safe
/home/victor/caramelo_goiania/src/install/navegacao_pkg/lib/python3.10/site-packages/navegacao_pkg-0.0.0-py3.10.egg-info/dependency_links.txt
/home/victor/caramelo_goiania/src/install/navegacao_pkg/lib/navegacao_pkg/cinamatica
/home/victor/caramelo_goiania/src/install/navegacao_pkg/lib/navegacao_pkg/serial_node_arduino
