[0.988s] Invoking command in '/home/victor/caramelo_goiania/src/movimentacao_pkg': PYTHONPATH=/home/victor/caramelo_goiania/src/build/movimentacao_pkg/prefix_override:/usr/lib/python3/dist-packages/colcon_core/task/python/colcon_distutils_commands:/home/victor/caramelo_goiania/src/install/movimentacao_pkg/lib/python3.10/site-packages:${PYTHONPATH} /usr/bin/python3 -W ignore:setup.py install is deprecated setup.py egg_info --egg-base ../build/movimentacao_pkg build --build-base /home/victor/caramelo_goiania/src/build/movimentacao_pkg/build install --record /home/victor/caramelo_goiania/src/build/movimentacao_pkg/install.log --single-version-externally-managed install_data
[1.211s] running egg_info
[1.212s] writing ../build/movimentacao_pkg/movimentacao_pkg.egg-info/PKG-INFO
[1.212s] writing dependency_links to ../build/movimentacao_pkg/movimentacao_pkg.egg-info/dependency_links.txt
[1.212s] writing entry points to ../build/movimentacao_pkg/movimentacao_pkg.egg-info/entry_points.txt
[1.212s] writing requirements to ../build/movimentacao_pkg/movimentacao_pkg.egg-info/requires.txt
[1.212s] writing top-level names to ../build/movimentacao_pkg/movimentacao_pkg.egg-info/top_level.txt
[1.213s] reading manifest file '../build/movimentacao_pkg/movimentacao_pkg.egg-info/SOURCES.txt'
[1.214s] writing manifest file '../build/movimentacao_pkg/movimentacao_pkg.egg-info/SOURCES.txt'
[1.215s] running build
[1.215s] running build_py
[1.215s] running install
[1.215s] running install_lib
[1.216s] running install_data
[1.216s] running install_egg_info
[1.218s] removing '/home/victor/caramelo_goiania/src/install/movimentacao_pkg/lib/python3.10/site-packages/movimentacao_pkg-0.0.0-py3.10.egg-info' (and everything under it)
[1.218s] Copying ../build/movimentacao_pkg/movimentacao_pkg.egg-info to /home/victor/caramelo_goiania/src/install/movimentacao_pkg/lib/python3.10/site-packages/movimentacao_pkg-0.0.0-py3.10.egg-info
[1.219s] running install_scripts
[1.238s] Installing cinematica script to /home/victor/caramelo_goiania/src/install/movimentacao_pkg/lib/movimentacao_pkg
[1.238s] Installing serial_node_arduino script to /home/victor/caramelo_goiania/src/install/movimentacao_pkg/lib/movimentacao_pkg
[1.239s] writing list of installed files to '/home/victor/caramelo_goiania/src/build/movimentacao_pkg/install.log'
[1.261s] Invoked command in '/home/victor/caramelo_goiania/src/movimentacao_pkg' returned '0': PYTHONPATH=/home/victor/caramelo_goiania/src/build/movimentacao_pkg/prefix_override:/usr/lib/python3/dist-packages/colcon_core/task/python/colcon_distutils_commands:/home/victor/caramelo_goiania/src/install/movimentacao_pkg/lib/python3.10/site-packages:${PYTHONPATH} /usr/bin/python3 -W ignore:setup.py install is deprecated setup.py egg_info --egg-base ../build/movimentacao_pkg build --build-base /home/victor/caramelo_goiania/src/build/movimentacao_pkg/build install --record /home/victor/caramelo_goiania/src/build/movimentacao_pkg/install.log --single-version-externally-managed install_data
