[0.624s] Invoking command in '/home/atwork/caramelo_goiania/src/navegacao_pkg': PYTHONPATH=/home/atwork/caramelo_goiania/src/build/navegacao_pkg/prefix_override:/usr/lib/python3/dist-packages/colcon_core/task/python/colcon_distutils_commands:/home/atwork/caramelo_goiania/src/install/navegacao_pkg/lib/python3.10/site-packages:${PYTHONPATH} /usr/bin/python3 -W ignore:setup.py install is deprecated setup.py egg_info --egg-base ../build/navegacao_pkg build --build-base /home/atwork/caramelo_goiania/src/build/navegacao_pkg/build install --record /home/atwork/caramelo_goiania/src/build/navegacao_pkg/install.log --single-version-externally-managed install_data
[0.848s] running egg_info
[0.848s] writing ../build/navegacao_pkg/navegacao_pkg.egg-info/PKG-INFO
[0.848s] writing dependency_links to ../build/navegacao_pkg/navegacao_pkg.egg-info/dependency_links.txt
[0.848s] writing entry points to ../build/navegacao_pkg/navegacao_pkg.egg-info/entry_points.txt
[0.848s] writing requirements to ../build/navegacao_pkg/navegacao_pkg.egg-info/requires.txt
[0.848s] writing top-level names to ../build/navegacao_pkg/navegacao_pkg.egg-info/top_level.txt
[0.849s] reading manifest file '../build/navegacao_pkg/navegacao_pkg.egg-info/SOURCES.txt'
[0.850s] writing manifest file '../build/navegacao_pkg/navegacao_pkg.egg-info/SOURCES.txt'
[0.850s] running build
[0.850s] running build_py
[0.850s] copying navegacao_pkg/camera_node.py -> /home/atwork/caramelo_goiania/src/build/navegacao_pkg/build/lib/navegacao_pkg
[0.850s] running install
[0.850s] running install_lib
[0.850s] copying /home/atwork/caramelo_goiania/src/build/navegacao_pkg/build/lib/navegacao_pkg/camera_node.py -> /home/atwork/caramelo_goiania/src/install/navegacao_pkg/lib/python3.10/site-packages/navegacao_pkg
[0.851s] byte-compiling /home/atwork/caramelo_goiania/src/install/navegacao_pkg/lib/python3.10/site-packages/navegacao_pkg/camera_node.py to camera_node.cpython-310.pyc
[0.851s] running install_data
[0.851s]   File "/home/atwork/caramelo_goiania/src/install/navegacao_pkg/lib/python3.10/site-packages/navegacao_pkg/camera_node.py", line 39
[0.851s]     if colors[0][0] > 140 and colors[1][0] < 135 and color[0][0]
[0.851s]                                                                 ^
[0.851s] SyntaxError: expected ':'
[0.851s] 
[0.851s] running install_egg_info
[0.852s] removing '/home/atwork/caramelo_goiania/src/install/navegacao_pkg/lib/python3.10/site-packages/navegacao_pkg-0.0.0-py3.10.egg-info' (and everything under it)
[0.852s] Copying ../build/navegacao_pkg/navegacao_pkg.egg-info to /home/atwork/caramelo_goiania/src/install/navegacao_pkg/lib/python3.10/site-packages/navegacao_pkg-0.0.0-py3.10.egg-info
[0.853s] running install_scripts
[0.863s] Installing camera_node script to /home/atwork/caramelo_goiania/src/install/navegacao_pkg/lib/navegacao_pkg
[0.863s] Installing segue_linha script to /home/atwork/caramelo_goiania/src/install/navegacao_pkg/lib/navegacao_pkg
[0.863s] Installing serial_node_arduino script to /home/atwork/caramelo_goiania/src/install/navegacao_pkg/lib/navegacao_pkg
[0.863s] Installing serial_node_isaac script to /home/atwork/caramelo_goiania/src/install/navegacao_pkg/lib/navegacao_pkg
[0.864s] writing list of installed files to '/home/atwork/caramelo_goiania/src/build/navegacao_pkg/install.log'
[0.876s] Invoked command in '/home/atwork/caramelo_goiania/src/navegacao_pkg' returned '0': PYTHONPATH=/home/atwork/caramelo_goiania/src/build/navegacao_pkg/prefix_override:/usr/lib/python3/dist-packages/colcon_core/task/python/colcon_distutils_commands:/home/atwork/caramelo_goiania/src/install/navegacao_pkg/lib/python3.10/site-packages:${PYTHONPATH} /usr/bin/python3 -W ignore:setup.py install is deprecated setup.py egg_info --egg-base ../build/navegacao_pkg build --build-base /home/atwork/caramelo_goiania/src/build/navegacao_pkg/build install --record /home/atwork/caramelo_goiania/src/build/navegacao_pkg/install.log --single-version-externally-managed install_data
