[0.864s] Invoking command in '/home/atwork/caramelo_goiania/src/navegacao_pkg': PYTHONPATH=/home/atwork/caramelo_goiania/build/navegacao_pkg/prefix_override:/usr/lib/python3/dist-packages/colcon_core/task/python/colcon_distutils_commands:/home/atwork/caramelo_goiania/install/navegacao_pkg/lib/python3.10/site-packages:${PYTHONPATH} /usr/bin/python3 -W ignore:setup.py install is deprecated setup.py egg_info --egg-base ../../build/navegacao_pkg build --build-base /home/atwork/caramelo_goiania/build/navegacao_pkg/build install --record /home/atwork/caramelo_goiania/build/navegacao_pkg/install.log --single-version-externally-managed install_data
[1.201s] running egg_info
[1.202s] writing ../../build/navegacao_pkg/navegacao_pkg.egg-info/PKG-INFO
[1.204s] writing dependency_links to ../../build/navegacao_pkg/navegacao_pkg.egg-info/dependency_links.txt
[1.204s] writing entry points to ../../build/navegacao_pkg/navegacao_pkg.egg-info/entry_points.txt
[1.204s] writing requirements to ../../build/navegacao_pkg/navegacao_pkg.egg-info/requires.txt
[1.204s] writing top-level names to ../../build/navegacao_pkg/navegacao_pkg.egg-info/top_level.txt
[1.205s] reading manifest file '../../build/navegacao_pkg/navegacao_pkg.egg-info/SOURCES.txt'
[1.205s] writing manifest file '../../build/navegacao_pkg/navegacao_pkg.egg-info/SOURCES.txt'
[1.205s] running build
[1.205s] running build_py
[1.205s] copying navegacao_pkg/serial_node_arduino.py -> /home/atwork/caramelo_goiania/build/navegacao_pkg/build/lib/navegacao_pkg
[1.206s] running install
[1.206s] running install_lib
[1.207s] copying /home/atwork/caramelo_goiania/build/navegacao_pkg/build/lib/navegacao_pkg/serial_node_arduino.py -> /home/atwork/caramelo_goiania/install/navegacao_pkg/lib/python3.10/site-packages/navegacao_pkg
[1.207s] byte-compiling /home/atwork/caramelo_goiania/install/navegacao_pkg/lib/python3.10/site-packages/navegacao_pkg/serial_node_arduino.py to serial_node_arduino.cpython-310.pyc
[1.208s] running install_data
[1.208s] running install_egg_info
[1.209s] removing '/home/atwork/caramelo_goiania/install/navegacao_pkg/lib/python3.10/site-packages/navegacao_pkg-0.0.0-py3.10.egg-info' (and everything under it)
[1.209s] Copying ../../build/navegacao_pkg/navegacao_pkg.egg-info to /home/atwork/caramelo_goiania/install/navegacao_pkg/lib/python3.10/site-packages/navegacao_pkg-0.0.0-py3.10.egg-info
[1.210s] running install_scripts
[1.220s] Installing segue_linha script to /home/atwork/caramelo_goiania/install/navegacao_pkg/lib/navegacao_pkg
[1.221s] Installing serial_node_arduino script to /home/atwork/caramelo_goiania/install/navegacao_pkg/lib/navegacao_pkg
[1.221s] Installing serial_node_isaac script to /home/atwork/caramelo_goiania/install/navegacao_pkg/lib/navegacao_pkg
[1.221s] writing list of installed files to '/home/atwork/caramelo_goiania/build/navegacao_pkg/install.log'
[1.233s] Invoked command in '/home/atwork/caramelo_goiania/src/navegacao_pkg' returned '0': PYTHONPATH=/home/atwork/caramelo_goiania/build/navegacao_pkg/prefix_override:/usr/lib/python3/dist-packages/colcon_core/task/python/colcon_distutils_commands:/home/atwork/caramelo_goiania/install/navegacao_pkg/lib/python3.10/site-packages:${PYTHONPATH} /usr/bin/python3 -W ignore:setup.py install is deprecated setup.py egg_info --egg-base ../../build/navegacao_pkg build --build-base /home/atwork/caramelo_goiania/build/navegacao_pkg/build install --record /home/atwork/caramelo_goiania/build/navegacao_pkg/install.log --single-version-externally-managed install_data
