[0.046s] Invoking command in '/home/victor/caramelo_goiania/src/build/grid_map_loader': AMENT_PREFIX_PATH=/home/victor/caramelo_goiania/src/install/grid_map_ros:/home/victor/caramelo_goiania/src/install/grid_map_cv:/home/victor/caramelo_goiania/src/install/grid_map_msgs:/home/victor/caramelo_goiania/src/install/grid_map_core:/home/victor/caramelo_goiania/src/install/grid_map_cmake_helpers:${AMENT_PREFIX_PATH} CMAKE_PREFIX_PATH=/home/victor/caramelo_goiania/src/install/grid_map_ros:/home/victor/caramelo_goiania/src/install/grid_map_cv:/home/victor/caramelo_goiania/src/install/grid_map_msgs:/home/victor/caramelo_goiania/src/install/grid_map_core:/home/victor/caramelo_goiania/src/install/grid_map_cmake_helpers:/home/victor/caramelo_goiania/install/sllidar_ros2:/home/victor/caramelo_goiania/install/rplidar_ros:/home/victor/caramelo_goiania/install/rf2o_laser_odometry:/home/victor/caramelo_goiania/src/install/sllidar_ros2:/home/victor/caramelo_goiania/src/install/rplidar_ros:/home/victor/caramelo_goiania/src/install/navegacao_pkg:/home/victor/caramelo_goiania/install/navegacao_pkg:/opt/ros/humble LD_LIBRARY_PATH=/home/victor/caramelo_goiania/src/install/grid_map_ros/lib:/home/victor/caramelo_goiania/src/install/grid_map_cv/lib:/home/victor/caramelo_goiania/src/install/grid_map_msgs/lib:/home/victor/caramelo_goiania/src/install/grid_map_core/lib:/usr/lib/x86_64-linux-gnu/gazebo-11/plugins:/opt/ros/humble/opt/rviz_ogre_vendor/lib:/opt/ros/humble/lib/x86_64-linux-gnu:/opt/ros/humble/lib:/usr/share/gazebo/../../lib/x86_64-linux-gnu/gazebo-11/plugins PYTHONPATH=/home/victor/caramelo_goiania/src/install/grid_map_msgs/local/lib/python3.10/dist-packages:${PYTHONPATH} /usr/bin/cmake /home/victor/caramelo_goiania/src/grid_map/grid_map_loader -DAMENT_CMAKE_SYMLINK_INSTALL=1 -DCMAKE_INSTALL_PREFIX=/home/victor/caramelo_goiania/src/install/grid_map_loader
[0.121s] -- The C compiler identification is GNU 11.4.0
[0.223s] -- The CXX compiler identification is GNU 11.4.0
[0.237s] -- Detecting C compiler ABI info
[0.351s] -- Detecting C compiler ABI info - done
[0.361s] -- Check for working C compiler: /usr/bin/cc - skipped
[0.362s] -- Detecting C compile features
[0.362s] -- Detecting C compile features - done
[0.367s] -- Detecting CXX compiler ABI info
[0.510s] -- Detecting CXX compiler ABI info - done
[0.526s] -- Check for working CXX compiler: /usr/bin/c++ - skipped
[0.527s] -- Detecting CXX compile features
[0.527s] -- Detecting CXX compile features - done
[0.534s] -- Found ament_cmake: 1.3.10 (/opt/ros/humble/share/ament_cmake/cmake)
[0.829s] -- Found Python3: /usr/bin/python3 (found version "3.10.12") found components: Interpreter 
[0.954s] -- Override CMake install command with custom implementation using symlinks instead of copying resources
[1.029s] -- Found grid_map_cmake_helpers: 2.0.0 (/home/victor/caramelo_goiania/src/install/grid_map_cmake_helpers/share/grid_map_cmake_helpers/cmake)
[1.030s] -- Found grid_map_msgs: 2.0.0 (/home/victor/caramelo_goiania/src/install/grid_map_msgs/share/grid_map_msgs/cmake)
[1.115s] -- Found rosidl_generator_c: 3.1.5 (/opt/ros/humble/share/rosidl_generator_c/cmake)
[1.131s] -- Found rosidl_adapter: 3.1.5 (/opt/ros/humble/share/rosidl_adapter/cmake)
[1.148s] -- Found rosidl_generator_cpp: 3.1.5 (/opt/ros/humble/share/rosidl_generator_cpp/cmake)
[1.176s] -- Using all available rosidl_typesupport_c: rosidl_typesupport_fastrtps_c;rosidl_typesupport_introspection_c
[1.213s] -- Using all available rosidl_typesupport_cpp: rosidl_typesupport_fastrtps_cpp;rosidl_typesupport_introspection_cpp
[1.322s] -- Found grid_map_ros: 2.0.0 (/home/victor/caramelo_goiania/src/install/grid_map_ros/share/grid_map_ros/cmake)
[1.565s] -- Found rmw_implementation_cmake: 6.1.2 (/opt/ros/humble/share/rmw_implementation_cmake/cmake)
[1.571s] -- Found rmw_fastrtps_cpp: 6.2.7 (/opt/ros/humble/share/rmw_fastrtps_cpp/cmake)
[1.628s] -- Found TinyXML2 via Config file: TinyXML2_DIR-NOTFOUND
[1.715s] -- Found OpenSSL: /usr/lib/x86_64-linux-gnu/libcrypto.so (found version "3.0.2")  
[1.720s] -- Found TinyXML2 via Config file: TinyXML2_DIR-NOTFOUND
[1.750s] -- Found FastRTPS: /opt/ros/humble/include  
[1.758s] -- Found TinyXML2 via Config file: TinyXML2_DIR-NOTFOUND
[1.773s] -- Found TinyXML2 via Config file: TinyXML2_DIR-NOTFOUND
[1.793s] -- Using RMW implementation 'rmw_fastrtps_cpp' as default
[1.815s] -- Looking for pthread.h
[1.936s] -- Looking for pthread.h - found
[1.936s] -- Performing Test CMAKE_HAVE_LIBC_PTHREAD
[2.050s] -- Performing Test CMAKE_HAVE_LIBC_PTHREAD - Success
[2.050s] -- Found Threads: TRUE  
[2.306s] -- Setting build type to Release as none was specified.
[2.373s] -- Found ament_lint_auto: 0.12.11 (/opt/ros/humble/share/ament_lint_auto/cmake)
[2.554s] -- Added test 'cppcheck' to perform static code analysis on C / C++ code
[2.555s] -- Configured cppcheck include dirs: /home/victor/caramelo_goiania/src/grid_map/grid_map_loader/include
[2.555s] -- Configured cppcheck exclude dirs and/or files: 
[2.557s] -- Added test 'lint_cmake' to check CMake code style
[2.559s] -- Added test 'uncrustify' to check C / C++ code style
[2.560s] -- Configured uncrustify additional arguments: 
[2.561s] -- Added test 'xmllint' to check XML markup files
[2.568s] -- Configuring done
[2.741s] -- Generating done
[2.744s] -- Build files have been written to: /home/victor/caramelo_goiania/src/build/grid_map_loader
[2.778s] Invoked command in '/home/victor/caramelo_goiania/src/build/grid_map_loader' returned '0': AMENT_PREFIX_PATH=/home/victor/caramelo_goiania/src/install/grid_map_ros:/home/victor/caramelo_goiania/src/install/grid_map_cv:/home/victor/caramelo_goiania/src/install/grid_map_msgs:/home/victor/caramelo_goiania/src/install/grid_map_core:/home/victor/caramelo_goiania/src/install/grid_map_cmake_helpers:${AMENT_PREFIX_PATH} CMAKE_PREFIX_PATH=/home/victor/caramelo_goiania/src/install/grid_map_ros:/home/victor/caramelo_goiania/src/install/grid_map_cv:/home/victor/caramelo_goiania/src/install/grid_map_msgs:/home/victor/caramelo_goiania/src/install/grid_map_core:/home/victor/caramelo_goiania/src/install/grid_map_cmake_helpers:/home/victor/caramelo_goiania/install/sllidar_ros2:/home/victor/caramelo_goiania/install/rplidar_ros:/home/victor/caramelo_goiania/install/rf2o_laser_odometry:/home/victor/caramelo_goiania/src/install/sllidar_ros2:/home/victor/caramelo_goiania/src/install/rplidar_ros:/home/victor/caramelo_goiania/src/install/navegacao_pkg:/home/victor/caramelo_goiania/install/navegacao_pkg:/opt/ros/humble LD_LIBRARY_PATH=/home/victor/caramelo_goiania/src/install/grid_map_ros/lib:/home/victor/caramelo_goiania/src/install/grid_map_cv/lib:/home/victor/caramelo_goiania/src/install/grid_map_msgs/lib:/home/victor/caramelo_goiania/src/install/grid_map_core/lib:/usr/lib/x86_64-linux-gnu/gazebo-11/plugins:/opt/ros/humble/opt/rviz_ogre_vendor/lib:/opt/ros/humble/lib/x86_64-linux-gnu:/opt/ros/humble/lib:/usr/share/gazebo/../../lib/x86_64-linux-gnu/gazebo-11/plugins PYTHONPATH=/home/victor/caramelo_goiania/src/install/grid_map_msgs/local/lib/python3.10/dist-packages:${PYTHONPATH} /usr/bin/cmake /home/victor/caramelo_goiania/src/grid_map/grid_map_loader -DAMENT_CMAKE_SYMLINK_INSTALL=1 -DCMAKE_INSTALL_PREFIX=/home/victor/caramelo_goiania/src/install/grid_map_loader
[2.779s] Invoking command in '/home/victor/caramelo_goiania/src/build/grid_map_loader': AMENT_PREFIX_PATH=/home/victor/caramelo_goiania/src/install/grid_map_ros:/home/victor/caramelo_goiania/src/install/grid_map_cv:/home/victor/caramelo_goiania/src/install/grid_map_msgs:/home/victor/caramelo_goiania/src/install/grid_map_core:/home/victor/caramelo_goiania/src/install/grid_map_cmake_helpers:${AMENT_PREFIX_PATH} CMAKE_PREFIX_PATH=/home/victor/caramelo_goiania/src/install/grid_map_ros:/home/victor/caramelo_goiania/src/install/grid_map_cv:/home/victor/caramelo_goiania/src/install/grid_map_msgs:/home/victor/caramelo_goiania/src/install/grid_map_core:/home/victor/caramelo_goiania/src/install/grid_map_cmake_helpers:/home/victor/caramelo_goiania/install/sllidar_ros2:/home/victor/caramelo_goiania/install/rplidar_ros:/home/victor/caramelo_goiania/install/rf2o_laser_odometry:/home/victor/caramelo_goiania/src/install/sllidar_ros2:/home/victor/caramelo_goiania/src/install/rplidar_ros:/home/victor/caramelo_goiania/src/install/navegacao_pkg:/home/victor/caramelo_goiania/install/navegacao_pkg:/opt/ros/humble LD_LIBRARY_PATH=/home/victor/caramelo_goiania/src/install/grid_map_ros/lib:/home/victor/caramelo_goiania/src/install/grid_map_cv/lib:/home/victor/caramelo_goiania/src/install/grid_map_msgs/lib:/home/victor/caramelo_goiania/src/install/grid_map_core/lib:/usr/lib/x86_64-linux-gnu/gazebo-11/plugins:/opt/ros/humble/opt/rviz_ogre_vendor/lib:/opt/ros/humble/lib/x86_64-linux-gnu:/opt/ros/humble/lib:/usr/share/gazebo/../../lib/x86_64-linux-gnu/gazebo-11/plugins PYTHONPATH=/home/victor/caramelo_goiania/src/install/grid_map_msgs/local/lib/python3.10/dist-packages:${PYTHONPATH} /usr/bin/cmake --build /home/victor/caramelo_goiania/src/build/grid_map_loader -- -j8 -l8
[2.970s] [ 25%] [32mBuilding CXX object CMakeFiles/grid_map_loader_core.dir/src/GridMapLoader.cpp.o[0m
[32.948s] [ 50%] [32m[1mLinking CXX shared library libgrid_map_loader_core.so[0m
[34.460s] [ 50%] Built target grid_map_loader_core
[34.546s] [ 75%] [32mBuilding CXX object CMakeFiles/grid_map_loader.dir/src/grid_map_loader_node.cpp.o[0m
[44.644s] [100%] [32m[1mLinking CXX executable grid_map_loader[0m
[46.686s] [100%] Built target grid_map_loader
[46.728s] Invoked command in '/home/victor/caramelo_goiania/src/build/grid_map_loader' returned '0': AMENT_PREFIX_PATH=/home/victor/caramelo_goiania/src/install/grid_map_ros:/home/victor/caramelo_goiania/src/install/grid_map_cv:/home/victor/caramelo_goiania/src/install/grid_map_msgs:/home/victor/caramelo_goiania/src/install/grid_map_core:/home/victor/caramelo_goiania/src/install/grid_map_cmake_helpers:${AMENT_PREFIX_PATH} CMAKE_PREFIX_PATH=/home/victor/caramelo_goiania/src/install/grid_map_ros:/home/victor/caramelo_goiania/src/install/grid_map_cv:/home/victor/caramelo_goiania/src/install/grid_map_msgs:/home/victor/caramelo_goiania/src/install/grid_map_core:/home/victor/caramelo_goiania/src/install/grid_map_cmake_helpers:/home/victor/caramelo_goiania/install/sllidar_ros2:/home/victor/caramelo_goiania/install/rplidar_ros:/home/victor/caramelo_goiania/install/rf2o_laser_odometry:/home/victor/caramelo_goiania/src/install/sllidar_ros2:/home/victor/caramelo_goiania/src/install/rplidar_ros:/home/victor/caramelo_goiania/src/install/navegacao_pkg:/home/victor/caramelo_goiania/install/navegacao_pkg:/opt/ros/humble LD_LIBRARY_PATH=/home/victor/caramelo_goiania/src/install/grid_map_ros/lib:/home/victor/caramelo_goiania/src/install/grid_map_cv/lib:/home/victor/caramelo_goiania/src/install/grid_map_msgs/lib:/home/victor/caramelo_goiania/src/install/grid_map_core/lib:/usr/lib/x86_64-linux-gnu/gazebo-11/plugins:/opt/ros/humble/opt/rviz_ogre_vendor/lib:/opt/ros/humble/lib/x86_64-linux-gnu:/opt/ros/humble/lib:/usr/share/gazebo/../../lib/x86_64-linux-gnu/gazebo-11/plugins PYTHONPATH=/home/victor/caramelo_goiania/src/install/grid_map_msgs/local/lib/python3.10/dist-packages:${PYTHONPATH} /usr/bin/cmake --build /home/victor/caramelo_goiania/src/build/grid_map_loader -- -j8 -l8
[46.867s] Invoking command in '/home/victor/caramelo_goiania/src/build/grid_map_loader': AMENT_PREFIX_PATH=/home/victor/caramelo_goiania/src/install/grid_map_ros:/home/victor/caramelo_goiania/src/install/grid_map_cv:/home/victor/caramelo_goiania/src/install/grid_map_msgs:/home/victor/caramelo_goiania/src/install/grid_map_core:/home/victor/caramelo_goiania/src/install/grid_map_cmake_helpers:${AMENT_PREFIX_PATH} CMAKE_PREFIX_PATH=/home/victor/caramelo_goiania/src/install/grid_map_ros:/home/victor/caramelo_goiania/src/install/grid_map_cv:/home/victor/caramelo_goiania/src/install/grid_map_msgs:/home/victor/caramelo_goiania/src/install/grid_map_core:/home/victor/caramelo_goiania/src/install/grid_map_cmake_helpers:/home/victor/caramelo_goiania/install/sllidar_ros2:/home/victor/caramelo_goiania/install/rplidar_ros:/home/victor/caramelo_goiania/install/rf2o_laser_odometry:/home/victor/caramelo_goiania/src/install/sllidar_ros2:/home/victor/caramelo_goiania/src/install/rplidar_ros:/home/victor/caramelo_goiania/src/install/navegacao_pkg:/home/victor/caramelo_goiania/install/navegacao_pkg:/opt/ros/humble LD_LIBRARY_PATH=/home/victor/caramelo_goiania/src/install/grid_map_ros/lib:/home/victor/caramelo_goiania/src/install/grid_map_cv/lib:/home/victor/caramelo_goiania/src/install/grid_map_msgs/lib:/home/victor/caramelo_goiania/src/install/grid_map_core/lib:/usr/lib/x86_64-linux-gnu/gazebo-11/plugins:/opt/ros/humble/opt/rviz_ogre_vendor/lib:/opt/ros/humble/lib/x86_64-linux-gnu:/opt/ros/humble/lib:/usr/share/gazebo/../../lib/x86_64-linux-gnu/gazebo-11/plugins PYTHONPATH=/home/victor/caramelo_goiania/src/install/grid_map_msgs/local/lib/python3.10/dist-packages:${PYTHONPATH} /usr/bin/cmake --install /home/victor/caramelo_goiania/src/build/grid_map_loader
[46.901s] -- Install configuration: "Release"
[46.902s] -- Execute custom install script
[46.904s] -- Symlinking: /home/victor/caramelo_goiania/src/install/grid_map_loader/lib/libgrid_map_loader_core.so
[46.940s] -- Symlinking: /home/victor/caramelo_goiania/src/install/grid_map_loader/lib/grid_map_loader/grid_map_loader
[46.965s] -- Symlinking: /home/victor/caramelo_goiania/src/install/grid_map_loader/share/grid_map_loader/environment/library_path.sh
[46.984s] -- Symlinking: /home/victor/caramelo_goiania/src/install/grid_map_loader/share/grid_map_loader/environment/library_path.dsv
[47.001s] -- Symlinking: /home/victor/caramelo_goiania/src/install/grid_map_loader/share/ament_index/resource_index/package_run_dependencies/grid_map_loader
[47.021s] -- Symlinking: /home/victor/caramelo_goiania/src/install/grid_map_loader/share/ament_index/resource_index/parent_prefix_path/grid_map_loader
[47.039s] -- Symlinking: /home/victor/caramelo_goiania/src/install/grid_map_loader/share/grid_map_loader/environment/ament_prefix_path.sh
[47.056s] -- Symlinking: /home/victor/caramelo_goiania/src/install/grid_map_loader/share/grid_map_loader/environment/ament_prefix_path.dsv
[47.073s] -- Symlinking: /home/victor/caramelo_goiania/src/install/grid_map_loader/share/grid_map_loader/environment/path.sh
[47.092s] -- Symlinking: /home/victor/caramelo_goiania/src/install/grid_map_loader/share/grid_map_loader/environment/path.dsv
[47.113s] -- Symlinking: /home/victor/caramelo_goiania/src/install/grid_map_loader/share/grid_map_loader/local_setup.bash
[47.126s] -- Symlinking: /home/victor/caramelo_goiania/src/install/grid_map_loader/share/grid_map_loader/local_setup.sh
[47.144s] -- Symlinking: /home/victor/caramelo_goiania/src/install/grid_map_loader/share/grid_map_loader/local_setup.zsh
[47.159s] -- Symlinking: /home/victor/caramelo_goiania/src/install/grid_map_loader/share/grid_map_loader/local_setup.dsv
[47.176s] -- Symlinking: /home/victor/caramelo_goiania/src/install/grid_map_loader/share/grid_map_loader/package.dsv
[47.195s] -- Symlinking: /home/victor/caramelo_goiania/src/install/grid_map_loader/share/ament_index/resource_index/packages/grid_map_loader
[47.211s] -- Symlinking: /home/victor/caramelo_goiania/src/install/grid_map_loader/share/grid_map_loader/cmake/ament_cmake_export_include_directories-extras.cmake
[47.229s] -- Symlinking: /home/victor/caramelo_goiania/src/install/grid_map_loader/share/grid_map_loader/cmake/ament_cmake_export_dependencies-extras.cmake
[47.246s] -- Symlinking: /home/victor/caramelo_goiania/src/install/grid_map_loader/share/grid_map_loader/cmake/ament_cmake_export_libraries-extras.cmake
[47.262s] -- Symlinking: /home/victor/caramelo_goiania/src/install/grid_map_loader/share/grid_map_loader/cmake/grid_map_loaderConfig.cmake
[47.280s] -- Symlinking: /home/victor/caramelo_goiania/src/install/grid_map_loader/share/grid_map_loader/cmake/grid_map_loaderConfig-version.cmake
[47.300s] -- Symlinking: /home/victor/caramelo_goiania/src/install/grid_map_loader/share/grid_map_loader/package.xml
[47.324s] Invoked command in '/home/victor/caramelo_goiania/src/build/grid_map_loader' returned '0': AMENT_PREFIX_PATH=/home/victor/caramelo_goiania/src/install/grid_map_ros:/home/victor/caramelo_goiania/src/install/grid_map_cv:/home/victor/caramelo_goiania/src/install/grid_map_msgs:/home/victor/caramelo_goiania/src/install/grid_map_core:/home/victor/caramelo_goiania/src/install/grid_map_cmake_helpers:${AMENT_PREFIX_PATH} CMAKE_PREFIX_PATH=/home/victor/caramelo_goiania/src/install/grid_map_ros:/home/victor/caramelo_goiania/src/install/grid_map_cv:/home/victor/caramelo_goiania/src/install/grid_map_msgs:/home/victor/caramelo_goiania/src/install/grid_map_core:/home/victor/caramelo_goiania/src/install/grid_map_cmake_helpers:/home/victor/caramelo_goiania/install/sllidar_ros2:/home/victor/caramelo_goiania/install/rplidar_ros:/home/victor/caramelo_goiania/install/rf2o_laser_odometry:/home/victor/caramelo_goiania/src/install/sllidar_ros2:/home/victor/caramelo_goiania/src/install/rplidar_ros:/home/victor/caramelo_goiania/src/install/navegacao_pkg:/home/victor/caramelo_goiania/install/navegacao_pkg:/opt/ros/humble LD_LIBRARY_PATH=/home/victor/caramelo_goiania/src/install/grid_map_ros/lib:/home/victor/caramelo_goiania/src/install/grid_map_cv/lib:/home/victor/caramelo_goiania/src/install/grid_map_msgs/lib:/home/victor/caramelo_goiania/src/install/grid_map_core/lib:/usr/lib/x86_64-linux-gnu/gazebo-11/plugins:/opt/ros/humble/opt/rviz_ogre_vendor/lib:/opt/ros/humble/lib/x86_64-linux-gnu:/opt/ros/humble/lib:/usr/share/gazebo/../../lib/x86_64-linux-gnu/gazebo-11/plugins PYTHONPATH=/home/victor/caramelo_goiania/src/install/grid_map_msgs/local/lib/python3.10/dist-packages:${PYTHONPATH} /usr/bin/cmake --install /home/victor/caramelo_goiania/src/build/grid_map_loader
