[0.269s] Invoking command in '/home/victor/caramelo_goiania/src/build/rf2o_laser_odometry': CMAKE_PREFIX_PATH=${CMAKE_PREFIX_PATH}:/home/victor/caramelo_goiania/src/install/navegacao_pkg:/home/victor/caramelo_goiania/install/navegacao_pkg:/opt/ros/humble /usr/bin/cmake /home/victor/caramelo_goiania/src/rf2o_laser_odometry -DAMENT_CMAKE_SYMLINK_INSTALL=1 -DCMAKE_INSTALL_PREFIX=/home/victor/caramelo_goiania/src/install/rf2o_laser_odometry
[0.356s] -- The C compiler identification is GNU 11.4.0
[0.444s] -- The CXX compiler identification is GNU 11.4.0
[0.453s] -- Detecting C compiler ABI info
[0.570s] -- Detecting C compiler ABI info - done
[0.584s] -- Check for working C compiler: /usr/bin/cc - skipped
[0.585s] -- Detecting C compile features
[0.586s] -- Detecting C compile features - done
[0.591s] -- Detecting CXX compiler ABI info
[0.716s] -- Detecting CXX compiler ABI info - done
[0.736s] -- Check for working CXX compiler: /usr/bin/c++ - skipped
[0.736s] -- Detecting CXX compile features
[0.736s] -- Detecting CXX compile features - done
[0.739s] -- Found ament_cmake: 1.3.10 (/opt/ros/humble/share/ament_cmake/cmake)
[0.997s] -- Found Python3: /usr/bin/python3 (found version "3.10.12") found components: Interpreter 
[1.101s] -- Override CMake install command with custom implementation using symlinks instead of copying resources
[1.161s] -- Found rclcpp: 16.0.10 (/opt/ros/humble/share/rclcpp/cmake)
[1.242s] -- Found rosidl_generator_c: 3.1.5 (/opt/ros/humble/share/rosidl_generator_c/cmake)
[1.253s] -- Found rosidl_adapter: 3.1.5 (/opt/ros/humble/share/rosidl_adapter/cmake)
[1.272s] -- Found rosidl_generator_cpp: 3.1.5 (/opt/ros/humble/share/rosidl_generator_cpp/cmake)
[1.297s] -- Using all available rosidl_typesupport_c: rosidl_typesupport_fastrtps_c;rosidl_typesupport_introspection_c
[1.332s] -- Using all available rosidl_typesupport_cpp: rosidl_typesupport_fastrtps_cpp;rosidl_typesupport_introspection_cpp
[1.428s] -- Found rmw_implementation_cmake: 6.1.2 (/opt/ros/humble/share/rmw_implementation_cmake/cmake)
[1.447s] -- Found rmw_fastrtps_cpp: 6.2.7 (/opt/ros/humble/share/rmw_fastrtps_cpp/cmake)
[1.628s] -- Found OpenSSL: /usr/lib/x86_64-linux-gnu/libcrypto.so (found version "3.0.2")  
[1.727s] -- Found FastRTPS: /opt/ros/humble/include  
[1.852s] -- Using RMW implementation 'rmw_fastrtps_cpp' as default
[1.892s] -- Looking for pthread.h
[2.128s] -- Looking for pthread.h - found
[2.129s] -- Performing Test CMAKE_HAVE_LIBC_PTHREAD
[2.295s] -- Performing Test CMAKE_HAVE_LIBC_PTHREAD - Success
[2.295s] -- Found Threads: TRUE  
[2.450s] -- Found geometry_msgs: 4.2.4 (/opt/ros/humble/share/geometry_msgs/cmake)
[2.485s] -- Found tf2_geometry_msgs: 0.25.8 (/opt/ros/humble/share/tf2_geometry_msgs/cmake)
[2.512s] -- Found eigen3_cmake_module: 0.1.1 (/opt/ros/humble/share/eigen3_cmake_module/cmake)
[2.516s] -- Found Eigen3: TRUE (found version "3.4.0") 
[2.516s] -- Ensuring Eigen3 include directory is part of orocos-kdl CMake target
[2.727s] -- Found sensor_msgs: 4.2.4 (/opt/ros/humble/share/sensor_msgs/cmake)
[2.770s] -- Found nav_msgs: 4.2.4 (/opt/ros/humble/share/nav_msgs/cmake)
[2.820s] -- Found Boost: /usr/lib/x86_64-linux-gnu/cmake/Boost-1.74.0/BoostConfig.cmake (found version "1.74.0")  
[2.996s] -- Configuring done
[3.021s] -- Generating done
[3.021s] -- Build files have been written to: /home/victor/caramelo_goiania/src/build/rf2o_laser_odometry
[3.075s] Invoked command in '/home/victor/caramelo_goiania/src/build/rf2o_laser_odometry' returned '0': CMAKE_PREFIX_PATH=${CMAKE_PREFIX_PATH}:/home/victor/caramelo_goiania/src/install/navegacao_pkg:/home/victor/caramelo_goiania/install/navegacao_pkg:/opt/ros/humble /usr/bin/cmake /home/victor/caramelo_goiania/src/rf2o_laser_odometry -DAMENT_CMAKE_SYMLINK_INSTALL=1 -DCMAKE_INSTALL_PREFIX=/home/victor/caramelo_goiania/src/install/rf2o_laser_odometry
[3.075s] Invoking command in '/home/victor/caramelo_goiania/src/build/rf2o_laser_odometry': CMAKE_PREFIX_PATH=${CMAKE_PREFIX_PATH}:/home/victor/caramelo_goiania/src/install/navegacao_pkg:/home/victor/caramelo_goiania/install/navegacao_pkg:/opt/ros/humble /usr/bin/cmake --build /home/victor/caramelo_goiania/src/build/rf2o_laser_odometry -- -j8 -l8
[3.276s] [ 20%] [32mBuilding CXX object CMakeFiles/rf2o_laser_odometry.dir/src/CLaserOdometry2D.cpp.o[0m
[3.293s] [ 40%] [32mBuilding CXX object CMakeFiles/rf2o_laser_odometry_node.dir/src/CLaserOdometry2DNode.cpp.o[0m
[3.294s] [ 60%] [32mBuilding CXX object CMakeFiles/rf2o_laser_odometry_node.dir/src/CLaserOdometry2D.cpp.o[0m
[60.291s] [ 80%] [32m[1mLinking CXX static library librf2o_laser_odometry.a[0m
[60.565s] [100%] [32m[1mLinking CXX executable rf2o_laser_odometry_node[0m
[60.864s] [100%] Built target rf2o_laser_odometry
[63.205s] [100%] Built target rf2o_laser_odometry_node
[63.229s] Invoked command in '/home/victor/caramelo_goiania/src/build/rf2o_laser_odometry' returned '0': CMAKE_PREFIX_PATH=${CMAKE_PREFIX_PATH}:/home/victor/caramelo_goiania/src/install/navegacao_pkg:/home/victor/caramelo_goiania/install/navegacao_pkg:/opt/ros/humble /usr/bin/cmake --build /home/victor/caramelo_goiania/src/build/rf2o_laser_odometry -- -j8 -l8
[63.281s] Invoking command in '/home/victor/caramelo_goiania/src/build/rf2o_laser_odometry': CMAKE_PREFIX_PATH=${CMAKE_PREFIX_PATH}:/home/victor/caramelo_goiania/src/install/navegacao_pkg:/home/victor/caramelo_goiania/install/navegacao_pkg:/opt/ros/humble /usr/bin/cmake --install /home/victor/caramelo_goiania/src/build/rf2o_laser_odometry
[63.298s] -- Install configuration: ""
[63.300s] -- Execute custom install script
[63.300s] -- Symlinking: /home/victor/caramelo_goiania/src/install/rf2o_laser_odometry/lib/rf2o_laser_odometry/rf2o_laser_odometry_node
[63.320s] -- Symlinking: /home/victor/caramelo_goiania/src/install/rf2o_laser_odometry/share/rf2o_laser_odometry/launch/rf2o_laser_odometry.launch.py
[63.337s] -- Symlinking: /home/victor/caramelo_goiania/src/install/rf2o_laser_odometry/share/ament_index/resource_index/package_run_dependencies/rf2o_laser_odometry
[63.348s] -- Symlinking: /home/victor/caramelo_goiania/src/install/rf2o_laser_odometry/share/ament_index/resource_index/parent_prefix_path/rf2o_laser_odometry
[63.359s] -- Symlinking: /home/victor/caramelo_goiania/src/install/rf2o_laser_odometry/share/rf2o_laser_odometry/environment/ament_prefix_path.sh
[63.375s] -- Symlinking: /home/victor/caramelo_goiania/src/install/rf2o_laser_odometry/share/rf2o_laser_odometry/environment/ament_prefix_path.dsv
[63.388s] -- Symlinking: /home/victor/caramelo_goiania/src/install/rf2o_laser_odometry/share/rf2o_laser_odometry/environment/path.sh
[63.401s] -- Symlinking: /home/victor/caramelo_goiania/src/install/rf2o_laser_odometry/share/rf2o_laser_odometry/environment/path.dsv
[63.416s] -- Symlinking: /home/victor/caramelo_goiania/src/install/rf2o_laser_odometry/share/rf2o_laser_odometry/local_setup.bash
[63.429s] -- Symlinking: /home/victor/caramelo_goiania/src/install/rf2o_laser_odometry/share/rf2o_laser_odometry/local_setup.sh
[63.442s] -- Symlinking: /home/victor/caramelo_goiania/src/install/rf2o_laser_odometry/share/rf2o_laser_odometry/local_setup.zsh
[63.457s] -- Symlinking: /home/victor/caramelo_goiania/src/install/rf2o_laser_odometry/share/rf2o_laser_odometry/local_setup.dsv
[63.470s] -- Symlinking: /home/victor/caramelo_goiania/src/install/rf2o_laser_odometry/share/rf2o_laser_odometry/package.dsv
[63.481s] -- Symlinking: /home/victor/caramelo_goiania/src/install/rf2o_laser_odometry/share/ament_index/resource_index/packages/rf2o_laser_odometry
[63.498s] -- Symlinking: /home/victor/caramelo_goiania/src/install/rf2o_laser_odometry/share/rf2o_laser_odometry/cmake/rf2o_laser_odometryConfig.cmake
[63.511s] -- Symlinking: /home/victor/caramelo_goiania/src/install/rf2o_laser_odometry/share/rf2o_laser_odometry/cmake/rf2o_laser_odometryConfig-version.cmake
[63.526s] -- Symlinking: /home/victor/caramelo_goiania/src/install/rf2o_laser_odometry/share/rf2o_laser_odometry/package.xml
[63.547s] Invoked command in '/home/victor/caramelo_goiania/src/build/rf2o_laser_odometry' returned '0': CMAKE_PREFIX_PATH=${CMAKE_PREFIX_PATH}:/home/victor/caramelo_goiania/src/install/navegacao_pkg:/home/victor/caramelo_goiania/install/navegacao_pkg:/opt/ros/humble /usr/bin/cmake --install /home/victor/caramelo_goiania/src/build/rf2o_laser_odometry
