[0.122s] DEBUG:colcon:Command line arguments: ['/usr/bin/colcon', 'build']
[0.123s] DEBUG:colcon:Parsed command line arguments: Namespace(log_base=None, log_level=None, verb_name='build', build_base='build', install_base='install', merge_install=False, symlink_install=False, test_result_base=None, continue_on_error=False, executor='parallel', parallel_workers=8, event_handlers=None, ignore_user_meta=False, metas=['./colcon.meta'], base_paths=['.'], packages_ignore=None, packages_ignore_regex=None, paths=None, packages_up_to=None, packages_up_to_regex=None, packages_above=None, packages_above_and_dependencies=None, packages_above_depth=None, packages_select_by_dep=None, packages_skip_by_dep=None, packages_skip_up_to=None, packages_select_build_failed=False, packages_skip_build_finished=False, packages_select_test_failures=False, packages_skip_test_passed=False, packages_select=None, packages_skip=None, packages_select_regex=None, packages_skip_regex=None, packages_start=None, packages_end=None, allow_overriding=[], cmake_args=None, cmake_target=None, cmake_target_skip_unavailable=False, cmake_clean_cache=False, cmake_clean_first=False, cmake_force_configure=False, ament_cmake_args=None, catkin_cmake_args=None, catkin_skip_building_tests=False, verb_parser=<colcon_defaults.argument_parser.defaults.DefaultArgumentsDecorator object at 0x72d38330cfd0>, verb_extension=<colcon_core.verb.build.BuildVerb object at 0x72d38330c730>, main=<bound method BuildVerb.main of <colcon_core.verb.build.BuildVerb object at 0x72d38330c730>>)
[0.290s] Level 1:colcon.colcon_core.package_discovery:discover_packages(colcon_meta) check parameters
[0.290s] Level 1:colcon.colcon_core.package_discovery:discover_packages(recursive) check parameters
[0.290s] Level 1:colcon.colcon_core.package_discovery:discover_packages(ignore) check parameters
[0.290s] Level 1:colcon.colcon_core.package_discovery:discover_packages(path) check parameters
[0.290s] Level 1:colcon.colcon_core.package_discovery:discover_packages(colcon_meta) discover
[0.290s] Level 1:colcon.colcon_core.package_discovery:discover_packages(recursive) discover
[0.290s] INFO:colcon.colcon_core.package_discovery:Crawling recursively for packages in '/home/victor/caramelo_goiania'
[0.290s] Level 1:colcon.colcon_core.package_identification:_identify(.) by extensions ['ignore', 'ignore_ament_install']
[0.290s] Level 1:colcon.colcon_core.package_identification:_identify(.) by extension 'ignore'
[0.291s] Level 1:colcon.colcon_core.package_identification:_identify(.) by extension 'ignore_ament_install'
[0.291s] Level 1:colcon.colcon_core.package_identification:_identify(.) by extensions ['colcon_pkg']
[0.291s] Level 1:colcon.colcon_core.package_identification:_identify(.) by extension 'colcon_pkg'
[0.291s] Level 1:colcon.colcon_core.package_identification:_identify(.) by extensions ['colcon_meta']
[0.291s] Level 1:colcon.colcon_core.package_identification:_identify(.) by extension 'colcon_meta'
[0.291s] Level 1:colcon.colcon_core.package_identification:_identify(.) by extensions ['ros']
[0.291s] Level 1:colcon.colcon_core.package_identification:_identify(.) by extension 'ros'
[0.301s] Level 1:colcon.colcon_core.package_identification:_identify(.) by extensions ['cmake', 'python']
[0.301s] Level 1:colcon.colcon_core.package_identification:_identify(.) by extension 'cmake'
[0.301s] Level 1:colcon.colcon_core.package_identification:_identify(.) by extension 'python'
[0.301s] Level 1:colcon.colcon_core.package_identification:_identify(.) by extensions ['python_setup_py']
[0.301s] Level 1:colcon.colcon_core.package_identification:_identify(.) by extension 'python_setup_py'
[0.301s] Level 1:colcon.colcon_core.package_identification:_identify(build) by extensions ['ignore', 'ignore_ament_install']
[0.301s] Level 1:colcon.colcon_core.package_identification:_identify(build) by extension 'ignore'
[0.301s] Level 1:colcon.colcon_core.package_identification:_identify(build) ignored
[0.301s] Level 1:colcon.colcon_core.package_identification:_identify(install) by extensions ['ignore', 'ignore_ament_install']
[0.301s] Level 1:colcon.colcon_core.package_identification:_identify(install) by extension 'ignore'
[0.302s] Level 1:colcon.colcon_core.package_identification:_identify(install) ignored
[0.302s] Level 1:colcon.colcon_core.package_identification:_identify(log) by extensions ['ignore', 'ignore_ament_install']
[0.302s] Level 1:colcon.colcon_core.package_identification:_identify(log) by extension 'ignore'
[0.302s] Level 1:colcon.colcon_core.package_identification:_identify(log) ignored
[0.302s] Level 1:colcon.colcon_core.package_identification:_identify(src) by extensions ['ignore', 'ignore_ament_install']
[0.302s] Level 1:colcon.colcon_core.package_identification:_identify(src) by extension 'ignore'
[0.302s] Level 1:colcon.colcon_core.package_identification:_identify(src) by extension 'ignore_ament_install'
[0.302s] Level 1:colcon.colcon_core.package_identification:_identify(src) by extensions ['colcon_pkg']
[0.302s] Level 1:colcon.colcon_core.package_identification:_identify(src) by extension 'colcon_pkg'
[0.302s] Level 1:colcon.colcon_core.package_identification:_identify(src) by extensions ['colcon_meta']
[0.302s] Level 1:colcon.colcon_core.package_identification:_identify(src) by extension 'colcon_meta'
[0.302s] Level 1:colcon.colcon_core.package_identification:_identify(src) by extensions ['ros']
[0.302s] Level 1:colcon.colcon_core.package_identification:_identify(src) by extension 'ros'
[0.302s] Level 1:colcon.colcon_core.package_identification:_identify(src) by extensions ['cmake', 'python']
[0.302s] Level 1:colcon.colcon_core.package_identification:_identify(src) by extension 'cmake'
[0.302s] Level 1:colcon.colcon_core.package_identification:_identify(src) by extension 'python'
[0.302s] Level 1:colcon.colcon_core.package_identification:_identify(src) by extensions ['python_setup_py']
[0.302s] Level 1:colcon.colcon_core.package_identification:_identify(src) by extension 'python_setup_py'
[0.303s] Level 1:colcon.colcon_core.package_identification:_identify(src/build) by extensions ['ignore', 'ignore_ament_install']
[0.303s] Level 1:colcon.colcon_core.package_identification:_identify(src/build) by extension 'ignore'
[0.303s] Level 1:colcon.colcon_core.package_identification:_identify(src/build) ignored
[0.303s] Level 1:colcon.colcon_core.package_identification:_identify(src/install) by extensions ['ignore', 'ignore_ament_install']
[0.303s] Level 1:colcon.colcon_core.package_identification:_identify(src/install) by extension 'ignore'
[0.303s] Level 1:colcon.colcon_core.package_identification:_identify(src/install) ignored
[0.303s] Level 1:colcon.colcon_core.package_identification:_identify(src/log) by extensions ['ignore', 'ignore_ament_install']
[0.303s] Level 1:colcon.colcon_core.package_identification:_identify(src/log) by extension 'ignore'
[0.303s] Level 1:colcon.colcon_core.package_identification:_identify(src/log) ignored
[0.303s] Level 1:colcon.colcon_core.package_identification:_identify(src/navegacao_pkg) by extensions ['ignore', 'ignore_ament_install']
[0.303s] Level 1:colcon.colcon_core.package_identification:_identify(src/navegacao_pkg) by extension 'ignore'
[0.303s] Level 1:colcon.colcon_core.package_identification:_identify(src/navegacao_pkg) by extension 'ignore_ament_install'
[0.303s] Level 1:colcon.colcon_core.package_identification:_identify(src/navegacao_pkg) by extensions ['colcon_pkg']
[0.304s] Level 1:colcon.colcon_core.package_identification:_identify(src/navegacao_pkg) by extension 'colcon_pkg'
[0.304s] Level 1:colcon.colcon_core.package_identification:_identify(src/navegacao_pkg) by extensions ['colcon_meta']
[0.304s] Level 1:colcon.colcon_core.package_identification:_identify(src/navegacao_pkg) by extension 'colcon_meta'
[0.304s] Level 1:colcon.colcon_core.package_identification:_identify(src/navegacao_pkg) by extensions ['ros']
[0.304s] Level 1:colcon.colcon_core.package_identification:_identify(src/navegacao_pkg) by extension 'ros'
[0.306s] DEBUG:colcon.colcon_core.package_identification:Package 'src/navegacao_pkg' with type 'ros.ament_python' and name 'navegacao_pkg'
[0.307s] Level 1:colcon.colcon_core.package_identification:_identify(src/rf2o_laser_odometry) by extensions ['ignore', 'ignore_ament_install']
[0.307s] Level 1:colcon.colcon_core.package_identification:_identify(src/rf2o_laser_odometry) by extension 'ignore'
[0.307s] Level 1:colcon.colcon_core.package_identification:_identify(src/rf2o_laser_odometry) by extension 'ignore_ament_install'
[0.307s] Level 1:colcon.colcon_core.package_identification:_identify(src/rf2o_laser_odometry) by extensions ['colcon_pkg']
[0.307s] Level 1:colcon.colcon_core.package_identification:_identify(src/rf2o_laser_odometry) by extension 'colcon_pkg'
[0.307s] Level 1:colcon.colcon_core.package_identification:_identify(src/rf2o_laser_odometry) by extensions ['colcon_meta']
[0.307s] Level 1:colcon.colcon_core.package_identification:_identify(src/rf2o_laser_odometry) by extension 'colcon_meta'
[0.307s] Level 1:colcon.colcon_core.package_identification:_identify(src/rf2o_laser_odometry) by extensions ['ros']
[0.307s] Level 1:colcon.colcon_core.package_identification:_identify(src/rf2o_laser_odometry) by extension 'ros'
[0.308s] DEBUG:colcon.colcon_core.package_identification:Package 'src/rf2o_laser_odometry' with type 'ros.ament_cmake' and name 'rf2o_laser_odometry'
[0.308s] Level 1:colcon.colcon_core.package_identification:_identify(src/rplidar_ros) by extensions ['ignore', 'ignore_ament_install']
[0.308s] Level 1:colcon.colcon_core.package_identification:_identify(src/rplidar_ros) by extension 'ignore'
[0.308s] Level 1:colcon.colcon_core.package_identification:_identify(src/rplidar_ros) by extension 'ignore_ament_install'
[0.308s] Level 1:colcon.colcon_core.package_identification:_identify(src/rplidar_ros) by extensions ['colcon_pkg']
[0.308s] Level 1:colcon.colcon_core.package_identification:_identify(src/rplidar_ros) by extension 'colcon_pkg'
[0.308s] Level 1:colcon.colcon_core.package_identification:_identify(src/rplidar_ros) by extensions ['colcon_meta']
[0.308s] Level 1:colcon.colcon_core.package_identification:_identify(src/rplidar_ros) by extension 'colcon_meta'
[0.308s] Level 1:colcon.colcon_core.package_identification:_identify(src/rplidar_ros) by extensions ['ros']
[0.308s] Level 1:colcon.colcon_core.package_identification:_identify(src/rplidar_ros) by extension 'ros'
[0.309s] DEBUG:colcon.colcon_core.package_identification:Package 'src/rplidar_ros' with type 'ros.ament_cmake' and name 'rplidar_ros'
[0.309s] Level 1:colcon.colcon_core.package_identification:_identify(src/sllidar_ros2) by extensions ['ignore', 'ignore_ament_install']
[0.309s] Level 1:colcon.colcon_core.package_identification:_identify(src/sllidar_ros2) by extension 'ignore'
[0.309s] Level 1:colcon.colcon_core.package_identification:_identify(src/sllidar_ros2) by extension 'ignore_ament_install'
[0.309s] Level 1:colcon.colcon_core.package_identification:_identify(src/sllidar_ros2) by extensions ['colcon_pkg']
[0.309s] Level 1:colcon.colcon_core.package_identification:_identify(src/sllidar_ros2) by extension 'colcon_pkg'
[0.309s] Level 1:colcon.colcon_core.package_identification:_identify(src/sllidar_ros2) by extensions ['colcon_meta']
[0.309s] Level 1:colcon.colcon_core.package_identification:_identify(src/sllidar_ros2) by extension 'colcon_meta'
[0.309s] Level 1:colcon.colcon_core.package_identification:_identify(src/sllidar_ros2) by extensions ['ros']
[0.309s] Level 1:colcon.colcon_core.package_identification:_identify(src/sllidar_ros2) by extension 'ros'
[0.310s] DEBUG:colcon.colcon_core.package_identification:Package 'src/sllidar_ros2' with type 'ros.ament_cmake' and name 'sllidar_ros2'
[0.310s] Level 1:colcon.colcon_core.package_discovery:discover_packages(recursive) using defaults
[0.310s] Level 1:colcon.colcon_core.package_discovery:discover_packages(ignore) discover
[0.310s] Level 1:colcon.colcon_core.package_discovery:discover_packages(ignore) using defaults
[0.310s] Level 1:colcon.colcon_core.package_discovery:discover_packages(path) discover
[0.310s] Level 1:colcon.colcon_core.package_discovery:discover_packages(path) using defaults
[0.338s] Level 1:colcon.colcon_core.package_discovery:discover_packages(prefix_path) check parameters
[0.338s] Level 1:colcon.colcon_core.package_discovery:discover_packages(prefix_path) discover
[0.340s] DEBUG:colcon.colcon_installed_package_information.package_discovery:Found 4 installed packages in /home/victor/caramelo_goiania/install
[0.340s] DEBUG:colcon.colcon_installed_package_information.package_discovery:Found 3 installed packages in /home/victor/caramelo_goiania/src/install
[0.341s] DEBUG:colcon.colcon_installed_package_information.package_discovery:Found 0 installed packages in /home/victor/install
[0.343s] DEBUG:colcon.colcon_installed_package_information.package_discovery:Found 413 installed packages in /opt/ros/humble
[0.344s] Level 1:colcon.colcon_core.package_discovery:discover_packages(prefix_path) using defaults
[0.391s] Level 5:colcon.colcon_core.verb:set package 'navegacao_pkg' build argument 'cmake_args' from command line to 'None'
[0.391s] Level 5:colcon.colcon_core.verb:set package 'navegacao_pkg' build argument 'cmake_target' from command line to 'None'
[0.391s] Level 5:colcon.colcon_core.verb:set package 'navegacao_pkg' build argument 'cmake_target_skip_unavailable' from command line to 'False'
[0.391s] Level 5:colcon.colcon_core.verb:set package 'navegacao_pkg' build argument 'cmake_clean_cache' from command line to 'False'
[0.391s] Level 5:colcon.colcon_core.verb:set package 'navegacao_pkg' build argument 'cmake_clean_first' from command line to 'False'
[0.391s] Level 5:colcon.colcon_core.verb:set package 'navegacao_pkg' build argument 'cmake_force_configure' from command line to 'False'
[0.391s] Level 5:colcon.colcon_core.verb:set package 'navegacao_pkg' build argument 'ament_cmake_args' from command line to 'None'
[0.391s] Level 5:colcon.colcon_core.verb:set package 'navegacao_pkg' build argument 'catkin_cmake_args' from command line to 'None'
[0.391s] Level 5:colcon.colcon_core.verb:set package 'navegacao_pkg' build argument 'catkin_skip_building_tests' from command line to 'False'
[0.391s] DEBUG:colcon.colcon_core.verb:Building package 'navegacao_pkg' with the following arguments: {'ament_cmake_args': None, 'build_base': '/home/victor/caramelo_goiania/build/navegacao_pkg', 'catkin_cmake_args': None, 'catkin_skip_building_tests': False, 'cmake_args': None, 'cmake_clean_cache': False, 'cmake_clean_first': False, 'cmake_force_configure': False, 'cmake_target': None, 'cmake_target_skip_unavailable': False, 'install_base': '/home/victor/caramelo_goiania/install/navegacao_pkg', 'merge_install': False, 'path': '/home/victor/caramelo_goiania/src/navegacao_pkg', 'symlink_install': False, 'test_result_base': None}
[0.392s] Level 5:colcon.colcon_core.verb:set package 'rf2o_laser_odometry' build argument 'cmake_args' from command line to 'None'
[0.392s] Level 5:colcon.colcon_core.verb:set package 'rf2o_laser_odometry' build argument 'cmake_target' from command line to 'None'
[0.392s] Level 5:colcon.colcon_core.verb:set package 'rf2o_laser_odometry' build argument 'cmake_target_skip_unavailable' from command line to 'False'
[0.392s] Level 5:colcon.colcon_core.verb:set package 'rf2o_laser_odometry' build argument 'cmake_clean_cache' from command line to 'False'
[0.392s] Level 5:colcon.colcon_core.verb:set package 'rf2o_laser_odometry' build argument 'cmake_clean_first' from command line to 'False'
[0.392s] Level 5:colcon.colcon_core.verb:set package 'rf2o_laser_odometry' build argument 'cmake_force_configure' from command line to 'False'
[0.392s] Level 5:colcon.colcon_core.verb:set package 'rf2o_laser_odometry' build argument 'ament_cmake_args' from command line to 'None'
[0.392s] Level 5:colcon.colcon_core.verb:set package 'rf2o_laser_odometry' build argument 'catkin_cmake_args' from command line to 'None'
[0.392s] Level 5:colcon.colcon_core.verb:set package 'rf2o_laser_odometry' build argument 'catkin_skip_building_tests' from command line to 'False'
[0.392s] DEBUG:colcon.colcon_core.verb:Building package 'rf2o_laser_odometry' with the following arguments: {'ament_cmake_args': None, 'build_base': '/home/victor/caramelo_goiania/build/rf2o_laser_odometry', 'catkin_cmake_args': None, 'catkin_skip_building_tests': False, 'cmake_args': None, 'cmake_clean_cache': False, 'cmake_clean_first': False, 'cmake_force_configure': False, 'cmake_target': None, 'cmake_target_skip_unavailable': False, 'install_base': '/home/victor/caramelo_goiania/install/rf2o_laser_odometry', 'merge_install': False, 'path': '/home/victor/caramelo_goiania/src/rf2o_laser_odometry', 'symlink_install': False, 'test_result_base': None}
[0.392s] Level 5:colcon.colcon_core.verb:set package 'rplidar_ros' build argument 'cmake_args' from command line to 'None'
[0.392s] Level 5:colcon.colcon_core.verb:set package 'rplidar_ros' build argument 'cmake_target' from command line to 'None'
[0.392s] Level 5:colcon.colcon_core.verb:set package 'rplidar_ros' build argument 'cmake_target_skip_unavailable' from command line to 'False'
[0.392s] Level 5:colcon.colcon_core.verb:set package 'rplidar_ros' build argument 'cmake_clean_cache' from command line to 'False'
[0.392s] Level 5:colcon.colcon_core.verb:set package 'rplidar_ros' build argument 'cmake_clean_first' from command line to 'False'
[0.392s] Level 5:colcon.colcon_core.verb:set package 'rplidar_ros' build argument 'cmake_force_configure' from command line to 'False'
[0.392s] Level 5:colcon.colcon_core.verb:set package 'rplidar_ros' build argument 'ament_cmake_args' from command line to 'None'
[0.392s] Level 5:colcon.colcon_core.verb:set package 'rplidar_ros' build argument 'catkin_cmake_args' from command line to 'None'
[0.392s] Level 5:colcon.colcon_core.verb:set package 'rplidar_ros' build argument 'catkin_skip_building_tests' from command line to 'False'
[0.392s] DEBUG:colcon.colcon_core.verb:Building package 'rplidar_ros' with the following arguments: {'ament_cmake_args': None, 'build_base': '/home/victor/caramelo_goiania/build/rplidar_ros', 'catkin_cmake_args': None, 'catkin_skip_building_tests': False, 'cmake_args': None, 'cmake_clean_cache': False, 'cmake_clean_first': False, 'cmake_force_configure': False, 'cmake_target': None, 'cmake_target_skip_unavailable': False, 'install_base': '/home/victor/caramelo_goiania/install/rplidar_ros', 'merge_install': False, 'path': '/home/victor/caramelo_goiania/src/rplidar_ros', 'symlink_install': False, 'test_result_base': None}
[0.393s] Level 5:colcon.colcon_core.verb:set package 'sllidar_ros2' build argument 'cmake_args' from command line to 'None'
[0.393s] Level 5:colcon.colcon_core.verb:set package 'sllidar_ros2' build argument 'cmake_target' from command line to 'None'
[0.393s] Level 5:colcon.colcon_core.verb:set package 'sllidar_ros2' build argument 'cmake_target_skip_unavailable' from command line to 'False'
[0.393s] Level 5:colcon.colcon_core.verb:set package 'sllidar_ros2' build argument 'cmake_clean_cache' from command line to 'False'
[0.393s] Level 5:colcon.colcon_core.verb:set package 'sllidar_ros2' build argument 'cmake_clean_first' from command line to 'False'
[0.393s] Level 5:colcon.colcon_core.verb:set package 'sllidar_ros2' build argument 'cmake_force_configure' from command line to 'False'
[0.393s] Level 5:colcon.colcon_core.verb:set package 'sllidar_ros2' build argument 'ament_cmake_args' from command line to 'None'
[0.393s] Level 5:colcon.colcon_core.verb:set package 'sllidar_ros2' build argument 'catkin_cmake_args' from command line to 'None'
[0.393s] Level 5:colcon.colcon_core.verb:set package 'sllidar_ros2' build argument 'catkin_skip_building_tests' from command line to 'False'
[0.393s] DEBUG:colcon.colcon_core.verb:Building package 'sllidar_ros2' with the following arguments: {'ament_cmake_args': None, 'build_base': '/home/victor/caramelo_goiania/build/sllidar_ros2', 'catkin_cmake_args': None, 'catkin_skip_building_tests': False, 'cmake_args': None, 'cmake_clean_cache': False, 'cmake_clean_first': False, 'cmake_force_configure': False, 'cmake_target': None, 'cmake_target_skip_unavailable': False, 'install_base': '/home/victor/caramelo_goiania/install/sllidar_ros2', 'merge_install': False, 'path': '/home/victor/caramelo_goiania/src/sllidar_ros2', 'symlink_install': False, 'test_result_base': None}
[0.393s] INFO:colcon.colcon_core.executor:Executing jobs using 'parallel' executor
[0.394s] DEBUG:colcon.colcon_parallel_executor.executor.parallel:run_until_complete
[0.394s] INFO:colcon.colcon_ros.task.ament_python.build:Building ROS package in '/home/victor/caramelo_goiania/src/navegacao_pkg' with build type 'ament_python'
[0.394s] Level 1:colcon.colcon_core.shell:create_environment_hook('navegacao_pkg', 'ament_prefix_path')
[0.398s] INFO:colcon.colcon_core.plugin_system:Skipping extension 'colcon_core.shell.bat': Not used on non-Windows systems
[0.398s] INFO:colcon.colcon_core.shell:Creating environment hook '/home/victor/caramelo_goiania/install/navegacao_pkg/share/navegacao_pkg/hook/ament_prefix_path.ps1'
[0.399s] INFO:colcon.colcon_core.shell:Creating environment descriptor '/home/victor/caramelo_goiania/install/navegacao_pkg/share/navegacao_pkg/hook/ament_prefix_path.dsv'
[0.399s] INFO:colcon.colcon_core.shell:Creating environment hook '/home/victor/caramelo_goiania/install/navegacao_pkg/share/navegacao_pkg/hook/ament_prefix_path.sh'
[0.400s] INFO:colcon.colcon_core.shell:Skip shell extension 'powershell' for command environment: Not usable outside of PowerShell
[0.400s] DEBUG:colcon.colcon_core.shell:Skip shell extension 'dsv' for command environment
[0.404s] INFO:colcon.colcon_ros.task.ament_cmake.build:Building ROS package in '/home/victor/caramelo_goiania/src/rf2o_laser_odometry' with build type 'ament_cmake'
[0.405s] INFO:colcon.colcon_cmake.task.cmake.build:Building CMake package in '/home/victor/caramelo_goiania/src/rf2o_laser_odometry'
[0.405s] INFO:colcon.colcon_core.shell:Skip shell extension 'powershell' for command environment: Not usable outside of PowerShell
[0.405s] DEBUG:colcon.colcon_core.shell:Skip shell extension 'dsv' for command environment
[0.409s] INFO:colcon.colcon_ros.task.ament_cmake.build:Building ROS package in '/home/victor/caramelo_goiania/src/rplidar_ros' with build type 'ament_cmake'
[0.410s] INFO:colcon.colcon_cmake.task.cmake.build:Building CMake package in '/home/victor/caramelo_goiania/src/rplidar_ros'
[0.410s] INFO:colcon.colcon_core.shell:Skip shell extension 'powershell' for command environment: Not usable outside of PowerShell
[0.410s] DEBUG:colcon.colcon_core.shell:Skip shell extension 'dsv' for command environment
[0.415s] INFO:colcon.colcon_ros.task.ament_cmake.build:Building ROS package in '/home/victor/caramelo_goiania/src/sllidar_ros2' with build type 'ament_cmake'
[0.415s] INFO:colcon.colcon_cmake.task.cmake.build:Building CMake package in '/home/victor/caramelo_goiania/src/sllidar_ros2'
[0.415s] INFO:colcon.colcon_core.shell:Skip shell extension 'powershell' for command environment: Not usable outside of PowerShell
[0.415s] DEBUG:colcon.colcon_core.shell:Skip shell extension 'dsv' for command environment
[0.667s] INFO:colcon.colcon_core.task.python.build:Building Python package in '/home/victor/caramelo_goiania/src/navegacao_pkg'
[0.667s] INFO:colcon.colcon_core.shell:Skip shell extension 'powershell' for command environment: Not usable outside of PowerShell
[0.667s] DEBUG:colcon.colcon_core.shell:Skip shell extension 'dsv' for command environment
[0.675s] DEBUG:colcon.colcon_core.event_handler.log_command:Invoking command in '/home/victor/caramelo_goiania/build/rf2o_laser_odometry': CMAKE_PREFIX_PATH=${CMAKE_PREFIX_PATH}:/home/victor/caramelo_goiania/install/navegacao_pkg:/home/victor/caramelo_goiania/src/install/navegacao_pkg:/opt/ros/humble /usr/bin/cmake --build /home/victor/caramelo_goiania/build/rf2o_laser_odometry -- -j8 -l8
[0.679s] DEBUG:colcon.colcon_core.event_handler.log_command:Invoking command in '/home/victor/caramelo_goiania/build/rplidar_ros': CMAKE_PREFIX_PATH=${CMAKE_PREFIX_PATH}:/home/victor/caramelo_goiania/install/navegacao_pkg:/home/victor/caramelo_goiania/src/install/navegacao_pkg:/opt/ros/humble /usr/bin/cmake --build /home/victor/caramelo_goiania/build/rplidar_ros -- -j8 -l8
[0.684s] DEBUG:colcon.colcon_core.event_handler.log_command:Invoking command in '/home/victor/caramelo_goiania/build/sllidar_ros2': CMAKE_PREFIX_PATH=${CMAKE_PREFIX_PATH}:/home/victor/caramelo_goiania/install/navegacao_pkg:/home/victor/caramelo_goiania/src/install/navegacao_pkg:/opt/ros/humble /usr/bin/cmake --build /home/victor/caramelo_goiania/build/sllidar_ros2 -- -j8 -l8
[0.810s] DEBUG:colcon.colcon_core.event_handler.log_command:Invoked command in '/home/victor/caramelo_goiania/build/rf2o_laser_odometry' returned '0': CMAKE_PREFIX_PATH=${CMAKE_PREFIX_PATH}:/home/victor/caramelo_goiania/install/navegacao_pkg:/home/victor/caramelo_goiania/src/install/navegacao_pkg:/opt/ros/humble /usr/bin/cmake --build /home/victor/caramelo_goiania/build/rf2o_laser_odometry -- -j8 -l8
[0.819s] DEBUG:colcon.colcon_core.event_handler.log_command:Invoked command in '/home/victor/caramelo_goiania/build/sllidar_ros2' returned '0': CMAKE_PREFIX_PATH=${CMAKE_PREFIX_PATH}:/home/victor/caramelo_goiania/install/navegacao_pkg:/home/victor/caramelo_goiania/src/install/navegacao_pkg:/opt/ros/humble /usr/bin/cmake --build /home/victor/caramelo_goiania/build/sllidar_ros2 -- -j8 -l8
[0.824s] DEBUG:colcon.colcon_core.event_handler.log_command:Invoked command in '/home/victor/caramelo_goiania/build/rplidar_ros' returned '0': CMAKE_PREFIX_PATH=${CMAKE_PREFIX_PATH}:/home/victor/caramelo_goiania/install/navegacao_pkg:/home/victor/caramelo_goiania/src/install/navegacao_pkg:/opt/ros/humble /usr/bin/cmake --build /home/victor/caramelo_goiania/build/rplidar_ros -- -j8 -l8
[0.878s] DEBUG:colcon.colcon_core.event_handler.log_command:Invoking command in '/home/victor/caramelo_goiania/build/rf2o_laser_odometry': CMAKE_PREFIX_PATH=${CMAKE_PREFIX_PATH}:/home/victor/caramelo_goiania/install/navegacao_pkg:/home/victor/caramelo_goiania/src/install/navegacao_pkg:/opt/ros/humble /usr/bin/cmake --install /home/victor/caramelo_goiania/build/rf2o_laser_odometry
[0.891s] Level 1:colcon.colcon_core.environment:create_environment_scripts_only(rf2o_laser_odometry)
[0.892s] DEBUG:colcon.colcon_core.event_handler.log_command:Invoked command in '/home/victor/caramelo_goiania/build/rf2o_laser_odometry' returned '0': CMAKE_PREFIX_PATH=${CMAKE_PREFIX_PATH}:/home/victor/caramelo_goiania/install/navegacao_pkg:/home/victor/caramelo_goiania/src/install/navegacao_pkg:/opt/ros/humble /usr/bin/cmake --install /home/victor/caramelo_goiania/build/rf2o_laser_odometry
[0.895s] Level 1:colcon.colcon_core.environment:checking '/home/victor/caramelo_goiania/install/rf2o_laser_odometry' for CMake module files
[0.896s] Level 1:colcon.colcon_core.environment:checking '/home/victor/caramelo_goiania/install/rf2o_laser_odometry' for CMake config files
[0.896s] Level 1:colcon.colcon_core.shell:create_environment_hook('rf2o_laser_odometry', 'cmake_prefix_path')
[0.896s] INFO:colcon.colcon_core.shell:Creating environment hook '/home/victor/caramelo_goiania/install/rf2o_laser_odometry/share/rf2o_laser_odometry/hook/cmake_prefix_path.ps1'
[0.897s] INFO:colcon.colcon_core.shell:Creating environment descriptor '/home/victor/caramelo_goiania/install/rf2o_laser_odometry/share/rf2o_laser_odometry/hook/cmake_prefix_path.dsv'
[0.898s] INFO:colcon.colcon_core.shell:Creating environment hook '/home/victor/caramelo_goiania/install/rf2o_laser_odometry/share/rf2o_laser_odometry/hook/cmake_prefix_path.sh'
[0.899s] Level 1:colcon.colcon_core.environment:checking '/home/victor/caramelo_goiania/install/rf2o_laser_odometry/lib'
[0.899s] Level 1:colcon.colcon_core.environment:checking '/home/victor/caramelo_goiania/install/rf2o_laser_odometry/bin'
[0.899s] Level 1:colcon.colcon_core.environment:checking '/home/victor/caramelo_goiania/install/rf2o_laser_odometry/lib/pkgconfig/rf2o_laser_odometry.pc'
[0.899s] Level 1:colcon.colcon_core.environment:checking '/home/victor/caramelo_goiania/install/rf2o_laser_odometry/lib/python3.10/site-packages'
[0.900s] Level 1:colcon.colcon_core.environment:checking '/home/victor/caramelo_goiania/install/rf2o_laser_odometry/bin'
[0.900s] INFO:colcon.colcon_core.shell:Creating package script '/home/victor/caramelo_goiania/install/rf2o_laser_odometry/share/rf2o_laser_odometry/package.ps1'
[0.901s] INFO:colcon.colcon_core.shell:Creating package descriptor '/home/victor/caramelo_goiania/install/rf2o_laser_odometry/share/rf2o_laser_odometry/package.dsv'
[0.902s] INFO:colcon.colcon_core.shell:Creating package script '/home/victor/caramelo_goiania/install/rf2o_laser_odometry/share/rf2o_laser_odometry/package.sh'
[0.903s] INFO:colcon.colcon_core.shell:Creating package script '/home/victor/caramelo_goiania/install/rf2o_laser_odometry/share/rf2o_laser_odometry/package.bash'
[0.903s] INFO:colcon.colcon_core.shell:Creating package script '/home/victor/caramelo_goiania/install/rf2o_laser_odometry/share/rf2o_laser_odometry/package.zsh'
[0.904s] Level 1:colcon.colcon_core.environment:create_file_with_runtime_dependencies(/home/victor/caramelo_goiania/install/rf2o_laser_odometry/share/colcon-core/packages/rf2o_laser_odometry)
[0.910s] DEBUG:colcon.colcon_core.event_handler.log_command:Invoking command in '/home/victor/caramelo_goiania/build/sllidar_ros2': CMAKE_PREFIX_PATH=${CMAKE_PREFIX_PATH}:/home/victor/caramelo_goiania/install/navegacao_pkg:/home/victor/caramelo_goiania/src/install/navegacao_pkg:/opt/ros/humble /usr/bin/cmake --install /home/victor/caramelo_goiania/build/sllidar_ros2
[0.917s] DEBUG:colcon.colcon_core.event_handler.log_command:Invoking command in '/home/victor/caramelo_goiania/build/rplidar_ros': CMAKE_PREFIX_PATH=${CMAKE_PREFIX_PATH}:/home/victor/caramelo_goiania/install/navegacao_pkg:/home/victor/caramelo_goiania/src/install/navegacao_pkg:/opt/ros/humble /usr/bin/cmake --install /home/victor/caramelo_goiania/build/rplidar_ros
[0.925s] Level 1:colcon.colcon_core.environment:create_environment_scripts_only(sllidar_ros2)
[0.925s] Level 1:colcon.colcon_core.environment:checking '/home/victor/caramelo_goiania/install/sllidar_ros2' for CMake module files
[0.927s] Level 1:colcon.colcon_core.environment:checking '/home/victor/caramelo_goiania/install/sllidar_ros2' for CMake config files
[0.929s] Level 1:colcon.colcon_core.shell:create_environment_hook('sllidar_ros2', 'cmake_prefix_path')
[0.929s] INFO:colcon.colcon_core.shell:Creating environment hook '/home/victor/caramelo_goiania/install/sllidar_ros2/share/sllidar_ros2/hook/cmake_prefix_path.ps1'
[0.931s] INFO:colcon.colcon_core.shell:Creating environment descriptor '/home/victor/caramelo_goiania/install/sllidar_ros2/share/sllidar_ros2/hook/cmake_prefix_path.dsv'
[0.932s] DEBUG:colcon.colcon_core.event_handler.log_command:Invoked command in '/home/victor/caramelo_goiania/build/sllidar_ros2' returned '0': CMAKE_PREFIX_PATH=${CMAKE_PREFIX_PATH}:/home/victor/caramelo_goiania/install/navegacao_pkg:/home/victor/caramelo_goiania/src/install/navegacao_pkg:/opt/ros/humble /usr/bin/cmake --install /home/victor/caramelo_goiania/build/sllidar_ros2
[0.933s] INFO:colcon.colcon_core.shell:Creating environment hook '/home/victor/caramelo_goiania/install/sllidar_ros2/share/sllidar_ros2/hook/cmake_prefix_path.sh'
[0.934s] Level 1:colcon.colcon_core.environment:checking '/home/victor/caramelo_goiania/install/sllidar_ros2/lib'
[0.936s] Level 1:colcon.colcon_core.environment:checking '/home/victor/caramelo_goiania/install/sllidar_ros2/bin'
[0.936s] Level 1:colcon.colcon_core.environment:checking '/home/victor/caramelo_goiania/install/sllidar_ros2/lib/pkgconfig/sllidar_ros2.pc'
[0.936s] Level 1:colcon.colcon_core.environment:checking '/home/victor/caramelo_goiania/install/sllidar_ros2/lib/python3.10/site-packages'
[0.937s] Level 1:colcon.colcon_core.environment:checking '/home/victor/caramelo_goiania/install/sllidar_ros2/bin'
[0.937s] INFO:colcon.colcon_core.shell:Creating package script '/home/victor/caramelo_goiania/install/sllidar_ros2/share/sllidar_ros2/package.ps1'
[0.940s] INFO:colcon.colcon_core.shell:Creating package descriptor '/home/victor/caramelo_goiania/install/sllidar_ros2/share/sllidar_ros2/package.dsv'
[0.941s] INFO:colcon.colcon_core.shell:Creating package script '/home/victor/caramelo_goiania/install/sllidar_ros2/share/sllidar_ros2/package.sh'
[0.942s] INFO:colcon.colcon_core.shell:Creating package script '/home/victor/caramelo_goiania/install/sllidar_ros2/share/sllidar_ros2/package.bash'
[0.942s] INFO:colcon.colcon_core.shell:Creating package script '/home/victor/caramelo_goiania/install/sllidar_ros2/share/sllidar_ros2/package.zsh'
[0.943s] Level 1:colcon.colcon_core.environment:create_file_with_runtime_dependencies(/home/victor/caramelo_goiania/install/sllidar_ros2/share/colcon-core/packages/sllidar_ros2)
[0.945s] Level 1:colcon.colcon_core.environment:create_environment_scripts_only(rf2o_laser_odometry)
[0.945s] Level 1:colcon.colcon_core.environment:checking '/home/victor/caramelo_goiania/install/rf2o_laser_odometry' for CMake module files
[0.946s] Level 1:colcon.colcon_core.environment:checking '/home/victor/caramelo_goiania/install/rf2o_laser_odometry' for CMake config files
[0.946s] Level 1:colcon.colcon_core.shell:create_environment_hook('rf2o_laser_odometry', 'cmake_prefix_path')
[0.946s] INFO:colcon.colcon_core.shell:Creating environment hook '/home/victor/caramelo_goiania/install/rf2o_laser_odometry/share/rf2o_laser_odometry/hook/cmake_prefix_path.ps1'
[0.948s] INFO:colcon.colcon_core.shell:Creating environment descriptor '/home/victor/caramelo_goiania/install/rf2o_laser_odometry/share/rf2o_laser_odometry/hook/cmake_prefix_path.dsv'
[0.948s] INFO:colcon.colcon_core.shell:Creating environment hook '/home/victor/caramelo_goiania/install/rf2o_laser_odometry/share/rf2o_laser_odometry/hook/cmake_prefix_path.sh'
[0.949s] Level 1:colcon.colcon_core.environment:checking '/home/victor/caramelo_goiania/install/rf2o_laser_odometry/lib'
[0.949s] Level 1:colcon.colcon_core.environment:checking '/home/victor/caramelo_goiania/install/rf2o_laser_odometry/bin'
[0.949s] Level 1:colcon.colcon_core.environment:checking '/home/victor/caramelo_goiania/install/rf2o_laser_odometry/lib/pkgconfig/rf2o_laser_odometry.pc'
[0.950s] Level 1:colcon.colcon_core.environment:checking '/home/victor/caramelo_goiania/install/rf2o_laser_odometry/lib/python3.10/site-packages'
[0.950s] Level 1:colcon.colcon_core.environment:checking '/home/victor/caramelo_goiania/install/rf2o_laser_odometry/bin'
[0.950s] INFO:colcon.colcon_core.shell:Creating package script '/home/victor/caramelo_goiania/install/rf2o_laser_odometry/share/rf2o_laser_odometry/package.ps1'
[0.951s] INFO:colcon.colcon_core.shell:Creating package descriptor '/home/victor/caramelo_goiania/install/rf2o_laser_odometry/share/rf2o_laser_odometry/package.dsv'
[0.952s] INFO:colcon.colcon_core.shell:Creating package script '/home/victor/caramelo_goiania/install/rf2o_laser_odometry/share/rf2o_laser_odometry/package.sh'
[0.952s] INFO:colcon.colcon_core.shell:Creating package script '/home/victor/caramelo_goiania/install/rf2o_laser_odometry/share/rf2o_laser_odometry/package.bash'
[0.953s] INFO:colcon.colcon_core.shell:Creating package script '/home/victor/caramelo_goiania/install/rf2o_laser_odometry/share/rf2o_laser_odometry/package.zsh'
[0.953s] Level 1:colcon.colcon_core.environment:create_file_with_runtime_dependencies(/home/victor/caramelo_goiania/install/rf2o_laser_odometry/share/colcon-core/packages/rf2o_laser_odometry)
[0.954s] Level 1:colcon.colcon_core.environment:create_environment_scripts_only(rplidar_ros)
[0.955s] Level 1:colcon.colcon_core.environment:checking '/home/victor/caramelo_goiania/install/rplidar_ros' for CMake module files
[0.955s] DEBUG:colcon.colcon_core.event_handler.log_command:Invoked command in '/home/victor/caramelo_goiania/build/rplidar_ros' returned '0': CMAKE_PREFIX_PATH=${CMAKE_PREFIX_PATH}:/home/victor/caramelo_goiania/install/navegacao_pkg:/home/victor/caramelo_goiania/src/install/navegacao_pkg:/opt/ros/humble /usr/bin/cmake --install /home/victor/caramelo_goiania/build/rplidar_ros
[0.956s] Level 1:colcon.colcon_core.environment:checking '/home/victor/caramelo_goiania/install/rplidar_ros' for CMake config files
[0.956s] Level 1:colcon.colcon_core.shell:create_environment_hook('rplidar_ros', 'cmake_prefix_path')
[0.957s] INFO:colcon.colcon_core.shell:Creating environment hook '/home/victor/caramelo_goiania/install/rplidar_ros/share/rplidar_ros/hook/cmake_prefix_path.ps1'
[0.957s] INFO:colcon.colcon_core.shell:Creating environment descriptor '/home/victor/caramelo_goiania/install/rplidar_ros/share/rplidar_ros/hook/cmake_prefix_path.dsv'
[0.958s] INFO:colcon.colcon_core.shell:Creating environment hook '/home/victor/caramelo_goiania/install/rplidar_ros/share/rplidar_ros/hook/cmake_prefix_path.sh'
[0.958s] Level 1:colcon.colcon_core.environment:checking '/home/victor/caramelo_goiania/install/rplidar_ros/lib'
[0.959s] Level 1:colcon.colcon_core.environment:checking '/home/victor/caramelo_goiania/install/rplidar_ros/bin'
[0.959s] Level 1:colcon.colcon_core.environment:checking '/home/victor/caramelo_goiania/install/rplidar_ros/lib/pkgconfig/rplidar_ros.pc'
[0.959s] Level 1:colcon.colcon_core.environment:checking '/home/victor/caramelo_goiania/install/rplidar_ros/lib/python3.10/site-packages'
[0.959s] Level 1:colcon.colcon_core.environment:checking '/home/victor/caramelo_goiania/install/rplidar_ros/bin'
[0.960s] INFO:colcon.colcon_core.shell:Creating package script '/home/victor/caramelo_goiania/install/rplidar_ros/share/rplidar_ros/package.ps1'
[0.960s] INFO:colcon.colcon_core.shell:Creating package descriptor '/home/victor/caramelo_goiania/install/rplidar_ros/share/rplidar_ros/package.dsv'
[0.961s] INFO:colcon.colcon_core.shell:Creating package script '/home/victor/caramelo_goiania/install/rplidar_ros/share/rplidar_ros/package.sh'
[0.961s] INFO:colcon.colcon_core.shell:Creating package script '/home/victor/caramelo_goiania/install/rplidar_ros/share/rplidar_ros/package.bash'
[0.962s] INFO:colcon.colcon_core.shell:Creating package script '/home/victor/caramelo_goiania/install/rplidar_ros/share/rplidar_ros/package.zsh'
[0.962s] Level 1:colcon.colcon_core.environment:create_file_with_runtime_dependencies(/home/victor/caramelo_goiania/install/rplidar_ros/share/colcon-core/packages/rplidar_ros)
[1.011s] Level 1:colcon.colcon_core.environment:create_environment_scripts_only(sllidar_ros2)
[1.011s] Level 1:colcon.colcon_core.environment:checking '/home/victor/caramelo_goiania/install/sllidar_ros2' for CMake module files
[1.012s] Level 1:colcon.colcon_core.environment:checking '/home/victor/caramelo_goiania/install/sllidar_ros2' for CMake config files
[1.012s] Level 1:colcon.colcon_core.shell:create_environment_hook('sllidar_ros2', 'cmake_prefix_path')
[1.013s] INFO:colcon.colcon_core.shell:Creating environment hook '/home/victor/caramelo_goiania/install/sllidar_ros2/share/sllidar_ros2/hook/cmake_prefix_path.ps1'
[1.014s] INFO:colcon.colcon_core.shell:Creating environment descriptor '/home/victor/caramelo_goiania/install/sllidar_ros2/share/sllidar_ros2/hook/cmake_prefix_path.dsv'
[1.014s] INFO:colcon.colcon_core.shell:Creating environment hook '/home/victor/caramelo_goiania/install/sllidar_ros2/share/sllidar_ros2/hook/cmake_prefix_path.sh'
[1.015s] Level 1:colcon.colcon_core.environment:checking '/home/victor/caramelo_goiania/install/sllidar_ros2/lib'
[1.015s] Level 1:colcon.colcon_core.environment:checking '/home/victor/caramelo_goiania/install/sllidar_ros2/bin'
[1.015s] Level 1:colcon.colcon_core.environment:checking '/home/victor/caramelo_goiania/install/sllidar_ros2/lib/pkgconfig/sllidar_ros2.pc'
[1.015s] Level 1:colcon.colcon_core.environment:checking '/home/victor/caramelo_goiania/install/sllidar_ros2/lib/python3.10/site-packages'
[1.016s] Level 1:colcon.colcon_core.environment:checking '/home/victor/caramelo_goiania/install/sllidar_ros2/bin'
[1.016s] INFO:colcon.colcon_core.shell:Creating package script '/home/victor/caramelo_goiania/install/sllidar_ros2/share/sllidar_ros2/package.ps1'
[1.017s] INFO:colcon.colcon_core.shell:Creating package descriptor '/home/victor/caramelo_goiania/install/sllidar_ros2/share/sllidar_ros2/package.dsv'
[1.018s] INFO:colcon.colcon_core.shell:Creating package script '/home/victor/caramelo_goiania/install/sllidar_ros2/share/sllidar_ros2/package.sh'
[1.018s] INFO:colcon.colcon_core.shell:Creating package script '/home/victor/caramelo_goiania/install/sllidar_ros2/share/sllidar_ros2/package.bash'
[1.019s] INFO:colcon.colcon_core.shell:Creating package script '/home/victor/caramelo_goiania/install/sllidar_ros2/share/sllidar_ros2/package.zsh'
[1.019s] Level 1:colcon.colcon_core.environment:create_file_with_runtime_dependencies(/home/victor/caramelo_goiania/install/sllidar_ros2/share/colcon-core/packages/sllidar_ros2)
[1.032s] Level 1:colcon.colcon_core.environment:create_environment_scripts_only(rplidar_ros)
[1.032s] Level 1:colcon.colcon_core.environment:checking '/home/victor/caramelo_goiania/install/rplidar_ros' for CMake module files
[1.033s] Level 1:colcon.colcon_core.environment:checking '/home/victor/caramelo_goiania/install/rplidar_ros' for CMake config files
[1.033s] Level 1:colcon.colcon_core.shell:create_environment_hook('rplidar_ros', 'cmake_prefix_path')
[1.033s] INFO:colcon.colcon_core.shell:Creating environment hook '/home/victor/caramelo_goiania/install/rplidar_ros/share/rplidar_ros/hook/cmake_prefix_path.ps1'
[1.034s] INFO:colcon.colcon_core.shell:Creating environment descriptor '/home/victor/caramelo_goiania/install/rplidar_ros/share/rplidar_ros/hook/cmake_prefix_path.dsv'
[1.034s] INFO:colcon.colcon_core.shell:Creating environment hook '/home/victor/caramelo_goiania/install/rplidar_ros/share/rplidar_ros/hook/cmake_prefix_path.sh'
[1.035s] Level 1:colcon.colcon_core.environment:checking '/home/victor/caramelo_goiania/install/rplidar_ros/lib'
[1.035s] Level 1:colcon.colcon_core.environment:checking '/home/victor/caramelo_goiania/install/rplidar_ros/bin'
[1.035s] Level 1:colcon.colcon_core.environment:checking '/home/victor/caramelo_goiania/install/rplidar_ros/lib/pkgconfig/rplidar_ros.pc'
[1.036s] Level 1:colcon.colcon_core.environment:checking '/home/victor/caramelo_goiania/install/rplidar_ros/lib/python3.10/site-packages'
[1.036s] Level 1:colcon.colcon_core.environment:checking '/home/victor/caramelo_goiania/install/rplidar_ros/bin'
[1.036s] INFO:colcon.colcon_core.shell:Creating package script '/home/victor/caramelo_goiania/install/rplidar_ros/share/rplidar_ros/package.ps1'
[1.037s] INFO:colcon.colcon_core.shell:Creating package descriptor '/home/victor/caramelo_goiania/install/rplidar_ros/share/rplidar_ros/package.dsv'
[1.037s] INFO:colcon.colcon_core.shell:Creating package script '/home/victor/caramelo_goiania/install/rplidar_ros/share/rplidar_ros/package.sh'
[1.038s] INFO:colcon.colcon_core.shell:Creating package script '/home/victor/caramelo_goiania/install/rplidar_ros/share/rplidar_ros/package.bash'
[1.039s] INFO:colcon.colcon_core.shell:Creating package script '/home/victor/caramelo_goiania/install/rplidar_ros/share/rplidar_ros/package.zsh'
[1.039s] Level 1:colcon.colcon_core.environment:create_file_with_runtime_dependencies(/home/victor/caramelo_goiania/install/rplidar_ros/share/colcon-core/packages/rplidar_ros)
[1.262s] DEBUG:colcon.colcon_core.event_handler.log_command:Invoking command in '/home/victor/caramelo_goiania/src/navegacao_pkg': PYTHONPATH=/home/victor/caramelo_goiania/build/navegacao_pkg/prefix_override:/usr/lib/python3/dist-packages/colcon_core/task/python/colcon_distutils_commands:/home/victor/caramelo_goiania/install/navegacao_pkg/lib/python3.10/site-packages:${PYTHONPATH} /usr/bin/python3 -W ignore:setup.py install is deprecated setup.py egg_info --egg-base ../../build/navegacao_pkg build --build-base /home/victor/caramelo_goiania/build/navegacao_pkg/build install --record /home/victor/caramelo_goiania/build/navegacao_pkg/install.log --single-version-externally-managed install_data
[1.541s] Level 1:colcon.colcon_core.environment:checking '/home/victor/caramelo_goiania/install/navegacao_pkg' for CMake module files
[1.542s] DEBUG:colcon.colcon_core.event_handler.log_command:Invoked command in '/home/victor/caramelo_goiania/src/navegacao_pkg' returned '0': PYTHONPATH=/home/victor/caramelo_goiania/build/navegacao_pkg/prefix_override:/usr/lib/python3/dist-packages/colcon_core/task/python/colcon_distutils_commands:/home/victor/caramelo_goiania/install/navegacao_pkg/lib/python3.10/site-packages:${PYTHONPATH} /usr/bin/python3 -W ignore:setup.py install is deprecated setup.py egg_info --egg-base ../../build/navegacao_pkg build --build-base /home/victor/caramelo_goiania/build/navegacao_pkg/build install --record /home/victor/caramelo_goiania/build/navegacao_pkg/install.log --single-version-externally-managed install_data
[1.542s] Level 1:colcon.colcon_core.environment:checking '/home/victor/caramelo_goiania/install/navegacao_pkg' for CMake config files
[1.542s] Level 1:colcon.colcon_core.environment:checking '/home/victor/caramelo_goiania/install/navegacao_pkg/lib'
[1.543s] Level 1:colcon.colcon_core.environment:checking '/home/victor/caramelo_goiania/install/navegacao_pkg/bin'
[1.543s] Level 1:colcon.colcon_core.environment:checking '/home/victor/caramelo_goiania/install/navegacao_pkg/lib/pkgconfig/navegacao_pkg.pc'
[1.543s] Level 1:colcon.colcon_core.environment:checking '/home/victor/caramelo_goiania/install/navegacao_pkg/lib/python3.10/site-packages'
[1.543s] Level 1:colcon.colcon_core.shell:create_environment_hook('navegacao_pkg', 'pythonpath')
[1.543s] INFO:colcon.colcon_core.shell:Creating environment hook '/home/victor/caramelo_goiania/install/navegacao_pkg/share/navegacao_pkg/hook/pythonpath.ps1'
[1.543s] INFO:colcon.colcon_core.shell:Creating environment descriptor '/home/victor/caramelo_goiania/install/navegacao_pkg/share/navegacao_pkg/hook/pythonpath.dsv'
[1.544s] INFO:colcon.colcon_core.shell:Creating environment hook '/home/victor/caramelo_goiania/install/navegacao_pkg/share/navegacao_pkg/hook/pythonpath.sh'
[1.544s] Level 1:colcon.colcon_core.environment:checking '/home/victor/caramelo_goiania/install/navegacao_pkg/bin'
[1.544s] Level 1:colcon.colcon_core.environment:create_environment_scripts_only(navegacao_pkg)
[1.544s] INFO:colcon.colcon_core.shell:Creating package script '/home/victor/caramelo_goiania/install/navegacao_pkg/share/navegacao_pkg/package.ps1'
[1.545s] INFO:colcon.colcon_core.shell:Creating package descriptor '/home/victor/caramelo_goiania/install/navegacao_pkg/share/navegacao_pkg/package.dsv'
[1.545s] INFO:colcon.colcon_core.shell:Creating package script '/home/victor/caramelo_goiania/install/navegacao_pkg/share/navegacao_pkg/package.sh'
[1.546s] INFO:colcon.colcon_core.shell:Creating package script '/home/victor/caramelo_goiania/install/navegacao_pkg/share/navegacao_pkg/package.bash'
[1.546s] INFO:colcon.colcon_core.shell:Creating package script '/home/victor/caramelo_goiania/install/navegacao_pkg/share/navegacao_pkg/package.zsh'
[1.546s] Level 1:colcon.colcon_core.environment:create_file_with_runtime_dependencies(/home/victor/caramelo_goiania/install/navegacao_pkg/share/colcon-core/packages/navegacao_pkg)
[1.547s] DEBUG:colcon.colcon_parallel_executor.executor.parallel:closing loop
[1.547s] DEBUG:colcon.colcon_parallel_executor.executor.parallel:loop closed
[1.547s] DEBUG:colcon.colcon_parallel_executor.executor.parallel:run_until_complete finished with '0'
[1.547s] DEBUG:colcon.colcon_core.event_reactor:joining thread
[1.553s] INFO:colcon.colcon_core.plugin_system:Skipping extension 'colcon_notification.desktop_notification.terminal_notifier': Not used on non-Darwin systems
[1.553s] INFO:colcon.colcon_core.plugin_system:Skipping extension 'colcon_notification.desktop_notification.win32': Not used on non-Windows systems
[1.553s] INFO:colcon.colcon_notification.desktop_notification:Sending desktop notification using 'notify2'
[1.562s] DEBUG:colcon.colcon_core.event_reactor:joined thread
[1.563s] INFO:colcon.colcon_core.shell:Creating prefix script '/home/victor/caramelo_goiania/install/local_setup.ps1'
[1.564s] INFO:colcon.colcon_core.shell:Creating prefix util module '/home/victor/caramelo_goiania/install/_local_setup_util_ps1.py'
[1.566s] INFO:colcon.colcon_core.shell:Creating prefix chain script '/home/victor/caramelo_goiania/install/setup.ps1'
[1.568s] INFO:colcon.colcon_core.shell:Creating prefix script '/home/victor/caramelo_goiania/install/local_setup.sh'
[1.569s] INFO:colcon.colcon_core.shell:Creating prefix util module '/home/victor/caramelo_goiania/install/_local_setup_util_sh.py'
[1.570s] INFO:colcon.colcon_core.shell:Creating prefix chain script '/home/victor/caramelo_goiania/install/setup.sh'
[1.571s] INFO:colcon.colcon_core.shell:Creating prefix script '/home/victor/caramelo_goiania/install/local_setup.bash'
[1.572s] INFO:colcon.colcon_core.shell:Creating prefix chain script '/home/victor/caramelo_goiania/install/setup.bash'
[1.573s] INFO:colcon.colcon_core.shell:Creating prefix script '/home/victor/caramelo_goiania/install/local_setup.zsh'
[1.574s] INFO:colcon.colcon_core.shell:Creating prefix chain script '/home/victor/caramelo_goiania/install/setup.zsh'
