[0.670s] Invoking command in '/home/victor/caramelo_goiania/src/build/rplidar_ros': CMAKE_PREFIX_PATH=/home/victor/caramelo_goiania/install/navegacao_pkg:/opt/ros/humble /usr/bin/cmake /home/victor/caramelo_goiania/src/rplidar_ros -DCMAKE_INSTALL_PREFIX=/home/victor/caramelo_goiania/src/install/rplidar_ros
[0.737s] -- The C compiler identification is GNU 11.4.0
[0.913s] -- The CXX compiler identification is GNU 11.4.0
[0.943s] -- Detecting C compiler ABI info
[1.031s] -- Detecting C compiler ABI info - done
[1.039s] -- Check for working C compiler: /usr/bin/cc - skipped
[1.040s] -- Detecting C compile features
[1.040s] -- Detecting C compile features - done
[1.043s] -- Detecting CXX compiler ABI info
[1.134s] -- Detecting CXX compiler ABI info - done
[1.145s] -- Check for working CXX compiler: /usr/bin/c++ - skipped
[1.146s] -- Detecting CXX compile features
[1.146s] -- Detecting CXX compile features - done
[1.150s] -- Found ament_cmake: 1.3.10 (/opt/ros/humble/share/ament_cmake/cmake)
[1.335s] -- Found Python3: /usr/bin/python3 (found version "3.10.12") found components: Interpreter 
[1.436s] -- Found rclcpp: 16.0.10 (/opt/ros/humble/share/rclcpp/cmake)
[1.485s] -- Found rosidl_generator_c: 3.1.5 (/opt/ros/humble/share/rosidl_generator_c/cmake)
[1.491s] -- Found rosidl_adapter: 3.1.5 (/opt/ros/humble/share/rosidl_adapter/cmake)
[1.500s] -- Found rosidl_generator_cpp: 3.1.5 (/opt/ros/humble/share/rosidl_generator_cpp/cmake)
[1.514s] -- Using all available rosidl_typesupport_c: rosidl_typesupport_fastrtps_c;rosidl_typesupport_introspection_c
[1.533s] -- Using all available rosidl_typesupport_cpp: rosidl_typesupport_fastrtps_cpp;rosidl_typesupport_introspection_cpp
[1.590s] -- Found rmw_implementation_cmake: 6.1.2 (/opt/ros/humble/share/rmw_implementation_cmake/cmake)
[1.593s] -- Found rmw_fastrtps_cpp: 6.2.7 (/opt/ros/humble/share/rmw_fastrtps_cpp/cmake)
[1.694s] -- Found OpenSSL: /usr/lib/x86_64-linux-gnu/libcrypto.so (found version "3.0.2")  
[1.747s] -- Found FastRTPS: /opt/ros/humble/include  
[1.846s] -- Using RMW implementation 'rmw_fastrtps_cpp' as default
[1.866s] -- Looking for pthread.h
[2.104s] -- Looking for pthread.h - found
[2.106s] -- Performing Test CMAKE_HAVE_LIBC_PTHREAD
[2.339s] -- Performing Test CMAKE_HAVE_LIBC_PTHREAD - Success
[2.340s] -- Found Threads: TRUE  
[2.404s] -- Found sensor_msgs: 4.2.4 (/opt/ros/humble/share/sensor_msgs/cmake)
[2.442s] -- Found std_srvs: 4.2.4 (/opt/ros/humble/share/std_srvs/cmake)
[2.530s] -- Configuring done
[2.553s] -- Generating done
[2.555s] -- Build files have been written to: /home/victor/caramelo_goiania/src/build/rplidar_ros
