-- The C compiler identification is GNU 11.4.0
-- The CXX compiler identification is GNU 11.4.0
-- Detecting C compiler ABI info
-- Detecting C compiler ABI info - done
-- Check for working C compiler: /usr/bin/cc - skipped
-- Detecting C compile features
-- Detecting C compile features - done
-- Detecting CXX compiler ABI info
-- Detecting CXX compiler ABI info - done
-- Check for working CXX compiler: /usr/bin/c++ - skipped
-- Detecting CXX compile features
-- Detecting CXX compile features - done
-- Found ament_cmake: 1.3.10 (/opt/ros/humble/share/ament_cmake/cmake)
-- Found Python3: /usr/bin/python3 (found version "3.10.12") found components: Interpreter 
-- Override CMake install command with custom implementation using symlinks instead of copying resources
-- Found grid_map_cmake_helpers: 2.0.0 (/home/victor/caramelo_goiania/src/install/grid_map_cmake_helpers/share/grid_map_cmake_helpers/cmake)
-- Found grid_map_core: 2.0.0 (/home/victor/caramelo_goiania/src/install/grid_map_core/share/grid_map_core/cmake)
-- Found grid_map_msgs: 2.0.0 (/home/victor/caramelo_goiania/src/install/grid_map_msgs/share/grid_map_msgs/cmake)
-- Found rosidl_generator_c: 3.1.5 (/opt/ros/humble/share/rosidl_generator_c/cmake)
-- Found rosidl_adapter: 3.1.5 (/opt/ros/humble/share/rosidl_adapter/cmake)
-- Found rosidl_generator_cpp: 3.1.5 (/opt/ros/humble/share/rosidl_generator_cpp/cmake)
-- Using all available rosidl_typesupport_c: rosidl_typesupport_fastrtps_c;rosidl_typesupport_introspection_c
-- Using all available rosidl_typesupport_cpp: rosidl_typesupport_fastrtps_cpp;rosidl_typesupport_introspection_cpp
-- Found grid_map_ros: 2.0.0 (/home/victor/caramelo_goiania/src/install/grid_map_ros/share/grid_map_ros/cmake)
-- Found rmw_implementation_cmake: 6.1.2 (/opt/ros/humble/share/rmw_implementation_cmake/cmake)
-- Found rmw_fastrtps_cpp: 6.2.7 (/opt/ros/humble/share/rmw_fastrtps_cpp/cmake)
-- Found TinyXML2 via Config file: TinyXML2_DIR-NOTFOUND
-- Found OpenSSL: /usr/lib/x86_64-linux-gnu/libcrypto.so (found version "3.0.2")  
-- Found TinyXML2 via Config file: TinyXML2_DIR-NOTFOUND
-- Found FastRTPS: /opt/ros/humble/include  
-- Found TinyXML2 via Config file: TinyXML2_DIR-NOTFOUND
-- Found TinyXML2 via Config file: TinyXML2_DIR-NOTFOUND
-- Using RMW implementation 'rmw_fastrtps_cpp' as default
-- Looking for pthread.h
-- Looking for pthread.h - found
-- Performing Test CMAKE_HAVE_LIBC_PTHREAD
-- Performing Test CMAKE_HAVE_LIBC_PTHREAD - Success
-- Found Threads: TRUE  
-- Setting build type to Release as none was specified.
-- Found ament_lint_auto: 0.12.11 (/opt/ros/humble/share/ament_lint_auto/cmake)
-- Added test 'cppcheck' to perform static code analysis on C / C++ code
-- Configured cppcheck include dirs: /home/victor/caramelo_goiania/src/grid_map/grid_map_visualization/include
-- Configured cppcheck exclude dirs and/or files: 
-- Added test 'lint_cmake' to check CMake code style
-- Added test 'uncrustify' to check C / C++ code style
-- Configured uncrustify additional arguments: 
-- Added test 'xmllint' to check XML markup files
-- Configuring done
-- Generating done
-- Build files have been written to: /home/victor/caramelo_goiania/src/build/grid_map_visualization
[  7%] [32mBuilding CXX object CMakeFiles/grid_map_visualization_core.dir/src/visualizations/FlatPointCloudVisualization.cpp.o[0m
[ 15%] [32mBuilding CXX object CMakeFiles/grid_map_visualization_core.dir/src/GridMapVisualizationHelpers.cpp.o[0m
[ 23%] [32mBuilding CXX object CMakeFiles/grid_map_visualization_core.dir/src/GridMapVisualization.cpp.o[0m
[ 30%] [32mBuilding CXX object CMakeFiles/grid_map_visualization_core.dir/src/visualizations/GridCellsVisualization.cpp.o[0m
[ 38%] [32mBuilding CXX object CMakeFiles/grid_map_visualization_core.dir/src/visualizations/MapRegionVisualization.cpp.o[0m
[ 46%] [32mBuilding CXX object CMakeFiles/grid_map_visualization_core.dir/src/visualizations/OccupancyGridVisualization.cpp.o[0m
[ 53%] [32mBuilding CXX object CMakeFiles/grid_map_visualization_core.dir/src/visualizations/PointCloudVisualization.cpp.o[0m
[ 61%] [32mBuilding CXX object CMakeFiles/grid_map_visualization_core.dir/src/visualizations/VectorVisualization.cpp.o[0m
[ 69%] [32mBuilding CXX object CMakeFiles/grid_map_visualization_core.dir/src/visualizations/VisualizationBase.cpp.o[0m
