[0.035s] Invoking command in '/home/victor/caramelo_goiania/src/build/grid_map_visualization': AMENT_PREFIX_PATH=/home/victor/caramelo_goiania/src/install/grid_map_ros:/home/victor/caramelo_goiania/src/install/grid_map_cv:/home/victor/caramelo_goiania/src/install/grid_map_msgs:/home/victor/caramelo_goiania/src/install/grid_map_core:/home/victor/caramelo_goiania/src/install/grid_map_cmake_helpers:${AMENT_PREFIX_PATH} CMAKE_PREFIX_PATH=/home/victor/caramelo_goiania/src/install/grid_map_ros:/home/victor/caramelo_goiania/src/install/grid_map_cv:/home/victor/caramelo_goiania/src/install/grid_map_msgs:/home/victor/caramelo_goiania/src/install/grid_map_core:/home/victor/caramelo_goiania/src/install/grid_map_cmake_helpers:/home/victor/caramelo_goiania/install/sllidar_ros2:/home/victor/caramelo_goiania/install/rplidar_ros:/home/victor/caramelo_goiania/install/rf2o_laser_odometry:/home/victor/caramelo_goiania/src/install/sllidar_ros2:/home/victor/caramelo_goiania/src/install/rplidar_ros:/home/victor/caramelo_goiania/src/install/navegacao_pkg:/home/victor/caramelo_goiania/install/navegacao_pkg:/opt/ros/humble LD_LIBRARY_PATH=/home/victor/caramelo_goiania/src/install/grid_map_ros/lib:/home/victor/caramelo_goiania/src/install/grid_map_cv/lib:/home/victor/caramelo_goiania/src/install/grid_map_msgs/lib:/home/victor/caramelo_goiania/src/install/grid_map_core/lib:/usr/lib/x86_64-linux-gnu/gazebo-11/plugins:/opt/ros/humble/opt/rviz_ogre_vendor/lib:/opt/ros/humble/lib/x86_64-linux-gnu:/opt/ros/humble/lib:/usr/share/gazebo/../../lib/x86_64-linux-gnu/gazebo-11/plugins PYTHONPATH=/home/victor/caramelo_goiania/src/install/grid_map_msgs/local/lib/python3.10/dist-packages:${PYTHONPATH} /usr/bin/cmake /home/victor/caramelo_goiania/src/grid_map/grid_map_visualization -DAMENT_CMAKE_SYMLINK_INSTALL=1 -DCMAKE_INSTALL_PREFIX=/home/victor/caramelo_goiania/src/install/grid_map_visualization
[0.116s] -- The C compiler identification is GNU 11.4.0
[0.212s] -- The CXX compiler identification is GNU 11.4.0
[0.223s] -- Detecting C compiler ABI info
[0.336s] -- Detecting C compiler ABI info - done
[0.354s] -- Check for working C compiler: /usr/bin/cc - skipped
[0.354s] -- Detecting C compile features
[0.355s] -- Detecting C compile features - done
[0.359s] -- Detecting CXX compiler ABI info
[0.492s] -- Detecting CXX compiler ABI info - done
[0.502s] -- Check for working CXX compiler: /usr/bin/c++ - skipped
[0.502s] -- Detecting CXX compile features
[0.503s] -- Detecting CXX compile features - done
[0.508s] -- Found ament_cmake: 1.3.10 (/opt/ros/humble/share/ament_cmake/cmake)
[0.753s] -- Found Python3: /usr/bin/python3 (found version "3.10.12") found components: Interpreter 
[0.873s] -- Override CMake install command with custom implementation using symlinks instead of copying resources
[0.933s] -- Found grid_map_cmake_helpers: 2.0.0 (/home/victor/caramelo_goiania/src/install/grid_map_cmake_helpers/share/grid_map_cmake_helpers/cmake)
[0.933s] -- Found grid_map_core: 2.0.0 (/home/victor/caramelo_goiania/src/install/grid_map_core/share/grid_map_core/cmake)
[0.948s] -- Found grid_map_msgs: 2.0.0 (/home/victor/caramelo_goiania/src/install/grid_map_msgs/share/grid_map_msgs/cmake)
[1.014s] -- Found rosidl_generator_c: 3.1.5 (/opt/ros/humble/share/rosidl_generator_c/cmake)
[1.023s] -- Found rosidl_adapter: 3.1.5 (/opt/ros/humble/share/rosidl_adapter/cmake)
[1.043s] -- Found rosidl_generator_cpp: 3.1.5 (/opt/ros/humble/share/rosidl_generator_cpp/cmake)
[1.073s] -- Using all available rosidl_typesupport_c: rosidl_typesupport_fastrtps_c;rosidl_typesupport_introspection_c
[1.105s] -- Using all available rosidl_typesupport_cpp: rosidl_typesupport_fastrtps_cpp;rosidl_typesupport_introspection_cpp
[1.201s] -- Found grid_map_ros: 2.0.0 (/home/victor/caramelo_goiania/src/install/grid_map_ros/share/grid_map_ros/cmake)
[1.437s] -- Found rmw_implementation_cmake: 6.1.2 (/opt/ros/humble/share/rmw_implementation_cmake/cmake)
[1.447s] -- Found rmw_fastrtps_cpp: 6.2.7 (/opt/ros/humble/share/rmw_fastrtps_cpp/cmake)
[1.506s] -- Found TinyXML2 via Config file: TinyXML2_DIR-NOTFOUND
[1.613s] -- Found OpenSSL: /usr/lib/x86_64-linux-gnu/libcrypto.so (found version "3.0.2")  
[1.619s] -- Found TinyXML2 via Config file: TinyXML2_DIR-NOTFOUND
[1.647s] -- Found FastRTPS: /opt/ros/humble/include  
[1.653s] -- Found TinyXML2 via Config file: TinyXML2_DIR-NOTFOUND
[1.666s] -- Found TinyXML2 via Config file: TinyXML2_DIR-NOTFOUND
[1.691s] -- Using RMW implementation 'rmw_fastrtps_cpp' as default
[1.707s] -- Looking for pthread.h
[1.823s] -- Looking for pthread.h - found
[1.823s] -- Performing Test CMAKE_HAVE_LIBC_PTHREAD
[1.947s] -- Performing Test CMAKE_HAVE_LIBC_PTHREAD - Success
[1.949s] -- Found Threads: TRUE  
[2.210s] -- Setting build type to Release as none was specified.
[2.296s] -- Found ament_lint_auto: 0.12.11 (/opt/ros/humble/share/ament_lint_auto/cmake)
[2.474s] -- Added test 'cppcheck' to perform static code analysis on C / C++ code
[2.475s] -- Configured cppcheck include dirs: /home/victor/caramelo_goiania/src/grid_map/grid_map_visualization/include
[2.476s] -- Configured cppcheck exclude dirs and/or files: 
[2.479s] -- Added test 'lint_cmake' to check CMake code style
[2.483s] -- Added test 'uncrustify' to check C / C++ code style
[2.483s] -- Configured uncrustify additional arguments: 
[2.485s] -- Added test 'xmllint' to check XML markup files
[2.492s] -- Configuring done
[2.645s] -- Generating done
[2.648s] -- Build files have been written to: /home/victor/caramelo_goiania/src/build/grid_map_visualization
[2.674s] Invoked command in '/home/victor/caramelo_goiania/src/build/grid_map_visualization' returned '0': AMENT_PREFIX_PATH=/home/victor/caramelo_goiania/src/install/grid_map_ros:/home/victor/caramelo_goiania/src/install/grid_map_cv:/home/victor/caramelo_goiania/src/install/grid_map_msgs:/home/victor/caramelo_goiania/src/install/grid_map_core:/home/victor/caramelo_goiania/src/install/grid_map_cmake_helpers:${AMENT_PREFIX_PATH} CMAKE_PREFIX_PATH=/home/victor/caramelo_goiania/src/install/grid_map_ros:/home/victor/caramelo_goiania/src/install/grid_map_cv:/home/victor/caramelo_goiania/src/install/grid_map_msgs:/home/victor/caramelo_goiania/src/install/grid_map_core:/home/victor/caramelo_goiania/src/install/grid_map_cmake_helpers:/home/victor/caramelo_goiania/install/sllidar_ros2:/home/victor/caramelo_goiania/install/rplidar_ros:/home/victor/caramelo_goiania/install/rf2o_laser_odometry:/home/victor/caramelo_goiania/src/install/sllidar_ros2:/home/victor/caramelo_goiania/src/install/rplidar_ros:/home/victor/caramelo_goiania/src/install/navegacao_pkg:/home/victor/caramelo_goiania/install/navegacao_pkg:/opt/ros/humble LD_LIBRARY_PATH=/home/victor/caramelo_goiania/src/install/grid_map_ros/lib:/home/victor/caramelo_goiania/src/install/grid_map_cv/lib:/home/victor/caramelo_goiania/src/install/grid_map_msgs/lib:/home/victor/caramelo_goiania/src/install/grid_map_core/lib:/usr/lib/x86_64-linux-gnu/gazebo-11/plugins:/opt/ros/humble/opt/rviz_ogre_vendor/lib:/opt/ros/humble/lib/x86_64-linux-gnu:/opt/ros/humble/lib:/usr/share/gazebo/../../lib/x86_64-linux-gnu/gazebo-11/plugins PYTHONPATH=/home/victor/caramelo_goiania/src/install/grid_map_msgs/local/lib/python3.10/dist-packages:${PYTHONPATH} /usr/bin/cmake /home/victor/caramelo_goiania/src/grid_map/grid_map_visualization -DAMENT_CMAKE_SYMLINK_INSTALL=1 -DCMAKE_INSTALL_PREFIX=/home/victor/caramelo_goiania/src/install/grid_map_visualization
[2.676s] Invoking command in '/home/victor/caramelo_goiania/src/build/grid_map_visualization': AMENT_PREFIX_PATH=/home/victor/caramelo_goiania/src/install/grid_map_ros:/home/victor/caramelo_goiania/src/install/grid_map_cv:/home/victor/caramelo_goiania/src/install/grid_map_msgs:/home/victor/caramelo_goiania/src/install/grid_map_core:/home/victor/caramelo_goiania/src/install/grid_map_cmake_helpers:${AMENT_PREFIX_PATH} CMAKE_PREFIX_PATH=/home/victor/caramelo_goiania/src/install/grid_map_ros:/home/victor/caramelo_goiania/src/install/grid_map_cv:/home/victor/caramelo_goiania/src/install/grid_map_msgs:/home/victor/caramelo_goiania/src/install/grid_map_core:/home/victor/caramelo_goiania/src/install/grid_map_cmake_helpers:/home/victor/caramelo_goiania/install/sllidar_ros2:/home/victor/caramelo_goiania/install/rplidar_ros:/home/victor/caramelo_goiania/install/rf2o_laser_odometry:/home/victor/caramelo_goiania/src/install/sllidar_ros2:/home/victor/caramelo_goiania/src/install/rplidar_ros:/home/victor/caramelo_goiania/src/install/navegacao_pkg:/home/victor/caramelo_goiania/install/navegacao_pkg:/opt/ros/humble LD_LIBRARY_PATH=/home/victor/caramelo_goiania/src/install/grid_map_ros/lib:/home/victor/caramelo_goiania/src/install/grid_map_cv/lib:/home/victor/caramelo_goiania/src/install/grid_map_msgs/lib:/home/victor/caramelo_goiania/src/install/grid_map_core/lib:/usr/lib/x86_64-linux-gnu/gazebo-11/plugins:/opt/ros/humble/opt/rviz_ogre_vendor/lib:/opt/ros/humble/lib/x86_64-linux-gnu:/opt/ros/humble/lib:/usr/share/gazebo/../../lib/x86_64-linux-gnu/gazebo-11/plugins PYTHONPATH=/home/victor/caramelo_goiania/src/install/grid_map_msgs/local/lib/python3.10/dist-packages:${PYTHONPATH} /usr/bin/cmake --build /home/victor/caramelo_goiania/src/build/grid_map_visualization -- -j8 -l8
[2.769s] [  7%] [32mBuilding CXX object CMakeFiles/grid_map_visualization_core.dir/src/visualizations/FlatPointCloudVisualization.cpp.o[0m
[2.770s] [ 15%] [32mBuilding CXX object CMakeFiles/grid_map_visualization_core.dir/src/GridMapVisualizationHelpers.cpp.o[0m
[2.770s] [ 23%] [32mBuilding CXX object CMakeFiles/grid_map_visualization_core.dir/src/GridMapVisualization.cpp.o[0m
[2.794s] [ 30%] [32mBuilding CXX object CMakeFiles/grid_map_visualization_core.dir/src/visualizations/GridCellsVisualization.cpp.o[0m
[2.795s] [ 38%] [32mBuilding CXX object CMakeFiles/grid_map_visualization_core.dir/src/visualizations/MapRegionVisualization.cpp.o[0m
[2.795s] [ 46%] [32mBuilding CXX object CMakeFiles/grid_map_visualization_core.dir/src/visualizations/OccupancyGridVisualization.cpp.o[0m
[2.795s] [ 53%] [32mBuilding CXX object CMakeFiles/grid_map_visualization_core.dir/src/visualizations/PointCloudVisualization.cpp.o[0m
[2.795s] [ 61%] [32mBuilding CXX object CMakeFiles/grid_map_visualization_core.dir/src/visualizations/VectorVisualization.cpp.o[0m
[59.581s] [ 69%] [32mBuilding CXX object CMakeFiles/grid_map_visualization_core.dir/src/visualizations/VisualizationBase.cpp.o[0m
