running egg_info
writing ../build/navegacao_pkg/navegacao_pkg.egg-info/PKG-INFO
writing dependency_links to ../build/navegacao_pkg/navegacao_pkg.egg-info/dependency_links.txt
writing entry points to ../build/navegacao_pkg/navegacao_pkg.egg-info/entry_points.txt
writing requirements to ../build/navegacao_pkg/navegacao_pkg.egg-info/requires.txt
writing top-level names to ../build/navegacao_pkg/navegacao_pkg.egg-info/top_level.txt
reading manifest file '../build/navegacao_pkg/navegacao_pkg.egg-info/SOURCES.txt'
writing manifest file '../build/navegacao_pkg/navegacao_pkg.egg-info/SOURCES.txt'
running build
running build_py
running install
running install_lib
running install_data
copying launch/cartographer.launch.py -> /home/victor/caramelo_goiania/src/install/navegacao_pkg/share/navegacao_pkg/launch/
running install_egg_info
removing '/home/victor/caramelo_goiania/src/install/navegacao_pkg/lib/python3.10/site-packages/navegacao_pkg-0.0.0-py3.10.egg-info' (and everything under it)
Copying ../build/navegacao_pkg/navegacao_pkg.egg-info to /home/victor/caramelo_goiania/src/install/navegacao_pkg/lib/python3.10/site-packages/navegacao_pkg-0.0.0-py3.10.egg-info
running install_scripts
Installing camera_node script to /home/victor/caramelo_goiania/src/install/navegacao_pkg/lib/navegacao_pkg
Installing segue_linha script to /home/victor/caramelo_goiania/src/install/navegacao_pkg/lib/navegacao_pkg
Installing serial_node_arduino script to /home/victor/caramelo_goiania/src/install/navegacao_pkg/lib/navegacao_pkg
writing list of installed files to '/home/victor/caramelo_goiania/src/build/navegacao_pkg/install.log'
