running egg_info
creating ../build/navegacao_pkg/navegacao_pkg.egg-info
writing ../build/navegacao_pkg/navegacao_pkg.egg-info/PKG-INFO
writing dependency_links to ../build/navegacao_pkg/navegacao_pkg.egg-info/dependency_links.txt
writing entry points to ../build/navegacao_pkg/navegacao_pkg.egg-info/entry_points.txt
writing requirements to ../build/navegacao_pkg/navegacao_pkg.egg-info/requires.txt
writing top-level names to ../build/navegacao_pkg/navegacao_pkg.egg-info/top_level.txt
writing manifest file '../build/navegacao_pkg/navegacao_pkg.egg-info/SOURCES.txt'
reading manifest file '../build/navegacao_pkg/navegacao_pkg.egg-info/SOURCES.txt'
writing manifest file '../build/navegacao_pkg/navegacao_pkg.egg-info/SOURCES.txt'
running build
running build_py
creating /home/atwork/caramelo_goiania/src/build/navegacao_pkg/build
creating /home/atwork/caramelo_goiania/src/build/navegacao_pkg/build/lib
creating /home/atwork/caramelo_goiania/src/build/navegacao_pkg/build/lib/navegacao_pkg
copying navegacao_pkg/serial_node_arduino.py -> /home/atwork/caramelo_goiania/src/build/navegacao_pkg/build/lib/navegacao_pkg
copying navegacao_pkg/__init__.py -> /home/atwork/caramelo_goiania/src/build/navegacao_pkg/build/lib/navegacao_pkg
running install
running install_lib
creating /home/atwork/caramelo_goiania/src/install/navegacao_pkg/lib/python3.10/site-packages/navegacao_pkg
copying /home/atwork/caramelo_goiania/src/build/navegacao_pkg/build/lib/navegacao_pkg/serial_node_arduino.py -> /home/atwork/caramelo_goiania/src/install/navegacao_pkg/lib/python3.10/site-packages/navegacao_pkg
copying /home/atwork/caramelo_goiania/src/build/navegacao_pkg/build/lib/navegacao_pkg/__init__.py -> /home/atwork/caramelo_goiania/src/install/navegacao_pkg/lib/python3.10/site-packages/navegacao_pkg
byte-compiling /home/atwork/caramelo_goiania/src/install/navegacao_pkg/lib/python3.10/site-packages/navegacao_pkg/serial_node_arduino.py to serial_node_arduino.cpython-310.pyc
byte-compiling /home/atwork/caramelo_goiania/src/install/navegacao_pkg/lib/python3.10/site-packages/navegacao_pkg/__init__.py to __init__.cpython-310.pyc
running install_data
creating /home/atwork/caramelo_goiania/src/install/navegacao_pkg/share/ament_index
creating /home/atwork/caramelo_goiania/src/install/navegacao_pkg/share/ament_index/resource_index
creating /home/atwork/caramelo_goiania/src/install/navegacao_pkg/share/ament_index/resource_index/packages
copying resource/navegacao_pkg -> /home/atwork/caramelo_goiania/src/install/navegacao_pkg/share/ament_index/resource_index/packages
copying package.xml -> /home/atwork/caramelo_goiania/src/install/navegacao_pkg/share/navegacao_pkg
running install_egg_info
Copying ../build/navegacao_pkg/navegacao_pkg.egg-info to /home/atwork/caramelo_goiania/src/install/navegacao_pkg/lib/python3.10/site-packages/navegacao_pkg-0.0.0-py3.10.egg-info
running install_scripts
Installing serial_node_arduino script to /home/atwork/caramelo_goiania/src/install/navegacao_pkg/lib/navegacao_pkg
writing list of installed files to '/home/atwork/caramelo_goiania/src/build/navegacao_pkg/install.log'
