[0.079s] DEBUG:colcon:Command line arguments: ['/usr/bin/colcon', 'list', '-p', '--base-paths', '/home/atwork/caramelo_goiania']
[0.080s] DEBUG:colcon:Parsed command line arguments: Namespace(log_base=None, log_level=None, verb_name='list', build_base='build', ignore_user_meta=False, metas=['./colcon.meta'], base_paths=['/home/atwork/caramelo_goiania'], packages_ignore=None, packages_ignore_regex=None, paths=None, packages_up_to=None, packages_up_to_regex=None, packages_above=None, packages_above_and_dependencies=None, packages_above_depth=None, packages_select_by_dep=None, packages_skip_by_dep=None, packages_skip_up_to=None, packages_select_build_failed=False, packages_skip_build_finished=False, packages_select_test_failures=False, packages_skip_test_passed=False, packages_select=None, packages_skip=None, packages_select_regex=None, packages_skip_regex=None, packages_start=None, packages_end=None, allow_overriding=[], topological_order=False, names_only=False, paths_only=True, topological_graph=False, topological_graph_dot=False, topological_graph_density=False, topological_graph_legend=False, topological_graph_dot_cluster=False, topological_graph_dot_include_skipped=False, verb_parser=<colcon_defaults.argument_parser.defaults.DefaultArgumentsDecorator object at 0x766f24e09d50>, verb_extension=<colcon_package_information.verb.list.ListVerb object at 0x766f24e09030>, main=<bound method ListVerb.main of <colcon_package_information.verb.list.ListVerb object at 0x766f24e09030>>)
[0.200s] Level 1:colcon.colcon_core.package_discovery:discover_packages(colcon_meta) check parameters
[0.200s] Level 1:colcon.colcon_core.package_discovery:discover_packages(recursive) check parameters
[0.200s] Level 1:colcon.colcon_core.package_discovery:discover_packages(ignore) check parameters
[0.200s] Level 1:colcon.colcon_core.package_discovery:discover_packages(path) check parameters
[0.200s] Level 1:colcon.colcon_core.package_discovery:discover_packages(recursive) discover
[0.200s] INFO:colcon.colcon_core.package_discovery:Crawling recursively for packages in '/home/atwork/caramelo_goiania'
[0.200s] Level 1:colcon.colcon_core.package_identification:_identify(/home/atwork/caramelo_goiania) by extensions ['ignore', 'ignore_ament_install']
[0.200s] Level 1:colcon.colcon_core.package_identification:_identify(/home/atwork/caramelo_goiania) by extension 'ignore'
[0.200s] Level 1:colcon.colcon_core.package_identification:_identify(/home/atwork/caramelo_goiania) by extension 'ignore_ament_install'
[0.200s] Level 1:colcon.colcon_core.package_identification:_identify(/home/atwork/caramelo_goiania) by extensions ['colcon_pkg']
[0.200s] Level 1:colcon.colcon_core.package_identification:_identify(/home/atwork/caramelo_goiania) by extension 'colcon_pkg'
[0.200s] Level 1:colcon.colcon_core.package_identification:_identify(/home/atwork/caramelo_goiania) by extensions ['colcon_meta']
[0.200s] Level 1:colcon.colcon_core.package_identification:_identify(/home/atwork/caramelo_goiania) by extension 'colcon_meta'
[0.200s] Level 1:colcon.colcon_core.package_identification:_identify(/home/atwork/caramelo_goiania) by extensions ['ros']
[0.200s] Level 1:colcon.colcon_core.package_identification:_identify(/home/atwork/caramelo_goiania) by extension 'ros'
[0.207s] Level 1:colcon.colcon_core.package_identification:_identify(/home/atwork/caramelo_goiania) by extensions ['cmake', 'python']
[0.208s] Level 1:colcon.colcon_core.package_identification:_identify(/home/atwork/caramelo_goiania) by extension 'cmake'
[0.208s] Level 1:colcon.colcon_core.package_identification:_identify(/home/atwork/caramelo_goiania) by extension 'python'
[0.208s] Level 1:colcon.colcon_core.package_identification:_identify(/home/atwork/caramelo_goiania) by extensions ['python_setup_py']
[0.208s] Level 1:colcon.colcon_core.package_identification:_identify(/home/atwork/caramelo_goiania) by extension 'python_setup_py'
[0.208s] Level 1:colcon.colcon_core.package_identification:_identify(/home/atwork/caramelo_goiania/build) by extensions ['ignore', 'ignore_ament_install']
[0.208s] Level 1:colcon.colcon_core.package_identification:_identify(/home/atwork/caramelo_goiania/build) by extension 'ignore'
[0.208s] Level 1:colcon.colcon_core.package_identification:_identify(/home/atwork/caramelo_goiania/build) ignored
[0.208s] Level 1:colcon.colcon_core.package_identification:_identify(/home/atwork/caramelo_goiania/install) by extensions ['ignore', 'ignore_ament_install']
[0.208s] Level 1:colcon.colcon_core.package_identification:_identify(/home/atwork/caramelo_goiania/install) by extension 'ignore'
[0.208s] Level 1:colcon.colcon_core.package_identification:_identify(/home/atwork/caramelo_goiania/install) ignored
[0.208s] Level 1:colcon.colcon_core.package_identification:_identify(/home/atwork/caramelo_goiania/log) by extensions ['ignore', 'ignore_ament_install']
[0.208s] Level 1:colcon.colcon_core.package_identification:_identify(/home/atwork/caramelo_goiania/log) by extension 'ignore'
[0.208s] Level 1:colcon.colcon_core.package_identification:_identify(/home/atwork/caramelo_goiania/log) ignored
[0.208s] Level 1:colcon.colcon_core.package_identification:_identify(/home/atwork/caramelo_goiania/src) by extensions ['ignore', 'ignore_ament_install']
[0.208s] Level 1:colcon.colcon_core.package_identification:_identify(/home/atwork/caramelo_goiania/src) by extension 'ignore'
[0.208s] Level 1:colcon.colcon_core.package_identification:_identify(/home/atwork/caramelo_goiania/src) by extension 'ignore_ament_install'
[0.208s] Level 1:colcon.colcon_core.package_identification:_identify(/home/atwork/caramelo_goiania/src) by extensions ['colcon_pkg']
[0.208s] Level 1:colcon.colcon_core.package_identification:_identify(/home/atwork/caramelo_goiania/src) by extension 'colcon_pkg'
[0.208s] Level 1:colcon.colcon_core.package_identification:_identify(/home/atwork/caramelo_goiania/src) by extensions ['colcon_meta']
[0.208s] Level 1:colcon.colcon_core.package_identification:_identify(/home/atwork/caramelo_goiania/src) by extension 'colcon_meta'
[0.208s] Level 1:colcon.colcon_core.package_identification:_identify(/home/atwork/caramelo_goiania/src) by extensions ['ros']
[0.208s] Level 1:colcon.colcon_core.package_identification:_identify(/home/atwork/caramelo_goiania/src) by extension 'ros'
[0.208s] Level 1:colcon.colcon_core.package_identification:_identify(/home/atwork/caramelo_goiania/src) by extensions ['cmake', 'python']
[0.208s] Level 1:colcon.colcon_core.package_identification:_identify(/home/atwork/caramelo_goiania/src) by extension 'cmake'
[0.208s] Level 1:colcon.colcon_core.package_identification:_identify(/home/atwork/caramelo_goiania/src) by extension 'python'
[0.208s] Level 1:colcon.colcon_core.package_identification:_identify(/home/atwork/caramelo_goiania/src) by extensions ['python_setup_py']
[0.208s] Level 1:colcon.colcon_core.package_identification:_identify(/home/atwork/caramelo_goiania/src) by extension 'python_setup_py'
[0.209s] Level 1:colcon.colcon_core.package_identification:_identify(/home/atwork/caramelo_goiania/src/navegacao_pkg) by extensions ['ignore', 'ignore_ament_install']
[0.209s] Level 1:colcon.colcon_core.package_identification:_identify(/home/atwork/caramelo_goiania/src/navegacao_pkg) by extension 'ignore'
[0.209s] Level 1:colcon.colcon_core.package_identification:_identify(/home/atwork/caramelo_goiania/src/navegacao_pkg) by extension 'ignore_ament_install'
[0.209s] Level 1:colcon.colcon_core.package_identification:_identify(/home/atwork/caramelo_goiania/src/navegacao_pkg) by extensions ['colcon_pkg']
[0.209s] Level 1:colcon.colcon_core.package_identification:_identify(/home/atwork/caramelo_goiania/src/navegacao_pkg) by extension 'colcon_pkg'
[0.209s] Level 1:colcon.colcon_core.package_identification:_identify(/home/atwork/caramelo_goiania/src/navegacao_pkg) by extensions ['colcon_meta']
[0.209s] Level 1:colcon.colcon_core.package_identification:_identify(/home/atwork/caramelo_goiania/src/navegacao_pkg) by extension 'colcon_meta'
[0.209s] Level 1:colcon.colcon_core.package_identification:_identify(/home/atwork/caramelo_goiania/src/navegacao_pkg) by extensions ['ros']
[0.209s] Level 1:colcon.colcon_core.package_identification:_identify(/home/atwork/caramelo_goiania/src/navegacao_pkg) by extension 'ros'
[0.210s] DEBUG:colcon.colcon_core.package_identification:Package '/home/atwork/caramelo_goiania/src/navegacao_pkg' with type 'ros.ament_python' and name 'navegacao_pkg'
[0.210s] Level 1:colcon.colcon_core.package_discovery:discover_packages(recursive) using defaults
