[0.591s] Invoking command in '/home/victor/caramelo_goiania/src/build/rf2o_laser_odometry': CMAKE_PREFIX_PATH=${CMAKE_PREFIX_PATH}:/home/victor/caramelo_goiania/src/install/movimentacao_pkg:/home/victor/caramelo_goiania/src/install/navegacao_pkg:/opt/ros/humble /usr/bin/cmake --build /home/victor/caramelo_goiania/src/build/rf2o_laser_odometry -- -j8 -l8
[0.669s] [ 40%] Built target rf2o_laser_odometry
[0.686s] [100%] Built target rf2o_laser_odometry_node
[0.703s] Invoked command in '/home/victor/caramelo_goiania/src/build/rf2o_laser_odometry' returned '0': CMAKE_PREFIX_PATH=${CMAKE_PREFIX_PATH}:/home/victor/caramelo_goiania/src/install/movimentacao_pkg:/home/victor/caramelo_goiania/src/install/navegacao_pkg:/opt/ros/humble /usr/bin/cmake --build /home/victor/caramelo_goiania/src/build/rf2o_laser_odometry -- -j8 -l8
[0.757s] Invoking command in '/home/victor/caramelo_goiania/src/build/rf2o_laser_odometry': CMAKE_PREFIX_PATH=${CMAKE_PREFIX_PATH}:/home/victor/caramelo_goiania/src/install/movimentacao_pkg:/home/victor/caramelo_goiania/src/install/navegacao_pkg:/opt/ros/humble /usr/bin/cmake --install /home/victor/caramelo_goiania/src/build/rf2o_laser_odometry
[0.767s] -- Install configuration: ""
[0.768s] -- Execute custom install script
[0.768s] -- Up-to-date symlink: /home/victor/caramelo_goiania/src/install/rf2o_laser_odometry/lib/rf2o_laser_odometry/rf2o_laser_odometry_node
[0.769s] -- Up-to-date symlink: /home/victor/caramelo_goiania/src/install/rf2o_laser_odometry/share/rf2o_laser_odometry/launch/rf2o_laser_odometry.launch.py
[0.769s] -- Up-to-date symlink: /home/victor/caramelo_goiania/src/install/rf2o_laser_odometry/share/ament_index/resource_index/package_run_dependencies/rf2o_laser_odometry
[0.769s] -- Up-to-date symlink: /home/victor/caramelo_goiania/src/install/rf2o_laser_odometry/share/ament_index/resource_index/parent_prefix_path/rf2o_laser_odometry
[0.770s] -- Up-to-date symlink: /home/victor/caramelo_goiania/src/install/rf2o_laser_odometry/share/rf2o_laser_odometry/environment/ament_prefix_path.sh
[0.770s] -- Up-to-date symlink: /home/victor/caramelo_goiania/src/install/rf2o_laser_odometry/share/rf2o_laser_odometry/environment/ament_prefix_path.dsv
[0.770s] -- Up-to-date symlink: /home/victor/caramelo_goiania/src/install/rf2o_laser_odometry/share/rf2o_laser_odometry/environment/path.sh
[0.770s] -- Up-to-date symlink: /home/victor/caramelo_goiania/src/install/rf2o_laser_odometry/share/rf2o_laser_odometry/environment/path.dsv
[0.770s] -- Up-to-date symlink: /home/victor/caramelo_goiania/src/install/rf2o_laser_odometry/share/rf2o_laser_odometry/local_setup.bash
[0.771s] -- Up-to-date symlink: /home/victor/caramelo_goiania/src/install/rf2o_laser_odometry/share/rf2o_laser_odometry/local_setup.sh
[0.771s] -- Up-to-date symlink: /home/victor/caramelo_goiania/src/install/rf2o_laser_odometry/share/rf2o_laser_odometry/local_setup.zsh
[0.771s] -- Up-to-date symlink: /home/victor/caramelo_goiania/src/install/rf2o_laser_odometry/share/rf2o_laser_odometry/local_setup.dsv
[0.771s] -- Symlinking: /home/victor/caramelo_goiania/src/install/rf2o_laser_odometry/share/rf2o_laser_odometry/package.dsv
[0.784s] -- Up-to-date symlink: /home/victor/caramelo_goiania/src/install/rf2o_laser_odometry/share/ament_index/resource_index/packages/rf2o_laser_odometry
[0.784s] -- Up-to-date symlink: /home/victor/caramelo_goiania/src/install/rf2o_laser_odometry/share/rf2o_laser_odometry/cmake/rf2o_laser_odometryConfig.cmake
[0.784s] -- Up-to-date symlink: /home/victor/caramelo_goiania/src/install/rf2o_laser_odometry/share/rf2o_laser_odometry/cmake/rf2o_laser_odometryConfig-version.cmake
[0.784s] -- Up-to-date symlink: /home/victor/caramelo_goiania/src/install/rf2o_laser_odometry/share/rf2o_laser_odometry/package.xml
[0.787s] Invoked command in '/home/victor/caramelo_goiania/src/build/rf2o_laser_odometry' returned '0': CMAKE_PREFIX_PATH=${CMAKE_PREFIX_PATH}:/home/victor/caramelo_goiania/src/install/movimentacao_pkg:/home/victor/caramelo_goiania/src/install/navegacao_pkg:/opt/ros/humble /usr/bin/cmake --install /home/victor/caramelo_goiania/src/build/rf2o_laser_odometry
