[0.043s] Invoking command in '/home/victor/caramelo_goiania/src/build/grid_map_rviz_plugin': AMENT_PREFIX_PATH=/home/victor/caramelo_goiania/src/install/grid_map_ros:/home/victor/caramelo_goiania/src/install/grid_map_cv:/home/victor/caramelo_goiania/src/install/grid_map_msgs:/home/victor/caramelo_goiania/src/install/grid_map_core:/home/victor/caramelo_goiania/src/install/grid_map_cmake_helpers:${AMENT_PREFIX_PATH} CMAKE_PREFIX_PATH=/home/victor/caramelo_goiania/src/install/grid_map_ros:/home/victor/caramelo_goiania/src/install/grid_map_cv:/home/victor/caramelo_goiania/src/install/grid_map_msgs:/home/victor/caramelo_goiania/src/install/grid_map_core:/home/victor/caramelo_goiania/src/install/grid_map_cmake_helpers:/home/victor/caramelo_goiania/install/sllidar_ros2:/home/victor/caramelo_goiania/install/rplidar_ros:/home/victor/caramelo_goiania/install/rf2o_laser_odometry:/home/victor/caramelo_goiania/src/install/sllidar_ros2:/home/victor/caramelo_goiania/src/install/rplidar_ros:/home/victor/caramelo_goiania/src/install/navegacao_pkg:/home/victor/caramelo_goiania/install/navegacao_pkg:/opt/ros/humble LD_LIBRARY_PATH=/home/victor/caramelo_goiania/src/install/grid_map_ros/lib:/home/victor/caramelo_goiania/src/install/grid_map_cv/lib:/home/victor/caramelo_goiania/src/install/grid_map_msgs/lib:/home/victor/caramelo_goiania/src/install/grid_map_core/lib:/usr/lib/x86_64-linux-gnu/gazebo-11/plugins:/opt/ros/humble/opt/rviz_ogre_vendor/lib:/opt/ros/humble/lib/x86_64-linux-gnu:/opt/ros/humble/lib:/usr/share/gazebo/../../lib/x86_64-linux-gnu/gazebo-11/plugins PYTHONPATH=/home/victor/caramelo_goiania/src/install/grid_map_msgs/local/lib/python3.10/dist-packages:${PYTHONPATH} /usr/bin/cmake /home/victor/caramelo_goiania/src/grid_map/grid_map_rviz_plugin -DAMENT_CMAKE_SYMLINK_INSTALL=1 -DCMAKE_INSTALL_PREFIX=/home/victor/caramelo_goiania/src/install/grid_map_rviz_plugin
[0.117s] -- The C compiler identification is GNU 11.4.0
[0.210s] -- The CXX compiler identification is GNU 11.4.0
[0.223s] -- Detecting C compiler ABI info
[0.327s] -- Detecting C compiler ABI info - done
[0.341s] -- Check for working C compiler: /usr/bin/cc - skipped
[0.341s] -- Detecting C compile features
[0.345s] -- Detecting C compile features - done
[0.348s] -- Detecting CXX compiler ABI info
[0.488s] -- Detecting CXX compiler ABI info - done
[0.506s] -- Check for working CXX compiler: /usr/bin/c++ - skipped
[0.507s] -- Detecting CXX compile features
[0.508s] -- Detecting CXX compile features - done
[0.514s] -- Found ament_cmake: 1.3.10 (/opt/ros/humble/share/ament_cmake/cmake)
[0.783s] -- Found Python3: /usr/bin/python3 (found version "3.10.12") found components: Interpreter 
[0.911s] -- Override CMake install command with custom implementation using symlinks instead of copying resources
[0.988s] -- Found grid_map_cmake_helpers: 2.0.0 (/home/victor/caramelo_goiania/src/install/grid_map_cmake_helpers/share/grid_map_cmake_helpers/cmake)
[0.989s] -- Found grid_map_msgs: 2.0.0 (/home/victor/caramelo_goiania/src/install/grid_map_msgs/share/grid_map_msgs/cmake)
[1.083s] -- Found rosidl_generator_c: 3.1.5 (/opt/ros/humble/share/rosidl_generator_c/cmake)
[1.097s] -- Found rosidl_adapter: 3.1.5 (/opt/ros/humble/share/rosidl_adapter/cmake)
[1.124s] -- Found rosidl_generator_cpp: 3.1.5 (/opt/ros/humble/share/rosidl_generator_cpp/cmake)
[1.146s] -- Using all available rosidl_typesupport_c: rosidl_typesupport_fastrtps_c;rosidl_typesupport_introspection_c
[1.183s] -- Using all available rosidl_typesupport_cpp: rosidl_typesupport_fastrtps_cpp;rosidl_typesupport_introspection_cpp
[1.298s] -- Found grid_map_ros: 2.0.0 (/home/victor/caramelo_goiania/src/install/grid_map_ros/share/grid_map_ros/cmake)
[1.558s] -- Found rmw_implementation_cmake: 6.1.2 (/opt/ros/humble/share/rmw_implementation_cmake/cmake)
[1.564s] -- Found rmw_fastrtps_cpp: 6.2.7 (/opt/ros/humble/share/rmw_fastrtps_cpp/cmake)
[1.614s] -- Found TinyXML2 via Config file: TinyXML2_DIR-NOTFOUND
[1.702s] -- Found OpenSSL: /usr/lib/x86_64-linux-gnu/libcrypto.so (found version "3.0.2")  
[1.705s] -- Found TinyXML2 via Config file: TinyXML2_DIR-NOTFOUND
[1.731s] -- Found FastRTPS: /opt/ros/humble/include  
[1.736s] -- Found TinyXML2 via Config file: TinyXML2_DIR-NOTFOUND
[1.750s] -- Found TinyXML2 via Config file: TinyXML2_DIR-NOTFOUND
[1.771s] -- Using RMW implementation 'rmw_fastrtps_cpp' as default
[1.791s] -- Looking for pthread.h
[1.907s] -- Looking for pthread.h - found
[1.907s] -- Performing Test CMAKE_HAVE_LIBC_PTHREAD
[2.026s] -- Performing Test CMAKE_HAVE_LIBC_PTHREAD - Success
[2.028s] -- Found Threads: TRUE  
[2.365s] -- Found rviz_common: 11.2.13 (/opt/ros/humble/share/rviz_common/cmake)
[2.378s] -- Setting assimp_DIR to: '/opt/ros/humble/share/rviz_assimp_vendor/cmake/../../../opt/rviz_assimp_vendor/lib/cmake/assimp-4.1'
[2.395s] -- Setting OGRE_DIR to: '/opt/ros/humble/share/rviz_ogre_vendor/cmake/../../../opt/rviz_ogre_vendor/lib/OGRE/cmake'
[2.399s] -- Found OGRE
[2.399s] --   static     : OFF
[2.399s] --   components : HLMS;MeshLodGenerator;Overlay;Paging;Property;RTShaderSystem;Terrain;Volume
[2.400s] --   plugins    : Plugin_BSPSceneManager;Plugin_OctreeSceneManager;Plugin_PCZSceneManager;Plugin_ParticleFX;RenderSystem_GL;RenderSystem_GL3Plus;Codec_STBI
[2.400s] --   media      : /opt/ros/humble/opt/rviz_ogre_vendor/share/OGRE/Media
[2.400s] -- OGRE_LIBRARIES: OgreHLMS;OgreMeshLodGenerator;OgreOverlay;OgrePaging;OgreProperty;OgreRTShaderSystem;OgreTerrain;OgreVolume;OgreMain
[2.400s] -- OGRE_LIBRARY_DIRS: /opt/ros/humble/opt/rviz_ogre_vendor/lib
[2.400s] -- OGRE_PLUGINS: Plugin_BSPSceneManager;Plugin_OctreeSceneManager;Plugin_PCZSceneManager;Plugin_ParticleFX;RenderSystem_GL;RenderSystem_GL3Plus;Codec_STBI
[2.400s] -- OGRE_PLUGIN_DIR: /opt/ros/humble/opt/rviz_ogre_vendor/lib/OGRE
[2.400s] -- rviz_ogre_vendor::OgreOverlay for IMPORTED_LOCATION_RELEASE: /opt/ros/humble/opt/rviz_ogre_vendor/lib/libOgreOverlay.so
[2.400s] -- rviz_ogre_vendor::OgreOverlay for IMPORTED_LOCATION_DEBUG: /opt/ros/humble/opt/rviz_ogre_vendor/lib/libOgreOverlay.so
[2.400s] -- rviz_ogre_vendor::OgreMain for IMPORTED_LOCATION_RELEASE: /opt/ros/humble/opt/rviz_ogre_vendor/lib/libOgreMain.so
[2.401s] -- rviz_ogre_vendor::OgreMain for IMPORTED_LOCATION_DEBUG: /opt/ros/humble/opt/rviz_ogre_vendor/lib/libOgreMain.so
[2.441s] -- Found ZLIB: /usr/lib/x86_64-linux-gnu/libz.so (found version "1.2.11") 
[2.453s] -- Found OpenGL: /usr/lib/x86_64-linux-gnu/libOpenGL.so   
[2.620s] -- Found X11: /usr/include   
[2.621s] -- Looking for XOpenDisplay in /usr/lib/x86_64-linux-gnu/libX11.so;/usr/lib/x86_64-linux-gnu/libXext.so
[2.755s] -- Looking for XOpenDisplay in /usr/lib/x86_64-linux-gnu/libX11.so;/usr/lib/x86_64-linux-gnu/libXext.so - found
[2.755s] -- Looking for gethostbyname
[2.999s] -- Looking for gethostbyname - found
[3.002s] -- Looking for connect
[3.482s] -- Looking for connect - found
[3.482s] -- Looking for remove
[3.816s] -- Looking for remove - found
[3.817s] -- Looking for shmat
[4.229s] -- Looking for shmat - found
[4.229s] -- Looking for IceConnectionNumber in ICE
[4.558s] -- Looking for IceConnectionNumber in ICE - found
[4.907s] -- library: /usr/lib/x86_64-linux-gnu/libcurl.so
[4.966s] -- Found Eigen3: TRUE (found version "3.4.0") 
[4.967s] -- Ensuring Eigen3 include directory is part of orocos-kdl CMake target
[5.387s] -- Setting build type to Release as none was specified.
[5.523s] -- Found ament_lint_auto: 0.12.11 (/opt/ros/humble/share/ament_lint_auto/cmake)
[6.145s] -- Added test 'cppcheck' to perform static code analysis on C / C++ code
[6.150s] -- Configured cppcheck include dirs: /home/victor/caramelo_goiania/src/grid_map/grid_map_rviz_plugin/include
[6.151s] -- Configured cppcheck exclude dirs and/or files: 
[6.159s] -- Added test 'lint_cmake' to check CMake code style
[6.162s] -- Added test 'uncrustify' to check C / C++ code style
[6.170s] -- Configured uncrustify additional arguments: 
[6.171s] -- Added test 'xmllint' to check XML markup files
[6.191s] -- Configuring done
[6.589s] -- Generating done
[6.607s] -- Build files have been written to: /home/victor/caramelo_goiania/src/build/grid_map_rviz_plugin
[6.754s] Invoked command in '/home/victor/caramelo_goiania/src/build/grid_map_rviz_plugin' returned '0': AMENT_PREFIX_PATH=/home/victor/caramelo_goiania/src/install/grid_map_ros:/home/victor/caramelo_goiania/src/install/grid_map_cv:/home/victor/caramelo_goiania/src/install/grid_map_msgs:/home/victor/caramelo_goiania/src/install/grid_map_core:/home/victor/caramelo_goiania/src/install/grid_map_cmake_helpers:${AMENT_PREFIX_PATH} CMAKE_PREFIX_PATH=/home/victor/caramelo_goiania/src/install/grid_map_ros:/home/victor/caramelo_goiania/src/install/grid_map_cv:/home/victor/caramelo_goiania/src/install/grid_map_msgs:/home/victor/caramelo_goiania/src/install/grid_map_core:/home/victor/caramelo_goiania/src/install/grid_map_cmake_helpers:/home/victor/caramelo_goiania/install/sllidar_ros2:/home/victor/caramelo_goiania/install/rplidar_ros:/home/victor/caramelo_goiania/install/rf2o_laser_odometry:/home/victor/caramelo_goiania/src/install/sllidar_ros2:/home/victor/caramelo_goiania/src/install/rplidar_ros:/home/victor/caramelo_goiania/src/install/navegacao_pkg:/home/victor/caramelo_goiania/install/navegacao_pkg:/opt/ros/humble LD_LIBRARY_PATH=/home/victor/caramelo_goiania/src/install/grid_map_ros/lib:/home/victor/caramelo_goiania/src/install/grid_map_cv/lib:/home/victor/caramelo_goiania/src/install/grid_map_msgs/lib:/home/victor/caramelo_goiania/src/install/grid_map_core/lib:/usr/lib/x86_64-linux-gnu/gazebo-11/plugins:/opt/ros/humble/opt/rviz_ogre_vendor/lib:/opt/ros/humble/lib/x86_64-linux-gnu:/opt/ros/humble/lib:/usr/share/gazebo/../../lib/x86_64-linux-gnu/gazebo-11/plugins PYTHONPATH=/home/victor/caramelo_goiania/src/install/grid_map_msgs/local/lib/python3.10/dist-packages:${PYTHONPATH} /usr/bin/cmake /home/victor/caramelo_goiania/src/grid_map/grid_map_rviz_plugin -DAMENT_CMAKE_SYMLINK_INSTALL=1 -DCMAKE_INSTALL_PREFIX=/home/victor/caramelo_goiania/src/install/grid_map_rviz_plugin
[6.756s] Invoking command in '/home/victor/caramelo_goiania/src/build/grid_map_rviz_plugin': AMENT_PREFIX_PATH=/home/victor/caramelo_goiania/src/install/grid_map_ros:/home/victor/caramelo_goiania/src/install/grid_map_cv:/home/victor/caramelo_goiania/src/install/grid_map_msgs:/home/victor/caramelo_goiania/src/install/grid_map_core:/home/victor/caramelo_goiania/src/install/grid_map_cmake_helpers:${AMENT_PREFIX_PATH} CMAKE_PREFIX_PATH=/home/victor/caramelo_goiania/src/install/grid_map_ros:/home/victor/caramelo_goiania/src/install/grid_map_cv:/home/victor/caramelo_goiania/src/install/grid_map_msgs:/home/victor/caramelo_goiania/src/install/grid_map_core:/home/victor/caramelo_goiania/src/install/grid_map_cmake_helpers:/home/victor/caramelo_goiania/install/sllidar_ros2:/home/victor/caramelo_goiania/install/rplidar_ros:/home/victor/caramelo_goiania/install/rf2o_laser_odometry:/home/victor/caramelo_goiania/src/install/sllidar_ros2:/home/victor/caramelo_goiania/src/install/rplidar_ros:/home/victor/caramelo_goiania/src/install/navegacao_pkg:/home/victor/caramelo_goiania/install/navegacao_pkg:/opt/ros/humble LD_LIBRARY_PATH=/home/victor/caramelo_goiania/src/install/grid_map_ros/lib:/home/victor/caramelo_goiania/src/install/grid_map_cv/lib:/home/victor/caramelo_goiania/src/install/grid_map_msgs/lib:/home/victor/caramelo_goiania/src/install/grid_map_core/lib:/usr/lib/x86_64-linux-gnu/gazebo-11/plugins:/opt/ros/humble/opt/rviz_ogre_vendor/lib:/opt/ros/humble/lib/x86_64-linux-gnu:/opt/ros/humble/lib:/usr/share/gazebo/../../lib/x86_64-linux-gnu/gazebo-11/plugins PYTHONPATH=/home/victor/caramelo_goiania/src/install/grid_map_msgs/local/lib/python3.10/dist-packages:${PYTHONPATH} /usr/bin/cmake --build /home/victor/caramelo_goiania/src/build/grid_map_rviz_plugin -- -j8 -l8
[7.003s] [ 14%] [34m[1mAutomatic MOC for target grid_map_rviz_plugin[0m
[7.181s] [ 14%] Built target grid_map_rviz_plugin_autogen
[7.233s] [ 28%] [34m[1mGenerating include/grid_map_rviz_plugin/moc_GridMapDisplay.cpp[0m
[7.369s] [ 42%] [32mBuilding CXX object CMakeFiles/grid_map_rviz_plugin.dir/grid_map_rviz_plugin_autogen/mocs_compilation.cpp.o[0m
[7.393s] [ 57%] [32mBuilding CXX object CMakeFiles/grid_map_rviz_plugin.dir/src/GridMapDisplay.cpp.o[0m
[7.408s] [ 71%] [32mBuilding CXX object CMakeFiles/grid_map_rviz_plugin.dir/src/GridMapVisual.cpp.o[0m
[7.419s] [ 85%] [32mBuilding CXX object CMakeFiles/grid_map_rviz_plugin.dir/include/grid_map_rviz_plugin/moc_GridMapDisplay.cpp.o[0m
