[0.998s] Invoking command in '/home/victor/caramelo_goiania/src/navegacao_pkg': PYTHONPATH=/home/victor/caramelo_goiania/src/build/navegacao_pkg/prefix_override:/usr/lib/python3/dist-packages/colcon_core/task/python/colcon_distutils_commands:/home/victor/caramelo_goiania/src/install/navegacao_pkg/lib/python3.10/site-packages:${PYTHONPATH} /usr/bin/python3 -W ignore:setup.py install is deprecated setup.py egg_info --egg-base ../build/navegacao_pkg build --build-base /home/victor/caramelo_goiania/src/build/navegacao_pkg/build install --record /home/victor/caramelo_goiania/src/build/navegacao_pkg/install.log --single-version-externally-managed install_data
[1.214s] running egg_info
[1.215s] writing ../build/navegacao_pkg/navegacao_pkg.egg-info/PKG-INFO
[1.215s] writing dependency_links to ../build/navegacao_pkg/navegacao_pkg.egg-info/dependency_links.txt
[1.216s] writing entry points to ../build/navegacao_pkg/navegacao_pkg.egg-info/entry_points.txt
[1.216s] writing requirements to ../build/navegacao_pkg/navegacao_pkg.egg-info/requires.txt
[1.216s] writing top-level names to ../build/navegacao_pkg/navegacao_pkg.egg-info/top_level.txt
[1.217s] reading manifest file '../build/navegacao_pkg/navegacao_pkg.egg-info/SOURCES.txt'
[1.218s] writing manifest file '../build/navegacao_pkg/navegacao_pkg.egg-info/SOURCES.txt'
[1.223s] running build
[1.223s] running build_py
[1.223s] running install
[1.224s] running install_lib
[1.225s] running install_data
[1.225s] running install_egg_info
[1.227s] removing '/home/victor/caramelo_goiania/src/install/navegacao_pkg/lib/python3.10/site-packages/navegacao_pkg-0.0.0-py3.10.egg-info' (and everything under it)
[1.228s] Copying ../build/navegacao_pkg/navegacao_pkg.egg-info to /home/victor/caramelo_goiania/src/install/navegacao_pkg/lib/python3.10/site-packages/navegacao_pkg-0.0.0-py3.10.egg-info
[1.228s] running install_scripts
[1.246s] Installing cinamatica script to /home/victor/caramelo_goiania/src/install/navegacao_pkg/lib/navegacao_pkg
[1.246s] Installing serial_node_arduino script to /home/victor/caramelo_goiania/src/install/navegacao_pkg/lib/navegacao_pkg
[1.247s] writing list of installed files to '/home/victor/caramelo_goiania/src/build/navegacao_pkg/install.log'
[1.269s] Invoked command in '/home/victor/caramelo_goiania/src/navegacao_pkg' returned '0': PYTHONPATH=/home/victor/caramelo_goiania/src/build/navegacao_pkg/prefix_override:/usr/lib/python3/dist-packages/colcon_core/task/python/colcon_distutils_commands:/home/victor/caramelo_goiania/src/install/navegacao_pkg/lib/python3.10/site-packages:${PYTHONPATH} /usr/bin/python3 -W ignore:setup.py install is deprecated setup.py egg_info --egg-base ../build/navegacao_pkg build --build-base /home/victor/caramelo_goiania/src/build/navegacao_pkg/build install --record /home/victor/caramelo_goiania/src/build/navegacao_pkg/install.log --single-version-externally-managed install_data
