-- Found ament_cmake_core: 1.3.10 (/opt/ros/humble/share/ament_cmake_core/cmake)
-- Found Python3: /usr/bin/python3 (found version "3.10.12") found components: Interpreter 
-- Override CMake install command with custom implementation using symlinks instead of copying resources
-- Configuring done
-- Generating done
-- Build files have been written to: /home/victor/caramelo_goiania/src/build/grid_map_cmake_helpers
-- Install configuration: ""
-- Execute custom install script
-- Symlinking: /home/victor/caramelo_goiania/src/install/grid_map_cmake_helpers/share/ament_index/resource_index/package_run_dependencies/grid_map_cmake_helpers
-- Symlinking: /home/victor/caramelo_goiania/src/install/grid_map_cmake_helpers/share/ament_index/resource_index/parent_prefix_path/grid_map_cmake_helpers
-- Symlinking: /home/victor/caramelo_goiania/src/install/grid_map_cmake_helpers/share/grid_map_cmake_helpers/environment/ament_prefix_path.sh
-- Symlinking: /home/victor/caramelo_goiania/src/install/grid_map_cmake_helpers/share/grid_map_cmake_helpers/environment/ament_prefix_path.dsv
-- Symlinking: /home/victor/caramelo_goiania/src/install/grid_map_cmake_helpers/share/grid_map_cmake_helpers/environment/path.sh
-- Symlinking: /home/victor/caramelo_goiania/src/install/grid_map_cmake_helpers/share/grid_map_cmake_helpers/environment/path.dsv
-- Symlinking: /home/victor/caramelo_goiania/src/install/grid_map_cmake_helpers/share/grid_map_cmake_helpers/local_setup.bash
-- Symlinking: /home/victor/caramelo_goiania/src/install/grid_map_cmake_helpers/share/grid_map_cmake_helpers/local_setup.sh
-- Symlinking: /home/victor/caramelo_goiania/src/install/grid_map_cmake_helpers/share/grid_map_cmake_helpers/local_setup.zsh
-- Symlinking: /home/victor/caramelo_goiania/src/install/grid_map_cmake_helpers/share/grid_map_cmake_helpers/local_setup.dsv
-- Symlinking: /home/victor/caramelo_goiania/src/install/grid_map_cmake_helpers/share/grid_map_cmake_helpers/package.dsv
-- Symlinking: /home/victor/caramelo_goiania/src/install/grid_map_cmake_helpers/share/ament_index/resource_index/packages/grid_map_cmake_helpers
-- Symlinking: /home/victor/caramelo_goiania/src/install/grid_map_cmake_helpers/share/grid_map_cmake_helpers/cmake/grid_map_cmake_helpers-extras.cmake
-- Symlinking: /home/victor/caramelo_goiania/src/install/grid_map_cmake_helpers/share/grid_map_cmake_helpers/cmake/grid_map_cmake_helpersConfig.cmake
-- Symlinking: /home/victor/caramelo_goiania/src/install/grid_map_cmake_helpers/share/grid_map_cmake_helpers/cmake/grid_map_cmake_helpersConfig-version.cmake
-- Symlinking: /home/victor/caramelo_goiania/src/install/grid_map_cmake_helpers/share/grid_map_cmake_helpers/package.xml
-- Symlinking: /home/victor/caramelo_goiania/src/install/grid_map_cmake_helpers/share/grid_map_cmake_helpers/cmake/grid_map_package.cmake
