[0.037s] Invoking command in '/home/victor/caramelo_goiania/src/build/grid_map_cmake_helpers': CMAKE_PREFIX_PATH=${CMAKE_PREFIX_PATH}:/home/victor/caramelo_goiania/src/install/navegacao_pkg:/home/victor/caramelo_goiania/install/navegacao_pkg:/opt/ros/humble /usr/bin/cmake /home/victor/caramelo_goiania/src/grid_map/grid_map_cmake_helpers -DAMENT_CMAKE_SYMLINK_INSTALL=1 -DCMAKE_INSTALL_PREFIX=/home/victor/caramelo_goiania/src/install/grid_map_cmake_helpers
[0.289s] -- Found ament_cmake_core: 1.3.10 (/opt/ros/humble/share/ament_cmake_core/cmake)
[0.289s] -- Found Python3: /usr/bin/python3 (found version "3.10.12") found components: Interpreter 
[0.289s] -- Override CMake install command with custom implementation using symlinks instead of copying resources
[0.358s] -- Configuring done
[0.364s] -- Generating done
[0.364s] -- Build files have been written to: /home/victor/caramelo_goiania/src/build/grid_map_cmake_helpers
[0.369s] Invoked command in '/home/victor/caramelo_goiania/src/build/grid_map_cmake_helpers' returned '0': CMAKE_PREFIX_PATH=${CMAKE_PREFIX_PATH}:/home/victor/caramelo_goiania/src/install/navegacao_pkg:/home/victor/caramelo_goiania/install/navegacao_pkg:/opt/ros/humble /usr/bin/cmake /home/victor/caramelo_goiania/src/grid_map/grid_map_cmake_helpers -DAMENT_CMAKE_SYMLINK_INSTALL=1 -DCMAKE_INSTALL_PREFIX=/home/victor/caramelo_goiania/src/install/grid_map_cmake_helpers
[0.370s] Invoking command in '/home/victor/caramelo_goiania/src/build/grid_map_cmake_helpers': CMAKE_PREFIX_PATH=${CMAKE_PREFIX_PATH}:/home/victor/caramelo_goiania/src/install/navegacao_pkg:/home/victor/caramelo_goiania/install/navegacao_pkg:/opt/ros/humble /usr/bin/cmake --build /home/victor/caramelo_goiania/src/build/grid_map_cmake_helpers -- -j8 -l8
[0.433s] Invoked command in '/home/victor/caramelo_goiania/src/build/grid_map_cmake_helpers' returned '0': CMAKE_PREFIX_PATH=${CMAKE_PREFIX_PATH}:/home/victor/caramelo_goiania/src/install/navegacao_pkg:/home/victor/caramelo_goiania/install/navegacao_pkg:/opt/ros/humble /usr/bin/cmake --build /home/victor/caramelo_goiania/src/build/grid_map_cmake_helpers -- -j8 -l8
[0.474s] Invoking command in '/home/victor/caramelo_goiania/src/build/grid_map_cmake_helpers': CMAKE_PREFIX_PATH=${CMAKE_PREFIX_PATH}:/home/victor/caramelo_goiania/src/install/navegacao_pkg:/home/victor/caramelo_goiania/install/navegacao_pkg:/opt/ros/humble /usr/bin/cmake --install /home/victor/caramelo_goiania/src/build/grid_map_cmake_helpers
[0.485s] -- Install configuration: ""
[0.485s] -- Execute custom install script
[0.486s] -- Symlinking: /home/victor/caramelo_goiania/src/install/grid_map_cmake_helpers/share/ament_index/resource_index/package_run_dependencies/grid_map_cmake_helpers
[0.502s] -- Symlinking: /home/victor/caramelo_goiania/src/install/grid_map_cmake_helpers/share/ament_index/resource_index/parent_prefix_path/grid_map_cmake_helpers
[0.514s] -- Symlinking: /home/victor/caramelo_goiania/src/install/grid_map_cmake_helpers/share/grid_map_cmake_helpers/environment/ament_prefix_path.sh
[0.527s] -- Symlinking: /home/victor/caramelo_goiania/src/install/grid_map_cmake_helpers/share/grid_map_cmake_helpers/environment/ament_prefix_path.dsv
[0.541s] -- Symlinking: /home/victor/caramelo_goiania/src/install/grid_map_cmake_helpers/share/grid_map_cmake_helpers/environment/path.sh
[0.558s] -- Symlinking: /home/victor/caramelo_goiania/src/install/grid_map_cmake_helpers/share/grid_map_cmake_helpers/environment/path.dsv
[0.580s] -- Symlinking: /home/victor/caramelo_goiania/src/install/grid_map_cmake_helpers/share/grid_map_cmake_helpers/local_setup.bash
[0.595s] -- Symlinking: /home/victor/caramelo_goiania/src/install/grid_map_cmake_helpers/share/grid_map_cmake_helpers/local_setup.sh
[0.616s] -- Symlinking: /home/victor/caramelo_goiania/src/install/grid_map_cmake_helpers/share/grid_map_cmake_helpers/local_setup.zsh
[0.636s] -- Symlinking: /home/victor/caramelo_goiania/src/install/grid_map_cmake_helpers/share/grid_map_cmake_helpers/local_setup.dsv
[0.649s] -- Symlinking: /home/victor/caramelo_goiania/src/install/grid_map_cmake_helpers/share/grid_map_cmake_helpers/package.dsv
[0.662s] -- Symlinking: /home/victor/caramelo_goiania/src/install/grid_map_cmake_helpers/share/ament_index/resource_index/packages/grid_map_cmake_helpers
[0.674s] -- Symlinking: /home/victor/caramelo_goiania/src/install/grid_map_cmake_helpers/share/grid_map_cmake_helpers/cmake/grid_map_cmake_helpers-extras.cmake
[0.684s] -- Symlinking: /home/victor/caramelo_goiania/src/install/grid_map_cmake_helpers/share/grid_map_cmake_helpers/cmake/grid_map_cmake_helpersConfig.cmake
[0.697s] -- Symlinking: /home/victor/caramelo_goiania/src/install/grid_map_cmake_helpers/share/grid_map_cmake_helpers/cmake/grid_map_cmake_helpersConfig-version.cmake
[0.709s] -- Symlinking: /home/victor/caramelo_goiania/src/install/grid_map_cmake_helpers/share/grid_map_cmake_helpers/package.xml
[0.722s] -- Symlinking: /home/victor/caramelo_goiania/src/install/grid_map_cmake_helpers/share/grid_map_cmake_helpers/cmake/grid_map_package.cmake
[0.737s] Invoked command in '/home/victor/caramelo_goiania/src/build/grid_map_cmake_helpers' returned '0': CMAKE_PREFIX_PATH=${CMAKE_PREFIX_PATH}:/home/victor/caramelo_goiania/src/install/navegacao_pkg:/home/victor/caramelo_goiania/install/navegacao_pkg:/opt/ros/humble /usr/bin/cmake --install /home/victor/caramelo_goiania/src/build/grid_map_cmake_helpers
