[0.748s] Invoking command in '/home/victor/caramelo_goiania/src/navegacao_pkg': PYTHONPATH=/home/victor/caramelo_goiania/src/build/navegacao_pkg/prefix_override:/usr/lib/python3/dist-packages/colcon_core/task/python/colcon_distutils_commands:/home/victor/caramelo_goiania/src/install/navegacao_pkg/lib/python3.10/site-packages:${PYTHONPATH} /usr/bin/python3 -W ignore:setup.py install is deprecated setup.py egg_info --egg-base ../build/navegacao_pkg build --build-base /home/victor/caramelo_goiania/src/build/navegacao_pkg/build install --record /home/victor/caramelo_goiania/src/build/navegacao_pkg/install.log --single-version-externally-managed install_data
[0.965s] running egg_info
[0.966s] writing ../build/navegacao_pkg/navegacao_pkg.egg-info/PKG-INFO
[0.966s] writing dependency_links to ../build/navegacao_pkg/navegacao_pkg.egg-info/dependency_links.txt
[0.966s] writing entry points to ../build/navegacao_pkg/navegacao_pkg.egg-info/entry_points.txt
[0.966s] writing requirements to ../build/navegacao_pkg/navegacao_pkg.egg-info/requires.txt
[0.966s] writing top-level names to ../build/navegacao_pkg/navegacao_pkg.egg-info/top_level.txt
[0.968s] reading manifest file '../build/navegacao_pkg/navegacao_pkg.egg-info/SOURCES.txt'
[0.969s] writing manifest file '../build/navegacao_pkg/navegacao_pkg.egg-info/SOURCES.txt'
[0.969s] running build
[0.969s] running build_py
[0.969s] copying navegacao_pkg/cinamatica.py -> /home/victor/caramelo_goiania/src/build/navegacao_pkg/build/lib/navegacao_pkg
[0.969s] running install
[0.969s] running install_lib
[0.970s] copying /home/victor/caramelo_goiania/src/build/navegacao_pkg/build/lib/navegacao_pkg/cinamatica.py -> /home/victor/caramelo_goiania/src/install/navegacao_pkg/lib/python3.10/site-packages/navegacao_pkg
[0.971s] byte-compiling /home/victor/caramelo_goiania/src/install/navegacao_pkg/lib/python3.10/site-packages/navegacao_pkg/cinamatica.py to cinamatica.cpython-310.pyc
[0.971s] running install_data
[0.971s] copying launch/navegacao.launch.py -> /home/victor/caramelo_goiania/src/install/navegacao_pkg/share/navegacao_pkg/launch/
[0.971s] running install_egg_info
[0.973s] removing '/home/victor/caramelo_goiania/src/install/navegacao_pkg/lib/python3.10/site-packages/navegacao_pkg-0.0.0-py3.10.egg-info' (and everything under it)
[0.974s] Copying ../build/navegacao_pkg/navegacao_pkg.egg-info to /home/victor/caramelo_goiania/src/install/navegacao_pkg/lib/python3.10/site-packages/navegacao_pkg-0.0.0-py3.10.egg-info
[0.974s] running install_scripts
[0.994s] Installing camera_node script to /home/victor/caramelo_goiania/src/install/navegacao_pkg/lib/navegacao_pkg
[0.994s] Installing cinematica script to /home/victor/caramelo_goiania/src/install/navegacao_pkg/lib/navegacao_pkg
[0.994s] Installing segue_linha script to /home/victor/caramelo_goiania/src/install/navegacao_pkg/lib/navegacao_pkg
[0.994s] Installing serial_node_arduino script to /home/victor/caramelo_goiania/src/install/navegacao_pkg/lib/navegacao_pkg
[0.994s] writing list of installed files to '/home/victor/caramelo_goiania/src/build/navegacao_pkg/install.log'
[1.013s] Invoked command in '/home/victor/caramelo_goiania/src/navegacao_pkg' returned '0': PYTHONPATH=/home/victor/caramelo_goiania/src/build/navegacao_pkg/prefix_override:/usr/lib/python3/dist-packages/colcon_core/task/python/colcon_distutils_commands:/home/victor/caramelo_goiania/src/install/navegacao_pkg/lib/python3.10/site-packages:${PYTHONPATH} /usr/bin/python3 -W ignore:setup.py install is deprecated setup.py egg_info --egg-base ../build/navegacao_pkg build --build-base /home/victor/caramelo_goiania/src/build/navegacao_pkg/build install --record /home/victor/caramelo_goiania/src/build/navegacao_pkg/install.log --single-version-externally-managed install_data
