[0.592s] Invoking command in '/home/victor/caramelo_goiania/build/sllidar_ros2': CMAKE_PREFIX_PATH=${CMAKE_PREFIX_PATH}:/home/victor/caramelo_goiania/install/navegacao_pkg:/home/victor/caramelo_goiania/src/install/movimentacao_pkg:/home/victor/caramelo_goiania/src/install/navegacao_pkg:/opt/ros/humble /usr/bin/cmake --build /home/victor/caramelo_goiania/build/sllidar_ros2 -- -j8 -l8
[0.684s] [ 10%] Built target sllidar_client
[0.687s] [100%] Built target sllidar_node
[0.708s] Invoked command in '/home/victor/caramelo_goiania/build/sllidar_ros2' returned '0': CMAKE_PREFIX_PATH=${CMAKE_PREFIX_PATH}:/home/victor/caramelo_goiania/install/navegacao_pkg:/home/victor/caramelo_goiania/src/install/movimentacao_pkg:/home/victor/caramelo_goiania/src/install/navegacao_pkg:/opt/ros/humble /usr/bin/cmake --build /home/victor/caramelo_goiania/build/sllidar_ros2 -- -j8 -l8
[0.820s] Invoking command in '/home/victor/caramelo_goiania/build/sllidar_ros2': CMAKE_PREFIX_PATH=${CMAKE_PREFIX_PATH}:/home/victor/caramelo_goiania/install/navegacao_pkg:/home/victor/caramelo_goiania/src/install/movimentacao_pkg:/home/victor/caramelo_goiania/src/install/navegacao_pkg:/opt/ros/humble /usr/bin/cmake --install /home/victor/caramelo_goiania/build/sllidar_ros2
[0.831s] -- Install configuration: ""
[0.831s] -- Up-to-date: /home/victor/caramelo_goiania/install/sllidar_ros2/share/sllidar_ros2/launch
[0.831s] -- Up-to-date: /home/victor/caramelo_goiania/install/sllidar_ros2/share/sllidar_ros2/launch/view_sllidar_a2m8_launch.py
[0.831s] -- Up-to-date: /home/victor/caramelo_goiania/install/sllidar_ros2/share/sllidar_ros2/launch/sllidar_s3_launch.py
[0.832s] -- Up-to-date: /home/victor/caramelo_goiania/install/sllidar_ros2/share/sllidar_ros2/launch/sllidar_a1_launch.py
[0.832s] -- Up-to-date: /home/victor/caramelo_goiania/install/sllidar_ros2/share/sllidar_ros2/launch/view_sllidar_s1_launch.py
[0.832s] -- Up-to-date: /home/victor/caramelo_goiania/install/sllidar_ros2/share/sllidar_ros2/launch/sllidar_s2e_launch.py
[0.832s] -- Up-to-date: /home/victor/caramelo_goiania/install/sllidar_ros2/share/sllidar_ros2/launch/sllidar_t1_launch.py
[0.832s] -- Up-to-date: /home/victor/caramelo_goiania/install/sllidar_ros2/share/sllidar_ros2/launch/view_sllidar_s2_launch.py
[0.833s] -- Up-to-date: /home/victor/caramelo_goiania/install/sllidar_ros2/share/sllidar_ros2/launch/view_sllidar_a1_launch.py
[0.833s] -- Up-to-date: /home/victor/caramelo_goiania/install/sllidar_ros2/share/sllidar_ros2/launch/sllidar_a2m7_launch.py
[0.833s] -- Up-to-date: /home/victor/caramelo_goiania/install/sllidar_ros2/share/sllidar_ros2/launch/sllidar_a3_launch.py
[0.833s] -- Up-to-date: /home/victor/caramelo_goiania/install/sllidar_ros2/share/sllidar_ros2/launch/sllidar_s1_tcp_launch.py
[0.833s] -- Up-to-date: /home/victor/caramelo_goiania/install/sllidar_ros2/share/sllidar_ros2/launch/view_sllidar_a2m7_launch.py
[0.833s] -- Up-to-date: /home/victor/caramelo_goiania/install/sllidar_ros2/share/sllidar_ros2/launch/view_sllidar_s2e_launch.py
[0.834s] -- Up-to-date: /home/victor/caramelo_goiania/install/sllidar_ros2/share/sllidar_ros2/launch/sllidar_s2_launch.py
[0.834s] -- Up-to-date: /home/victor/caramelo_goiania/install/sllidar_ros2/share/sllidar_ros2/launch/view_sllidar_s1_tcp_launch.py
[0.834s] -- Up-to-date: /home/victor/caramelo_goiania/install/sllidar_ros2/share/sllidar_ros2/launch/sllidar_a2m12_launch .py
[0.834s] -- Up-to-date: /home/victor/caramelo_goiania/install/sllidar_ros2/share/sllidar_ros2/launch/view_sllidar_a3_launch.py
[0.834s] -- Up-to-date: /home/victor/caramelo_goiania/install/sllidar_ros2/share/sllidar_ros2/launch/view_sllidar_a2m12_launch.py
[0.835s] -- Up-to-date: /home/victor/caramelo_goiania/install/sllidar_ros2/share/sllidar_ros2/launch/sllidar_s1_launch.py
[0.835s] -- Up-to-date: /home/victor/caramelo_goiania/install/sllidar_ros2/share/sllidar_ros2/launch/view_sllidar_s3_launch.py
[0.835s] -- Up-to-date: /home/victor/caramelo_goiania/install/sllidar_ros2/share/sllidar_ros2/launch/view_sllidar_t1_launch.py
[0.835s] -- Up-to-date: /home/victor/caramelo_goiania/install/sllidar_ros2/share/sllidar_ros2/launch/view_sllidar_c1_launch.py
[0.835s] -- Up-to-date: /home/victor/caramelo_goiania/install/sllidar_ros2/share/sllidar_ros2/launch/sllidar_a2m8_launch.py
[0.835s] -- Up-to-date: /home/victor/caramelo_goiania/install/sllidar_ros2/share/sllidar_ros2/launch/sllidar_c1_launch.py
[0.835s] -- Up-to-date: /home/victor/caramelo_goiania/install/sllidar_ros2/share/sllidar_ros2/rviz
[0.836s] -- Up-to-date: /home/victor/caramelo_goiania/install/sllidar_ros2/share/sllidar_ros2/rviz/sllidar_ros2.rviz
[0.836s] -- Up-to-date: /home/victor/caramelo_goiania/install/sllidar_ros2/lib/sllidar_ros2/sllidar_node
[0.838s] -- Up-to-date: /home/victor/caramelo_goiania/install/sllidar_ros2/lib/sllidar_ros2/sllidar_client
[0.838s] -- Up-to-date: /home/victor/caramelo_goiania/install/sllidar_ros2/share/ament_index/resource_index/package_run_dependencies/sllidar_ros2
[0.838s] -- Up-to-date: /home/victor/caramelo_goiania/install/sllidar_ros2/share/ament_index/resource_index/parent_prefix_path/sllidar_ros2
[0.839s] -- Up-to-date: /home/victor/caramelo_goiania/install/sllidar_ros2/share/sllidar_ros2/environment/ament_prefix_path.sh
[0.839s] -- Up-to-date: /home/victor/caramelo_goiania/install/sllidar_ros2/share/sllidar_ros2/environment/ament_prefix_path.dsv
[0.839s] -- Up-to-date: /home/victor/caramelo_goiania/install/sllidar_ros2/share/sllidar_ros2/environment/path.sh
[0.839s] -- Up-to-date: /home/victor/caramelo_goiania/install/sllidar_ros2/share/sllidar_ros2/environment/path.dsv
[0.839s] -- Up-to-date: /home/victor/caramelo_goiania/install/sllidar_ros2/share/sllidar_ros2/local_setup.bash
[0.840s] -- Up-to-date: /home/victor/caramelo_goiania/install/sllidar_ros2/share/sllidar_ros2/local_setup.sh
[0.840s] -- Up-to-date: /home/victor/caramelo_goiania/install/sllidar_ros2/share/sllidar_ros2/local_setup.zsh
[0.840s] -- Up-to-date: /home/victor/caramelo_goiania/install/sllidar_ros2/share/sllidar_ros2/local_setup.dsv
[0.840s] -- Installing: /home/victor/caramelo_goiania/install/sllidar_ros2/share/sllidar_ros2/package.dsv
[0.841s] -- Up-to-date: /home/victor/caramelo_goiania/install/sllidar_ros2/share/ament_index/resource_index/packages/sllidar_ros2
[0.841s] -- Up-to-date: /home/victor/caramelo_goiania/install/sllidar_ros2/share/sllidar_ros2/cmake/ament_cmake_export_dependencies-extras.cmake
[0.841s] -- Up-to-date: /home/victor/caramelo_goiania/install/sllidar_ros2/share/sllidar_ros2/cmake/ament_cmake_export_include_directories-extras.cmake
[0.841s] -- Up-to-date: /home/victor/caramelo_goiania/install/sllidar_ros2/share/sllidar_ros2/cmake/sllidar_ros2Config.cmake
[0.841s] -- Up-to-date: /home/victor/caramelo_goiania/install/sllidar_ros2/share/sllidar_ros2/cmake/sllidar_ros2Config-version.cmake
[0.841s] -- Up-to-date: /home/victor/caramelo_goiania/install/sllidar_ros2/share/sllidar_ros2/package.xml
[0.842s] Invoked command in '/home/victor/caramelo_goiania/build/sllidar_ros2' returned '0': CMAKE_PREFIX_PATH=${CMAKE_PREFIX_PATH}:/home/victor/caramelo_goiania/install/navegacao_pkg:/home/victor/caramelo_goiania/src/install/movimentacao_pkg:/home/victor/caramelo_goiania/src/install/navegacao_pkg:/opt/ros/humble /usr/bin/cmake --install /home/victor/caramelo_goiania/build/sllidar_ros2
