[0.795s] Invoking command in '/home/atwork/caramelo_goiania/src/navegacao_pkg': PYTHONPATH=/home/atwork/caramelo_goiania/src/build/navegacao_pkg/prefix_override:/usr/lib/python3/dist-packages/colcon_core/task/python/colcon_distutils_commands:/home/atwork/caramelo_goiania/src/install/navegacao_pkg/lib/python3.10/site-packages:${PYTHONPATH} /usr/bin/python3 -W ignore:setup.py install is deprecated setup.py egg_info --egg-base ../build/navegacao_pkg build --build-base /home/atwork/caramelo_goiania/src/build/navegacao_pkg/build install --record /home/atwork/caramelo_goiania/src/build/navegacao_pkg/install.log --single-version-externally-managed install_data
[0.993s] running egg_info
[0.993s] writing ../build/navegacao_pkg/navegacao_pkg.egg-info/PKG-INFO
[0.993s] writing dependency_links to ../build/navegacao_pkg/navegacao_pkg.egg-info/dependency_links.txt
[0.993s] writing entry points to ../build/navegacao_pkg/navegacao_pkg.egg-info/entry_points.txt
[0.994s] writing requirements to ../build/navegacao_pkg/navegacao_pkg.egg-info/requires.txt
[0.994s] writing top-level names to ../build/navegacao_pkg/navegacao_pkg.egg-info/top_level.txt
[0.995s] reading manifest file '../build/navegacao_pkg/navegacao_pkg.egg-info/SOURCES.txt'
[0.996s] writing manifest file '../build/navegacao_pkg/navegacao_pkg.egg-info/SOURCES.txt'
[0.996s] running build
[0.996s] running build_py
[0.996s] copying navegacao_pkg/segue_linha.py -> /home/atwork/caramelo_goiania/src/build/navegacao_pkg/build/lib/navegacao_pkg
[0.996s] copying navegacao_pkg/serial_node_arduino.py -> /home/atwork/caramelo_goiania/src/build/navegacao_pkg/build/lib/navegacao_pkg
[0.996s] running install
[0.996s] running install_lib
[0.997s] copying /home/atwork/caramelo_goiania/src/build/navegacao_pkg/build/lib/navegacao_pkg/segue_linha.py -> /home/atwork/caramelo_goiania/src/install/navegacao_pkg/lib/python3.10/site-packages/navegacao_pkg
[0.997s] copying /home/atwork/caramelo_goiania/src/build/navegacao_pkg/build/lib/navegacao_pkg/serial_node_arduino.py -> /home/atwork/caramelo_goiania/src/install/navegacao_pkg/lib/python3.10/site-packages/navegacao_pkg
[0.997s] byte-compiling /home/atwork/caramelo_goiania/src/install/navegacao_pkg/lib/python3.10/site-packages/navegacao_pkg/segue_linha.py to segue_linha.cpython-310.pyc
[0.997s] byte-compiling /home/atwork/caramelo_goiania/src/install/navegacao_pkg/lib/python3.10/site-packages/navegacao_pkg/serial_node_arduino.py to serial_node_arduino.cpython-310.pyc
[0.998s] running install_data
[0.998s] running install_egg_info
[0.999s] removing '/home/atwork/caramelo_goiania/src/install/navegacao_pkg/lib/python3.10/site-packages/navegacao_pkg-0.0.0-py3.10.egg-info' (and everything under it)
[0.999s] Copying ../build/navegacao_pkg/navegacao_pkg.egg-info to /home/atwork/caramelo_goiania/src/install/navegacao_pkg/lib/python3.10/site-packages/navegacao_pkg-0.0.0-py3.10.egg-info
[1.000s] running install_scripts
[1.010s] Installing segue_linha script to /home/atwork/caramelo_goiania/src/install/navegacao_pkg/lib/navegacao_pkg
[1.010s] Installing serial_node_arduino script to /home/atwork/caramelo_goiania/src/install/navegacao_pkg/lib/navegacao_pkg
[1.010s] Installing serial_node_isaac script to /home/atwork/caramelo_goiania/src/install/navegacao_pkg/lib/navegacao_pkg
[1.011s] writing list of installed files to '/home/atwork/caramelo_goiania/src/build/navegacao_pkg/install.log'
[1.022s] Invoked command in '/home/atwork/caramelo_goiania/src/navegacao_pkg' returned '0': PYTHONPATH=/home/atwork/caramelo_goiania/src/build/navegacao_pkg/prefix_override:/usr/lib/python3/dist-packages/colcon_core/task/python/colcon_distutils_commands:/home/atwork/caramelo_goiania/src/install/navegacao_pkg/lib/python3.10/site-packages:${PYTHONPATH} /usr/bin/python3 -W ignore:setup.py install is deprecated setup.py egg_info --egg-base ../build/navegacao_pkg build --build-base /home/atwork/caramelo_goiania/src/build/navegacao_pkg/build install --record /home/atwork/caramelo_goiania/src/build/navegacao_pkg/install.log --single-version-externally-managed install_data
