[0.713s] Invoking command in '/home/atwork/caramelo_goiania/src/navegacao_pkg': PYTHONPATH=/home/atwork/caramelo_goiania/src/build/navegacao_pkg/prefix_override:/usr/lib/python3/dist-packages/colcon_core/task/python/colcon_distutils_commands:/home/atwork/caramelo_goiania/src/install/navegacao_pkg/lib/python3.10/site-packages:${PYTHONPATH} /usr/bin/python3 -W ignore:setup.py install is deprecated setup.py egg_info --egg-base ../build/navegacao_pkg build --build-base /home/atwork/caramelo_goiania/src/build/navegacao_pkg/build install --record /home/atwork/caramelo_goiania/src/build/navegacao_pkg/install.log --single-version-externally-managed install_data
[0.829s] running egg_info
[0.829s] writing ../build/navegacao_pkg/navegacao_pkg.egg-info/PKG-INFO
[0.829s] writing dependency_links to ../build/navegacao_pkg/navegacao_pkg.egg-info/dependency_links.txt
[0.829s] writing entry points to ../build/navegacao_pkg/navegacao_pkg.egg-info/entry_points.txt
[0.829s] writing requirements to ../build/navegacao_pkg/navegacao_pkg.egg-info/requires.txt
[0.829s] writing top-level names to ../build/navegacao_pkg/navegacao_pkg.egg-info/top_level.txt
[0.830s] reading manifest file '../build/navegacao_pkg/navegacao_pkg.egg-info/SOURCES.txt'
[0.831s] writing manifest file '../build/navegacao_pkg/navegacao_pkg.egg-info/SOURCES.txt'
[0.831s] running build
[0.831s] running build_py
[0.831s] copying navegacao_pkg/camera_node.py -> /home/atwork/caramelo_goiania/src/build/navegacao_pkg/build/lib/navegacao_pkg
[0.831s] running install
[0.831s] running install_lib
[0.832s] copying /home/atwork/caramelo_goiania/src/build/navegacao_pkg/build/lib/navegacao_pkg/camera_node.py -> /home/atwork/caramelo_goiania/src/install/navegacao_pkg/lib/python3.10/site-packages/navegacao_pkg
[0.832s] byte-compiling /home/atwork/caramelo_goiania/src/install/navegacao_pkg/lib/python3.10/site-packages/navegacao_pkg/camera_node.py to camera_node.cpython-310.pyc
[0.832s] running install_data
[0.832s] running install_egg_info
[0.834s] removing '/home/atwork/caramelo_goiania/src/install/navegacao_pkg/lib/python3.10/site-packages/navegacao_pkg-0.0.0-py3.10.egg-info' (and everything under it)
[0.834s] Copying ../build/navegacao_pkg/navegacao_pkg.egg-info to /home/atwork/caramelo_goiania/src/install/navegacao_pkg/lib/python3.10/site-packages/navegacao_pkg-0.0.0-py3.10.egg-info
[0.834s] running install_scripts
[0.845s] Installing camera_node script to /home/atwork/caramelo_goiania/src/install/navegacao_pkg/lib/navegacao_pkg
[0.845s] Installing segue_linha script to /home/atwork/caramelo_goiania/src/install/navegacao_pkg/lib/navegacao_pkg
[0.845s] Installing serial_node_arduino script to /home/atwork/caramelo_goiania/src/install/navegacao_pkg/lib/navegacao_pkg
[0.845s] Installing serial_node_isaac script to /home/atwork/caramelo_goiania/src/install/navegacao_pkg/lib/navegacao_pkg
[0.845s] writing list of installed files to '/home/atwork/caramelo_goiania/src/build/navegacao_pkg/install.log'
[0.858s] Invoked command in '/home/atwork/caramelo_goiania/src/navegacao_pkg' returned '0': PYTHONPATH=/home/atwork/caramelo_goiania/src/build/navegacao_pkg/prefix_override:/usr/lib/python3/dist-packages/colcon_core/task/python/colcon_distutils_commands:/home/atwork/caramelo_goiania/src/install/navegacao_pkg/lib/python3.10/site-packages:${PYTHONPATH} /usr/bin/python3 -W ignore:setup.py install is deprecated setup.py egg_info --egg-base ../build/navegacao_pkg build --build-base /home/atwork/caramelo_goiania/src/build/navegacao_pkg/build install --record /home/atwork/caramelo_goiania/src/build/navegacao_pkg/install.log --single-version-externally-managed install_data
