[0.028s] Invoking command in '/home/victor/caramelo_goiania/src/build/grid_map_costmap_2d': AMENT_PREFIX_PATH=/home/victor/caramelo_goiania/src/install/grid_map_core:/home/victor/caramelo_goiania/src/install/grid_map_cmake_helpers:${AMENT_PREFIX_PATH} CMAKE_PREFIX_PATH=/home/victor/caramelo_goiania/src/install/grid_map_core:/home/victor/caramelo_goiania/src/install/grid_map_cmake_helpers:/home/victor/caramelo_goiania/install/sllidar_ros2:/home/victor/caramelo_goiania/install/rplidar_ros:/home/victor/caramelo_goiania/install/rf2o_laser_odometry:/home/victor/caramelo_goiania/src/install/sllidar_ros2:/home/victor/caramelo_goiania/src/install/rplidar_ros:/home/victor/caramelo_goiania/src/install/navegacao_pkg:/home/victor/caramelo_goiania/install/navegacao_pkg:/opt/ros/humble LD_LIBRARY_PATH=/home/victor/caramelo_goiania/src/install/grid_map_core/lib:${LD_LIBRARY_PATH} /usr/bin/cmake /home/victor/caramelo_goiania/src/grid_map/grid_map_costmap_2d -DAMENT_CMAKE_SYMLINK_INSTALL=1 -DCMAKE_INSTALL_PREFIX=/home/victor/caramelo_goiania/src/install/grid_map_costmap_2d
[0.151s] -- The C compiler identification is GNU 11.4.0
[0.259s] -- The CXX compiler identification is GNU 11.4.0
[0.272s] -- Detecting C compiler ABI info
[0.395s] -- Detecting C compiler ABI info - done
[0.417s] -- Check for working C compiler: /usr/bin/cc - skipped
[0.418s] -- Detecting C compile features
[0.418s] -- Detecting C compile features - done
[0.427s] -- Detecting CXX compiler ABI info
[0.584s] -- Detecting CXX compiler ABI info - done
[0.608s] -- Check for working CXX compiler: /usr/bin/c++ - skipped
[0.609s] -- Detecting CXX compile features
[0.609s] -- Detecting CXX compile features - done
[0.616s] -- Found ament_cmake: 1.3.10 (/opt/ros/humble/share/ament_cmake/cmake)
[0.892s] -- Found Python3: /usr/bin/python3 (found version "3.10.12") found components: Interpreter 
[1.053s] -- Override CMake install command with custom implementation using symlinks instead of copying resources
[1.140s] -- Found grid_map_cmake_helpers: 2.0.0 (/home/victor/caramelo_goiania/src/install/grid_map_cmake_helpers/share/grid_map_cmake_helpers/cmake)
[1.140s] -- Found grid_map_core: 2.0.0 (/home/victor/caramelo_goiania/src/install/grid_map_core/share/grid_map_core/cmake)
[1.156s] -- Found geometry_msgs: 4.2.4 (/opt/ros/humble/share/geometry_msgs/cmake)
[1.241s] -- Found rosidl_generator_c: 3.1.5 (/opt/ros/humble/share/rosidl_generator_c/cmake)
[1.250s] -- Found rosidl_adapter: 3.1.5 (/opt/ros/humble/share/rosidl_adapter/cmake)
[1.267s] -- Found rosidl_generator_cpp: 3.1.5 (/opt/ros/humble/share/rosidl_generator_cpp/cmake)
[1.297s] -- Using all available rosidl_typesupport_c: rosidl_typesupport_fastrtps_c;rosidl_typesupport_introspection_c
[1.339s] -- Using all available rosidl_typesupport_cpp: rosidl_typesupport_fastrtps_cpp;rosidl_typesupport_introspection_cpp
[1.450s] -- Found nav2_costmap_2d: 1.1.16 (/opt/ros/humble/share/nav2_costmap_2d/cmake)
[1.581s] -- Found rmw_implementation_cmake: 6.1.2 (/opt/ros/humble/share/rmw_implementation_cmake/cmake)
[1.588s] -- Found rmw_fastrtps_cpp: 6.2.7 (/opt/ros/humble/share/rmw_fastrtps_cpp/cmake)
[1.833s] -- Found OpenSSL: /usr/lib/x86_64-linux-gnu/libcrypto.so (found version "3.0.2")  
[1.945s] -- Found FastRTPS: /opt/ros/humble/include  
[2.102s] -- Using RMW implementation 'rmw_fastrtps_cpp' as default
[2.124s] -- Looking for pthread.h
[2.388s] -- Looking for pthread.h - found
[2.388s] -- Performing Test CMAKE_HAVE_LIBC_PTHREAD
[2.738s] -- Performing Test CMAKE_HAVE_LIBC_PTHREAD - Success
[2.739s] -- Found Threads: TRUE  
[4.189s] -- Found Eigen3: TRUE (found version "3.4.0") 
[4.193s] -- Ensuring Eigen3 include directory is part of orocos-kdl CMake target
[5.196s] -- Setting build type to Release as none was specified.
[5.211s] -- Found ament_lint_auto: 0.12.11 (/opt/ros/humble/share/ament_lint_auto/cmake)
[5.594s] -- Found gtest sources under '/opt/ros/humble/src/gtest_vendor': C++ tests using 'Google Test' will be built
[5.649s] -- Added test 'cppcheck' to perform static code analysis on C / C++ code
[5.651s] -- Configured cppcheck include dirs: $<BUILD_INTERFACE:/home/victor/caramelo_goiania/src/grid_map/grid_map_costmap_2d/include>
[5.651s] -- Configured cppcheck exclude dirs and/or files: 
[5.656s] -- Added test 'lint_cmake' to check CMake code style
[5.663s] -- Added test 'uncrustify' to check C / C++ code style
[5.663s] -- Configured uncrustify additional arguments: 
[5.670s] -- Added test 'xmllint' to check XML markup files
[5.674s] -- Configuring done
[5.989s] -- Generating done
[6.013s] -- Build files have been written to: /home/victor/caramelo_goiania/src/build/grid_map_costmap_2d
[6.053s] Invoked command in '/home/victor/caramelo_goiania/src/build/grid_map_costmap_2d' returned '0': AMENT_PREFIX_PATH=/home/victor/caramelo_goiania/src/install/grid_map_core:/home/victor/caramelo_goiania/src/install/grid_map_cmake_helpers:${AMENT_PREFIX_PATH} CMAKE_PREFIX_PATH=/home/victor/caramelo_goiania/src/install/grid_map_core:/home/victor/caramelo_goiania/src/install/grid_map_cmake_helpers:/home/victor/caramelo_goiania/install/sllidar_ros2:/home/victor/caramelo_goiania/install/rplidar_ros:/home/victor/caramelo_goiania/install/rf2o_laser_odometry:/home/victor/caramelo_goiania/src/install/sllidar_ros2:/home/victor/caramelo_goiania/src/install/rplidar_ros:/home/victor/caramelo_goiania/src/install/navegacao_pkg:/home/victor/caramelo_goiania/install/navegacao_pkg:/opt/ros/humble LD_LIBRARY_PATH=/home/victor/caramelo_goiania/src/install/grid_map_core/lib:${LD_LIBRARY_PATH} /usr/bin/cmake /home/victor/caramelo_goiania/src/grid_map/grid_map_costmap_2d -DAMENT_CMAKE_SYMLINK_INSTALL=1 -DCMAKE_INSTALL_PREFIX=/home/victor/caramelo_goiania/src/install/grid_map_costmap_2d
[6.053s] Invoking command in '/home/victor/caramelo_goiania/src/build/grid_map_costmap_2d': AMENT_PREFIX_PATH=/home/victor/caramelo_goiania/src/install/grid_map_core:/home/victor/caramelo_goiania/src/install/grid_map_cmake_helpers:${AMENT_PREFIX_PATH} CMAKE_PREFIX_PATH=/home/victor/caramelo_goiania/src/install/grid_map_core:/home/victor/caramelo_goiania/src/install/grid_map_cmake_helpers:/home/victor/caramelo_goiania/install/sllidar_ros2:/home/victor/caramelo_goiania/install/rplidar_ros:/home/victor/caramelo_goiania/install/rf2o_laser_odometry:/home/victor/caramelo_goiania/src/install/sllidar_ros2:/home/victor/caramelo_goiania/src/install/rplidar_ros:/home/victor/caramelo_goiania/src/install/navegacao_pkg:/home/victor/caramelo_goiania/install/navegacao_pkg:/opt/ros/humble LD_LIBRARY_PATH=/home/victor/caramelo_goiania/src/install/grid_map_core/lib:${LD_LIBRARY_PATH} /usr/bin/cmake --build /home/victor/caramelo_goiania/src/build/grid_map_costmap_2d -- -j8 -l8
[6.257s] [  0%] Built target grid_map_costmap_2d
[6.340s] [ 11%] [32mBuilding CXX object gtest/CMakeFiles/gtest.dir/src/gtest-all.cc.o[0m
[21.013s] [ 22%] [32m[1mLinking CXX static library libgtest.a[0m
[21.062s] [ 22%] Built target gtest
[21.085s] [ 33%] [32mBuilding CXX object gtest/CMakeFiles/gtest_main.dir/src/gtest_main.cc.o[0m
[22.175s] [ 44%] [32m[1mLinking CXX static library libgtest_main.a[0m
[22.214s] [ 44%] Built target gtest_main
[22.245s] [ 55%] [32mBuilding CXX object test/CMakeFiles/grid_map_costmap_2d-test.dir/test_grid_map_costmap_2d.cpp.o[0m
[23.516s] [ 66%] [32mBuilding CXX object test/CMakeFiles/grid_map_costmap_2d-test.dir/test_costmap_2d_converter.cpp.o[0m
[33.976s] [ 77%] [32m[1mLinking CXX executable grid_map_costmap_2d-test[0m
[34.446s] [ 77%] Built target grid_map_costmap_2d-test
[34.484s] [ 88%] [32mBuilding CXX object test/CMakeFiles/costmap-2d-ros-test.dir/test_costmap_2d_ros.cpp.o[0m
[46.738s] [100%] [32m[1mLinking CXX executable costmap-2d-ros-test[0m
[47.034s] [100%] Built target costmap-2d-ros-test
[47.049s] Invoked command in '/home/victor/caramelo_goiania/src/build/grid_map_costmap_2d' returned '0': AMENT_PREFIX_PATH=/home/victor/caramelo_goiania/src/install/grid_map_core:/home/victor/caramelo_goiania/src/install/grid_map_cmake_helpers:${AMENT_PREFIX_PATH} CMAKE_PREFIX_PATH=/home/victor/caramelo_goiania/src/install/grid_map_core:/home/victor/caramelo_goiania/src/install/grid_map_cmake_helpers:/home/victor/caramelo_goiania/install/sllidar_ros2:/home/victor/caramelo_goiania/install/rplidar_ros:/home/victor/caramelo_goiania/install/rf2o_laser_odometry:/home/victor/caramelo_goiania/src/install/sllidar_ros2:/home/victor/caramelo_goiania/src/install/rplidar_ros:/home/victor/caramelo_goiania/src/install/navegacao_pkg:/home/victor/caramelo_goiania/install/navegacao_pkg:/opt/ros/humble LD_LIBRARY_PATH=/home/victor/caramelo_goiania/src/install/grid_map_core/lib:${LD_LIBRARY_PATH} /usr/bin/cmake --build /home/victor/caramelo_goiania/src/build/grid_map_costmap_2d -- -j8 -l8
[47.078s] Invoking command in '/home/victor/caramelo_goiania/src/build/grid_map_costmap_2d': AMENT_PREFIX_PATH=/home/victor/caramelo_goiania/src/install/grid_map_core:/home/victor/caramelo_goiania/src/install/grid_map_cmake_helpers:${AMENT_PREFIX_PATH} CMAKE_PREFIX_PATH=/home/victor/caramelo_goiania/src/install/grid_map_core:/home/victor/caramelo_goiania/src/install/grid_map_cmake_helpers:/home/victor/caramelo_goiania/install/sllidar_ros2:/home/victor/caramelo_goiania/install/rplidar_ros:/home/victor/caramelo_goiania/install/rf2o_laser_odometry:/home/victor/caramelo_goiania/src/install/sllidar_ros2:/home/victor/caramelo_goiania/src/install/rplidar_ros:/home/victor/caramelo_goiania/src/install/navegacao_pkg:/home/victor/caramelo_goiania/install/navegacao_pkg:/opt/ros/humble LD_LIBRARY_PATH=/home/victor/caramelo_goiania/src/install/grid_map_core/lib:${LD_LIBRARY_PATH} /usr/bin/cmake --install /home/victor/caramelo_goiania/src/build/grid_map_costmap_2d
[47.086s] -- Install configuration: "Release"
[47.087s] -- Execute custom install script
[47.087s] -- Symlinking: /home/victor/caramelo_goiania/src/install/grid_map_costmap_2d/share/grid_map_costmap_2d/environment/library_path.sh
[47.100s] -- Symlinking: /home/victor/caramelo_goiania/src/install/grid_map_costmap_2d/share/grid_map_costmap_2d/environment/library_path.dsv
[47.109s] -- Symlinking: /home/victor/caramelo_goiania/src/install/grid_map_costmap_2d/share/ament_index/resource_index/package_run_dependencies/grid_map_costmap_2d
[47.120s] -- Symlinking: /home/victor/caramelo_goiania/src/install/grid_map_costmap_2d/share/ament_index/resource_index/parent_prefix_path/grid_map_costmap_2d
[47.132s] -- Symlinking: /home/victor/caramelo_goiania/src/install/grid_map_costmap_2d/share/grid_map_costmap_2d/environment/ament_prefix_path.sh
[47.141s] -- Symlinking: /home/victor/caramelo_goiania/src/install/grid_map_costmap_2d/share/grid_map_costmap_2d/environment/ament_prefix_path.dsv
[47.150s] -- Symlinking: /home/victor/caramelo_goiania/src/install/grid_map_costmap_2d/share/grid_map_costmap_2d/environment/path.sh
[47.160s] -- Symlinking: /home/victor/caramelo_goiania/src/install/grid_map_costmap_2d/share/grid_map_costmap_2d/environment/path.dsv
[47.170s] -- Symlinking: /home/victor/caramelo_goiania/src/install/grid_map_costmap_2d/share/grid_map_costmap_2d/local_setup.bash
[47.180s] -- Symlinking: /home/victor/caramelo_goiania/src/install/grid_map_costmap_2d/share/grid_map_costmap_2d/local_setup.sh
[47.190s] -- Symlinking: /home/victor/caramelo_goiania/src/install/grid_map_costmap_2d/share/grid_map_costmap_2d/local_setup.zsh
[47.201s] -- Symlinking: /home/victor/caramelo_goiania/src/install/grid_map_costmap_2d/share/grid_map_costmap_2d/local_setup.dsv
[47.211s] -- Symlinking: /home/victor/caramelo_goiania/src/install/grid_map_costmap_2d/share/grid_map_costmap_2d/package.dsv
[47.220s] -- Symlinking: /home/victor/caramelo_goiania/src/install/grid_map_costmap_2d/share/ament_index/resource_index/packages/grid_map_costmap_2d
[47.230s] -- Symlinking: /home/victor/caramelo_goiania/src/install/grid_map_costmap_2d/share/grid_map_costmap_2d/cmake/ament_cmake_export_targets-extras.cmake
[47.241s] -- Symlinking: /home/victor/caramelo_goiania/src/install/grid_map_costmap_2d/share/grid_map_costmap_2d/cmake/ament_cmake_export_dependencies-extras.cmake
[47.251s] -- Symlinking: /home/victor/caramelo_goiania/src/install/grid_map_costmap_2d/share/grid_map_costmap_2d/cmake/grid_map_costmap_2dConfig.cmake
[47.260s] -- Symlinking: /home/victor/caramelo_goiania/src/install/grid_map_costmap_2d/share/grid_map_costmap_2d/cmake/grid_map_costmap_2dConfig-version.cmake
[47.270s] -- Symlinking: /home/victor/caramelo_goiania/src/install/grid_map_costmap_2d/share/grid_map_costmap_2d/package.xml
[47.281s] -- Installing: /home/victor/caramelo_goiania/src/install/grid_map_costmap_2d/include/grid_map_costmap_2d
[47.282s] -- Installing: /home/victor/caramelo_goiania/src/install/grid_map_costmap_2d/include/grid_map_costmap_2d/grid_map_costmap_2d
[47.282s] -- Installing: /home/victor/caramelo_goiania/src/install/grid_map_costmap_2d/include/grid_map_costmap_2d/grid_map_costmap_2d/grid_map_costmap_2d.hpp
[47.282s] -- Installing: /home/victor/caramelo_goiania/src/install/grid_map_costmap_2d/include/grid_map_costmap_2d/grid_map_costmap_2d/costmap_2d_converter.hpp
[47.282s] -- Installing: /home/victor/caramelo_goiania/src/install/grid_map_costmap_2d/share/grid_map_costmap_2d/cmake/export_grid_map_costmap_2dExport.cmake
[47.285s] Invoked command in '/home/victor/caramelo_goiania/src/build/grid_map_costmap_2d' returned '0': AMENT_PREFIX_PATH=/home/victor/caramelo_goiania/src/install/grid_map_core:/home/victor/caramelo_goiania/src/install/grid_map_cmake_helpers:${AMENT_PREFIX_PATH} CMAKE_PREFIX_PATH=/home/victor/caramelo_goiania/src/install/grid_map_core:/home/victor/caramelo_goiania/src/install/grid_map_cmake_helpers:/home/victor/caramelo_goiania/install/sllidar_ros2:/home/victor/caramelo_goiania/install/rplidar_ros:/home/victor/caramelo_goiania/install/rf2o_laser_odometry:/home/victor/caramelo_goiania/src/install/sllidar_ros2:/home/victor/caramelo_goiania/src/install/rplidar_ros:/home/victor/caramelo_goiania/src/install/navegacao_pkg:/home/victor/caramelo_goiania/install/navegacao_pkg:/opt/ros/humble LD_LIBRARY_PATH=/home/victor/caramelo_goiania/src/install/grid_map_core/lib:${LD_LIBRARY_PATH} /usr/bin/cmake --install /home/victor/caramelo_goiania/src/build/grid_map_costmap_2d
