[0.140s] DEBUG:colcon:Command line arguments: ['/usr/bin/colcon', 'build']
[0.140s] DEBUG:colcon:Parsed command line arguments: Namespace(log_base=None, log_level=None, verb_name='build', build_base='build', install_base='install', merge_install=False, symlink_install=False, test_result_base=None, continue_on_error=False, executor='parallel', parallel_workers=8, event_handlers=None, ignore_user_meta=False, metas=['./colcon.meta'], base_paths=['.'], packages_ignore=None, packages_ignore_regex=None, paths=None, packages_up_to=None, packages_up_to_regex=None, packages_above=None, packages_above_and_dependencies=None, packages_above_depth=None, packages_select_by_dep=None, packages_skip_by_dep=None, packages_skip_up_to=None, packages_select_build_failed=False, packages_skip_build_finished=False, packages_select_test_failures=False, packages_skip_test_passed=False, packages_select=None, packages_skip=None, packages_select_regex=None, packages_skip_regex=None, packages_start=None, packages_end=None, allow_overriding=[], cmake_args=None, cmake_target=None, cmake_target_skip_unavailable=False, cmake_clean_cache=False, cmake_clean_first=False, cmake_force_configure=False, ament_cmake_args=None, catkin_cmake_args=None, catkin_skip_building_tests=False, verb_parser=<colcon_defaults.argument_parser.defaults.DefaultArgumentsDecorator object at 0x77a75b5548b0>, verb_extension=<colcon_core.verb.build.BuildVerb object at 0x77a75b555420>, main=<bound method BuildVerb.main of <colcon_core.verb.build.BuildVerb object at 0x77a75b555420>>)
[0.329s] Level 1:colcon.colcon_core.package_discovery:discover_packages(colcon_meta) check parameters
[0.329s] Level 1:colcon.colcon_core.package_discovery:discover_packages(recursive) check parameters
[0.329s] Level 1:colcon.colcon_core.package_discovery:discover_packages(ignore) check parameters
[0.329s] Level 1:colcon.colcon_core.package_discovery:discover_packages(path) check parameters
[0.329s] Level 1:colcon.colcon_core.package_discovery:discover_packages(colcon_meta) discover
[0.329s] Level 1:colcon.colcon_core.package_discovery:discover_packages(recursive) discover
[0.329s] INFO:colcon.colcon_core.package_discovery:Crawling recursively for packages in '/home/victor/caramelo_goiania/src'
[0.330s] Level 1:colcon.colcon_core.package_identification:_identify(.) by extensions ['ignore', 'ignore_ament_install']
[0.330s] Level 1:colcon.colcon_core.package_identification:_identify(.) by extension 'ignore'
[0.330s] Level 1:colcon.colcon_core.package_identification:_identify(.) by extension 'ignore_ament_install'
[0.330s] Level 1:colcon.colcon_core.package_identification:_identify(.) by extensions ['colcon_pkg']
[0.330s] Level 1:colcon.colcon_core.package_identification:_identify(.) by extension 'colcon_pkg'
[0.330s] Level 1:colcon.colcon_core.package_identification:_identify(.) by extensions ['colcon_meta']
[0.330s] Level 1:colcon.colcon_core.package_identification:_identify(.) by extension 'colcon_meta'
[0.330s] Level 1:colcon.colcon_core.package_identification:_identify(.) by extensions ['ros']
[0.330s] Level 1:colcon.colcon_core.package_identification:_identify(.) by extension 'ros'
[0.343s] Level 1:colcon.colcon_core.package_identification:_identify(.) by extensions ['cmake', 'python']
[0.343s] Level 1:colcon.colcon_core.package_identification:_identify(.) by extension 'cmake'
[0.343s] Level 1:colcon.colcon_core.package_identification:_identify(.) by extension 'python'
[0.343s] Level 1:colcon.colcon_core.package_identification:_identify(.) by extensions ['python_setup_py']
[0.343s] Level 1:colcon.colcon_core.package_identification:_identify(.) by extension 'python_setup_py'
[0.343s] Level 1:colcon.colcon_core.package_identification:_identify(build) by extensions ['ignore', 'ignore_ament_install']
[0.343s] Level 1:colcon.colcon_core.package_identification:_identify(build) by extension 'ignore'
[0.343s] Level 1:colcon.colcon_core.package_identification:_identify(build) ignored
[0.343s] Level 1:colcon.colcon_core.package_identification:_identify(install) by extensions ['ignore', 'ignore_ament_install']
[0.343s] Level 1:colcon.colcon_core.package_identification:_identify(install) by extension 'ignore'
[0.343s] Level 1:colcon.colcon_core.package_identification:_identify(install) ignored
[0.344s] Level 1:colcon.colcon_core.package_identification:_identify(log) by extensions ['ignore', 'ignore_ament_install']
[0.344s] Level 1:colcon.colcon_core.package_identification:_identify(log) by extension 'ignore'
[0.344s] Level 1:colcon.colcon_core.package_identification:_identify(log) ignored
[0.344s] Level 1:colcon.colcon_core.package_identification:_identify(movimentacao_pkg) by extensions ['ignore', 'ignore_ament_install']
[0.344s] Level 1:colcon.colcon_core.package_identification:_identify(movimentacao_pkg) by extension 'ignore'
[0.344s] Level 1:colcon.colcon_core.package_identification:_identify(movimentacao_pkg) by extension 'ignore_ament_install'
[0.344s] Level 1:colcon.colcon_core.package_identification:_identify(movimentacao_pkg) by extensions ['colcon_pkg']
[0.344s] Level 1:colcon.colcon_core.package_identification:_identify(movimentacao_pkg) by extension 'colcon_pkg'
[0.344s] Level 1:colcon.colcon_core.package_identification:_identify(movimentacao_pkg) by extensions ['colcon_meta']
[0.344s] Level 1:colcon.colcon_core.package_identification:_identify(movimentacao_pkg) by extension 'colcon_meta'
[0.344s] Level 1:colcon.colcon_core.package_identification:_identify(movimentacao_pkg) by extensions ['ros']
[0.344s] Level 1:colcon.colcon_core.package_identification:_identify(movimentacao_pkg) by extension 'ros'
[0.346s] DEBUG:colcon.colcon_core.package_identification:Package 'movimentacao_pkg' with type 'ros.ament_python' and name 'movimentacao_pkg'
[0.347s] Level 1:colcon.colcon_core.package_identification:_identify(navegacao_pkg) by extensions ['ignore', 'ignore_ament_install']
[0.347s] Level 1:colcon.colcon_core.package_identification:_identify(navegacao_pkg) by extension 'ignore'
[0.347s] Level 1:colcon.colcon_core.package_identification:_identify(navegacao_pkg) by extension 'ignore_ament_install'
[0.347s] Level 1:colcon.colcon_core.package_identification:_identify(navegacao_pkg) by extensions ['colcon_pkg']
[0.347s] Level 1:colcon.colcon_core.package_identification:_identify(navegacao_pkg) by extension 'colcon_pkg'
[0.347s] Level 1:colcon.colcon_core.package_identification:_identify(navegacao_pkg) by extensions ['colcon_meta']
[0.347s] Level 1:colcon.colcon_core.package_identification:_identify(navegacao_pkg) by extension 'colcon_meta'
[0.347s] Level 1:colcon.colcon_core.package_identification:_identify(navegacao_pkg) by extensions ['ros']
[0.347s] Level 1:colcon.colcon_core.package_identification:_identify(navegacao_pkg) by extension 'ros'
[0.348s] DEBUG:colcon.colcon_core.package_identification:Package 'navegacao_pkg' with type 'ros.ament_python' and name 'navegacao_pkg'
[0.348s] Level 1:colcon.colcon_core.package_identification:_identify(rf2o_laser_odometry) by extensions ['ignore', 'ignore_ament_install']
[0.348s] Level 1:colcon.colcon_core.package_identification:_identify(rf2o_laser_odometry) by extension 'ignore'
[0.349s] Level 1:colcon.colcon_core.package_identification:_identify(rf2o_laser_odometry) by extension 'ignore_ament_install'
[0.349s] Level 1:colcon.colcon_core.package_identification:_identify(rf2o_laser_odometry) by extensions ['colcon_pkg']
[0.349s] Level 1:colcon.colcon_core.package_identification:_identify(rf2o_laser_odometry) by extension 'colcon_pkg'
[0.349s] Level 1:colcon.colcon_core.package_identification:_identify(rf2o_laser_odometry) by extensions ['colcon_meta']
[0.349s] Level 1:colcon.colcon_core.package_identification:_identify(rf2o_laser_odometry) by extension 'colcon_meta'
[0.349s] Level 1:colcon.colcon_core.package_identification:_identify(rf2o_laser_odometry) by extensions ['ros']
[0.349s] Level 1:colcon.colcon_core.package_identification:_identify(rf2o_laser_odometry) by extension 'ros'
[0.350s] DEBUG:colcon.colcon_core.package_identification:Package 'rf2o_laser_odometry' with type 'ros.ament_cmake' and name 'rf2o_laser_odometry'
[0.350s] Level 1:colcon.colcon_core.package_identification:_identify(sllidar_ros2) by extensions ['ignore', 'ignore_ament_install']
[0.350s] Level 1:colcon.colcon_core.package_identification:_identify(sllidar_ros2) by extension 'ignore'
[0.350s] Level 1:colcon.colcon_core.package_identification:_identify(sllidar_ros2) by extension 'ignore_ament_install'
[0.350s] Level 1:colcon.colcon_core.package_identification:_identify(sllidar_ros2) by extensions ['colcon_pkg']
[0.350s] Level 1:colcon.colcon_core.package_identification:_identify(sllidar_ros2) by extension 'colcon_pkg'
[0.350s] Level 1:colcon.colcon_core.package_identification:_identify(sllidar_ros2) by extensions ['colcon_meta']
[0.351s] Level 1:colcon.colcon_core.package_identification:_identify(sllidar_ros2) by extension 'colcon_meta'
[0.351s] Level 1:colcon.colcon_core.package_identification:_identify(sllidar_ros2) by extensions ['ros']
[0.351s] Level 1:colcon.colcon_core.package_identification:_identify(sllidar_ros2) by extension 'ros'
[0.351s] DEBUG:colcon.colcon_core.package_identification:Package 'sllidar_ros2' with type 'ros.ament_cmake' and name 'sllidar_ros2'
[0.351s] Level 1:colcon.colcon_core.package_discovery:discover_packages(recursive) using defaults
[0.352s] Level 1:colcon.colcon_core.package_discovery:discover_packages(ignore) discover
[0.352s] Level 1:colcon.colcon_core.package_discovery:discover_packages(ignore) using defaults
[0.352s] Level 1:colcon.colcon_core.package_discovery:discover_packages(path) discover
[0.352s] Level 1:colcon.colcon_core.package_discovery:discover_packages(path) using defaults
[0.386s] Level 1:colcon.colcon_core.package_discovery:discover_packages(prefix_path) check parameters
[0.386s] Level 1:colcon.colcon_core.package_discovery:discover_packages(prefix_path) discover
[0.390s] DEBUG:colcon.colcon_installed_package_information.package_discovery:Found 14 installed packages in /home/victor/caramelo_goiania/src/install
[0.390s] DEBUG:colcon.colcon_installed_package_information.package_discovery:Found 0 installed packages in /home/victor/install
[0.392s] DEBUG:colcon.colcon_installed_package_information.package_discovery:Found 413 installed packages in /opt/ros/humble
[0.394s] Level 1:colcon.colcon_core.package_discovery:discover_packages(prefix_path) using defaults
[0.445s] Level 5:colcon.colcon_core.verb:set package 'movimentacao_pkg' build argument 'cmake_args' from command line to 'None'
[0.445s] Level 5:colcon.colcon_core.verb:set package 'movimentacao_pkg' build argument 'cmake_target' from command line to 'None'
[0.445s] Level 5:colcon.colcon_core.verb:set package 'movimentacao_pkg' build argument 'cmake_target_skip_unavailable' from command line to 'False'
[0.445s] Level 5:colcon.colcon_core.verb:set package 'movimentacao_pkg' build argument 'cmake_clean_cache' from command line to 'False'
[0.445s] Level 5:colcon.colcon_core.verb:set package 'movimentacao_pkg' build argument 'cmake_clean_first' from command line to 'False'
[0.445s] Level 5:colcon.colcon_core.verb:set package 'movimentacao_pkg' build argument 'cmake_force_configure' from command line to 'False'
[0.445s] Level 5:colcon.colcon_core.verb:set package 'movimentacao_pkg' build argument 'ament_cmake_args' from command line to 'None'
[0.445s] Level 5:colcon.colcon_core.verb:set package 'movimentacao_pkg' build argument 'catkin_cmake_args' from command line to 'None'
[0.445s] Level 5:colcon.colcon_core.verb:set package 'movimentacao_pkg' build argument 'catkin_skip_building_tests' from command line to 'False'
[0.445s] DEBUG:colcon.colcon_core.verb:Building package 'movimentacao_pkg' with the following arguments: {'ament_cmake_args': None, 'build_base': '/home/victor/caramelo_goiania/src/build/movimentacao_pkg', 'catkin_cmake_args': None, 'catkin_skip_building_tests': False, 'cmake_args': None, 'cmake_clean_cache': False, 'cmake_clean_first': False, 'cmake_force_configure': False, 'cmake_target': None, 'cmake_target_skip_unavailable': False, 'install_base': '/home/victor/caramelo_goiania/src/install/movimentacao_pkg', 'merge_install': False, 'path': '/home/victor/caramelo_goiania/src/movimentacao_pkg', 'symlink_install': False, 'test_result_base': None}
[0.446s] Level 5:colcon.colcon_core.verb:set package 'navegacao_pkg' build argument 'cmake_args' from command line to 'None'
[0.446s] Level 5:colcon.colcon_core.verb:set package 'navegacao_pkg' build argument 'cmake_target' from command line to 'None'
[0.446s] Level 5:colcon.colcon_core.verb:set package 'navegacao_pkg' build argument 'cmake_target_skip_unavailable' from command line to 'False'
[0.446s] Level 5:colcon.colcon_core.verb:set package 'navegacao_pkg' build argument 'cmake_clean_cache' from command line to 'False'
[0.446s] Level 5:colcon.colcon_core.verb:set package 'navegacao_pkg' build argument 'cmake_clean_first' from command line to 'False'
[0.446s] Level 5:colcon.colcon_core.verb:set package 'navegacao_pkg' build argument 'cmake_force_configure' from command line to 'False'
[0.446s] Level 5:colcon.colcon_core.verb:set package 'navegacao_pkg' build argument 'ament_cmake_args' from command line to 'None'
[0.446s] Level 5:colcon.colcon_core.verb:set package 'navegacao_pkg' build argument 'catkin_cmake_args' from command line to 'None'
[0.446s] Level 5:colcon.colcon_core.verb:set package 'navegacao_pkg' build argument 'catkin_skip_building_tests' from command line to 'False'
[0.446s] DEBUG:colcon.colcon_core.verb:Building package 'navegacao_pkg' with the following arguments: {'ament_cmake_args': None, 'build_base': '/home/victor/caramelo_goiania/src/build/navegacao_pkg', 'catkin_cmake_args': None, 'catkin_skip_building_tests': False, 'cmake_args': None, 'cmake_clean_cache': False, 'cmake_clean_first': False, 'cmake_force_configure': False, 'cmake_target': None, 'cmake_target_skip_unavailable': False, 'install_base': '/home/victor/caramelo_goiania/src/install/navegacao_pkg', 'merge_install': False, 'path': '/home/victor/caramelo_goiania/src/navegacao_pkg', 'symlink_install': False, 'test_result_base': None}
[0.447s] Level 5:colcon.colcon_core.verb:set package 'rf2o_laser_odometry' build argument 'cmake_args' from command line to 'None'
[0.447s] Level 5:colcon.colcon_core.verb:set package 'rf2o_laser_odometry' build argument 'cmake_target' from command line to 'None'
[0.447s] Level 5:colcon.colcon_core.verb:set package 'rf2o_laser_odometry' build argument 'cmake_target_skip_unavailable' from command line to 'False'
[0.447s] Level 5:colcon.colcon_core.verb:set package 'rf2o_laser_odometry' build argument 'cmake_clean_cache' from command line to 'False'
[0.447s] Level 5:colcon.colcon_core.verb:set package 'rf2o_laser_odometry' build argument 'cmake_clean_first' from command line to 'False'
[0.447s] Level 5:colcon.colcon_core.verb:set package 'rf2o_laser_odometry' build argument 'cmake_force_configure' from command line to 'False'
[0.447s] Level 5:colcon.colcon_core.verb:set package 'rf2o_laser_odometry' build argument 'ament_cmake_args' from command line to 'None'
[0.447s] Level 5:colcon.colcon_core.verb:set package 'rf2o_laser_odometry' build argument 'catkin_cmake_args' from command line to 'None'
[0.447s] Level 5:colcon.colcon_core.verb:set package 'rf2o_laser_odometry' build argument 'catkin_skip_building_tests' from command line to 'False'
[0.447s] DEBUG:colcon.colcon_core.verb:Building package 'rf2o_laser_odometry' with the following arguments: {'ament_cmake_args': None, 'build_base': '/home/victor/caramelo_goiania/src/build/rf2o_laser_odometry', 'catkin_cmake_args': None, 'catkin_skip_building_tests': False, 'cmake_args': None, 'cmake_clean_cache': False, 'cmake_clean_first': False, 'cmake_force_configure': False, 'cmake_target': None, 'cmake_target_skip_unavailable': False, 'install_base': '/home/victor/caramelo_goiania/src/install/rf2o_laser_odometry', 'merge_install': False, 'path': '/home/victor/caramelo_goiania/src/rf2o_laser_odometry', 'symlink_install': False, 'test_result_base': None}
[0.448s] Level 5:colcon.colcon_core.verb:set package 'sllidar_ros2' build argument 'cmake_args' from command line to 'None'
[0.448s] Level 5:colcon.colcon_core.verb:set package 'sllidar_ros2' build argument 'cmake_target' from command line to 'None'
[0.448s] Level 5:colcon.colcon_core.verb:set package 'sllidar_ros2' build argument 'cmake_target_skip_unavailable' from command line to 'False'
[0.448s] Level 5:colcon.colcon_core.verb:set package 'sllidar_ros2' build argument 'cmake_clean_cache' from command line to 'False'
[0.448s] Level 5:colcon.colcon_core.verb:set package 'sllidar_ros2' build argument 'cmake_clean_first' from command line to 'False'
[0.448s] Level 5:colcon.colcon_core.verb:set package 'sllidar_ros2' build argument 'cmake_force_configure' from command line to 'False'
[0.448s] Level 5:colcon.colcon_core.verb:set package 'sllidar_ros2' build argument 'ament_cmake_args' from command line to 'None'
[0.448s] Level 5:colcon.colcon_core.verb:set package 'sllidar_ros2' build argument 'catkin_cmake_args' from command line to 'None'
[0.448s] Level 5:colcon.colcon_core.verb:set package 'sllidar_ros2' build argument 'catkin_skip_building_tests' from command line to 'False'
[0.448s] DEBUG:colcon.colcon_core.verb:Building package 'sllidar_ros2' with the following arguments: {'ament_cmake_args': None, 'build_base': '/home/victor/caramelo_goiania/src/build/sllidar_ros2', 'catkin_cmake_args': None, 'catkin_skip_building_tests': False, 'cmake_args': None, 'cmake_clean_cache': False, 'cmake_clean_first': False, 'cmake_force_configure': False, 'cmake_target': None, 'cmake_target_skip_unavailable': False, 'install_base': '/home/victor/caramelo_goiania/src/install/sllidar_ros2', 'merge_install': False, 'path': '/home/victor/caramelo_goiania/src/sllidar_ros2', 'symlink_install': False, 'test_result_base': None}
[0.449s] INFO:colcon.colcon_core.executor:Executing jobs using 'parallel' executor
[0.450s] DEBUG:colcon.colcon_parallel_executor.executor.parallel:run_until_complete
[0.450s] INFO:colcon.colcon_ros.task.ament_python.build:Building ROS package in '/home/victor/caramelo_goiania/src/movimentacao_pkg' with build type 'ament_python'
[0.450s] Level 1:colcon.colcon_core.shell:create_environment_hook('movimentacao_pkg', 'ament_prefix_path')
[0.454s] INFO:colcon.colcon_core.plugin_system:Skipping extension 'colcon_core.shell.bat': Not used on non-Windows systems
[0.454s] INFO:colcon.colcon_core.shell:Creating environment hook '/home/victor/caramelo_goiania/src/install/movimentacao_pkg/share/movimentacao_pkg/hook/ament_prefix_path.ps1'
[0.455s] INFO:colcon.colcon_core.shell:Creating environment descriptor '/home/victor/caramelo_goiania/src/install/movimentacao_pkg/share/movimentacao_pkg/hook/ament_prefix_path.dsv'
[0.456s] INFO:colcon.colcon_core.shell:Creating environment hook '/home/victor/caramelo_goiania/src/install/movimentacao_pkg/share/movimentacao_pkg/hook/ament_prefix_path.sh'
[0.456s] INFO:colcon.colcon_core.shell:Skip shell extension 'powershell' for command environment: Not usable outside of PowerShell
[0.457s] DEBUG:colcon.colcon_core.shell:Skip shell extension 'dsv' for command environment
[0.461s] INFO:colcon.colcon_ros.task.ament_python.build:Building ROS package in '/home/victor/caramelo_goiania/src/navegacao_pkg' with build type 'ament_python'
[0.461s] Level 1:colcon.colcon_core.shell:create_environment_hook('navegacao_pkg', 'ament_prefix_path')
[0.462s] INFO:colcon.colcon_core.shell:Creating environment hook '/home/victor/caramelo_goiania/src/install/navegacao_pkg/share/navegacao_pkg/hook/ament_prefix_path.ps1'
[0.462s] INFO:colcon.colcon_core.shell:Creating environment descriptor '/home/victor/caramelo_goiania/src/install/navegacao_pkg/share/navegacao_pkg/hook/ament_prefix_path.dsv'
[0.463s] INFO:colcon.colcon_core.shell:Creating environment hook '/home/victor/caramelo_goiania/src/install/navegacao_pkg/share/navegacao_pkg/hook/ament_prefix_path.sh'
[0.464s] INFO:colcon.colcon_core.shell:Skip shell extension 'powershell' for command environment: Not usable outside of PowerShell
[0.464s] DEBUG:colcon.colcon_core.shell:Skip shell extension 'dsv' for command environment
[0.469s] INFO:colcon.colcon_ros.task.ament_cmake.build:Building ROS package in '/home/victor/caramelo_goiania/src/rf2o_laser_odometry' with build type 'ament_cmake'
[0.469s] INFO:colcon.colcon_cmake.task.cmake.build:Building CMake package in '/home/victor/caramelo_goiania/src/rf2o_laser_odometry'
[0.469s] INFO:colcon.colcon_core.shell:Skip shell extension 'powershell' for command environment: Not usable outside of PowerShell
[0.469s] DEBUG:colcon.colcon_core.shell:Skip shell extension 'dsv' for command environment
[0.474s] INFO:colcon.colcon_ros.task.ament_cmake.build:Building ROS package in '/home/victor/caramelo_goiania/src/sllidar_ros2' with build type 'ament_cmake'
[0.474s] INFO:colcon.colcon_cmake.task.cmake.build:Building CMake package in '/home/victor/caramelo_goiania/src/sllidar_ros2'
[0.475s] INFO:colcon.colcon_core.shell:Skip shell extension 'powershell' for command environment: Not usable outside of PowerShell
[0.475s] DEBUG:colcon.colcon_core.shell:Skip shell extension 'dsv' for command environment
[0.760s] INFO:colcon.colcon_core.task.python.build:Building Python package in '/home/victor/caramelo_goiania/src/movimentacao_pkg'
[0.760s] INFO:colcon.colcon_core.shell:Skip shell extension 'powershell' for command environment: Not usable outside of PowerShell
[0.761s] DEBUG:colcon.colcon_core.shell:Skip shell extension 'dsv' for command environment
[1.045s] INFO:colcon.colcon_core.task.python.build:Building Python package in '/home/victor/caramelo_goiania/src/navegacao_pkg'
[1.045s] INFO:colcon.colcon_core.shell:Skip shell extension 'powershell' for command environment: Not usable outside of PowerShell
[1.045s] DEBUG:colcon.colcon_core.shell:Skip shell extension 'dsv' for command environment
[1.056s] DEBUG:colcon.colcon_core.event_handler.log_command:Invoking command in '/home/victor/caramelo_goiania/src/build/rf2o_laser_odometry': CMAKE_PREFIX_PATH=${CMAKE_PREFIX_PATH}:/home/victor/caramelo_goiania/src/install/movimentacao_pkg:/home/victor/caramelo_goiania/src/install/navegacao_pkg:/opt/ros/humble /usr/bin/cmake --build /home/victor/caramelo_goiania/src/build/rf2o_laser_odometry -- -j8 -l8
[1.062s] DEBUG:colcon.colcon_core.event_handler.log_command:Invoking command in '/home/victor/caramelo_goiania/src/build/sllidar_ros2': CMAKE_PREFIX_PATH=${CMAKE_PREFIX_PATH}:/home/victor/caramelo_goiania/src/install/movimentacao_pkg:/home/victor/caramelo_goiania/src/install/navegacao_pkg:/opt/ros/humble /usr/bin/cmake --build /home/victor/caramelo_goiania/src/build/sllidar_ros2 -- -j8 -l8
[1.166s] DEBUG:colcon.colcon_core.event_handler.log_command:Invoked command in '/home/victor/caramelo_goiania/src/build/rf2o_laser_odometry' returned '0': CMAKE_PREFIX_PATH=${CMAKE_PREFIX_PATH}:/home/victor/caramelo_goiania/src/install/movimentacao_pkg:/home/victor/caramelo_goiania/src/install/navegacao_pkg:/opt/ros/humble /usr/bin/cmake --build /home/victor/caramelo_goiania/src/build/rf2o_laser_odometry -- -j8 -l8
[1.168s] DEBUG:colcon.colcon_core.event_handler.log_command:Invoked command in '/home/victor/caramelo_goiania/src/build/sllidar_ros2' returned '0': CMAKE_PREFIX_PATH=${CMAKE_PREFIX_PATH}:/home/victor/caramelo_goiania/src/install/movimentacao_pkg:/home/victor/caramelo_goiania/src/install/navegacao_pkg:/opt/ros/humble /usr/bin/cmake --build /home/victor/caramelo_goiania/src/build/sllidar_ros2 -- -j8 -l8
[1.220s] DEBUG:colcon.colcon_core.event_handler.log_command:Invoking command in '/home/victor/caramelo_goiania/src/build/rf2o_laser_odometry': CMAKE_PREFIX_PATH=${CMAKE_PREFIX_PATH}:/home/victor/caramelo_goiania/src/install/movimentacao_pkg:/home/victor/caramelo_goiania/src/install/navegacao_pkg:/opt/ros/humble /usr/bin/cmake --install /home/victor/caramelo_goiania/src/build/rf2o_laser_odometry
[1.251s] Level 1:colcon.colcon_core.environment:create_environment_scripts_only(rf2o_laser_odometry)
[1.252s] DEBUG:colcon.colcon_core.event_handler.log_command:Invoked command in '/home/victor/caramelo_goiania/src/build/rf2o_laser_odometry' returned '0': CMAKE_PREFIX_PATH=${CMAKE_PREFIX_PATH}:/home/victor/caramelo_goiania/src/install/movimentacao_pkg:/home/victor/caramelo_goiania/src/install/navegacao_pkg:/opt/ros/humble /usr/bin/cmake --install /home/victor/caramelo_goiania/src/build/rf2o_laser_odometry
[1.257s] Level 1:colcon.colcon_core.environment:checking '/home/victor/caramelo_goiania/src/install/rf2o_laser_odometry' for CMake module files
[1.258s] Level 1:colcon.colcon_core.environment:checking '/home/victor/caramelo_goiania/src/install/rf2o_laser_odometry' for CMake config files
[1.258s] Level 1:colcon.colcon_core.shell:create_environment_hook('rf2o_laser_odometry', 'cmake_prefix_path')
[1.258s] INFO:colcon.colcon_core.shell:Creating environment hook '/home/victor/caramelo_goiania/src/install/rf2o_laser_odometry/share/rf2o_laser_odometry/hook/cmake_prefix_path.ps1'
[1.259s] INFO:colcon.colcon_core.shell:Creating environment descriptor '/home/victor/caramelo_goiania/src/install/rf2o_laser_odometry/share/rf2o_laser_odometry/hook/cmake_prefix_path.dsv'
[1.259s] INFO:colcon.colcon_core.shell:Creating environment hook '/home/victor/caramelo_goiania/src/install/rf2o_laser_odometry/share/rf2o_laser_odometry/hook/cmake_prefix_path.sh'
[1.260s] Level 1:colcon.colcon_core.environment:checking '/home/victor/caramelo_goiania/src/install/rf2o_laser_odometry/lib'
[1.261s] Level 1:colcon.colcon_core.environment:checking '/home/victor/caramelo_goiania/src/install/rf2o_laser_odometry/bin'
[1.261s] Level 1:colcon.colcon_core.environment:checking '/home/victor/caramelo_goiania/src/install/rf2o_laser_odometry/lib/pkgconfig/rf2o_laser_odometry.pc'
[1.261s] Level 1:colcon.colcon_core.environment:checking '/home/victor/caramelo_goiania/src/install/rf2o_laser_odometry/lib/python3.10/site-packages'
[1.261s] Level 1:colcon.colcon_core.environment:checking '/home/victor/caramelo_goiania/src/install/rf2o_laser_odometry/bin'
[1.262s] INFO:colcon.colcon_core.shell:Creating package script '/home/victor/caramelo_goiania/src/install/rf2o_laser_odometry/share/rf2o_laser_odometry/package.ps1'
[1.264s] INFO:colcon.colcon_core.shell:Creating package descriptor '/home/victor/caramelo_goiania/src/install/rf2o_laser_odometry/share/rf2o_laser_odometry/package.dsv'
[1.265s] INFO:colcon.colcon_core.shell:Creating package script '/home/victor/caramelo_goiania/src/install/rf2o_laser_odometry/share/rf2o_laser_odometry/package.sh'
[1.267s] INFO:colcon.colcon_core.shell:Creating package script '/home/victor/caramelo_goiania/src/install/rf2o_laser_odometry/share/rf2o_laser_odometry/package.bash'
[1.268s] INFO:colcon.colcon_core.shell:Creating package script '/home/victor/caramelo_goiania/src/install/rf2o_laser_odometry/share/rf2o_laser_odometry/package.zsh'
[1.269s] Level 1:colcon.colcon_core.environment:create_file_with_runtime_dependencies(/home/victor/caramelo_goiania/src/install/rf2o_laser_odometry/share/colcon-core/packages/rf2o_laser_odometry)
[1.273s] DEBUG:colcon.colcon_core.event_handler.log_command:Invoking command in '/home/victor/caramelo_goiania/src/build/sllidar_ros2': CMAKE_PREFIX_PATH=${CMAKE_PREFIX_PATH}:/home/victor/caramelo_goiania/src/install/movimentacao_pkg:/home/victor/caramelo_goiania/src/install/navegacao_pkg:/opt/ros/humble /usr/bin/cmake --install /home/victor/caramelo_goiania/src/build/sllidar_ros2
[1.312s] Level 1:colcon.colcon_core.environment:create_environment_scripts_only(rf2o_laser_odometry)
[1.312s] Level 1:colcon.colcon_core.environment:checking '/home/victor/caramelo_goiania/src/install/rf2o_laser_odometry' for CMake module files
[1.313s] Level 1:colcon.colcon_core.environment:checking '/home/victor/caramelo_goiania/src/install/rf2o_laser_odometry' for CMake config files
[1.313s] Level 1:colcon.colcon_core.shell:create_environment_hook('rf2o_laser_odometry', 'cmake_prefix_path')
[1.314s] INFO:colcon.colcon_core.shell:Creating environment hook '/home/victor/caramelo_goiania/src/install/rf2o_laser_odometry/share/rf2o_laser_odometry/hook/cmake_prefix_path.ps1'
[1.314s] INFO:colcon.colcon_core.shell:Creating environment descriptor '/home/victor/caramelo_goiania/src/install/rf2o_laser_odometry/share/rf2o_laser_odometry/hook/cmake_prefix_path.dsv'
[1.315s] INFO:colcon.colcon_core.shell:Creating environment hook '/home/victor/caramelo_goiania/src/install/rf2o_laser_odometry/share/rf2o_laser_odometry/hook/cmake_prefix_path.sh'
[1.316s] Level 1:colcon.colcon_core.environment:checking '/home/victor/caramelo_goiania/src/install/rf2o_laser_odometry/lib'
[1.316s] Level 1:colcon.colcon_core.environment:checking '/home/victor/caramelo_goiania/src/install/rf2o_laser_odometry/bin'
[1.316s] Level 1:colcon.colcon_core.environment:checking '/home/victor/caramelo_goiania/src/install/rf2o_laser_odometry/lib/pkgconfig/rf2o_laser_odometry.pc'
[1.316s] Level 1:colcon.colcon_core.environment:checking '/home/victor/caramelo_goiania/src/install/rf2o_laser_odometry/lib/python3.10/site-packages'
[1.316s] Level 1:colcon.colcon_core.environment:checking '/home/victor/caramelo_goiania/src/install/rf2o_laser_odometry/bin'
[1.317s] INFO:colcon.colcon_core.shell:Creating package script '/home/victor/caramelo_goiania/src/install/rf2o_laser_odometry/share/rf2o_laser_odometry/package.ps1'
[1.318s] INFO:colcon.colcon_core.shell:Creating package descriptor '/home/victor/caramelo_goiania/src/install/rf2o_laser_odometry/share/rf2o_laser_odometry/package.dsv'
[1.318s] INFO:colcon.colcon_core.shell:Creating package script '/home/victor/caramelo_goiania/src/install/rf2o_laser_odometry/share/rf2o_laser_odometry/package.sh'
[1.318s] INFO:colcon.colcon_core.shell:Creating package script '/home/victor/caramelo_goiania/src/install/rf2o_laser_odometry/share/rf2o_laser_odometry/package.bash'
[1.319s] INFO:colcon.colcon_core.shell:Creating package script '/home/victor/caramelo_goiania/src/install/rf2o_laser_odometry/share/rf2o_laser_odometry/package.zsh'
[1.319s] Level 1:colcon.colcon_core.environment:create_file_with_runtime_dependencies(/home/victor/caramelo_goiania/src/install/rf2o_laser_odometry/share/colcon-core/packages/rf2o_laser_odometry)
[1.320s] Level 1:colcon.colcon_core.environment:create_environment_scripts_only(sllidar_ros2)
[1.320s] Level 1:colcon.colcon_core.environment:checking '/home/victor/caramelo_goiania/src/install/sllidar_ros2' for CMake module files
[1.321s] DEBUG:colcon.colcon_core.event_handler.log_command:Invoked command in '/home/victor/caramelo_goiania/src/build/sllidar_ros2' returned '0': CMAKE_PREFIX_PATH=${CMAKE_PREFIX_PATH}:/home/victor/caramelo_goiania/src/install/movimentacao_pkg:/home/victor/caramelo_goiania/src/install/navegacao_pkg:/opt/ros/humble /usr/bin/cmake --install /home/victor/caramelo_goiania/src/build/sllidar_ros2
[1.322s] Level 1:colcon.colcon_core.environment:checking '/home/victor/caramelo_goiania/src/install/sllidar_ros2' for CMake config files
[1.322s] Level 1:colcon.colcon_core.shell:create_environment_hook('sllidar_ros2', 'cmake_prefix_path')
[1.323s] INFO:colcon.colcon_core.shell:Creating environment hook '/home/victor/caramelo_goiania/src/install/sllidar_ros2/share/sllidar_ros2/hook/cmake_prefix_path.ps1'
[1.323s] INFO:colcon.colcon_core.shell:Creating environment descriptor '/home/victor/caramelo_goiania/src/install/sllidar_ros2/share/sllidar_ros2/hook/cmake_prefix_path.dsv'
[1.324s] INFO:colcon.colcon_core.shell:Creating environment hook '/home/victor/caramelo_goiania/src/install/sllidar_ros2/share/sllidar_ros2/hook/cmake_prefix_path.sh'
[1.324s] Level 1:colcon.colcon_core.environment:checking '/home/victor/caramelo_goiania/src/install/sllidar_ros2/lib'
[1.325s] Level 1:colcon.colcon_core.environment:checking '/home/victor/caramelo_goiania/src/install/sllidar_ros2/bin'
[1.325s] Level 1:colcon.colcon_core.environment:checking '/home/victor/caramelo_goiania/src/install/sllidar_ros2/lib/pkgconfig/sllidar_ros2.pc'
[1.325s] Level 1:colcon.colcon_core.environment:checking '/home/victor/caramelo_goiania/src/install/sllidar_ros2/lib/python3.10/site-packages'
[1.325s] Level 1:colcon.colcon_core.environment:checking '/home/victor/caramelo_goiania/src/install/sllidar_ros2/bin'
[1.326s] INFO:colcon.colcon_core.shell:Creating package script '/home/victor/caramelo_goiania/src/install/sllidar_ros2/share/sllidar_ros2/package.ps1'
[1.326s] INFO:colcon.colcon_core.shell:Creating package descriptor '/home/victor/caramelo_goiania/src/install/sllidar_ros2/share/sllidar_ros2/package.dsv'
[1.327s] INFO:colcon.colcon_core.shell:Creating package script '/home/victor/caramelo_goiania/src/install/sllidar_ros2/share/sllidar_ros2/package.sh'
[1.327s] INFO:colcon.colcon_core.shell:Creating package script '/home/victor/caramelo_goiania/src/install/sllidar_ros2/share/sllidar_ros2/package.bash'
[1.327s] INFO:colcon.colcon_core.shell:Creating package script '/home/victor/caramelo_goiania/src/install/sllidar_ros2/share/sllidar_ros2/package.zsh'
[1.328s] Level 1:colcon.colcon_core.environment:create_file_with_runtime_dependencies(/home/victor/caramelo_goiania/src/install/sllidar_ros2/share/colcon-core/packages/sllidar_ros2)
[1.426s] Level 1:colcon.colcon_core.environment:create_environment_scripts_only(sllidar_ros2)
[1.426s] Level 1:colcon.colcon_core.environment:checking '/home/victor/caramelo_goiania/src/install/sllidar_ros2' for CMake module files
[1.427s] Level 1:colcon.colcon_core.environment:checking '/home/victor/caramelo_goiania/src/install/sllidar_ros2' for CMake config files
[1.428s] Level 1:colcon.colcon_core.shell:create_environment_hook('sllidar_ros2', 'cmake_prefix_path')
[1.428s] INFO:colcon.colcon_core.shell:Creating environment hook '/home/victor/caramelo_goiania/src/install/sllidar_ros2/share/sllidar_ros2/hook/cmake_prefix_path.ps1'
[1.429s] INFO:colcon.colcon_core.shell:Creating environment descriptor '/home/victor/caramelo_goiania/src/install/sllidar_ros2/share/sllidar_ros2/hook/cmake_prefix_path.dsv'
[1.429s] INFO:colcon.colcon_core.shell:Creating environment hook '/home/victor/caramelo_goiania/src/install/sllidar_ros2/share/sllidar_ros2/hook/cmake_prefix_path.sh'
[1.430s] Level 1:colcon.colcon_core.environment:checking '/home/victor/caramelo_goiania/src/install/sllidar_ros2/lib'
[1.431s] Level 1:colcon.colcon_core.environment:checking '/home/victor/caramelo_goiania/src/install/sllidar_ros2/bin'
[1.431s] Level 1:colcon.colcon_core.environment:checking '/home/victor/caramelo_goiania/src/install/sllidar_ros2/lib/pkgconfig/sllidar_ros2.pc'
[1.431s] Level 1:colcon.colcon_core.environment:checking '/home/victor/caramelo_goiania/src/install/sllidar_ros2/lib/python3.10/site-packages'
[1.431s] Level 1:colcon.colcon_core.environment:checking '/home/victor/caramelo_goiania/src/install/sllidar_ros2/bin'
[1.432s] INFO:colcon.colcon_core.shell:Creating package script '/home/victor/caramelo_goiania/src/install/sllidar_ros2/share/sllidar_ros2/package.ps1'
[1.433s] INFO:colcon.colcon_core.shell:Creating package descriptor '/home/victor/caramelo_goiania/src/install/sllidar_ros2/share/sllidar_ros2/package.dsv'
[1.433s] INFO:colcon.colcon_core.shell:Creating package script '/home/victor/caramelo_goiania/src/install/sllidar_ros2/share/sllidar_ros2/package.sh'
[1.434s] INFO:colcon.colcon_core.shell:Creating package script '/home/victor/caramelo_goiania/src/install/sllidar_ros2/share/sllidar_ros2/package.bash'
[1.435s] INFO:colcon.colcon_core.shell:Creating package script '/home/victor/caramelo_goiania/src/install/sllidar_ros2/share/sllidar_ros2/package.zsh'
[1.435s] Level 1:colcon.colcon_core.environment:create_file_with_runtime_dependencies(/home/victor/caramelo_goiania/src/install/sllidar_ros2/share/colcon-core/packages/sllidar_ros2)
[1.653s] DEBUG:colcon.colcon_core.event_handler.log_command:Invoking command in '/home/victor/caramelo_goiania/src/movimentacao_pkg': PYTHONPATH=/home/victor/caramelo_goiania/src/build/movimentacao_pkg/prefix_override:/usr/lib/python3/dist-packages/colcon_core/task/python/colcon_distutils_commands:/home/victor/caramelo_goiania/src/install/movimentacao_pkg/lib/python3.10/site-packages:${PYTHONPATH} /usr/bin/python3 -W ignore:setup.py install is deprecated setup.py egg_info --egg-base ../build/movimentacao_pkg build --build-base /home/victor/caramelo_goiania/src/build/movimentacao_pkg/build install --record /home/victor/caramelo_goiania/src/build/movimentacao_pkg/install.log --single-version-externally-managed install_data
[1.671s] DEBUG:colcon.colcon_core.event_handler.log_command:Invoking command in '/home/victor/caramelo_goiania/src/navegacao_pkg': PYTHONPATH=/home/victor/caramelo_goiania/src/build/navegacao_pkg/prefix_override:/usr/lib/python3/dist-packages/colcon_core/task/python/colcon_distutils_commands:/home/victor/caramelo_goiania/src/install/navegacao_pkg/lib/python3.10/site-packages:${PYTHONPATH} /usr/bin/python3 -W ignore:setup.py install is deprecated setup.py egg_info --egg-base ../build/navegacao_pkg build --build-base /home/victor/caramelo_goiania/src/build/navegacao_pkg/build install --record /home/victor/caramelo_goiania/src/build/navegacao_pkg/install.log --single-version-externally-managed install_data
[2.003s] Level 1:colcon.colcon_core.environment:checking '/home/victor/caramelo_goiania/src/install/movimentacao_pkg' for CMake module files
[2.004s] DEBUG:colcon.colcon_core.event_handler.log_command:Invoked command in '/home/victor/caramelo_goiania/src/movimentacao_pkg' returned '0': PYTHONPATH=/home/victor/caramelo_goiania/src/build/movimentacao_pkg/prefix_override:/usr/lib/python3/dist-packages/colcon_core/task/python/colcon_distutils_commands:/home/victor/caramelo_goiania/src/install/movimentacao_pkg/lib/python3.10/site-packages:${PYTHONPATH} /usr/bin/python3 -W ignore:setup.py install is deprecated setup.py egg_info --egg-base ../build/movimentacao_pkg build --build-base /home/victor/caramelo_goiania/src/build/movimentacao_pkg/build install --record /home/victor/caramelo_goiania/src/build/movimentacao_pkg/install.log --single-version-externally-managed install_data
[2.005s] Level 1:colcon.colcon_core.environment:checking '/home/victor/caramelo_goiania/src/install/movimentacao_pkg' for CMake config files
[2.006s] Level 1:colcon.colcon_core.environment:checking '/home/victor/caramelo_goiania/src/install/movimentacao_pkg/lib'
[2.006s] Level 1:colcon.colcon_core.environment:checking '/home/victor/caramelo_goiania/src/install/movimentacao_pkg/bin'
[2.006s] Level 1:colcon.colcon_core.environment:checking '/home/victor/caramelo_goiania/src/install/movimentacao_pkg/lib/pkgconfig/movimentacao_pkg.pc'
[2.006s] Level 1:colcon.colcon_core.environment:checking '/home/victor/caramelo_goiania/src/install/movimentacao_pkg/lib/python3.10/site-packages'
[2.006s] Level 1:colcon.colcon_core.shell:create_environment_hook('movimentacao_pkg', 'pythonpath')
[2.007s] INFO:colcon.colcon_core.shell:Creating environment hook '/home/victor/caramelo_goiania/src/install/movimentacao_pkg/share/movimentacao_pkg/hook/pythonpath.ps1'
[2.007s] INFO:colcon.colcon_core.shell:Creating environment descriptor '/home/victor/caramelo_goiania/src/install/movimentacao_pkg/share/movimentacao_pkg/hook/pythonpath.dsv'
[2.008s] INFO:colcon.colcon_core.shell:Creating environment hook '/home/victor/caramelo_goiania/src/install/movimentacao_pkg/share/movimentacao_pkg/hook/pythonpath.sh'
[2.008s] Level 1:colcon.colcon_core.environment:checking '/home/victor/caramelo_goiania/src/install/movimentacao_pkg/bin'
[2.008s] Level 1:colcon.colcon_core.environment:create_environment_scripts_only(movimentacao_pkg)
[2.009s] INFO:colcon.colcon_core.shell:Creating package script '/home/victor/caramelo_goiania/src/install/movimentacao_pkg/share/movimentacao_pkg/package.ps1'
[2.009s] INFO:colcon.colcon_core.shell:Creating package descriptor '/home/victor/caramelo_goiania/src/install/movimentacao_pkg/share/movimentacao_pkg/package.dsv'
[2.010s] INFO:colcon.colcon_core.shell:Creating package script '/home/victor/caramelo_goiania/src/install/movimentacao_pkg/share/movimentacao_pkg/package.sh'
[2.010s] INFO:colcon.colcon_core.shell:Creating package script '/home/victor/caramelo_goiania/src/install/movimentacao_pkg/share/movimentacao_pkg/package.bash'
[2.010s] INFO:colcon.colcon_core.shell:Creating package script '/home/victor/caramelo_goiania/src/install/movimentacao_pkg/share/movimentacao_pkg/package.zsh'
[2.011s] Level 1:colcon.colcon_core.environment:create_file_with_runtime_dependencies(/home/victor/caramelo_goiania/src/install/movimentacao_pkg/share/colcon-core/packages/movimentacao_pkg)
[2.019s] Level 1:colcon.colcon_core.environment:checking '/home/victor/caramelo_goiania/src/install/navegacao_pkg' for CMake module files
[2.019s] DEBUG:colcon.colcon_core.event_handler.log_command:Invoked command in '/home/victor/caramelo_goiania/src/navegacao_pkg' returned '0': PYTHONPATH=/home/victor/caramelo_goiania/src/build/navegacao_pkg/prefix_override:/usr/lib/python3/dist-packages/colcon_core/task/python/colcon_distutils_commands:/home/victor/caramelo_goiania/src/install/navegacao_pkg/lib/python3.10/site-packages:${PYTHONPATH} /usr/bin/python3 -W ignore:setup.py install is deprecated setup.py egg_info --egg-base ../build/navegacao_pkg build --build-base /home/victor/caramelo_goiania/src/build/navegacao_pkg/build install --record /home/victor/caramelo_goiania/src/build/navegacao_pkg/install.log --single-version-externally-managed install_data
[2.020s] Level 1:colcon.colcon_core.environment:checking '/home/victor/caramelo_goiania/src/install/navegacao_pkg' for CMake config files
[2.020s] Level 1:colcon.colcon_core.environment:checking '/home/victor/caramelo_goiania/src/install/navegacao_pkg/lib'
[2.021s] Level 1:colcon.colcon_core.environment:checking '/home/victor/caramelo_goiania/src/install/navegacao_pkg/bin'
[2.021s] Level 1:colcon.colcon_core.environment:checking '/home/victor/caramelo_goiania/src/install/navegacao_pkg/lib/pkgconfig/navegacao_pkg.pc'
[2.021s] Level 1:colcon.colcon_core.environment:checking '/home/victor/caramelo_goiania/src/install/navegacao_pkg/lib/python3.10/site-packages'
[2.021s] Level 1:colcon.colcon_core.shell:create_environment_hook('navegacao_pkg', 'pythonpath')
[2.021s] INFO:colcon.colcon_core.shell:Creating environment hook '/home/victor/caramelo_goiania/src/install/navegacao_pkg/share/navegacao_pkg/hook/pythonpath.ps1'
[2.022s] INFO:colcon.colcon_core.shell:Creating environment descriptor '/home/victor/caramelo_goiania/src/install/navegacao_pkg/share/navegacao_pkg/hook/pythonpath.dsv'
[2.022s] INFO:colcon.colcon_core.shell:Creating environment hook '/home/victor/caramelo_goiania/src/install/navegacao_pkg/share/navegacao_pkg/hook/pythonpath.sh'
[2.023s] Level 1:colcon.colcon_core.environment:checking '/home/victor/caramelo_goiania/src/install/navegacao_pkg/bin'
[2.023s] Level 1:colcon.colcon_core.environment:create_environment_scripts_only(navegacao_pkg)
[2.024s] INFO:colcon.colcon_core.shell:Creating package script '/home/victor/caramelo_goiania/src/install/navegacao_pkg/share/navegacao_pkg/package.ps1'
[2.024s] INFO:colcon.colcon_core.shell:Creating package descriptor '/home/victor/caramelo_goiania/src/install/navegacao_pkg/share/navegacao_pkg/package.dsv'
[2.024s] INFO:colcon.colcon_core.shell:Creating package script '/home/victor/caramelo_goiania/src/install/navegacao_pkg/share/navegacao_pkg/package.sh'
[2.025s] INFO:colcon.colcon_core.shell:Creating package script '/home/victor/caramelo_goiania/src/install/navegacao_pkg/share/navegacao_pkg/package.bash'
[2.025s] INFO:colcon.colcon_core.shell:Creating package script '/home/victor/caramelo_goiania/src/install/navegacao_pkg/share/navegacao_pkg/package.zsh'
[2.025s] Level 1:colcon.colcon_core.environment:create_file_with_runtime_dependencies(/home/victor/caramelo_goiania/src/install/navegacao_pkg/share/colcon-core/packages/navegacao_pkg)
[2.026s] DEBUG:colcon.colcon_parallel_executor.executor.parallel:closing loop
[2.026s] DEBUG:colcon.colcon_parallel_executor.executor.parallel:loop closed
[2.026s] DEBUG:colcon.colcon_parallel_executor.executor.parallel:run_until_complete finished with '0'
[2.026s] DEBUG:colcon.colcon_core.event_reactor:joining thread
[2.032s] INFO:colcon.colcon_core.plugin_system:Skipping extension 'colcon_notification.desktop_notification.terminal_notifier': Not used on non-Darwin systems
[2.032s] INFO:colcon.colcon_core.plugin_system:Skipping extension 'colcon_notification.desktop_notification.win32': Not used on non-Windows systems
[2.032s] INFO:colcon.colcon_notification.desktop_notification:Sending desktop notification using 'notify2'
[2.044s] DEBUG:colcon.colcon_core.event_reactor:joined thread
[2.044s] INFO:colcon.colcon_core.shell:Creating prefix script '/home/victor/caramelo_goiania/src/install/local_setup.ps1'
[2.045s] INFO:colcon.colcon_core.shell:Creating prefix util module '/home/victor/caramelo_goiania/src/install/_local_setup_util_ps1.py'
[2.047s] INFO:colcon.colcon_core.shell:Creating prefix chain script '/home/victor/caramelo_goiania/src/install/setup.ps1'
[2.049s] INFO:colcon.colcon_core.shell:Creating prefix script '/home/victor/caramelo_goiania/src/install/local_setup.sh'
[2.049s] INFO:colcon.colcon_core.shell:Creating prefix util module '/home/victor/caramelo_goiania/src/install/_local_setup_util_sh.py'
[2.050s] INFO:colcon.colcon_core.shell:Creating prefix chain script '/home/victor/caramelo_goiania/src/install/setup.sh'
[2.051s] INFO:colcon.colcon_core.shell:Creating prefix script '/home/victor/caramelo_goiania/src/install/local_setup.bash'
[2.052s] INFO:colcon.colcon_core.shell:Creating prefix chain script '/home/victor/caramelo_goiania/src/install/setup.bash'
[2.053s] INFO:colcon.colcon_core.shell:Creating prefix script '/home/victor/caramelo_goiania/src/install/local_setup.zsh'
[2.054s] INFO:colcon.colcon_core.shell:Creating prefix chain script '/home/victor/caramelo_goiania/src/install/setup.zsh'
