[0.264s] Invoking command in '/home/victor/caramelo_goiania/build/rplidar_ros': CMAKE_PREFIX_PATH=${CMAKE_PREFIX_PATH}:/home/victor/caramelo_goiania/src/install/navegacao_pkg:/home/victor/caramelo_goiania/install/navegacao_pkg:/opt/ros/humble /usr/bin/cmake /home/victor/caramelo_goiania/src/rplidar_ros -DCMAKE_INSTALL_PREFIX=/home/victor/caramelo_goiania/install/rplidar_ros
[0.277s] -- Found ament_cmake: 1.3.10 (/opt/ros/humble/share/ament_cmake/cmake)
[0.457s] -- Override CMake install command with custom implementation using symlinks instead of copying resources
[0.470s] -- Found rclcpp: 16.0.10 (/opt/ros/humble/share/rclcpp/cmake)
[0.498s] -- Found rosidl_generator_c: 3.1.5 (/opt/ros/humble/share/rosidl_generator_c/cmake)
[0.501s] -- Found rosidl_adapter: 3.1.5 (/opt/ros/humble/share/rosidl_adapter/cmake)
[0.512s] -- Found rosidl_generator_cpp: 3.1.5 (/opt/ros/humble/share/rosidl_generator_cpp/cmake)
[0.524s] -- Using all available rosidl_typesupport_c: rosidl_typesupport_fastrtps_c;rosidl_typesupport_introspection_c
[0.540s] -- Using all available rosidl_typesupport_cpp: rosidl_typesupport_fastrtps_cpp;rosidl_typesupport_introspection_cpp
[0.583s] -- Found rmw_implementation_cmake: 6.1.2 (/opt/ros/humble/share/rmw_implementation_cmake/cmake)
[0.585s] -- Found rmw_fastrtps_cpp: 6.2.7 (/opt/ros/humble/share/rmw_fastrtps_cpp/cmake)
[0.730s] -- Using RMW implementation 'rmw_fastrtps_cpp' as default
[0.787s] -- Found sensor_msgs: 4.2.4 (/opt/ros/humble/share/sensor_msgs/cmake)
[0.816s] -- Found std_srvs: 4.2.4 (/opt/ros/humble/share/std_srvs/cmake)
[0.904s] -- Configuring done
[0.941s] -- Generating done
[0.944s] -- Build files have been written to: /home/victor/caramelo_goiania/build/rplidar_ros
[0.955s] Invoked command in '/home/victor/caramelo_goiania/build/rplidar_ros' returned '0': CMAKE_PREFIX_PATH=${CMAKE_PREFIX_PATH}:/home/victor/caramelo_goiania/src/install/navegacao_pkg:/home/victor/caramelo_goiania/install/navegacao_pkg:/opt/ros/humble /usr/bin/cmake /home/victor/caramelo_goiania/src/rplidar_ros -DCMAKE_INSTALL_PREFIX=/home/victor/caramelo_goiania/install/rplidar_ros
[0.957s] Invoking command in '/home/victor/caramelo_goiania/build/rplidar_ros': CMAKE_PREFIX_PATH=${CMAKE_PREFIX_PATH}:/home/victor/caramelo_goiania/src/install/navegacao_pkg:/home/victor/caramelo_goiania/install/navegacao_pkg:/opt/ros/humble /usr/bin/cmake --build /home/victor/caramelo_goiania/build/rplidar_ros -- -j8 -l8
[1.006s] [35m[1mConsolidate compiler generated dependencies of target rplidar_client[0m
[1.006s] [35m[1mConsolidate compiler generated dependencies of target rplidar_composition[0m
[1.007s] [35m[1mConsolidate compiler generated dependencies of target rplidar_node[0m
[1.037s] [  5%] Built target rplidar_client
[1.048s] [ 52%] Built target rplidar_composition
[1.056s] [100%] Built target rplidar_node
[1.067s] Invoked command in '/home/victor/caramelo_goiania/build/rplidar_ros' returned '0': CMAKE_PREFIX_PATH=${CMAKE_PREFIX_PATH}:/home/victor/caramelo_goiania/src/install/navegacao_pkg:/home/victor/caramelo_goiania/install/navegacao_pkg:/opt/ros/humble /usr/bin/cmake --build /home/victor/caramelo_goiania/build/rplidar_ros -- -j8 -l8
[1.160s] Invoking command in '/home/victor/caramelo_goiania/build/rplidar_ros': CMAKE_PREFIX_PATH=${CMAKE_PREFIX_PATH}:/home/victor/caramelo_goiania/src/install/navegacao_pkg:/home/victor/caramelo_goiania/install/navegacao_pkg:/opt/ros/humble /usr/bin/cmake --install /home/victor/caramelo_goiania/build/rplidar_ros
[1.168s] -- Install configuration: ""
[1.168s] -- Execute custom install script
[1.169s] -- Symlinking: /home/victor/caramelo_goiania/install/rplidar_ros/share/rplidar_ros/launch/rplidar_a1_launch.py
[1.179s] -- Symlinking: /home/victor/caramelo_goiania/install/rplidar_ros/share/rplidar_ros/launch/rplidar_a2m12_launch.py
[1.189s] -- Symlinking: /home/victor/caramelo_goiania/install/rplidar_ros/share/rplidar_ros/launch/rplidar_a2m7_launch.py
[1.198s] -- Symlinking: /home/victor/caramelo_goiania/install/rplidar_ros/share/rplidar_ros/launch/rplidar_a2m8_launch.py
[1.208s] -- Symlinking: /home/victor/caramelo_goiania/install/rplidar_ros/share/rplidar_ros/launch/rplidar_a3_launch.py
[1.220s] -- Symlinking: /home/victor/caramelo_goiania/install/rplidar_ros/share/rplidar_ros/launch/rplidar_c1_launch.py
[1.234s] -- Symlinking: /home/victor/caramelo_goiania/install/rplidar_ros/share/rplidar_ros/launch/rplidar_s1_launch.py
[1.245s] -- Symlinking: /home/victor/caramelo_goiania/install/rplidar_ros/share/rplidar_ros/launch/rplidar_s1_tcp_launch.py
[1.255s] -- Symlinking: /home/victor/caramelo_goiania/install/rplidar_ros/share/rplidar_ros/launch/rplidar_s2_launch.py
[1.265s] -- Symlinking: /home/victor/caramelo_goiania/install/rplidar_ros/share/rplidar_ros/launch/rplidar_s2e_launch.py
[1.277s] -- Symlinking: /home/victor/caramelo_goiania/install/rplidar_ros/share/rplidar_ros/launch/rplidar_s3_launch.py
[1.286s] -- Symlinking: /home/victor/caramelo_goiania/install/rplidar_ros/share/rplidar_ros/launch/rplidar_t1_launch.py
[1.295s] -- Symlinking: /home/victor/caramelo_goiania/install/rplidar_ros/share/rplidar_ros/launch/view_rplidar_a1_launch.py
[1.305s] -- Symlinking: /home/victor/caramelo_goiania/install/rplidar_ros/share/rplidar_ros/launch/view_rplidar_a2m12_launch.py
[1.314s] -- Symlinking: /home/victor/caramelo_goiania/install/rplidar_ros/share/rplidar_ros/launch/view_rplidar_a2m7_launch.py
[1.324s] -- Symlinking: /home/victor/caramelo_goiania/install/rplidar_ros/share/rplidar_ros/launch/view_rplidar_a2m8_launch.py
[1.333s] -- Symlinking: /home/victor/caramelo_goiania/install/rplidar_ros/share/rplidar_ros/launch/view_rplidar_a3_launch.py
[1.342s] -- Symlinking: /home/victor/caramelo_goiania/install/rplidar_ros/share/rplidar_ros/launch/view_rplidar_c1_launch.py
[1.352s] -- Symlinking: /home/victor/caramelo_goiania/install/rplidar_ros/share/rplidar_ros/launch/view_rplidar_s1_launch.py
[1.364s] -- Symlinking: /home/victor/caramelo_goiania/install/rplidar_ros/share/rplidar_ros/launch/view_rplidar_s1_tcp_launch.py
[1.376s] -- Symlinking: /home/victor/caramelo_goiania/install/rplidar_ros/share/rplidar_ros/launch/view_rplidar_s2_launch.py
[1.388s] -- Symlinking: /home/victor/caramelo_goiania/install/rplidar_ros/share/rplidar_ros/launch/view_rplidar_s2e_launch.py
[1.400s] -- Symlinking: /home/victor/caramelo_goiania/install/rplidar_ros/share/rplidar_ros/launch/view_rplidar_s3_launch.py
[1.410s] -- Symlinking: /home/victor/caramelo_goiania/install/rplidar_ros/share/rplidar_ros/launch/view_rplidar_t1_launch.py
[1.422s] -- Symlinking: /home/victor/caramelo_goiania/install/rplidar_ros/share/rplidar_ros/rviz/rplidar_ros.rviz
[1.435s] -- Symlinking: /home/victor/caramelo_goiania/install/rplidar_ros/lib/rplidar_ros/rplidar_node
[1.447s] -- Symlinking: /home/victor/caramelo_goiania/install/rplidar_ros/lib/rplidar_ros/rplidar_composition
[1.458s] -- Symlinking: /home/victor/caramelo_goiania/install/rplidar_ros/lib/rplidar_ros/rplidar_client
[1.470s] -- Symlinking: /home/victor/caramelo_goiania/install/rplidar_ros/share/ament_index/resource_index/package_run_dependencies/rplidar_ros
[1.483s] -- Symlinking: /home/victor/caramelo_goiania/install/rplidar_ros/share/ament_index/resource_index/parent_prefix_path/rplidar_ros
[1.494s] -- Symlinking: /home/victor/caramelo_goiania/install/rplidar_ros/share/rplidar_ros/environment/ament_prefix_path.sh
[1.506s] -- Symlinking: /home/victor/caramelo_goiania/install/rplidar_ros/share/rplidar_ros/environment/ament_prefix_path.dsv
[1.517s] -- Symlinking: /home/victor/caramelo_goiania/install/rplidar_ros/share/rplidar_ros/environment/path.sh
[1.527s] -- Symlinking: /home/victor/caramelo_goiania/install/rplidar_ros/share/rplidar_ros/environment/path.dsv
[1.538s] -- Symlinking: /home/victor/caramelo_goiania/install/rplidar_ros/share/rplidar_ros/local_setup.bash
[1.550s] -- Symlinking: /home/victor/caramelo_goiania/install/rplidar_ros/share/rplidar_ros/local_setup.sh
[1.563s] -- Symlinking: /home/victor/caramelo_goiania/install/rplidar_ros/share/rplidar_ros/local_setup.zsh
[1.577s] -- Symlinking: /home/victor/caramelo_goiania/install/rplidar_ros/share/rplidar_ros/local_setup.dsv
[1.585s] -- Symlinking: /home/victor/caramelo_goiania/install/rplidar_ros/share/rplidar_ros/package.dsv
[1.595s] -- Symlinking: /home/victor/caramelo_goiania/install/rplidar_ros/share/ament_index/resource_index/packages/rplidar_ros
[1.604s] -- Symlinking: /home/victor/caramelo_goiania/install/rplidar_ros/share/rplidar_ros/cmake/ament_cmake_export_dependencies-extras.cmake
[1.612s] -- Symlinking: /home/victor/caramelo_goiania/install/rplidar_ros/share/rplidar_ros/cmake/ament_cmake_export_include_directories-extras.cmake
[1.622s] -- Symlinking: /home/victor/caramelo_goiania/install/rplidar_ros/share/rplidar_ros/cmake/rplidar_rosConfig.cmake
[1.632s] -- Symlinking: /home/victor/caramelo_goiania/install/rplidar_ros/share/rplidar_ros/cmake/rplidar_rosConfig-version.cmake
[1.641s] -- Symlinking: /home/victor/caramelo_goiania/install/rplidar_ros/share/rplidar_ros/package.xml
[1.652s] Invoked command in '/home/victor/caramelo_goiania/build/rplidar_ros' returned '0': CMAKE_PREFIX_PATH=${CMAKE_PREFIX_PATH}:/home/victor/caramelo_goiania/src/install/navegacao_pkg:/home/victor/caramelo_goiania/install/navegacao_pkg:/opt/ros/humble /usr/bin/cmake --install /home/victor/caramelo_goiania/build/rplidar_ros
