[0.469s] Invoking command in '/home/atwork/caramelo_goiania/src/navegacao_pkg': PYTHONPATH=/home/atwork/caramelo_goiania/src/build/navegacao_pkg/prefix_override:/usr/lib/python3/dist-packages/colcon_core/task/python/colcon_distutils_commands:/home/atwork/caramelo_goiania/src/install/navegacao_pkg/lib/python3.10/site-packages:${PYTHONPATH} /usr/bin/python3 -W ignore:setup.py install is deprecated setup.py egg_info --egg-base ../build/navegacao_pkg build --build-base /home/atwork/caramelo_goiania/src/build/navegacao_pkg/build install --record /home/atwork/caramelo_goiania/src/build/navegacao_pkg/install.log --single-version-externally-managed install_data
[0.608s] running egg_info
[0.609s] writing ../build/navegacao_pkg/navegacao_pkg.egg-info/PKG-INFO
[0.609s] writing dependency_links to ../build/navegacao_pkg/navegacao_pkg.egg-info/dependency_links.txt
[0.609s] writing entry points to ../build/navegacao_pkg/navegacao_pkg.egg-info/entry_points.txt
[0.609s] writing requirements to ../build/navegacao_pkg/navegacao_pkg.egg-info/requires.txt
[0.609s] writing top-level names to ../build/navegacao_pkg/navegacao_pkg.egg-info/top_level.txt
[0.610s] reading manifest file '../build/navegacao_pkg/navegacao_pkg.egg-info/SOURCES.txt'
[0.610s] writing manifest file '../build/navegacao_pkg/navegacao_pkg.egg-info/SOURCES.txt'
[0.610s] running build
[0.610s] running build_py
[0.610s] running install
[0.611s] running install_lib
[0.611s] running install_data
[0.611s] running install_egg_info
[0.613s] removing '/home/atwork/caramelo_goiania/src/install/navegacao_pkg/lib/python3.10/site-packages/navegacao_pkg-0.0.0-py3.10.egg-info' (and everything under it)
[0.613s] Copying ../build/navegacao_pkg/navegacao_pkg.egg-info to /home/atwork/caramelo_goiania/src/install/navegacao_pkg/lib/python3.10/site-packages/navegacao_pkg-0.0.0-py3.10.egg-info
[0.613s] running install_scripts
[0.624s] Installing segue_linha script to /home/atwork/caramelo_goiania/src/install/navegacao_pkg/lib/navegacao_pkg
[0.624s] Installing serial_node_arduino script to /home/atwork/caramelo_goiania/src/install/navegacao_pkg/lib/navegacao_pkg
[0.624s] Installing serial_node_isaac script to /home/atwork/caramelo_goiania/src/install/navegacao_pkg/lib/navegacao_pkg
[0.624s] writing list of installed files to '/home/atwork/caramelo_goiania/src/build/navegacao_pkg/install.log'
[0.637s] Invoked command in '/home/atwork/caramelo_goiania/src/navegacao_pkg' returned '0': PYTHONPATH=/home/atwork/caramelo_goiania/src/build/navegacao_pkg/prefix_override:/usr/lib/python3/dist-packages/colcon_core/task/python/colcon_distutils_commands:/home/atwork/caramelo_goiania/src/install/navegacao_pkg/lib/python3.10/site-packages:${PYTHONPATH} /usr/bin/python3 -W ignore:setup.py install is deprecated setup.py egg_info --egg-base ../build/navegacao_pkg build --build-base /home/atwork/caramelo_goiania/src/build/navegacao_pkg/build install --record /home/atwork/caramelo_goiania/src/build/navegacao_pkg/install.log --single-version-externally-managed install_data
