[0.309s] Invoking command in '/home/victor/caramelo_goiania/src/build/sllidar_ros2': CMAKE_PREFIX_PATH=/opt/ros/humble /usr/bin/cmake /home/victor/caramelo_goiania/src/sllidar_ros2 -DCMAKE_INSTALL_PREFIX=/home/victor/caramelo_goiania/src/install/sllidar_ros2
[0.322s] -- Found ament_cmake: 1.3.10 (/opt/ros/humble/share/ament_cmake/cmake)
[0.467s] -- Override CMake install command with custom implementation using symlinks instead of copying resources
[0.475s] -- Found rclcpp: 16.0.10 (/opt/ros/humble/share/rclcpp/cmake)
[0.505s] -- Found rosidl_generator_c: 3.1.5 (/opt/ros/humble/share/rosidl_generator_c/cmake)
[0.508s] -- Found rosidl_adapter: 3.1.5 (/opt/ros/humble/share/rosidl_adapter/cmake)
[0.514s] -- Found rosidl_generator_cpp: 3.1.5 (/opt/ros/humble/share/rosidl_generator_cpp/cmake)
[0.523s] -- Using all available rosidl_typesupport_c: rosidl_typesupport_fastrtps_c;rosidl_typesupport_introspection_c
[0.537s] -- Using all available rosidl_typesupport_cpp: rosidl_typesupport_fastrtps_cpp;rosidl_typesupport_introspection_cpp
[0.573s] -- Found rmw_implementation_cmake: 6.1.2 (/opt/ros/humble/share/rmw_implementation_cmake/cmake)
[0.574s] -- Found rmw_fastrtps_cpp: 6.2.7 (/opt/ros/humble/share/rmw_fastrtps_cpp/cmake)
[0.690s] -- Using RMW implementation 'rmw_fastrtps_cpp' as default
[0.750s] -- Found sensor_msgs: 4.2.4 (/opt/ros/humble/share/sensor_msgs/cmake)
[0.786s] -- Found std_srvs: 4.2.4 (/opt/ros/humble/share/std_srvs/cmake)
[0.880s] -- Configuring done
[0.900s] -- Generating done
[0.900s] -- Build files have been written to: /home/victor/caramelo_goiania/src/build/sllidar_ros2
[0.909s] Invoked command in '/home/victor/caramelo_goiania/src/build/sllidar_ros2' returned '0': CMAKE_PREFIX_PATH=/opt/ros/humble /usr/bin/cmake /home/victor/caramelo_goiania/src/sllidar_ros2 -DCMAKE_INSTALL_PREFIX=/home/victor/caramelo_goiania/src/install/sllidar_ros2
[0.912s] Invoking command in '/home/victor/caramelo_goiania/src/build/sllidar_ros2': CMAKE_PREFIX_PATH=/opt/ros/humble /usr/bin/cmake --build /home/victor/caramelo_goiania/src/build/sllidar_ros2 -- -j8 -l8
[0.960s] [35m[1mConsolidate compiler generated dependencies of target sllidar_client[0m
[0.965s] [35m[1mConsolidate compiler generated dependencies of target sllidar_node[0m
[0.982s] [ 10%] Built target sllidar_client
[1.005s] [100%] Built target sllidar_node
[1.019s] Invoked command in '/home/victor/caramelo_goiania/src/build/sllidar_ros2' returned '0': CMAKE_PREFIX_PATH=/opt/ros/humble /usr/bin/cmake --build /home/victor/caramelo_goiania/src/build/sllidar_ros2 -- -j8 -l8
[1.106s] Invoking command in '/home/victor/caramelo_goiania/src/build/sllidar_ros2': CMAKE_PREFIX_PATH=/opt/ros/humble /usr/bin/cmake --install /home/victor/caramelo_goiania/src/build/sllidar_ros2
[1.115s] -- Install configuration: ""
[1.116s] -- Execute custom install script
[1.116s] -- Up-to-date symlink: /home/victor/caramelo_goiania/src/install/sllidar_ros2/share/sllidar_ros2/launch/sllidar_a1_launch.py
[1.117s] -- Up-to-date symlink: /home/victor/caramelo_goiania/src/install/sllidar_ros2/share/sllidar_ros2/launch/sllidar_a2m12_launch .py
[1.117s] -- Up-to-date symlink: /home/victor/caramelo_goiania/src/install/sllidar_ros2/share/sllidar_ros2/launch/sllidar_a2m7_launch.py
[1.117s] -- Up-to-date symlink: /home/victor/caramelo_goiania/src/install/sllidar_ros2/share/sllidar_ros2/launch/sllidar_a2m8_launch.py
[1.117s] -- Up-to-date symlink: /home/victor/caramelo_goiania/src/install/sllidar_ros2/share/sllidar_ros2/launch/sllidar_a3_launch.py
[1.118s] -- Up-to-date symlink: /home/victor/caramelo_goiania/src/install/sllidar_ros2/share/sllidar_ros2/launch/sllidar_c1_launch.py
[1.118s] -- Up-to-date symlink: /home/victor/caramelo_goiania/src/install/sllidar_ros2/share/sllidar_ros2/launch/sllidar_s1_launch.py
[1.118s] -- Up-to-date symlink: /home/victor/caramelo_goiania/src/install/sllidar_ros2/share/sllidar_ros2/launch/sllidar_s1_tcp_launch.py
[1.118s] -- Up-to-date symlink: /home/victor/caramelo_goiania/src/install/sllidar_ros2/share/sllidar_ros2/launch/sllidar_s2_launch.py
[1.119s] -- Up-to-date symlink: /home/victor/caramelo_goiania/src/install/sllidar_ros2/share/sllidar_ros2/launch/sllidar_s2e_launch.py
[1.119s] -- Up-to-date symlink: /home/victor/caramelo_goiania/src/install/sllidar_ros2/share/sllidar_ros2/launch/sllidar_s3_launch.py
[1.119s] -- Up-to-date symlink: /home/victor/caramelo_goiania/src/install/sllidar_ros2/share/sllidar_ros2/launch/sllidar_t1_launch.py
[1.119s] -- Up-to-date symlink: /home/victor/caramelo_goiania/src/install/sllidar_ros2/share/sllidar_ros2/launch/view_sllidar_a1_launch.py
[1.119s] -- Up-to-date symlink: /home/victor/caramelo_goiania/src/install/sllidar_ros2/share/sllidar_ros2/launch/view_sllidar_a2m12_launch.py
[1.119s] -- Up-to-date symlink: /home/victor/caramelo_goiania/src/install/sllidar_ros2/share/sllidar_ros2/launch/view_sllidar_a2m7_launch.py
[1.120s] -- Up-to-date symlink: /home/victor/caramelo_goiania/src/install/sllidar_ros2/share/sllidar_ros2/launch/view_sllidar_a2m8_launch.py
[1.120s] -- Up-to-date symlink: /home/victor/caramelo_goiania/src/install/sllidar_ros2/share/sllidar_ros2/launch/view_sllidar_a3_launch.py
[1.120s] -- Up-to-date symlink: /home/victor/caramelo_goiania/src/install/sllidar_ros2/share/sllidar_ros2/launch/view_sllidar_c1_launch.py
[1.120s] -- Up-to-date symlink: /home/victor/caramelo_goiania/src/install/sllidar_ros2/share/sllidar_ros2/launch/view_sllidar_s1_launch.py
[1.120s] -- Up-to-date symlink: /home/victor/caramelo_goiania/src/install/sllidar_ros2/share/sllidar_ros2/launch/view_sllidar_s1_tcp_launch.py
[1.120s] -- Up-to-date symlink: /home/victor/caramelo_goiania/src/install/sllidar_ros2/share/sllidar_ros2/launch/view_sllidar_s2_launch.py
[1.121s] -- Up-to-date symlink: /home/victor/caramelo_goiania/src/install/sllidar_ros2/share/sllidar_ros2/launch/view_sllidar_s2e_launch.py
[1.121s] -- Up-to-date symlink: /home/victor/caramelo_goiania/src/install/sllidar_ros2/share/sllidar_ros2/launch/view_sllidar_s3_launch.py
[1.121s] -- Up-to-date symlink: /home/victor/caramelo_goiania/src/install/sllidar_ros2/share/sllidar_ros2/launch/view_sllidar_t1_launch.py
[1.121s] -- Up-to-date symlink: /home/victor/caramelo_goiania/src/install/sllidar_ros2/share/sllidar_ros2/rviz/sllidar_ros2.rviz
[1.121s] -- Up-to-date symlink: /home/victor/caramelo_goiania/src/install/sllidar_ros2/lib/sllidar_ros2/sllidar_node
[1.121s] -- Up-to-date symlink: /home/victor/caramelo_goiania/src/install/sllidar_ros2/lib/sllidar_ros2/sllidar_client
[1.121s] -- Up-to-date symlink: /home/victor/caramelo_goiania/src/install/sllidar_ros2/share/ament_index/resource_index/package_run_dependencies/sllidar_ros2
[1.122s] -- Up-to-date symlink: /home/victor/caramelo_goiania/src/install/sllidar_ros2/share/ament_index/resource_index/parent_prefix_path/sllidar_ros2
[1.122s] -- Up-to-date symlink: /home/victor/caramelo_goiania/src/install/sllidar_ros2/share/sllidar_ros2/environment/ament_prefix_path.sh
[1.122s] -- Up-to-date symlink: /home/victor/caramelo_goiania/src/install/sllidar_ros2/share/sllidar_ros2/environment/ament_prefix_path.dsv
[1.122s] -- Up-to-date symlink: /home/victor/caramelo_goiania/src/install/sllidar_ros2/share/sllidar_ros2/environment/path.sh
[1.122s] -- Up-to-date symlink: /home/victor/caramelo_goiania/src/install/sllidar_ros2/share/sllidar_ros2/environment/path.dsv
[1.122s] -- Up-to-date symlink: /home/victor/caramelo_goiania/src/install/sllidar_ros2/share/sllidar_ros2/local_setup.bash
[1.123s] -- Up-to-date symlink: /home/victor/caramelo_goiania/src/install/sllidar_ros2/share/sllidar_ros2/local_setup.sh
[1.123s] -- Up-to-date symlink: /home/victor/caramelo_goiania/src/install/sllidar_ros2/share/sllidar_ros2/local_setup.zsh
[1.123s] -- Up-to-date symlink: /home/victor/caramelo_goiania/src/install/sllidar_ros2/share/sllidar_ros2/local_setup.dsv
[1.123s] -- Symlinking: /home/victor/caramelo_goiania/src/install/sllidar_ros2/share/sllidar_ros2/package.dsv
[1.133s] -- Up-to-date symlink: /home/victor/caramelo_goiania/src/install/sllidar_ros2/share/ament_index/resource_index/packages/sllidar_ros2
[1.134s] -- Up-to-date symlink: /home/victor/caramelo_goiania/src/install/sllidar_ros2/share/sllidar_ros2/cmake/ament_cmake_export_dependencies-extras.cmake
[1.134s] -- Up-to-date symlink: /home/victor/caramelo_goiania/src/install/sllidar_ros2/share/sllidar_ros2/cmake/ament_cmake_export_include_directories-extras.cmake
[1.134s] -- Up-to-date symlink: /home/victor/caramelo_goiania/src/install/sllidar_ros2/share/sllidar_ros2/cmake/sllidar_ros2Config.cmake
[1.134s] -- Up-to-date symlink: /home/victor/caramelo_goiania/src/install/sllidar_ros2/share/sllidar_ros2/cmake/sllidar_ros2Config-version.cmake
[1.135s] -- Up-to-date symlink: /home/victor/caramelo_goiania/src/install/sllidar_ros2/share/sllidar_ros2/package.xml
[1.138s] Invoked command in '/home/victor/caramelo_goiania/src/build/sllidar_ros2' returned '0': CMAKE_PREFIX_PATH=/opt/ros/humble /usr/bin/cmake --install /home/victor/caramelo_goiania/src/build/sllidar_ros2
