[0.099s] DEBUG:colcon:Command line arguments: ['/usr/bin/colcon', 'build']
[0.099s] DEBUG:colcon:Parsed command line arguments: Namespace(log_base=None, log_level=None, verb_name='build', build_base='build', install_base='install', merge_install=False, symlink_install=False, test_result_base=None, continue_on_error=False, executor='parallel', parallel_workers=8, event_handlers=None, ignore_user_meta=False, metas=['./colcon.meta'], base_paths=['.'], packages_ignore=None, packages_ignore_regex=None, paths=None, packages_up_to=None, packages_up_to_regex=None, packages_above=None, packages_above_and_dependencies=None, packages_above_depth=None, packages_select_by_dep=None, packages_skip_by_dep=None, packages_skip_up_to=None, packages_select_build_failed=False, packages_skip_build_finished=False, packages_select_test_failures=False, packages_skip_test_passed=False, packages_select=None, packages_skip=None, packages_select_regex=None, packages_skip_regex=None, packages_start=None, packages_end=None, allow_overriding=[], cmake_args=None, cmake_target=None, cmake_target_skip_unavailable=False, cmake_clean_cache=False, cmake_clean_first=False, cmake_force_configure=False, ament_cmake_args=None, catkin_cmake_args=None, catkin_skip_building_tests=False, verb_parser=<colcon_defaults.argument_parser.defaults.DefaultArgumentsDecorator object at 0x7d7b5f43da80>, verb_extension=<colcon_core.verb.build.BuildVerb object at 0x7d7b5f43d540>, main=<bound method BuildVerb.main of <colcon_core.verb.build.BuildVerb object at 0x7d7b5f43d540>>)
[0.258s] Level 1:colcon.colcon_core.package_discovery:discover_packages(colcon_meta) check parameters
[0.258s] Level 1:colcon.colcon_core.package_discovery:discover_packages(recursive) check parameters
[0.258s] Level 1:colcon.colcon_core.package_discovery:discover_packages(ignore) check parameters
[0.258s] Level 1:colcon.colcon_core.package_discovery:discover_packages(path) check parameters
[0.258s] Level 1:colcon.colcon_core.package_discovery:discover_packages(colcon_meta) discover
[0.258s] Level 1:colcon.colcon_core.package_discovery:discover_packages(recursive) discover
[0.258s] INFO:colcon.colcon_core.package_discovery:Crawling recursively for packages in '/home/victor/caramelo_goiania/src'
[0.258s] Level 1:colcon.colcon_core.package_identification:_identify(.) by extensions ['ignore', 'ignore_ament_install']
[0.258s] Level 1:colcon.colcon_core.package_identification:_identify(.) by extension 'ignore'
[0.258s] Level 1:colcon.colcon_core.package_identification:_identify(.) by extension 'ignore_ament_install'
[0.258s] Level 1:colcon.colcon_core.package_identification:_identify(.) by extensions ['colcon_pkg']
[0.258s] Level 1:colcon.colcon_core.package_identification:_identify(.) by extension 'colcon_pkg'
[0.258s] Level 1:colcon.colcon_core.package_identification:_identify(.) by extensions ['colcon_meta']
[0.258s] Level 1:colcon.colcon_core.package_identification:_identify(.) by extension 'colcon_meta'
[0.258s] Level 1:colcon.colcon_core.package_identification:_identify(.) by extensions ['ros']
[0.258s] Level 1:colcon.colcon_core.package_identification:_identify(.) by extension 'ros'
[0.268s] Level 1:colcon.colcon_core.package_identification:_identify(.) by extensions ['cmake', 'python']
[0.268s] Level 1:colcon.colcon_core.package_identification:_identify(.) by extension 'cmake'
[0.268s] Level 1:colcon.colcon_core.package_identification:_identify(.) by extension 'python'
[0.268s] Level 1:colcon.colcon_core.package_identification:_identify(.) by extensions ['python_setup_py']
[0.268s] Level 1:colcon.colcon_core.package_identification:_identify(.) by extension 'python_setup_py'
[0.268s] Level 1:colcon.colcon_core.package_identification:_identify(build) by extensions ['ignore', 'ignore_ament_install']
[0.269s] Level 1:colcon.colcon_core.package_identification:_identify(build) by extension 'ignore'
[0.269s] Level 1:colcon.colcon_core.package_identification:_identify(build) ignored
[0.269s] Level 1:colcon.colcon_core.package_identification:_identify(install) by extensions ['ignore', 'ignore_ament_install']
[0.269s] Level 1:colcon.colcon_core.package_identification:_identify(install) by extension 'ignore'
[0.269s] Level 1:colcon.colcon_core.package_identification:_identify(install) ignored
[0.269s] Level 1:colcon.colcon_core.package_identification:_identify(log) by extensions ['ignore', 'ignore_ament_install']
[0.269s] Level 1:colcon.colcon_core.package_identification:_identify(log) by extension 'ignore'
[0.269s] Level 1:colcon.colcon_core.package_identification:_identify(log) ignored
[0.269s] Level 1:colcon.colcon_core.package_identification:_identify(navegacao_pkg) by extensions ['ignore', 'ignore_ament_install']
[0.269s] Level 1:colcon.colcon_core.package_identification:_identify(navegacao_pkg) by extension 'ignore'
[0.269s] Level 1:colcon.colcon_core.package_identification:_identify(navegacao_pkg) by extension 'ignore_ament_install'
[0.269s] Level 1:colcon.colcon_core.package_identification:_identify(navegacao_pkg) by extensions ['colcon_pkg']
[0.269s] Level 1:colcon.colcon_core.package_identification:_identify(navegacao_pkg) by extension 'colcon_pkg'
[0.269s] Level 1:colcon.colcon_core.package_identification:_identify(navegacao_pkg) by extensions ['colcon_meta']
[0.269s] Level 1:colcon.colcon_core.package_identification:_identify(navegacao_pkg) by extension 'colcon_meta'
[0.269s] Level 1:colcon.colcon_core.package_identification:_identify(navegacao_pkg) by extensions ['ros']
[0.269s] Level 1:colcon.colcon_core.package_identification:_identify(navegacao_pkg) by extension 'ros'
[0.271s] DEBUG:colcon.colcon_core.package_identification:Package 'navegacao_pkg' with type 'ros.ament_python' and name 'navegacao_pkg'
[0.272s] Level 1:colcon.colcon_core.package_identification:_identify(rplidar_ros) by extensions ['ignore', 'ignore_ament_install']
[0.272s] Level 1:colcon.colcon_core.package_identification:_identify(rplidar_ros) by extension 'ignore'
[0.272s] Level 1:colcon.colcon_core.package_identification:_identify(rplidar_ros) by extension 'ignore_ament_install'
[0.272s] Level 1:colcon.colcon_core.package_identification:_identify(rplidar_ros) by extensions ['colcon_pkg']
[0.272s] Level 1:colcon.colcon_core.package_identification:_identify(rplidar_ros) by extension 'colcon_pkg'
[0.272s] Level 1:colcon.colcon_core.package_identification:_identify(rplidar_ros) by extensions ['colcon_meta']
[0.272s] Level 1:colcon.colcon_core.package_identification:_identify(rplidar_ros) by extension 'colcon_meta'
[0.272s] Level 1:colcon.colcon_core.package_identification:_identify(rplidar_ros) by extensions ['ros']
[0.272s] Level 1:colcon.colcon_core.package_identification:_identify(rplidar_ros) by extension 'ros'
[0.272s] DEBUG:colcon.colcon_core.package_identification:Package 'rplidar_ros' with type 'ros.ament_cmake' and name 'rplidar_ros'
[0.273s] Level 1:colcon.colcon_core.package_identification:_identify(sllidar_ros2) by extensions ['ignore', 'ignore_ament_install']
[0.273s] Level 1:colcon.colcon_core.package_identification:_identify(sllidar_ros2) by extension 'ignore'
[0.273s] Level 1:colcon.colcon_core.package_identification:_identify(sllidar_ros2) by extension 'ignore_ament_install'
[0.273s] Level 1:colcon.colcon_core.package_identification:_identify(sllidar_ros2) by extensions ['colcon_pkg']
[0.273s] Level 1:colcon.colcon_core.package_identification:_identify(sllidar_ros2) by extension 'colcon_pkg'
[0.273s] Level 1:colcon.colcon_core.package_identification:_identify(sllidar_ros2) by extensions ['colcon_meta']
[0.273s] Level 1:colcon.colcon_core.package_identification:_identify(sllidar_ros2) by extension 'colcon_meta'
[0.273s] Level 1:colcon.colcon_core.package_identification:_identify(sllidar_ros2) by extensions ['ros']
[0.273s] Level 1:colcon.colcon_core.package_identification:_identify(sllidar_ros2) by extension 'ros'
[0.274s] DEBUG:colcon.colcon_core.package_identification:Package 'sllidar_ros2' with type 'ros.ament_cmake' and name 'sllidar_ros2'
[0.274s] Level 1:colcon.colcon_core.package_discovery:discover_packages(recursive) using defaults
[0.274s] Level 1:colcon.colcon_core.package_discovery:discover_packages(ignore) discover
[0.274s] Level 1:colcon.colcon_core.package_discovery:discover_packages(ignore) using defaults
[0.274s] Level 1:colcon.colcon_core.package_discovery:discover_packages(path) discover
[0.274s] Level 1:colcon.colcon_core.package_discovery:discover_packages(path) using defaults
[0.300s] Level 1:colcon.colcon_core.package_discovery:discover_packages(prefix_path) check parameters
[0.300s] Level 1:colcon.colcon_core.package_discovery:discover_packages(prefix_path) discover
[0.302s] DEBUG:colcon.colcon_installed_package_information.package_discovery:Found 3 installed packages in /home/victor/caramelo_goiania/src/install
[0.302s] DEBUG:colcon.colcon_installed_package_information.package_discovery:Found 0 installed packages in /home/victor/caramelo_goiania/install
[0.303s] DEBUG:colcon.colcon_installed_package_information.package_discovery:Found 0 installed packages in /home/victor/install
[0.304s] DEBUG:colcon.colcon_installed_package_information.package_discovery:Found 413 installed packages in /opt/ros/humble
[0.306s] Level 1:colcon.colcon_core.package_discovery:discover_packages(prefix_path) using defaults
[0.354s] Level 5:colcon.colcon_core.verb:set package 'navegacao_pkg' build argument 'cmake_args' from command line to 'None'
[0.354s] Level 5:colcon.colcon_core.verb:set package 'navegacao_pkg' build argument 'cmake_target' from command line to 'None'
[0.354s] Level 5:colcon.colcon_core.verb:set package 'navegacao_pkg' build argument 'cmake_target_skip_unavailable' from command line to 'False'
[0.354s] Level 5:colcon.colcon_core.verb:set package 'navegacao_pkg' build argument 'cmake_clean_cache' from command line to 'False'
[0.354s] Level 5:colcon.colcon_core.verb:set package 'navegacao_pkg' build argument 'cmake_clean_first' from command line to 'False'
[0.354s] Level 5:colcon.colcon_core.verb:set package 'navegacao_pkg' build argument 'cmake_force_configure' from command line to 'False'
[0.354s] Level 5:colcon.colcon_core.verb:set package 'navegacao_pkg' build argument 'ament_cmake_args' from command line to 'None'
[0.354s] Level 5:colcon.colcon_core.verb:set package 'navegacao_pkg' build argument 'catkin_cmake_args' from command line to 'None'
[0.354s] Level 5:colcon.colcon_core.verb:set package 'navegacao_pkg' build argument 'catkin_skip_building_tests' from command line to 'False'
[0.354s] DEBUG:colcon.colcon_core.verb:Building package 'navegacao_pkg' with the following arguments: {'ament_cmake_args': None, 'build_base': '/home/victor/caramelo_goiania/src/build/navegacao_pkg', 'catkin_cmake_args': None, 'catkin_skip_building_tests': False, 'cmake_args': None, 'cmake_clean_cache': False, 'cmake_clean_first': False, 'cmake_force_configure': False, 'cmake_target': None, 'cmake_target_skip_unavailable': False, 'install_base': '/home/victor/caramelo_goiania/src/install/navegacao_pkg', 'merge_install': False, 'path': '/home/victor/caramelo_goiania/src/navegacao_pkg', 'symlink_install': False, 'test_result_base': None}
[0.354s] Level 5:colcon.colcon_core.verb:set package 'rplidar_ros' build argument 'cmake_args' from command line to 'None'
[0.355s] Level 5:colcon.colcon_core.verb:set package 'rplidar_ros' build argument 'cmake_target' from command line to 'None'
[0.355s] Level 5:colcon.colcon_core.verb:set package 'rplidar_ros' build argument 'cmake_target_skip_unavailable' from command line to 'False'
[0.355s] Level 5:colcon.colcon_core.verb:set package 'rplidar_ros' build argument 'cmake_clean_cache' from command line to 'False'
[0.355s] Level 5:colcon.colcon_core.verb:set package 'rplidar_ros' build argument 'cmake_clean_first' from command line to 'False'
[0.355s] Level 5:colcon.colcon_core.verb:set package 'rplidar_ros' build argument 'cmake_force_configure' from command line to 'False'
[0.355s] Level 5:colcon.colcon_core.verb:set package 'rplidar_ros' build argument 'ament_cmake_args' from command line to 'None'
[0.355s] Level 5:colcon.colcon_core.verb:set package 'rplidar_ros' build argument 'catkin_cmake_args' from command line to 'None'
[0.355s] Level 5:colcon.colcon_core.verb:set package 'rplidar_ros' build argument 'catkin_skip_building_tests' from command line to 'False'
[0.355s] DEBUG:colcon.colcon_core.verb:Building package 'rplidar_ros' with the following arguments: {'ament_cmake_args': None, 'build_base': '/home/victor/caramelo_goiania/src/build/rplidar_ros', 'catkin_cmake_args': None, 'catkin_skip_building_tests': False, 'cmake_args': None, 'cmake_clean_cache': False, 'cmake_clean_first': False, 'cmake_force_configure': False, 'cmake_target': None, 'cmake_target_skip_unavailable': False, 'install_base': '/home/victor/caramelo_goiania/src/install/rplidar_ros', 'merge_install': False, 'path': '/home/victor/caramelo_goiania/src/rplidar_ros', 'symlink_install': False, 'test_result_base': None}
[0.355s] Level 5:colcon.colcon_core.verb:set package 'sllidar_ros2' build argument 'cmake_args' from command line to 'None'
[0.355s] Level 5:colcon.colcon_core.verb:set package 'sllidar_ros2' build argument 'cmake_target' from command line to 'None'
[0.355s] Level 5:colcon.colcon_core.verb:set package 'sllidar_ros2' build argument 'cmake_target_skip_unavailable' from command line to 'False'
[0.355s] Level 5:colcon.colcon_core.verb:set package 'sllidar_ros2' build argument 'cmake_clean_cache' from command line to 'False'
[0.355s] Level 5:colcon.colcon_core.verb:set package 'sllidar_ros2' build argument 'cmake_clean_first' from command line to 'False'
[0.355s] Level 5:colcon.colcon_core.verb:set package 'sllidar_ros2' build argument 'cmake_force_configure' from command line to 'False'
[0.355s] Level 5:colcon.colcon_core.verb:set package 'sllidar_ros2' build argument 'ament_cmake_args' from command line to 'None'
[0.355s] Level 5:colcon.colcon_core.verb:set package 'sllidar_ros2' build argument 'catkin_cmake_args' from command line to 'None'
[0.355s] Level 5:colcon.colcon_core.verb:set package 'sllidar_ros2' build argument 'catkin_skip_building_tests' from command line to 'False'
[0.355s] DEBUG:colcon.colcon_core.verb:Building package 'sllidar_ros2' with the following arguments: {'ament_cmake_args': None, 'build_base': '/home/victor/caramelo_goiania/src/build/sllidar_ros2', 'catkin_cmake_args': None, 'catkin_skip_building_tests': False, 'cmake_args': None, 'cmake_clean_cache': False, 'cmake_clean_first': False, 'cmake_force_configure': False, 'cmake_target': None, 'cmake_target_skip_unavailable': False, 'install_base': '/home/victor/caramelo_goiania/src/install/sllidar_ros2', 'merge_install': False, 'path': '/home/victor/caramelo_goiania/src/sllidar_ros2', 'symlink_install': False, 'test_result_base': None}
[0.355s] INFO:colcon.colcon_core.executor:Executing jobs using 'parallel' executor
[0.356s] DEBUG:colcon.colcon_parallel_executor.executor.parallel:run_until_complete
[0.356s] INFO:colcon.colcon_ros.task.ament_python.build:Building ROS package in '/home/victor/caramelo_goiania/src/navegacao_pkg' with build type 'ament_python'
[0.356s] Level 1:colcon.colcon_core.shell:create_environment_hook('navegacao_pkg', 'ament_prefix_path')
[0.358s] INFO:colcon.colcon_core.plugin_system:Skipping extension 'colcon_core.shell.bat': Not used on non-Windows systems
[0.358s] INFO:colcon.colcon_core.shell:Creating environment hook '/home/victor/caramelo_goiania/src/install/navegacao_pkg/share/navegacao_pkg/hook/ament_prefix_path.ps1'
[0.359s] INFO:colcon.colcon_core.shell:Creating environment descriptor '/home/victor/caramelo_goiania/src/install/navegacao_pkg/share/navegacao_pkg/hook/ament_prefix_path.dsv'
[0.359s] INFO:colcon.colcon_core.shell:Creating environment hook '/home/victor/caramelo_goiania/src/install/navegacao_pkg/share/navegacao_pkg/hook/ament_prefix_path.sh'
[0.360s] INFO:colcon.colcon_core.shell:Skip shell extension 'powershell' for command environment: Not usable outside of PowerShell
[0.360s] DEBUG:colcon.colcon_core.shell:Skip shell extension 'dsv' for command environment
[0.364s] INFO:colcon.colcon_ros.task.ament_cmake.build:Building ROS package in '/home/victor/caramelo_goiania/src/rplidar_ros' with build type 'ament_cmake'
[0.364s] INFO:colcon.colcon_cmake.task.cmake.build:Building CMake package in '/home/victor/caramelo_goiania/src/rplidar_ros'
[0.364s] INFO:colcon.colcon_core.shell:Skip shell extension 'powershell' for command environment: Not usable outside of PowerShell
[0.364s] DEBUG:colcon.colcon_core.shell:Skip shell extension 'dsv' for command environment
[0.368s] INFO:colcon.colcon_ros.task.ament_cmake.build:Building ROS package in '/home/victor/caramelo_goiania/src/sllidar_ros2' with build type 'ament_cmake'
[0.368s] INFO:colcon.colcon_cmake.task.cmake.build:Building CMake package in '/home/victor/caramelo_goiania/src/sllidar_ros2'
[0.369s] INFO:colcon.colcon_core.shell:Skip shell extension 'powershell' for command environment: Not usable outside of PowerShell
[0.369s] DEBUG:colcon.colcon_core.shell:Skip shell extension 'dsv' for command environment
[0.612s] INFO:colcon.colcon_core.task.python.build:Building Python package in '/home/victor/caramelo_goiania/src/navegacao_pkg'
[0.612s] INFO:colcon.colcon_core.shell:Skip shell extension 'powershell' for command environment: Not usable outside of PowerShell
[0.612s] DEBUG:colcon.colcon_core.shell:Skip shell extension 'dsv' for command environment
[0.620s] DEBUG:colcon.colcon_core.event_handler.log_command:Invoking command in '/home/victor/caramelo_goiania/src/build/rplidar_ros': CMAKE_PREFIX_PATH=${CMAKE_PREFIX_PATH}:/home/victor/caramelo_goiania/src/install/navegacao_pkg:/home/victor/caramelo_goiania/install/navegacao_pkg:/opt/ros/humble /usr/bin/cmake --build /home/victor/caramelo_goiania/src/build/rplidar_ros -- -j8 -l8
[0.624s] DEBUG:colcon.colcon_core.event_handler.log_command:Invoking command in '/home/victor/caramelo_goiania/src/build/sllidar_ros2': CMAKE_PREFIX_PATH=${CMAKE_PREFIX_PATH}:/home/victor/caramelo_goiania/src/install/navegacao_pkg:/home/victor/caramelo_goiania/install/navegacao_pkg:/opt/ros/humble /usr/bin/cmake --build /home/victor/caramelo_goiania/src/build/sllidar_ros2 -- -j8 -l8
[0.709s] DEBUG:colcon.colcon_core.event_handler.log_command:Invoked command in '/home/victor/caramelo_goiania/src/build/rplidar_ros' returned '0': CMAKE_PREFIX_PATH=${CMAKE_PREFIX_PATH}:/home/victor/caramelo_goiania/src/install/navegacao_pkg:/home/victor/caramelo_goiania/install/navegacao_pkg:/opt/ros/humble /usr/bin/cmake --build /home/victor/caramelo_goiania/src/build/rplidar_ros -- -j8 -l8
[0.715s] DEBUG:colcon.colcon_core.event_handler.log_command:Invoked command in '/home/victor/caramelo_goiania/src/build/sllidar_ros2' returned '0': CMAKE_PREFIX_PATH=${CMAKE_PREFIX_PATH}:/home/victor/caramelo_goiania/src/install/navegacao_pkg:/home/victor/caramelo_goiania/install/navegacao_pkg:/opt/ros/humble /usr/bin/cmake --build /home/victor/caramelo_goiania/src/build/sllidar_ros2 -- -j8 -l8
[0.806s] DEBUG:colcon.colcon_core.event_handler.log_command:Invoking command in '/home/victor/caramelo_goiania/src/build/rplidar_ros': CMAKE_PREFIX_PATH=${CMAKE_PREFIX_PATH}:/home/victor/caramelo_goiania/src/install/navegacao_pkg:/home/victor/caramelo_goiania/install/navegacao_pkg:/opt/ros/humble /usr/bin/cmake --install /home/victor/caramelo_goiania/src/build/rplidar_ros
[0.809s] DEBUG:colcon.colcon_core.event_handler.log_command:Invoking command in '/home/victor/caramelo_goiania/src/build/sllidar_ros2': CMAKE_PREFIX_PATH=${CMAKE_PREFIX_PATH}:/home/victor/caramelo_goiania/src/install/navegacao_pkg:/home/victor/caramelo_goiania/install/navegacao_pkg:/opt/ros/humble /usr/bin/cmake --install /home/victor/caramelo_goiania/src/build/sllidar_ros2
[0.822s] Level 1:colcon.colcon_core.environment:create_environment_scripts_only(rplidar_ros)
[0.828s] Level 1:colcon.colcon_core.environment:checking '/home/victor/caramelo_goiania/src/install/rplidar_ros' for CMake module files
[0.829s] Level 1:colcon.colcon_core.environment:checking '/home/victor/caramelo_goiania/src/install/rplidar_ros' for CMake config files
[0.829s] Level 1:colcon.colcon_core.shell:create_environment_hook('rplidar_ros', 'cmake_prefix_path')
[0.830s] INFO:colcon.colcon_core.shell:Creating environment hook '/home/victor/caramelo_goiania/src/install/rplidar_ros/share/rplidar_ros/hook/cmake_prefix_path.ps1'
[0.830s] INFO:colcon.colcon_core.shell:Creating environment descriptor '/home/victor/caramelo_goiania/src/install/rplidar_ros/share/rplidar_ros/hook/cmake_prefix_path.dsv'
[0.831s] INFO:colcon.colcon_core.shell:Creating environment hook '/home/victor/caramelo_goiania/src/install/rplidar_ros/share/rplidar_ros/hook/cmake_prefix_path.sh'
[0.832s] Level 1:colcon.colcon_core.environment:checking '/home/victor/caramelo_goiania/src/install/rplidar_ros/lib'
[0.832s] Level 1:colcon.colcon_core.environment:checking '/home/victor/caramelo_goiania/src/install/rplidar_ros/bin'
[0.833s] Level 1:colcon.colcon_core.environment:checking '/home/victor/caramelo_goiania/src/install/rplidar_ros/lib/pkgconfig/rplidar_ros.pc'
[0.833s] Level 1:colcon.colcon_core.environment:checking '/home/victor/caramelo_goiania/src/install/rplidar_ros/lib/python3.10/site-packages'
[0.833s] Level 1:colcon.colcon_core.environment:checking '/home/victor/caramelo_goiania/src/install/rplidar_ros/bin'
[0.833s] INFO:colcon.colcon_core.shell:Creating package script '/home/victor/caramelo_goiania/src/install/rplidar_ros/share/rplidar_ros/package.ps1'
[0.834s] INFO:colcon.colcon_core.shell:Creating package descriptor '/home/victor/caramelo_goiania/src/install/rplidar_ros/share/rplidar_ros/package.dsv'
[0.835s] INFO:colcon.colcon_core.shell:Creating package script '/home/victor/caramelo_goiania/src/install/rplidar_ros/share/rplidar_ros/package.sh'
[0.836s] INFO:colcon.colcon_core.shell:Creating package script '/home/victor/caramelo_goiania/src/install/rplidar_ros/share/rplidar_ros/package.bash'
[0.837s] INFO:colcon.colcon_core.shell:Creating package script '/home/victor/caramelo_goiania/src/install/rplidar_ros/share/rplidar_ros/package.zsh'
[0.838s] DEBUG:colcon.colcon_core.event_handler.log_command:Invoked command in '/home/victor/caramelo_goiania/src/build/rplidar_ros' returned '0': CMAKE_PREFIX_PATH=${CMAKE_PREFIX_PATH}:/home/victor/caramelo_goiania/src/install/navegacao_pkg:/home/victor/caramelo_goiania/install/navegacao_pkg:/opt/ros/humble /usr/bin/cmake --install /home/victor/caramelo_goiania/src/build/rplidar_ros
[0.838s] Level 1:colcon.colcon_core.environment:create_file_with_runtime_dependencies(/home/victor/caramelo_goiania/src/install/rplidar_ros/share/colcon-core/packages/rplidar_ros)
[0.840s] Level 1:colcon.colcon_core.environment:create_environment_scripts_only(sllidar_ros2)
[0.840s] Level 1:colcon.colcon_core.environment:checking '/home/victor/caramelo_goiania/src/install/sllidar_ros2' for CMake module files
[0.841s] DEBUG:colcon.colcon_core.event_handler.log_command:Invoked command in '/home/victor/caramelo_goiania/src/build/sllidar_ros2' returned '0': CMAKE_PREFIX_PATH=${CMAKE_PREFIX_PATH}:/home/victor/caramelo_goiania/src/install/navegacao_pkg:/home/victor/caramelo_goiania/install/navegacao_pkg:/opt/ros/humble /usr/bin/cmake --install /home/victor/caramelo_goiania/src/build/sllidar_ros2
[0.841s] Level 1:colcon.colcon_core.environment:checking '/home/victor/caramelo_goiania/src/install/sllidar_ros2' for CMake config files
[0.842s] Level 1:colcon.colcon_core.shell:create_environment_hook('sllidar_ros2', 'cmake_prefix_path')
[0.842s] INFO:colcon.colcon_core.shell:Creating environment hook '/home/victor/caramelo_goiania/src/install/sllidar_ros2/share/sllidar_ros2/hook/cmake_prefix_path.ps1'
[0.842s] INFO:colcon.colcon_core.shell:Creating environment descriptor '/home/victor/caramelo_goiania/src/install/sllidar_ros2/share/sllidar_ros2/hook/cmake_prefix_path.dsv'
[0.842s] INFO:colcon.colcon_core.shell:Creating environment hook '/home/victor/caramelo_goiania/src/install/sllidar_ros2/share/sllidar_ros2/hook/cmake_prefix_path.sh'
[0.843s] Level 1:colcon.colcon_core.environment:checking '/home/victor/caramelo_goiania/src/install/sllidar_ros2/lib'
[0.843s] Level 1:colcon.colcon_core.environment:checking '/home/victor/caramelo_goiania/src/install/sllidar_ros2/bin'
[0.843s] Level 1:colcon.colcon_core.environment:checking '/home/victor/caramelo_goiania/src/install/sllidar_ros2/lib/pkgconfig/sllidar_ros2.pc'
[0.843s] Level 1:colcon.colcon_core.environment:checking '/home/victor/caramelo_goiania/src/install/sllidar_ros2/lib/python3.10/site-packages'
[0.843s] Level 1:colcon.colcon_core.environment:checking '/home/victor/caramelo_goiania/src/install/sllidar_ros2/bin'
[0.844s] INFO:colcon.colcon_core.shell:Creating package script '/home/victor/caramelo_goiania/src/install/sllidar_ros2/share/sllidar_ros2/package.ps1'
[0.844s] INFO:colcon.colcon_core.shell:Creating package descriptor '/home/victor/caramelo_goiania/src/install/sllidar_ros2/share/sllidar_ros2/package.dsv'
[0.844s] INFO:colcon.colcon_core.shell:Creating package script '/home/victor/caramelo_goiania/src/install/sllidar_ros2/share/sllidar_ros2/package.sh'
[0.845s] INFO:colcon.colcon_core.shell:Creating package script '/home/victor/caramelo_goiania/src/install/sllidar_ros2/share/sllidar_ros2/package.bash'
[0.845s] INFO:colcon.colcon_core.shell:Creating package script '/home/victor/caramelo_goiania/src/install/sllidar_ros2/share/sllidar_ros2/package.zsh'
[0.845s] Level 1:colcon.colcon_core.environment:create_file_with_runtime_dependencies(/home/victor/caramelo_goiania/src/install/sllidar_ros2/share/colcon-core/packages/sllidar_ros2)
[0.904s] Level 1:colcon.colcon_core.environment:create_environment_scripts_only(rplidar_ros)
[0.904s] Level 1:colcon.colcon_core.environment:checking '/home/victor/caramelo_goiania/src/install/rplidar_ros' for CMake module files
[0.905s] Level 1:colcon.colcon_core.environment:checking '/home/victor/caramelo_goiania/src/install/rplidar_ros' for CMake config files
[0.905s] Level 1:colcon.colcon_core.shell:create_environment_hook('rplidar_ros', 'cmake_prefix_path')
[0.906s] INFO:colcon.colcon_core.shell:Creating environment hook '/home/victor/caramelo_goiania/src/install/rplidar_ros/share/rplidar_ros/hook/cmake_prefix_path.ps1'
[0.906s] INFO:colcon.colcon_core.shell:Creating environment descriptor '/home/victor/caramelo_goiania/src/install/rplidar_ros/share/rplidar_ros/hook/cmake_prefix_path.dsv'
[0.907s] INFO:colcon.colcon_core.shell:Creating environment hook '/home/victor/caramelo_goiania/src/install/rplidar_ros/share/rplidar_ros/hook/cmake_prefix_path.sh'
[0.907s] Level 1:colcon.colcon_core.environment:checking '/home/victor/caramelo_goiania/src/install/rplidar_ros/lib'
[0.908s] Level 1:colcon.colcon_core.environment:checking '/home/victor/caramelo_goiania/src/install/rplidar_ros/bin'
[0.908s] Level 1:colcon.colcon_core.environment:checking '/home/victor/caramelo_goiania/src/install/rplidar_ros/lib/pkgconfig/rplidar_ros.pc'
[0.908s] Level 1:colcon.colcon_core.environment:checking '/home/victor/caramelo_goiania/src/install/rplidar_ros/lib/python3.10/site-packages'
[0.908s] Level 1:colcon.colcon_core.environment:checking '/home/victor/caramelo_goiania/src/install/rplidar_ros/bin'
[0.909s] INFO:colcon.colcon_core.shell:Creating package script '/home/victor/caramelo_goiania/src/install/rplidar_ros/share/rplidar_ros/package.ps1'
[0.910s] INFO:colcon.colcon_core.shell:Creating package descriptor '/home/victor/caramelo_goiania/src/install/rplidar_ros/share/rplidar_ros/package.dsv'
[0.910s] INFO:colcon.colcon_core.shell:Creating package script '/home/victor/caramelo_goiania/src/install/rplidar_ros/share/rplidar_ros/package.sh'
[0.911s] INFO:colcon.colcon_core.shell:Creating package script '/home/victor/caramelo_goiania/src/install/rplidar_ros/share/rplidar_ros/package.bash'
[0.911s] INFO:colcon.colcon_core.shell:Creating package script '/home/victor/caramelo_goiania/src/install/rplidar_ros/share/rplidar_ros/package.zsh'
[0.912s] Level 1:colcon.colcon_core.environment:create_file_with_runtime_dependencies(/home/victor/caramelo_goiania/src/install/rplidar_ros/share/colcon-core/packages/rplidar_ros)
[0.913s] Level 1:colcon.colcon_core.environment:create_environment_scripts_only(sllidar_ros2)
[0.914s] Level 1:colcon.colcon_core.environment:checking '/home/victor/caramelo_goiania/src/install/sllidar_ros2' for CMake module files
[0.914s] Level 1:colcon.colcon_core.environment:checking '/home/victor/caramelo_goiania/src/install/sllidar_ros2' for CMake config files
[0.915s] Level 1:colcon.colcon_core.shell:create_environment_hook('sllidar_ros2', 'cmake_prefix_path')
[0.915s] INFO:colcon.colcon_core.shell:Creating environment hook '/home/victor/caramelo_goiania/src/install/sllidar_ros2/share/sllidar_ros2/hook/cmake_prefix_path.ps1'
[0.916s] INFO:colcon.colcon_core.shell:Creating environment descriptor '/home/victor/caramelo_goiania/src/install/sllidar_ros2/share/sllidar_ros2/hook/cmake_prefix_path.dsv'
[0.916s] INFO:colcon.colcon_core.shell:Creating environment hook '/home/victor/caramelo_goiania/src/install/sllidar_ros2/share/sllidar_ros2/hook/cmake_prefix_path.sh'
[0.917s] Level 1:colcon.colcon_core.environment:checking '/home/victor/caramelo_goiania/src/install/sllidar_ros2/lib'
[0.917s] Level 1:colcon.colcon_core.environment:checking '/home/victor/caramelo_goiania/src/install/sllidar_ros2/bin'
[0.917s] Level 1:colcon.colcon_core.environment:checking '/home/victor/caramelo_goiania/src/install/sllidar_ros2/lib/pkgconfig/sllidar_ros2.pc'
[0.917s] Level 1:colcon.colcon_core.environment:checking '/home/victor/caramelo_goiania/src/install/sllidar_ros2/lib/python3.10/site-packages'
[0.918s] Level 1:colcon.colcon_core.environment:checking '/home/victor/caramelo_goiania/src/install/sllidar_ros2/bin'
[0.918s] INFO:colcon.colcon_core.shell:Creating package script '/home/victor/caramelo_goiania/src/install/sllidar_ros2/share/sllidar_ros2/package.ps1'
[0.919s] INFO:colcon.colcon_core.shell:Creating package descriptor '/home/victor/caramelo_goiania/src/install/sllidar_ros2/share/sllidar_ros2/package.dsv'
[0.920s] INFO:colcon.colcon_core.shell:Creating package script '/home/victor/caramelo_goiania/src/install/sllidar_ros2/share/sllidar_ros2/package.sh'
[0.920s] INFO:colcon.colcon_core.shell:Creating package script '/home/victor/caramelo_goiania/src/install/sllidar_ros2/share/sllidar_ros2/package.bash'
[0.921s] INFO:colcon.colcon_core.shell:Creating package script '/home/victor/caramelo_goiania/src/install/sllidar_ros2/share/sllidar_ros2/package.zsh'
[0.921s] Level 1:colcon.colcon_core.environment:create_file_with_runtime_dependencies(/home/victor/caramelo_goiania/src/install/sllidar_ros2/share/colcon-core/packages/sllidar_ros2)
[1.131s] DEBUG:colcon.colcon_core.event_handler.log_command:Invoking command in '/home/victor/caramelo_goiania/src/navegacao_pkg': PYTHONPATH=/home/victor/caramelo_goiania/src/build/navegacao_pkg/prefix_override:/usr/lib/python3/dist-packages/colcon_core/task/python/colcon_distutils_commands:/home/victor/caramelo_goiania/src/install/navegacao_pkg/lib/python3.10/site-packages:${PYTHONPATH} /usr/bin/python3 -W ignore:setup.py install is deprecated setup.py egg_info --egg-base ../build/navegacao_pkg build --build-base /home/victor/caramelo_goiania/src/build/navegacao_pkg/build install --record /home/victor/caramelo_goiania/src/build/navegacao_pkg/install.log --single-version-externally-managed install_data
[1.402s] Level 1:colcon.colcon_core.environment:checking '/home/victor/caramelo_goiania/src/install/navegacao_pkg' for CMake module files
[1.403s] DEBUG:colcon.colcon_core.event_handler.log_command:Invoked command in '/home/victor/caramelo_goiania/src/navegacao_pkg' returned '0': PYTHONPATH=/home/victor/caramelo_goiania/src/build/navegacao_pkg/prefix_override:/usr/lib/python3/dist-packages/colcon_core/task/python/colcon_distutils_commands:/home/victor/caramelo_goiania/src/install/navegacao_pkg/lib/python3.10/site-packages:${PYTHONPATH} /usr/bin/python3 -W ignore:setup.py install is deprecated setup.py egg_info --egg-base ../build/navegacao_pkg build --build-base /home/victor/caramelo_goiania/src/build/navegacao_pkg/build install --record /home/victor/caramelo_goiania/src/build/navegacao_pkg/install.log --single-version-externally-managed install_data
[1.403s] Level 1:colcon.colcon_core.environment:checking '/home/victor/caramelo_goiania/src/install/navegacao_pkg' for CMake config files
[1.403s] Level 1:colcon.colcon_core.environment:checking '/home/victor/caramelo_goiania/src/install/navegacao_pkg/lib'
[1.404s] Level 1:colcon.colcon_core.environment:checking '/home/victor/caramelo_goiania/src/install/navegacao_pkg/bin'
[1.404s] Level 1:colcon.colcon_core.environment:checking '/home/victor/caramelo_goiania/src/install/navegacao_pkg/lib/pkgconfig/navegacao_pkg.pc'
[1.404s] Level 1:colcon.colcon_core.environment:checking '/home/victor/caramelo_goiania/src/install/navegacao_pkg/lib/python3.10/site-packages'
[1.404s] Level 1:colcon.colcon_core.shell:create_environment_hook('navegacao_pkg', 'pythonpath')
[1.404s] INFO:colcon.colcon_core.shell:Creating environment hook '/home/victor/caramelo_goiania/src/install/navegacao_pkg/share/navegacao_pkg/hook/pythonpath.ps1'
[1.405s] INFO:colcon.colcon_core.shell:Creating environment descriptor '/home/victor/caramelo_goiania/src/install/navegacao_pkg/share/navegacao_pkg/hook/pythonpath.dsv'
[1.405s] INFO:colcon.colcon_core.shell:Creating environment hook '/home/victor/caramelo_goiania/src/install/navegacao_pkg/share/navegacao_pkg/hook/pythonpath.sh'
[1.405s] Level 1:colcon.colcon_core.environment:checking '/home/victor/caramelo_goiania/src/install/navegacao_pkg/bin'
[1.405s] Level 1:colcon.colcon_core.environment:create_environment_scripts_only(navegacao_pkg)
[1.406s] INFO:colcon.colcon_core.shell:Creating package script '/home/victor/caramelo_goiania/src/install/navegacao_pkg/share/navegacao_pkg/package.ps1'
[1.406s] INFO:colcon.colcon_core.shell:Creating package descriptor '/home/victor/caramelo_goiania/src/install/navegacao_pkg/share/navegacao_pkg/package.dsv'
[1.406s] INFO:colcon.colcon_core.shell:Creating package script '/home/victor/caramelo_goiania/src/install/navegacao_pkg/share/navegacao_pkg/package.sh'
[1.407s] INFO:colcon.colcon_core.shell:Creating package script '/home/victor/caramelo_goiania/src/install/navegacao_pkg/share/navegacao_pkg/package.bash'
[1.407s] INFO:colcon.colcon_core.shell:Creating package script '/home/victor/caramelo_goiania/src/install/navegacao_pkg/share/navegacao_pkg/package.zsh'
[1.407s] Level 1:colcon.colcon_core.environment:create_file_with_runtime_dependencies(/home/victor/caramelo_goiania/src/install/navegacao_pkg/share/colcon-core/packages/navegacao_pkg)
[1.408s] DEBUG:colcon.colcon_parallel_executor.executor.parallel:closing loop
[1.408s] DEBUG:colcon.colcon_parallel_executor.executor.parallel:loop closed
[1.408s] DEBUG:colcon.colcon_parallel_executor.executor.parallel:run_until_complete finished with '0'
[1.408s] DEBUG:colcon.colcon_core.event_reactor:joining thread
[1.413s] INFO:colcon.colcon_core.plugin_system:Skipping extension 'colcon_notification.desktop_notification.terminal_notifier': Not used on non-Darwin systems
[1.413s] INFO:colcon.colcon_core.plugin_system:Skipping extension 'colcon_notification.desktop_notification.win32': Not used on non-Windows systems
[1.413s] INFO:colcon.colcon_notification.desktop_notification:Sending desktop notification using 'notify2'
[1.423s] DEBUG:colcon.colcon_core.event_reactor:joined thread
[1.423s] INFO:colcon.colcon_core.shell:Creating prefix script '/home/victor/caramelo_goiania/src/install/local_setup.ps1'
[1.424s] INFO:colcon.colcon_core.shell:Creating prefix util module '/home/victor/caramelo_goiania/src/install/_local_setup_util_ps1.py'
[1.426s] INFO:colcon.colcon_core.shell:Creating prefix chain script '/home/victor/caramelo_goiania/src/install/setup.ps1'
[1.427s] INFO:colcon.colcon_core.shell:Creating prefix script '/home/victor/caramelo_goiania/src/install/local_setup.sh'
[1.428s] INFO:colcon.colcon_core.shell:Creating prefix util module '/home/victor/caramelo_goiania/src/install/_local_setup_util_sh.py'
[1.429s] INFO:colcon.colcon_core.shell:Creating prefix chain script '/home/victor/caramelo_goiania/src/install/setup.sh'
[1.430s] INFO:colcon.colcon_core.shell:Creating prefix script '/home/victor/caramelo_goiania/src/install/local_setup.bash'
[1.430s] INFO:colcon.colcon_core.shell:Creating prefix chain script '/home/victor/caramelo_goiania/src/install/setup.bash'
[1.431s] INFO:colcon.colcon_core.shell:Creating prefix script '/home/victor/caramelo_goiania/src/install/local_setup.zsh'
[1.432s] INFO:colcon.colcon_core.shell:Creating prefix chain script '/home/victor/caramelo_goiania/src/install/setup.zsh'
