[0.268s] Invoking command in '/home/victor/caramelo_goiania/src/build/rplidar_ros': CMAKE_PREFIX_PATH=${CMAKE_PREFIX_PATH}:/home/victor/caramelo_goiania/src/install/navegacao_pkg:/home/victor/caramelo_goiania/install/navegacao_pkg:/opt/ros/humble /usr/bin/cmake /home/victor/caramelo_goiania/src/rplidar_ros -DAMENT_CMAKE_SYMLINK_INSTALL=1 -DCMAKE_INSTALL_PREFIX=/home/victor/caramelo_goiania/src/install/rplidar_ros
[0.291s] -- Found ament_cmake: 1.3.10 (/opt/ros/humble/share/ament_cmake/cmake)
[0.478s] -- Override CMake install command with custom implementation using symlinks instead of copying resources
[0.489s] -- Found rclcpp: 16.0.10 (/opt/ros/humble/share/rclcpp/cmake)
[0.533s] -- Found rosidl_generator_c: 3.1.5 (/opt/ros/humble/share/rosidl_generator_c/cmake)
[0.545s] -- Found rosidl_adapter: 3.1.5 (/opt/ros/humble/share/rosidl_adapter/cmake)
[0.559s] -- Found rosidl_generator_cpp: 3.1.5 (/opt/ros/humble/share/rosidl_generator_cpp/cmake)
[0.576s] -- Using all available rosidl_typesupport_c: rosidl_typesupport_fastrtps_c;rosidl_typesupport_introspection_c
[0.598s] -- Using all available rosidl_typesupport_cpp: rosidl_typesupport_fastrtps_cpp;rosidl_typesupport_introspection_cpp
[0.641s] -- Found rmw_implementation_cmake: 6.1.2 (/opt/ros/humble/share/rmw_implementation_cmake/cmake)
[0.643s] -- Found rmw_fastrtps_cpp: 6.2.7 (/opt/ros/humble/share/rmw_fastrtps_cpp/cmake)
[0.804s] -- Using RMW implementation 'rmw_fastrtps_cpp' as default
[0.897s] -- Found sensor_msgs: 4.2.4 (/opt/ros/humble/share/sensor_msgs/cmake)
[0.955s] -- Found std_srvs: 4.2.4 (/opt/ros/humble/share/std_srvs/cmake)
[1.087s] -- Configuring done
[1.121s] -- Generating done
[1.124s] -- Build files have been written to: /home/victor/caramelo_goiania/src/build/rplidar_ros
[1.140s] Invoked command in '/home/victor/caramelo_goiania/src/build/rplidar_ros' returned '0': CMAKE_PREFIX_PATH=${CMAKE_PREFIX_PATH}:/home/victor/caramelo_goiania/src/install/navegacao_pkg:/home/victor/caramelo_goiania/install/navegacao_pkg:/opt/ros/humble /usr/bin/cmake /home/victor/caramelo_goiania/src/rplidar_ros -DAMENT_CMAKE_SYMLINK_INSTALL=1 -DCMAKE_INSTALL_PREFIX=/home/victor/caramelo_goiania/src/install/rplidar_ros
[1.141s] Invoking command in '/home/victor/caramelo_goiania/src/build/rplidar_ros': CMAKE_PREFIX_PATH=${CMAKE_PREFIX_PATH}:/home/victor/caramelo_goiania/src/install/navegacao_pkg:/home/victor/caramelo_goiania/install/navegacao_pkg:/opt/ros/humble /usr/bin/cmake --build /home/victor/caramelo_goiania/src/build/rplidar_ros -- -j8 -l8
[1.200s] [35m[1mConsolidate compiler generated dependencies of target rplidar_client[0m
[1.206s] [35m[1mConsolidate compiler generated dependencies of target rplidar_composition[0m
[1.208s] [35m[1mConsolidate compiler generated dependencies of target rplidar_node[0m
[1.295s] [  2%] [32m[1mLinking CXX executable rplidar_node[0m
[1.295s] [  5%] [32m[1mLinking CXX executable rplidar_client[0m
[1.307s] [  7%] [32m[1mLinking CXX executable rplidar_composition[0m
[2.023s] [ 52%] Built target rplidar_node
[2.207s] [ 97%] Built target rplidar_composition
[2.706s] [100%] Built target rplidar_client
[2.736s] Invoked command in '/home/victor/caramelo_goiania/src/build/rplidar_ros' returned '0': CMAKE_PREFIX_PATH=${CMAKE_PREFIX_PATH}:/home/victor/caramelo_goiania/src/install/navegacao_pkg:/home/victor/caramelo_goiania/install/navegacao_pkg:/opt/ros/humble /usr/bin/cmake --build /home/victor/caramelo_goiania/src/build/rplidar_ros -- -j8 -l8
[2.890s] Invoking command in '/home/victor/caramelo_goiania/src/build/rplidar_ros': CMAKE_PREFIX_PATH=${CMAKE_PREFIX_PATH}:/home/victor/caramelo_goiania/src/install/navegacao_pkg:/home/victor/caramelo_goiania/install/navegacao_pkg:/opt/ros/humble /usr/bin/cmake --install /home/victor/caramelo_goiania/src/build/rplidar_ros
[2.907s] -- Install configuration: ""
[2.909s] -- Execute custom install script
[2.910s] -- Symlinking: /home/victor/caramelo_goiania/src/install/rplidar_ros/share/rplidar_ros/launch/rplidar_a1_launch.py
[2.926s] -- Symlinking: /home/victor/caramelo_goiania/src/install/rplidar_ros/share/rplidar_ros/launch/rplidar_a2m12_launch.py
[2.973s] -- Symlinking: /home/victor/caramelo_goiania/src/install/rplidar_ros/share/rplidar_ros/launch/rplidar_a2m7_launch.py
[3.018s] -- Symlinking: /home/victor/caramelo_goiania/src/install/rplidar_ros/share/rplidar_ros/launch/rplidar_a2m8_launch.py
[3.071s] -- Symlinking: /home/victor/caramelo_goiania/src/install/rplidar_ros/share/rplidar_ros/launch/rplidar_a3_launch.py
[3.111s] -- Symlinking: /home/victor/caramelo_goiania/src/install/rplidar_ros/share/rplidar_ros/launch/rplidar_c1_launch.py
[3.151s] -- Symlinking: /home/victor/caramelo_goiania/src/install/rplidar_ros/share/rplidar_ros/launch/rplidar_s1_launch.py
[3.176s] -- Symlinking: /home/victor/caramelo_goiania/src/install/rplidar_ros/share/rplidar_ros/launch/rplidar_s1_tcp_launch.py
[3.224s] -- Symlinking: /home/victor/caramelo_goiania/src/install/rplidar_ros/share/rplidar_ros/launch/rplidar_s2_launch.py
[3.268s] -- Symlinking: /home/victor/caramelo_goiania/src/install/rplidar_ros/share/rplidar_ros/launch/rplidar_s2e_launch.py
[3.319s] -- Symlinking: /home/victor/caramelo_goiania/src/install/rplidar_ros/share/rplidar_ros/launch/rplidar_s3_launch.py
[3.347s] -- Symlinking: /home/victor/caramelo_goiania/src/install/rplidar_ros/share/rplidar_ros/launch/rplidar_t1_launch.py
[3.366s] -- Symlinking: /home/victor/caramelo_goiania/src/install/rplidar_ros/share/rplidar_ros/launch/view_rplidar_a1_launch.py
[3.381s] -- Symlinking: /home/victor/caramelo_goiania/src/install/rplidar_ros/share/rplidar_ros/launch/view_rplidar_a2m12_launch.py
[3.431s] -- Symlinking: /home/victor/caramelo_goiania/src/install/rplidar_ros/share/rplidar_ros/launch/view_rplidar_a2m7_launch.py
[3.488s] -- Symlinking: /home/victor/caramelo_goiania/src/install/rplidar_ros/share/rplidar_ros/launch/view_rplidar_a2m8_launch.py
[3.537s] -- Symlinking: /home/victor/caramelo_goiania/src/install/rplidar_ros/share/rplidar_ros/launch/view_rplidar_a3_launch.py
[3.591s] -- Symlinking: /home/victor/caramelo_goiania/src/install/rplidar_ros/share/rplidar_ros/launch/view_rplidar_c1_launch.py
[3.636s] -- Symlinking: /home/victor/caramelo_goiania/src/install/rplidar_ros/share/rplidar_ros/launch/view_rplidar_s1_launch.py
[3.670s] -- Symlinking: /home/victor/caramelo_goiania/src/install/rplidar_ros/share/rplidar_ros/launch/view_rplidar_s1_tcp_launch.py
[3.735s] -- Symlinking: /home/victor/caramelo_goiania/src/install/rplidar_ros/share/rplidar_ros/launch/view_rplidar_s2_launch.py
[3.795s] -- Symlinking: /home/victor/caramelo_goiania/src/install/rplidar_ros/share/rplidar_ros/launch/view_rplidar_s2e_launch.py
[3.861s] -- Symlinking: /home/victor/caramelo_goiania/src/install/rplidar_ros/share/rplidar_ros/launch/view_rplidar_s3_launch.py
[3.893s] -- Symlinking: /home/victor/caramelo_goiania/src/install/rplidar_ros/share/rplidar_ros/launch/view_rplidar_t1_launch.py
[3.969s] -- Symlinking: /home/victor/caramelo_goiania/src/install/rplidar_ros/share/rplidar_ros/rviz/rplidar_ros.rviz
[3.977s] -- Symlinking: /home/victor/caramelo_goiania/src/install/rplidar_ros/lib/rplidar_ros/rplidar_node
[4.025s] -- Symlinking: /home/victor/caramelo_goiania/src/install/rplidar_ros/lib/rplidar_ros/rplidar_composition
[4.074s] -- Symlinking: /home/victor/caramelo_goiania/src/install/rplidar_ros/lib/rplidar_ros/rplidar_client
[4.146s] -- Symlinking: /home/victor/caramelo_goiania/src/install/rplidar_ros/share/ament_index/resource_index/package_run_dependencies/rplidar_ros
[4.197s] -- Symlinking: /home/victor/caramelo_goiania/src/install/rplidar_ros/share/ament_index/resource_index/parent_prefix_path/rplidar_ros
[4.252s] -- Symlinking: /home/victor/caramelo_goiania/src/install/rplidar_ros/share/rplidar_ros/environment/ament_prefix_path.sh
[4.305s] -- Symlinking: /home/victor/caramelo_goiania/src/install/rplidar_ros/share/rplidar_ros/environment/ament_prefix_path.dsv
[4.363s] -- Symlinking: /home/victor/caramelo_goiania/src/install/rplidar_ros/share/rplidar_ros/environment/path.sh
[4.409s] -- Symlinking: /home/victor/caramelo_goiania/src/install/rplidar_ros/share/rplidar_ros/environment/path.dsv
[4.454s] -- Symlinking: /home/victor/caramelo_goiania/src/install/rplidar_ros/share/rplidar_ros/local_setup.bash
[4.502s] -- Symlinking: /home/victor/caramelo_goiania/src/install/rplidar_ros/share/rplidar_ros/local_setup.sh
[4.541s] -- Symlinking: /home/victor/caramelo_goiania/src/install/rplidar_ros/share/rplidar_ros/local_setup.zsh
[4.584s] -- Symlinking: /home/victor/caramelo_goiania/src/install/rplidar_ros/share/rplidar_ros/local_setup.dsv
[4.626s] -- Symlinking: /home/victor/caramelo_goiania/src/install/rplidar_ros/share/rplidar_ros/package.dsv
[4.669s] -- Symlinking: /home/victor/caramelo_goiania/src/install/rplidar_ros/share/ament_index/resource_index/packages/rplidar_ros
[4.719s] -- Symlinking: /home/victor/caramelo_goiania/src/install/rplidar_ros/share/rplidar_ros/cmake/ament_cmake_export_dependencies-extras.cmake
[4.791s] -- Symlinking: /home/victor/caramelo_goiania/src/install/rplidar_ros/share/rplidar_ros/cmake/ament_cmake_export_include_directories-extras.cmake
[4.850s] -- Symlinking: /home/victor/caramelo_goiania/src/install/rplidar_ros/share/rplidar_ros/cmake/rplidar_rosConfig.cmake
[4.877s] -- Symlinking: /home/victor/caramelo_goiania/src/install/rplidar_ros/share/rplidar_ros/cmake/rplidar_rosConfig-version.cmake
[4.975s] -- Symlinking: /home/victor/caramelo_goiania/src/install/rplidar_ros/share/rplidar_ros/package.xml
[5.027s] Invoked command in '/home/victor/caramelo_goiania/src/build/rplidar_ros' returned '0': CMAKE_PREFIX_PATH=${CMAKE_PREFIX_PATH}:/home/victor/caramelo_goiania/src/install/navegacao_pkg:/home/victor/caramelo_goiania/install/navegacao_pkg:/opt/ros/humble /usr/bin/cmake --install /home/victor/caramelo_goiania/src/build/rplidar_ros
