[0.678s] Invoking command in '/home/victor/caramelo_goiania/build/navegacao_pkg': PYTHONPATH=/home/victor/caramelo_goiania/build/navegacao_pkg/prefix_override:/usr/lib/python3/dist-packages/colcon_core/task/python/colcon_distutils_commands:/home/victor/caramelo_goiania/install/navegacao_pkg/lib/python3.10/site-packages:${PYTHONPATH} /usr/bin/python3 -W ignore:setup.py install is deprecated setup.py develop --editable --build-directory /home/victor/caramelo_goiania/build/navegacao_pkg/build --no-deps symlink_data
[0.911s] running develop
[0.912s] /usr/lib/python3/dist-packages/setuptools/command/easy_install.py:158: EasyInstallDeprecationWarning: easy_install command is deprecated. Use build and pip and other standards-based tools.
[0.912s]   warnings.warn(
[1.068s] running egg_info
[1.068s] creating navegacao_pkg.egg-info
[1.068s] writing navegacao_pkg.egg-info/PKG-INFO
[1.068s] writing dependency_links to navegacao_pkg.egg-info/dependency_links.txt
[1.068s] writing entry points to navegacao_pkg.egg-info/entry_points.txt
[1.068s] writing requirements to navegacao_pkg.egg-info/requires.txt
[1.069s] writing top-level names to navegacao_pkg.egg-info/top_level.txt
[1.069s] writing manifest file 'navegacao_pkg.egg-info/SOURCES.txt'
[1.071s] reading manifest file 'navegacao_pkg.egg-info/SOURCES.txt'
[1.072s] writing manifest file 'navegacao_pkg.egg-info/SOURCES.txt'
[1.073s] running build_ext
[1.073s] Creating /home/victor/caramelo_goiania/install/navegacao_pkg/lib/python3.10/site-packages/navegacao-pkg.egg-link (link to .)
[1.074s] Installing camera_node script to /home/victor/caramelo_goiania/install/navegacao_pkg/lib/navegacao_pkg
[1.074s] Installing segue_linha script to /home/victor/caramelo_goiania/install/navegacao_pkg/lib/navegacao_pkg
[1.074s] Installing serial_node_arduino script to /home/victor/caramelo_goiania/install/navegacao_pkg/lib/navegacao_pkg
[1.074s] Installing serial_node_isaac script to /home/victor/caramelo_goiania/install/navegacao_pkg/lib/navegacao_pkg
[1.074s] 
[1.075s] Installed /home/victor/caramelo_goiania/build/navegacao_pkg
[1.075s] running symlink_data
[1.075s] creating /home/victor/caramelo_goiania/install/navegacao_pkg/share/ament_index
[1.075s] creating /home/victor/caramelo_goiania/install/navegacao_pkg/share/ament_index/resource_index
[1.075s] creating /home/victor/caramelo_goiania/install/navegacao_pkg/share/ament_index/resource_index/packages
[1.075s] symbolically linking /home/victor/caramelo_goiania/build/navegacao_pkg/resource/navegacao_pkg -> /home/victor/caramelo_goiania/install/navegacao_pkg/share/ament_index/resource_index/packages
[1.075s] symbolically linking /home/victor/caramelo_goiania/build/navegacao_pkg/package.xml -> /home/victor/caramelo_goiania/install/navegacao_pkg/share/navegacao_pkg
[1.075s] creating /home/victor/caramelo_goiania/install/navegacao_pkg/share/navegacao_pkg/launch
[1.076s] symbolically linking /home/victor/caramelo_goiania/build/navegacao_pkg/launch/cartographer.launch.py -> /home/victor/caramelo_goiania/install/navegacao_pkg/share/navegacao_pkg/launch
[1.076s] error: can't copy '/home/victor/caramelo_goiania/build/navegacao_pkg/launch/rplidar.launch.py': doesn't exist or not a regular file
[1.100s] Invoked command in '/home/victor/caramelo_goiania/build/navegacao_pkg' returned '1': PYTHONPATH=/home/victor/caramelo_goiania/build/navegacao_pkg/prefix_override:/usr/lib/python3/dist-packages/colcon_core/task/python/colcon_distutils_commands:/home/victor/caramelo_goiania/install/navegacao_pkg/lib/python3.10/site-packages:${PYTHONPATH} /usr/bin/python3 -W ignore:setup.py install is deprecated setup.py develop --editable --build-directory /home/victor/caramelo_goiania/build/navegacao_pkg/build --no-deps symlink_data
